07:01:51,0:00:00,Using Yok 3000 for calibration
07:01:51,0:00:00,Lab = 11
07:16:59,0:51:02,Test ended Proc CALCURLEAK at line 292
07:16:59,0:51:02,CalCurLeak finished TN:7573
07:10:14,0:44:17,XY X24:2.01336 Y24:28.07472
07:09:24,0:43:27,XY X23:2.01336 Y23:25.20275
07:08:24,0:42:27,XY X22:2.01327 Y22:20.09095
07:07:24,0:41:27,XY X21:2.01342 Y21:15.04700
07:06:24,0:40:27,XY X20:2.01317 Y20:9.94742
07:05:34,0:39:37,XY X19:2.01325 Y19:7.99991
07:04:48,0:38:51,XY X18:2.01336 Y18:5.99220
06:56:24,0:30:27,XY X17:2.01342 Y17:4.82383
06:55:24,0:29:27,XY X16:2.01309 Y16:4.12596
06:54:34,0:28:37,XY X15:2.01336 Y15:3.72427
06:53:24,0:27:27,XY X14:2.01308 Y14:2.51577
06:52:14,0:26:17,XY X13:2.01333 Y13:1.26589
06:51:24,0:25:27,XY X12:2.01333 Y12:1.00271
06:50:38,0:24:41,XY X11:2.01318 Y11:0.79834
06:41:04,0:15:07,XY X10:2.01325 Y10:0.67291
06:40:04,0:14:07,XY X9:2.01309 Y9:0.60225
06:39:04,0:13:07,XY X8:2.01300 Y8:0.50179
06:38:04,0:12:07,XY X7:2.01333 Y7:0.40015
06:37:04,0:11:07,XY X6:2.01308 Y6:0.30087
06:36:14,0:10:17,XY X5:2.01325 Y5:0.24961
06:35:24,0:09:27,XY X4:2.01317 Y4:0.20049
06:34:34,0:08:37,XY X3:2.01300 Y3:0.14933
06:33:40,0:07:43,XY X2:2.01327 Y2:0.09984
06:28:24,0:02:27,XY X1:2.01327 Y1:0
06:25:43,0:00:00,CalCurLeak v1.1
11:27:34,0:19:18,Test ended Proc CALTCAUTO at line 655
11:27:34,0:19:18,TC Calibration finished TN: 7537
11:27:34,0:19:18,Writing tcCalibration
11:27:34,0:19:18,Writing LabResults
11:27:33,0:19:17,110°F After Cal TC29Avg = 110.156
11:27:33,0:19:17,AutoCal - Standby
11:27:03,0:18:47,Averages cleared for 110°F After Cal Step 12
11:26:43,0:18:27,Auto Cal - Temp setpoint changed to 110
11:26:43,0:18:27,Averages cleared for 110°F After Cal Step 11
11:26:43,0:18:27,-4°F After Cal TC29Avg = -3.638
11:26:43,0:18:27,Saving Values for -4 -4°F After Cal Start:29 Stop:30
11:26:43,0:18:27,AutoCal - Standby
11:26:13,0:17:57,Averages cleared for -4°F After Cal Step 12
11:25:53,0:17:37,Auto Cal - Temp setpoint changed to -4
11:25:53,0:17:37,Averages cleared for -4°F After Cal Step 11
11:25:53,0:17:37,90°F After Cal TC29Avg = 90.280
11:25:53,0:17:37,Saving Values for 90 90°F After Cal Start:29 Stop:30
11:25:53,0:17:37,AutoCal - Standby
11:25:23,0:17:07,Averages cleared for 90°F After Cal Step 12
11:25:03,0:16:47,Auto Cal - Temp setpoint changed to 90
11:25:03,0:16:47,Averages cleared for 90°F After Cal Step 11
11:23:41,0:15:25,TC29 out of .3 window 90.31.  Number out:1
11:23:41,0:15:25,TC29 New Gain: 0.997900 Old Gain 1.0013
11:23:41,0:15:25,90°F After Cal TC29Avg = 90.280
11:23:41,0:15:25,Saving Values for 90 90°F After Cal Start:29 Stop:30
11:23:41,0:15:25,AutoCal - Standby
11:23:11,0:14:55,Averages cleared for 90°F After Cal Step 12
11:22:51,0:14:35,Resent Setpoint:P90.00 L90 2
11:22:40,0:14:24,Standby:P90.00 L90 2 13
11:22:29,0:14:13,Averages cleared for 90°F After Cal Step 12
11:22:09,0:13:53,Auto Cal - Temp setpoint changed to 90
11:22:09,0:13:53,Averages cleared for 90°F After Cal Step 11
11:22:09,0:13:53,PTC30 Zero Avg: 32.30 Calc Avg: 31.96 New Zero: -0.090100 Old Zero: 0.2455
11:22:09,0:13:53,32°F As Recvd TC29Avg = 32.090
11:22:09,0:13:53,Saving Values for 32 32°F As Recvd Start:29 Stop:30
11:22:09,0:13:53,AutoCal - Standby
11:21:39,0:13:23,Averages cleared for 32°F As Recvd Step 12
11:21:19,0:13:03,Auto Cal - Temp setpoint changed to 32
11:21:19,0:13:03,Averages cleared for 32°F As Recvd Step 11
11:21:18,0:13:02,90°F As Recvd TC29Avg = 90.280
11:21:18,0:13:02,Saving Values for 90 90°F As Recvd Start:29 Stop:30
11:21:18,0:13:02,AutoCal - Standby
11:20:48,0:12:32,Averages cleared for 90°F As Recvd Step 12
11:20:28,0:12:12,Auto Cal - Temp setpoint changed to 90
11:20:28,0:12:12,Averages cleared for 90°F As Recvd Step 11
11:19:27,0:11:11,110°F After Cal TC21Avg = 110.249
11:19:27,0:11:11,AutoCal - Standby
11:18:57,0:10:41,Averages cleared for 110°F After Cal Step 12
11:18:37,0:10:21,Resent Setpoint:P90.00 L110 2
11:18:26,0:10:10,Standby:P90.00 L110 2 13
11:18:15,0:09:59,Averages cleared for 110°F After Cal Step 12
11:17:55,0:09:39,Auto Cal - Temp setpoint changed to 110
11:17:55,0:09:39,Averages cleared for 110°F After Cal Step 11
11:17:55,0:09:39,-4°F After Cal TC21Avg = -3.805
11:17:55,0:09:39,Saving Values for -4 -4°F After Cal Start:21 Stop:28
11:17:55,0:09:39,AutoCal - Standby
11:17:24,0:09:08,Averages cleared for -4°F After Cal Step 12
11:17:04,0:08:48,Auto Cal - Temp setpoint changed to -4
11:17:04,0:08:48,Averages cleared for -4°F After Cal Step 11
11:17:03,0:08:47,TC25 New Gain: 1.000100 Old Gain 0.9988
11:17:03,0:08:47,90°F After Cal TC21Avg = 90.211
11:17:03,0:08:47,Saving Values for 90 90°F After Cal Start:21 Stop:28
11:17:03,0:08:47,AutoCal - Standby
11:16:33,0:08:17,Averages cleared for 90°F After Cal Step 12
11:16:12,0:07:56,Resent Setpoint:P90.00 L90 2
11:16:01,0:07:45,Standby:P90.00 L90 2 13
11:15:50,0:07:34,Averages cleared for 90°F After Cal Step 12
11:15:30,0:07:14,Auto Cal - Temp setpoint changed to 90
11:15:30,0:07:14,Averages cleared for 90°F After Cal Step 11
11:15:29,0:07:13,PTC28 Zero Avg: 32.14 Calc Avg: 32.00 New Zero: -0.137000 Old Zero: 0
11:15:29,0:07:13,PTC27 Zero Avg: 32.15 Calc Avg: 32.00 New Zero: -0.150000 Old Zero: 0
11:15:29,0:07:13,PTC26 Zero Avg: 32.13 Calc Avg: 32.00 New Zero: -0.135000 Old Zero: 0
11:15:29,0:07:13,PTC25 Zero Avg: 32.22 Calc Avg: 31.96 New Zero: -0.081100 Old Zero: 0.1770
11:15:29,0:07:13,PTC24 Zero Avg: 32.11 Calc Avg: 32.00 New Zero: -0.105000 Old Zero: 0
11:15:29,0:07:13,PTC23 Zero Avg: 32.14 Calc Avg: 32.00 New Zero: -0.141000 Old Zero: 0
11:15:29,0:07:13,PTC22 Zero Avg: 32.16 Calc Avg: 32.00 New Zero: -0.153000 Old Zero: 0
11:15:29,0:07:13,PTC21 Zero Avg: 32.23 Calc Avg: 32.00 New Zero: -0.223000 Old Zero: 0
11:15:29,0:07:13,32°F As Recvd TC21Avg = 32.223
11:15:29,0:07:13,Saving Values for 32 32°F As Recvd Start:21 Stop:28
11:15:29,0:07:13,AutoCal - Standby
11:14:59,0:06:43,Averages cleared for 32°F As Recvd Step 12
11:14:39,0:06:23,Auto Cal - Temp setpoint changed to 32
11:14:39,0:06:23,Averages cleared for 32°F As Recvd Step 11
11:14:39,0:06:23,90°F As Recvd TC21Avg = 90.196
11:14:39,0:06:23,Saving Values for 90 90°F As Recvd Start:21 Stop:28
11:14:39,0:06:23,AutoCal - Standby
11:14:09,0:05:53,Averages cleared for 90°F As Recvd Step 12
11:13:49,0:05:33,Auto Cal - Temp setpoint changed to 90
11:13:49,0:05:33,Averages cleared for 90°F As Recvd Step 11
11:13:07,0:04:51,110°F After Cal TC1Avg = 110.331
11:13:07,0:04:51,AutoCal - Standby
11:12:37,0:04:21,Averages cleared for 110°F After Cal Step 12
11:12:17,0:04:01,Auto Cal - Temp setpoint changed to 110
11:12:17,0:04:01,Averages cleared for 110°F After Cal Step 11
11:12:17,0:04:01,-4°F After Cal TC1Avg = -3.578
11:12:17,0:04:01,Saving Values for -4 -4°F After Cal Start:1 Stop:20
11:12:17,0:04:01,AutoCal - Standby
11:11:47,0:03:31,Averages cleared for -4°F After Cal Step 12
11:11:27,0:03:11,Auto Cal - Temp setpoint changed to -4
11:11:27,0:03:11,Averages cleared for -4°F After Cal Step 11
11:11:27,0:03:11,TC20 New Gain: 0.999500 Old Gain 1.0015
11:11:27,0:03:11,TC4 New Gain: 0.998800 Old Gain 1.0000
11:11:27,0:03:11,90°F After Cal TC1Avg = 90.392
11:11:27,0:03:11,Saving Values for 90 90°F After Cal Start:1 Stop:20
11:11:27,0:03:11,AutoCal - Standby
11:10:56,0:02:40,Averages cleared for 90°F After Cal Step 12
11:10:36,0:02:20,Auto Cal - Temp setpoint changed to 90
11:10:36,0:02:20,Averages cleared for 90°F After Cal Step 11
11:10:35,0:02:19,PTC19 Zero Avg: 32.19 Calc Avg: 32.00 New Zero: -0.463000 Old Zero: -0.2820
11:10:35,0:02:19,PTC18 Zero Avg: 32.22 Calc Avg: 32.00 New Zero: -0.530000 Old Zero: -0.3080
11:10:35,0:02:19,PTC17 Zero Avg: 32.20 Calc Avg: 32.00 New Zero: -0.556000 Old Zero: -0.3570
11:10:35,0:02:19,PTC16 Zero Avg: 32.24 Calc Avg: 32.00 New Zero: -0.578000 Old Zero: -0.3450
11:10:35,0:02:19,PTC14 Zero Avg: 32.13 Calc Avg: 32.00 New Zero: -0.387000 Old Zero: -0.2600
11:10:35,0:02:19,PTC13 Zero Avg: 32.13 Calc Avg: 32.00 New Zero: -0.410000 Old Zero: -0.2810
11:10:35,0:02:19,PTC12 Zero Avg: 32.15 Calc Avg: 32.00 New Zero: -0.428000 Old Zero: -0.2780
11:10:35,0:02:19,PTC11 Zero Avg: 32.17 Calc Avg: 32.00 New Zero: -0.459000 Old Zero: -0.2890
11:10:35,0:02:19,PTC9 Zero Avg: 32.14 Calc Avg: 32.00 New Zero: -0.278000 Old Zero: -0.1350
11:10:35,0:02:19,PTC7 Zero Avg: 32.12 Calc Avg: 32.04 New Zero: -0.379500 Old Zero: -0.2930
11:10:35,0:02:19,PTC6 Zero Avg: 32.15 Calc Avg: 32.00 New Zero: -0.381000 Old Zero: -0.2300
11:10:35,0:02:19,PTC3 Zero Avg: 32.12 Calc Avg: 32.00 New Zero: -0.330000 Old Zero: -0.2140
11:10:35,0:02:19,PTC2 Zero Avg: 32.13 Calc Avg: 32.00 New Zero: -0.365000 Old Zero: -0.2360
11:10:35,0:02:19,PTC1 Zero Avg: 32.18 Calc Avg: 32.00 New Zero: -0.411000 Old Zero: -0.2280
11:10:35,0:02:19,32°F As Recvd TC1Avg = 32.411
11:10:35,0:02:19,Saving Values for 32 32°F As Recvd Start:1 Stop:20
11:10:35,0:02:19,AutoCal - Standby
11:10:05,0:01:49,Averages cleared for 32°F As Recvd Step 12
11:09:45,0:01:29,Auto Cal - Temp setpoint changed to 32
11:09:45,0:01:29,Averages cleared for 32°F As Recvd Step 11
11:09:45,0:01:29,90°F As Recvd TC1Avg = 90.409
11:09:45,0:01:29,Saving Values for 90 90°F As Recvd Start:1 Stop:20
11:09:45,0:01:29,AutoCal - Standby
11:09:15,0:00:59,Averages cleared for 90°F As Recvd Step 12
11:08:55,0:00:39,Auto Cal - Temp setpoint changed to 90
11:08:55,0:00:39,Averages cleared for 90°F As Recvd Step 11
11:08:16,0:00:00,CALTC Auto Version 3.6
11:08:16,0:00:00,Point Numbers30
07:18:19,0:01:40,Test ended Proc CALPRES at line 316
07:18:19,0:01:40,Pressure Calibration finished TN:7511
07:18:19,0:01:40,Database rtsdb1 Table FlexResults key InsertOnly Keyfield 7511
07:18:18,0:01:39,Writing Results
07:18:18,0:01:39,Writing Results
07:18:18,0:01:39,Number of readings 17
07:18:18,0:01:39,HPsi Gain changed to 1.000012
07:18:18,0:01:39,LPsi Gain changed to 1.000130
07:18:18,0:01:39,Raw Gain LPSI 4.99935 HPSI 4.99994 Number of readings 17
07:17:21,0:00:42,Raw Zero LPSI 0.000000 HPSI 0.000000
07:17:21,0:00:42,Raw Zero LPSI 0 HPSI 0 Number of readings 17
07:16:39,0:00:00,CALPRES Version 2.0
07:16:39,0:00:00,Inject signal on pin 4 to 3
07:16:39,0:00:00,24V source measured from pin 2 to 1
07:16:39,0:00:00,0 0
07:16:39,0:00:00,Point Pressure loaded
07:16:21,35:21:28,Test killed Operator aborted test
13:27:27,17:32:34,Ambient OUT at 17:32:34
06:35:01,10:40:08,Aham Energy Test in progress, stability achieved 2 1 0
06:35:01,10:40:08,Stable value = 0.067 Period = 5:51:43
06:35:01,10:40:08,Stable Deg/Hr: 0.008530
06:35:01,10:40:08,Cab End:42.878 Cab Beg:42.825 Stable Temp: 0.05 Period: 5.86194
06:35:01,10:40:08,first period 1:27:16,3:38:55
06:35:01,10:40:08,second period 7:18:59,9:29:13
06:35:01,10:40:08,Cab Avg Period 1:5.85 Period 2:42.88 TPS:10:12:56 STABEND:9:29:13
06:35:01,10:40:08,AHAM type A stability achieved with 0.011 temp/hr and 0.042 limit and 5:51:43 period
01:45:38,5:50:45,Changing Temp Start from 1:27:16 to 1:27:22 2:06:16
01:28:10,5:33:17,Changing Temp Start from 1:27:16 to 1:27:22 2:06:16
19:54:54,0:00:00,Starting Aham Energy Test v16.7
19:54:54,0:00:00,Previous TestNum recorded 7418
19:54:54,34:27:17,Previous TestNum recorded 7418
19:54:54,34:27:17,LastTest = rlattner\16P00361-7418-04-03
19:54:54,34:27:17,Save as rlattner\16P00361-7458-04-03
19:54:54,34:27:17,Test Number 7458
19:54:54,34:27:17,PerformanceFlex V2.4
19:54:54,34:27:17,Database rtsdb1 Table FlexResults key InsertOnly Keyfield 7418
19:54:54,34:27:17,Database TestReqNum = 
19:54:54,34:27:17,TestDate is 08/15/16 Database rtsdb1 Table Results key 7418
19:54:54,34:27:17,ADC CT = 40.0000
19:54:53,34:27:17,2014 Cycling DefFlag:1 DefEnd:121361 TotCyc:6
19:54:53,34:27:17,ProcDefEnd 5
19:54:53,34:27:17,Defrost recovery completed
19:54:53,34:27:17,Recorded cycle B after recovery. Fresh Food diff:0.03 Frz diff:0.12 5
19:54:53,34:27:17,Stable Detail: End 33:42:41 CabAvg:42.71 FrzAvg:5.82 TPCab: 42.7409 TPFrz:5.7040
19:11:02,33:43:26,Ambient IN.  Duration 0:00:18
19:10:44,33:43:08,Ambient OUT at 33:43:08
19:10:42,33:43:06,Ambient IN.  Duration 0:00:02
19:10:40,33:43:04,Ambient OUT at 33:43:04
19:10:34,33:42:58,Ambient IN.  Duration 0:00:14
19:10:23,33:42:47,Product cycled after defrost and recovered. Fresh Food diff:0.04 Frz diff:0.34 4
19:10:23,33:42:47,Stable Detail: End 32:57:58 CabAvg:42.70 FrzAvg:6.04 TPCab: 42.7409 TPFrz:5.7040
19:10:20,33:42:44,Ambient OUT at 33:42:44
18:25:40,32:58:04,Product cycled after defrost but not recovered. Fresh Food diff:0.11 Frz diff:0.75 3
18:25:40,32:58:04,Stable Detail: End 32:13:48 CabAvg:42.63 FrzAvg:6.45 TPCab: 42.7409 TPFrz:5.7040
17:41:29,32:13:53,Product cycled after defrost but not recovered. Fresh Food diff:0.22 Frz diff:1.46 2
17:41:29,32:13:53,Stable Detail: End 31:29:14 CabAvg:42.52 FrzAvg:7.16 TPCab: 42.7409 TPFrz:5.7040
16:56:57,31:29:21,Typical cycles started 1
16:56:57,31:29:21,Product cycled after defrost but not recovered. Fresh Food diff:0.32 Frz diff:3.80 1
16:56:57,31:29:21,Stable Detail: End 30:43:52 CabAvg:42.42 FrzAvg:9.50 TPCab: 42.7409 TPFrz:5.7040
16:23:40,30:56:04,Ambient IN.  Duration 0:00:02
16:23:38,30:56:02,Ambient OUT at 30:56:02
16:23:26,30:55:50,Ambient IN.  Duration 0:00:06
16:23:20,30:55:44,Ambient OUT at 30:55:44
16:23:16,30:55:40,Ambient IN.  Duration 0:00:02
16:23:14,30:55:38,Ambient OUT at 30:55:38
16:22:52,30:55:16,Ambient IN.  Duration 0:00:02
16:22:50,30:55:14,Ambient OUT at 30:55:14
16:22:24,30:54:48,Ambient IN.  Duration 0:00:02
16:22:22,30:54:46,Ambient OUT at 30:54:46
16:22:08,30:54:32,Ambient IN.  Duration 0:00:10
16:21:58,30:54:22,Ambient OUT at 30:54:22
16:21:52,30:54:16,Ambient IN.  Duration 0:00:02
16:21:50,30:54:14,Ambient OUT at 30:54:14
16:21:48,30:54:12,Ambient IN.  Duration 0:00:02
16:21:46,30:54:10,Ambient OUT at 30:54:10
16:21:40,30:54:04,Ambient IN.  Duration 0:00:02
16:21:38,30:54:02,Ambient OUT at 30:54:02
16:21:36,30:54:00,Ambient IN.  Duration 0:00:46
16:20:50,30:53:14,Ambient OUT at 30:53:14
16:20:46,30:53:10,Ambient IN.  Duration 0:20:02
16:00:44,30:33:08,Ambient OUT at 30:33:08
16:00:42,30:33:06,Ambient IN.  Duration 0:00:02
16:00:40,30:33:04,Ambient OUT at 30:33:04
16:00:34,30:32:58,Ambient IN.  Duration 0:00:10
16:00:24,30:32:48,Ambient OUT at 30:32:48
16:00:22,30:32:46,Ambient IN.  Duration 0:00:02
16:00:20,30:32:44,Ambient OUT at 30:32:44
16:00:18,30:32:42,Ambient IN.  Duration 0:00:02
16:00:16,30:32:40,Ambient OUT at 30:32:40
15:18:07,29:50:31,Waiting for Defrost Recovery to end test 0
15:18:07,29:50:31,Temp Period Start 25:25:18 End 29:08:10 ContRun: 0
15:18:07,29:50:31,TPDatabase called Cab Avg 42.7409 42.7409 -999 Frz Avg 5.7040 5.7040 -999
15:18:07,29:50:31,ProcTempPeriod ACL:25:25:18,ACR:29:08:10,25:25:18,ACR:29:08:10
15:18:07,29:50:31,2014 Stability recorded for cycle before defrost from 28:23:45 to 29:08:10. Cab Avg 42.75 FrzAvg 5.69 0
15:18:07,29:50:31,Proc14Stable DS:29:08:10 CL:28:23:45 CR:29:08:10 LS:2
15:18:07,29:50:31,Temp Period Start 25:25:18 is good
15:18:07,29:50:31,In Defrost State:4 PrevDefStart:0:02:40 PrevDefEnd:0:00:00
22:01:11,12:33:35,Aham Energy Test in progress, stability achieved 2 1 0
22:01:11,12:33:35,Stable value = 0.184 Period = 5:50:50
22:01:11,12:33:35,Stable Deg/Hr: 0.008551
22:01:11,12:33:35,Cab End:42.639 Cab Beg:42.589 Stable Temp: 0.05 Period: 5.84722
22:01:11,12:33:35,first period 3:18:24,5:30:40
22:01:11,12:33:35,second period 9:09:14,11:22:44
22:01:11,12:33:35,Cab Avg Period 1:5.51 Period 2:42.64 TPS:12:06:56 STABEND:11:22:44
22:01:11,12:33:35,AHAM type A stability achieved with 0.031 temp/hr and 0.042 limit and 5:50:50 period
15:41:59,6:14:23,Changing Temp Start from 1:50:33 to 1:50:39 2:30:40
15:24:51,5:57:15,Changing Temp Start from 1:50:33 to 1:50:39 2:30:40
11:00:12,1:32:36,Ambient IN.  Duration 0:00:02
11:00:10,1:32:34,Ambient OUT at 1:32:34
11:00:05,1:32:29,Ambient IN.  Duration 0:00:02
11:00:03,1:32:27,Ambient OUT at 1:32:27
10:59:58,1:32:22,Ambient IN.  Duration 0:55:45
10:04:13,0:36:37,Ambient OUT at 0:36:37
10:04:07,0:36:31,Ambient IN.  Duration 0:00:02
10:04:05,0:36:29,Ambient OUT at 0:36:29
10:04:03,0:36:27,Ambient IN.  Duration 0:00:03
10:04:00,0:36:24,Ambient OUT at 0:36:24
09:30:16,0:02:40,Before defrost stability check 1001 1000.0000 0 0.042
09:30:16,0:02:40,Product defrosted - Stable 1001.000 period 0:00:00 0
09:27:36,0:00:00,Starting Aham Energy Test v16.7
09:27:36,0:00:01,Aham Standard is 2014
09:27:36,0:00:01,Starting Aham Test v16.7 Voltage S.P. 115.0 08/15/16 09:27:36
09:27:36,0:00:01,RTS ver 3.924 Supports Ambient limit 90 +- 1.0
09:27:36,0:00:01,LastTest still NA 0
09:27:36,0:00:01,Save as rlattner\16P00361-7418-04-03
09:27:36,0:00:01,Test Number 7418
09:27:35,0:00:00,Product 16P00361 location 'RM 04-03'.  Result: No change
09:27:35,0:00:00,Waiting on inventory move procedure: result code:0, message:
09:23:13,35:25:49,Test killed Operator aborted test
10:30:05,12:32:41,Aham Energy Test in progress, stability achieved 2 1 0
10:30:05,12:32:41,Stable value = 0.141 Period = 6:31:29
10:30:05,12:32:41,Stable Deg/Hr: 0.013794
10:30:05,12:32:41,Cab End:35.442 Cab Beg:35.349 Stable Temp: 0.09 Period: 6.52472
10:30:05,12:32:41,first period 1:51:58,4:39:55
10:30:05,12:32:41,second period 8:23:27,11:09:36
10:30:05,12:32:41,Cab Avg Period 1:-2.52 Period 2:35.44 TPS:12:05:07 STABEND:11:9:36
10:30:05,12:32:41,AHAM type A stability achieved with 0.022 temp/hr and 0.042 limit and 6:31:29 period
04:29:07,6:31:43,Changing Temp Start from 1:51:58 to 1:52:05 2:35:38
04:00:37,6:03:13,Changing Temp Start from 1:51:58 to 1:52:05 2:35:38
21:57:27,0:00:00,Starting Aham Energy Test v16.7
21:57:27,0:00:00,Previous TestNum recorded 7317
21:57:27,34:55:15,Previous TestNum recorded 7317
21:57:27,34:55:15,LastTest = rlattner\16P00361-7317-04-03
21:57:27,34:55:15,Save as rlattner\16P00361-7364-04-03
21:57:27,34:55:15,Test Number 7364
21:57:25,34:55:15,PerformanceFlex V2.4
21:57:25,34:55:15,Database rtsdb1 Table FlexResults key InsertOnly Keyfield 7317
21:57:25,34:55:15,Database TestReqNum = 
21:57:25,34:55:15,TestDate is 08/12/16 Database rtsdb1 Table Results key 7317
21:57:25,34:55:15,ADC CT = 40.0000
21:57:24,34:55:15,2014 Cycling DefFlag:1 DefEnd:122303 TotCyc:4
21:57:24,34:55:15,ProcDefEnd 3
21:57:24,34:55:15,Defrost recovery completed
21:57:24,34:55:15,Recorded cycle B after recovery. Fresh Food diff:0.03 Frz diff:0.10 3
21:57:24,34:55:15,Stable Detail: End 33:58:23 CabAvg:35.30 FrzAvg:-2.70 TPCab: 35.3259 TPFrz:-2.6035
21:00:39,33:58:30,Product cycled after defrost and recovered. Fresh Food diff:0.05 Frz diff:0.05 2
21:00:39,33:58:30,Stable Detail: End 33:02:13 CabAvg:35.28 FrzAvg:-2.55 TPCab: 35.3259 TPFrz:-2.6035
20:04:29,33:02:20,Typical cycles started 1
20:04:29,33:02:20,Product cycled after defrost but not recovered. Fresh Food diff:0.07 Frz diff:0.83 1
20:04:29,33:02:20,Stable Detail: End 32:07:36 CabAvg:35.40 FrzAvg:-1.77 TPCab: 35.3259 TPFrz:-2.6035
19:04:01,32:01:52,Ambient IN.  Duration 0:00:01
19:04:00,32:01:51,Ambient OUT at 32:01:51
19:03:21,32:01:12,Ambient IN.  Duration 0:00:02
19:03:19,32:01:10,Ambient OUT at 32:01:10
19:03:16,32:01:07,Ambient IN.  Duration 0:00:03
19:03:13,32:01:04,Ambient OUT at 32:01:04
19:03:11,32:01:02,Ambient IN.  Duration 0:00:02
19:03:09,32:01:00,Ambient OUT at 32:01:00
19:02:53,32:00:44,Ambient IN.  Duration 0:00:02
19:02:51,32:00:42,Ambient OUT at 32:00:42
19:02:50,32:00:41,Ambient IN.  Duration 0:00:03
19:02:47,32:00:38,Ambient OUT at 32:00:38
19:02:45,32:00:36,Ambient IN.  Duration 0:00:02
19:02:43,32:00:34,Ambient OUT at 32:00:34
19:02:37,32:00:28,Ambient IN.  Duration 0:00:06
19:02:31,32:00:22,Ambient OUT at 32:00:22
19:02:27,32:00:18,Ambient IN.  Duration 0:00:20
19:02:07,31:59:58,Ambient OUT at 31:59:58
19:02:05,31:59:56,Ambient IN.  Duration 0:00:30
19:01:35,31:59:26,Ambient OUT at 31:59:26
19:01:27,31:59:18,Ambient IN.  Duration 0:14:36
18:46:51,31:44:42,Ambient OUT at 31:44:42
18:46:46,31:44:37,Ambient IN.  Duration 0:00:03
18:46:43,31:44:34,Ambient OUT at 31:44:34
18:46:37,31:44:28,Ambient IN.  Duration 0:00:02
18:46:35,31:44:26,Ambient OUT at 31:44:26
18:46:32,31:44:23,Ambient IN.  Duration 0:00:03
18:46:29,31:44:20,Ambient OUT at 31:44:20
17:49:21,30:47:12,Waiting for Defrost Recovery to end test 0
17:49:21,30:47:12,Temp Period Start 26:28:00 End 30:14:28 ContRun: 0
17:49:21,30:47:12,TPDatabase called Cab Avg 35.3259 35.3259 -999 Frz Avg -2.6035 -2.6035 -999
17:49:21,30:47:12,ProcTempPeriod ACL:26:28:00,ACR:30:14:28,26:28:00,ACR:30:14:28
17:49:21,30:47:12,2014 Stability recorded for cycle before defrost from 29:17:43 to 30:14:28. Cab Avg 35.32 FrzAvg -2.61 0
17:49:21,30:47:12,Proc14Stable DS:30:14:28 CL:29:17:43 CR:30:14:28 LS:2
17:49:21,30:47:12,Temp Period Start 26:28:00 is good
17:49:21,30:47:12,In Defrost State:4 PrevDefStart:0:00:00 PrevDefEnd:0:00:00
23:45:42,12:43:33,Aham Energy Test in progress, stability achieved 2 1 0
23:45:42,12:43:33,Stable value = 0.047 Period = 6:36:34
23:45:42,12:43:33,Stable Deg/Hr: 0.007565
23:45:42,12:43:33,Cab End:35.259 Cab Beg:35.212 Stable Temp: 0.05 Period: 6.60944
23:45:42,12:43:33,first period 1:53:05,4:43:27
23:45:42,12:43:33,second period 8:29:39,11:18:41
23:45:42,12:43:33,Cab Avg Period 1:-2.73 Period 2:35.26 TPS:12:15:36 STABEND:11:18:41
23:45:42,12:43:33,AHAM type A stability achieved with 0.007 temp/hr and 0.042 limit and 6:36:34 period
17:38:13,6:36:04,Changing Temp Start from 1:53:05 to 1:53:11 2:39:39
17:09:13,6:07:04,Changing Temp Start from 1:53:05 to 1:53:11 2:39:39
11:02:09,0:00:00,Starting Aham Energy Test v16.7
11:02:09,0:00:00,Previous TestNum recorded 7291
11:02:09,19:33:37,Previous TestNum recorded 7291
11:02:09,19:33:37,LastTest = rlattner\16P00361-7291-04-03
11:02:09,19:33:37,Save as rlattner\16P00361-7317-04-03
11:02:09,19:33:37,Test Number 7317
11:02:09,19:33:37,PerformanceFlex V2.4
11:02:09,19:33:37,Database rtsdb1 Table FlexResults key InsertOnly Keyfield 7291
11:02:09,19:33:37,Database TestReqNum = 
11:02:09,19:33:37,TestDate is 08/11/16 Database rtsdb1 Table Results key 7291
11:02:09,19:33:37,ADC CT = 40.0000
11:02:09,19:33:37,2014 Cycling DefFlag:1 DefEnd:67014 TotCyc:4
11:02:09,19:33:37,ProcDefEnd 3
11:02:09,19:33:37,Defrost recovery completed
11:02:09,19:33:37,Recorded cycle B after recovery. Fresh Food diff:0.01 Frz diff:0.04 3
11:02:09,19:33:37,Stable Detail: End 18:36:54 CabAvg:35.21 FrzAvg:-2.69 TPCab: 35.2246 TPFrz:-2.7306
10:05:34,18:37:02,Product cycled after defrost and recovered. Fresh Food diff:0.04 Frz diff:0.23 2
10:05:34,18:37:02,Stable Detail: End 17:40:33 CabAvg:35.18 FrzAvg:-2.50 TPCab: 35.2246 TPFrz:-2.7306
09:09:11,17:40:39,Typical cycles started 1
09:09:11,17:40:39,Product cycled after defrost but not recovered. Fresh Food diff:0.05 Frz diff:1.00 1
09:09:11,17:40:39,Stable Detail: End 16:45:46 CabAvg:35.27 FrzAvg:-1.73 TPCab: 35.2246 TPFrz:-2.7306
08:08:04,16:39:32,Ambient IN.  Duration 0:00:02
08:08:02,16:39:30,Ambient OUT at 16:39:30
08:07:50,16:39:18,Ambient IN.  Duration 0:00:02
08:07:48,16:39:16,Ambient OUT at 16:39:16
08:07:28,16:38:56,Ambient IN.  Duration 0:00:02
08:07:26,16:38:54,Ambient OUT at 16:38:54
08:07:12,16:38:40,Ambient IN.  Duration 0:00:30
07:01:51,0:00:00,Starting VAW Calibration Procedure 5.1, saving to LabResults
07:01:51,0:00:00,Original Voltage Setpoint 115.0
07:01:51,0:00:00,Starting with type 50 - 115V 60Hz range
07:01:51,0:00:00,Get 120 Cal Limits Error: Unable to run query
07:01:52,0:00:01,Get 220 Cal Limits Error: Unable to run query
07:01:59,0:00:00,Start Range changed to 1
07:01:59,0:00:00,---------- Changing voltage to 115V 60Hz
07:02:11,0:00:12,Setting up rtsdb1 for table VAW_RangeValues key InsertOnly Range 1
07:02:47,0:00:48,Raw Watt average 0 Number of readings 42
07:02:47,0:00:48,Watts Offset Deviation=0
07:02:47,0:00:48,Wattage zero1 set to 0
07:02:47,0:00:48,Amperage zero1 set to 0.0001
07:04:35,0:02:36,RBar = 0.0285 R_Bar UCL = 0.093 Sigma = 0.025266
07:04:35,0:02:36,Raw Watt average 201.57286 Number of readings 43, Yok 201.2151
07:04:35,0:02:36,Avg Watts:201.0445, Act Watt:201.2151,  Volt:115 Freq:60
07:04:35,0:02:36,Wattage 120 V Mid Range gain set to 0.9982
07:04:35,0:02:36,Voltage range 1 gain set to 0.9986
07:04:35,0:02:36,Amperage range 1 gain set to 1.0005
07:04:35,0:02:36,Skipping historical gain check for Range 1
07:04:35,0:02:36,Saving Report info for range 1, 120 V Mid Range
07:04:35,0:02:36,Sum of squares is 0.023, Watts var 0.0253 Yok Uncert 0.15
07:04:35,0:02:36,Watts Uncertainty is 0.303
07:04:35,0:02:36,No Database Write yet, continue to Whr calibration
07:06:42,0:04:43,RBar = 0 R_Bar UCL = 0 Sigma = 0
07:06:42,0:04:43,Saving Report info for range 11, 120 V Low Range
07:06:42,0:04:43,Raw Low Watt average 10.229 Number of readings 157
07:09:23,0:07:24,RBar = 0 R_Bar UCL = 0 Sigma = 0
07:09:23,0:07:24,Saving Report info for range 21, 120 V High Range
07:09:23,0:07:24,Raw High Watt average 503.587 Number of readings 157
07:09:23,0:07:24,120 V Mid Range Watt-hrs 0.02738 27.0800 %Error:1.11
07:09:23,0:07:24,Changing ranges (1->2)
07:09:23,0:07:24,Database values written for Range 1
07:09:25,0:07:26,---------- Changing voltage to 230V 60Hz
07:09:25,0:07:26,Value:2 Type:50 Range:52 SetRange: 51 CurRange:2
07:09:53,0:07:54,Setting up rtsdb1 for table VAW_RangeValues key InsertOnly Range 2
07:10:36,0:08:37,Raw Watt average 0 Number of readings 55
07:10:36,0:08:37,Watts Offset Deviation=0
07:10:36,0:08:37,Wattage zero2 set to 0
07:10:36,0:08:37,Amperage zero2 set to 0.0002
07:12:30,0:10:31,RBar = 0.0609 R_Bar UCL = 0.199 Sigma = 0.053989
07:12:30,0:10:31,Raw Watt average 200.88583 Number of readings 44, Yok 200.5563
07:12:30,0:10:31,Delta:-0.007400 is between 0.024 & -0.024- no adjust
07:12:30,0:10:31,Wattage range 2 gain not adjusted - 0.9984
07:12:30,0:10:31,Voltage range 2 gain set to 0.9947
07:12:30,0:10:31,Amperage range 2 gain set to 0.9994
07:12:30,0:10:31,No Adjust for Watts 220V
07:12:30,0:10:31,Skipping historical gain check for Range 2
07:12:30,0:10:31,Saving Report info for range 2, 220 V Mid Range
07:12:30,0:10:31,Sum of squares is 0.025, Watts var 0.0540 Yok Uncert 0.15
07:12:30,0:10:31,Watts Uncertainty is 0.316
07:12:30,0:10:31,No Database Write yet, continue to Whr calibration
07:14:38,0:12:39,RBar = 0 R_Bar UCL = 0 Sigma = 0
07:14:38,0:12:39,Saving Report info for range 12, 220 V Low Range
07:14:38,0:12:39,Raw Low Watt average 10.266 Number of readings 158
07:17:19,0:15:20,RBar = 0 R_Bar UCL = 0 Sigma = 0
07:17:19,0:15:20,Saving Report info for range 22, 220 V High Range
07:17:19,0:15:20,Raw High Watt average 506.462 Number of readings 156
07:17:19,0:15:20,220 V Mid Range Watt-hrs 0.02688 27.0300 %Error:-0.55
07:17:19,0:15:20,Database values written for Range 1, Test Number: 7673
07:17:19,0:15:20,Database rtsdb1 Table LabResults key 7673
07:17:20,0:15:21,Unable to open LabResults
07:17:20,0:15:21,Test ended Proc VAWCAL at line 2131
