12:25:01,0:00:00,Using Yok 3000 for calibration
12:25:01,0:00:00,Lab = 11
15:41:28,8:23:00,Test killed Operator aborted test
10:06:02,2:47:34,Before defrost stability check 1006 2002.0000 0 0.042
10:06:02,2:47:34,Product defrosted - Stable 1006.000 period 0:00:00 0
09:06:57,1:48:29,Before defrost stability check 1006 2002.0000 0 0.042
09:06:57,1:48:29,Product defrosted - Stable 1006.000 period 0:00:00 0
08:08:00,0:49:32,Before defrost stability check 1001 2002.0000 0 0.042
08:08:00,0:49:32,Product defrosted - Stable 1001.000 period 0:00:00 0
07:18:30,0:00:00,Starting Aham Energy Test v16.7
07:18:30,0:00:00,Previous TestNum recorded 17756
07:18:30,112:04:50,Previous TestNum recorded 17756
07:18:30,112:04:50,LastTest = rlattner\17P0037-17756-01-07
07:18:30,112:04:50,Save as rlattner\17P0037-17871-01-07
07:18:30,112:04:50,Test Number 17871
07:18:30,112:04:50,PerformanceFlex V2.4
07:18:30,112:04:50,Database rtsdb1 Table FlexResults key InsertOnly Keyfield 17756
07:18:30,112:04:50,Database TestReqNum = 335
07:18:30,112:04:50,TestDate is 06/30/17 Database rtsdb1 Table Results key 17756
07:18:30,112:04:50,ADC CT = 40.0000
07:18:29,112:04:50,User stopped test
05:19:04,38:05:26,Ambient IN.  Duration 0:00:02
05:19:02,38:05:24,Ambient OUT at 38:05:24
05:18:50,38:05:12,Ambient IN.  Duration 0:00:02
05:18:48,38:05:10,Ambient OUT at 38:05:10
05:18:40,38:05:02,Ambient IN.  Duration 0:00:02
05:18:38,38:05:00,Ambient OUT at 38:05:00
05:18:32,38:04:54,Ambient IN.  Duration 0:00:04
05:18:28,38:04:50,Ambient OUT at 38:04:50
05:18:04,38:04:26,Ambient IN.  Duration 0:00:02
05:18:02,38:04:24,Ambient OUT at 38:04:24
05:17:40,38:04:02,Ambient IN.  Duration 0:00:02
05:17:38,38:04:00,Ambient OUT at 38:04:00
05:17:32,38:03:54,Ambient IN.  Duration 0:00:10
05:17:22,38:03:44,Ambient OUT at 38:03:44
05:17:20,38:03:42,Ambient IN.  Duration 0:00:06
05:17:14,38:03:36,Ambient OUT at 38:03:36
05:17:06,38:03:28,Ambient IN.  Duration 0:00:06
05:17:00,38:03:22,Ambient OUT at 38:03:22
05:16:58,38:03:20,Ambient IN.  Duration 0:00:02
05:16:56,38:03:18,Ambient OUT at 38:03:18
04:22:32,37:08:54,Ambient IN.  Duration 0:00:02
04:22:30,37:08:52,Ambient OUT at 37:08:52
04:22:28,37:08:50,Ambient IN.  Duration 0:00:02
04:22:26,37:08:48,Ambient OUT at 37:08:48
04:22:20,37:08:42,Ambient IN.  Duration 0:00:10
04:22:10,37:08:32,Ambient OUT at 37:08:32
04:21:58,37:08:20,Ambient IN.  Duration 0:00:04
04:21:54,37:08:16,Ambient OUT at 37:08:16
04:21:52,37:08:14,Ambient IN.  Duration 0:02:12
04:19:40,37:06:02,Ambient OUT at 37:06:02
04:19:38,37:06:00,Ambient IN.  Duration 0:00:14
04:19:24,37:05:46,Ambient OUT at 37:05:46
04:19:22,37:05:44,Ambient IN.  Duration 0:00:18
04:19:04,37:05:26,Ambient OUT at 37:05:26
04:19:02,37:05:24,Ambient IN.  Duration 0:00:24
04:18:38,37:05:00,Ambient OUT at 37:05:00
04:18:36,37:04:58,Ambient IN.  Duration 0:00:36
04:18:00,37:04:22,Ambient OUT at 37:04:22
04:17:58,37:04:20,Ambient IN.  Duration 0:00:06
04:17:52,37:04:14,Ambient OUT at 37:04:14
04:17:46,37:04:08,Ambient IN.  Duration 0:00:06
04:17:40,37:04:02,Ambient OUT at 37:04:02
04:17:20,37:03:42,Ambient IN.  Duration 0:00:02
04:17:18,37:03:40,Ambient OUT at 37:03:40
10:44:20,19:30:42,Ambient IN.  Duration 0:00:02
10:44:18,19:30:40,Ambient OUT at 19:30:40
10:44:08,19:30:30,Ambient IN.  Duration 0:00:26
10:43:42,19:30:04,Ambient OUT at 19:30:04
10:43:40,19:30:02,Ambient IN.  Duration 0:07:22
10:36:18,19:22:40,Ambient OUT at 19:22:40
10:36:16,19:22:38,Ambient IN.  Duration 0:00:06
10:36:10,19:22:32,Ambient OUT at 19:22:32
10:36:08,19:22:30,Ambient IN.  Duration 0:00:06
10:36:02,19:22:24,Ambient OUT at 19:22:24
09:44:14,18:30:36,Ambient IN.  Duration 0:00:02
09:44:12,18:30:34,Ambient OUT at 18:30:34
09:44:10,18:30:32,Ambient IN.  Duration 0:00:02
09:44:08,18:30:30,Ambient OUT at 18:30:30
09:43:40,18:30:02,Ambient IN.  Duration 0:00:02
09:43:38,18:30:00,Ambient OUT at 18:30:00
09:43:18,18:29:40,Ambient IN.  Duration 0:00:02
09:43:16,18:29:38,Ambient OUT at 18:29:38
09:43:14,18:29:36,Ambient IN.  Duration 0:00:02
09:43:12,18:29:34,Ambient OUT at 18:29:34
09:40:56,18:27:18,Ambient IN.  Duration 0:00:02
09:40:54,18:27:16,Ambient OUT at 18:27:16
05:45:23,14:31:45,Aham Energy Test in progress, stability achieved 2 1 0
05:45:23,14:31:45,Stable value = 0.261 Period = 7:33:45
05:45:23,14:31:45,Stable Deg/Hr: 0.022479
05:45:23,14:31:45,Cab End:42.672 Cab Beg:42.505 Stable Temp: 0.17 Period: 7.56250
05:45:23,14:31:45,first period 2:21:04,5:20:12
05:45:23,14:31:45,second period 9:54:49,12:50:46
05:45:23,14:31:45,Cab Avg Period 1:6.41 Period 2:42.67 TPS:13:50:03 STABEND:12:50:46
05:45:23,14:31:45,AHAM type A stability achieved with 0.035 temp/hr and 0.042 limit and 7:33:45 period
21:33:45,6:20:07,Changing Temp Start from 1:21:01 to 1:21:07 2:20:12
21:15:47,6:02:09,Changing Temp Start from 1:21:01 to 1:21:07 2:20:12
15:13:38,0:00:00,Starting Aham Energy Test v16.7
15:13:38,0:00:01,Aham Standard is 2014
15:13:38,0:00:01,Starting Aham Test v16.7 Voltage S.P. 115 06/30/17 15:13:38
15:13:38,0:00:01,RTS ver 3.924 Supports Ambient limit 90 +- 1.0
15:13:38,0:00:01,LastTest still NA 0
15:13:38,0:00:01,Save as rlattner\17P0037-17756-01-07
15:13:38,0:00:01,Test Number 17756
15:13:38,0:00:01,Product 17P0037 location 'RM 01-07'.  Result: No change
15:13:37,0:00:00,Waiting on inventory move procedure: result code:0, message:
15:13:35,55:47:54,Test killed Operator aborted test
19:55:59,36:30:19,Ambient IN.  Duration 0:11:14
19:44:45,36:19:05,Ambient OUT at 36:19:05
19:44:21,36:18:41,Ambient IN.  Duration 0:00:08
19:44:13,36:18:33,Ambient OUT at 36:18:33
10:22:56,26:57:16,Ambient IN.  Duration 0:00:03
10:22:53,26:57:13,Ambient OUT at 26:57:13
10:22:39,26:56:59,Ambient IN.  Duration 0:12:28
10:10:11,26:44:31,Ambient OUT at 26:44:31
09:48:25,26:22:45,Ambient IN.  Duration 0:30:32
09:17:53,25:52:13,Ambient OUT at 25:52:13
09:17:51,25:52:11,Ambient IN.  Duration 0:00:08
09:17:43,25:52:03,Ambient OUT at 25:52:03
09:17:42,25:52:02,Ambient IN.  Duration 0:00:09
09:17:33,25:51:53,Ambient OUT at 25:51:53
23:19:40,15:54:00,Ambient IN.  Duration 0:00:08
23:19:32,15:53:52,Ambient OUT at 15:53:52
23:19:02,15:53:22,Ambient IN.  Duration 0:03:50
23:15:12,15:49:32,Ambient OUT at 15:49:32
23:15:10,15:49:30,Ambient IN.  Duration 0:02:04
23:13:06,15:47:26,Ambient OUT at 15:47:26
23:13:02,15:47:22,Ambient IN.  Duration 0:00:14
23:12:48,15:47:08,Ambient OUT at 15:47:08
23:12:46,15:47:06,Ambient IN.  Duration 0:00:04
23:12:42,15:47:02,Ambient OUT at 15:47:02
23:12:36,15:46:56,Ambient IN.  Duration 0:00:02
23:12:34,15:46:54,Ambient OUT at 15:46:54
23:12:28,15:46:48,Ambient IN.  Duration 0:00:02
23:12:26,15:46:46,Ambient OUT at 15:46:46
21:20:50,13:55:10,Ambient IN.  Duration 0:00:16
21:20:34,13:54:54,Ambient OUT at 13:54:54
21:20:32,13:54:52,Ambient IN.  Duration 0:04:08
21:16:24,13:50:44,Ambient OUT at 13:50:44
21:16:16,13:50:36,Ambient IN.  Duration 0:00:14
21:16:02,13:50:22,Ambient OUT at 13:50:22
20:28:36,13:02:56,Ambient IN.  Duration 0:00:08
20:28:28,13:02:48,Ambient OUT at 13:02:48
20:28:10,13:02:30,Ambient IN.  Duration 0:03:18
20:24:52,12:59:12,Ambient OUT at 12:59:12
20:24:48,12:59:08,Ambient IN.  Duration 0:03:34
20:21:14,12:55:34,Ambient OUT at 12:55:34
20:00:16,12:34:36,Aham Energy Test in progress, stability achieved 2 1 0
20:00:16,12:34:36,Stable value = 0.131 Period = 6:39:24
20:00:16,12:34:36,Stable Deg/Hr: 0.010516
20:00:16,12:34:36,Cab End:42.083 Cab Beg:42.156 Stable Temp: 0.07 Period: 6.65667
20:00:16,12:34:36,first period 1:26:55,4:18:04
20:00:16,12:34:36,second period 8:06:19,10:57:46
20:00:16,12:34:36,Cab Avg Period 1:6.20 Period 2:42.08 TPS:11:55:00 STABEND:10:57:46
20:00:16,12:34:36,AHAM type A stability achieved with 0.020 temp/hr and 0.042 limit and 6:39:24 period
19:32:06,12:06:26,Ambient IN.  Duration 0:00:20
19:31:46,12:06:06,Ambient OUT at 12:06:06
19:31:16,12:05:36,Ambient IN.  Duration 0:00:02
19:31:14,12:05:34,Ambient OUT at 12:05:34
19:31:06,12:05:26,Ambient IN.  Duration 0:00:02
19:31:04,12:05:24,Ambient OUT at 12:05:24
19:30:58,12:05:18,Ambient IN.  Duration 0:00:08
19:30:50,12:05:10,Ambient OUT at 12:05:10
19:30:16,12:04:36,Ambient IN.  Duration 0:00:12
19:30:04,12:04:24,Ambient OUT at 12:04:24
19:30:00,12:04:20,Ambient IN.  Duration 0:00:18
19:29:42,12:04:02,Ambient OUT at 12:04:02
19:29:32,12:03:52,Ambient IN.  Duration 0:00:06
19:29:26,12:03:46,Ambient OUT at 12:03:46
19:29:18,12:03:38,Ambient IN.  Duration 0:00:02
19:29:16,12:03:36,Ambient OUT at 12:03:36
19:29:12,12:03:32,Ambient IN.  Duration 0:00:14
19:28:58,12:03:18,Ambient OUT at 12:03:18
19:28:42,12:03:02,Ambient IN.  Duration 0:00:08
19:28:34,12:02:54,Ambient OUT at 12:02:54
19:27:30,12:01:50,Ambient IN.  Duration 0:00:08
19:27:22,12:01:42,Ambient OUT at 12:01:42
19:27:04,12:01:24,Ambient IN.  Duration 0:00:16
19:26:48,12:01:08,Ambient OUT at 12:01:08
19:26:42,12:01:02,Ambient IN.  Duration 0:00:10
19:26:32,12:00:52,Ambient OUT at 12:00:52
19:26:02,12:00:22,Ambient IN.  Duration 0:00:04
19:25:58,12:00:18,Ambient OUT at 12:00:18
18:30:34,11:04:54,Ambient IN.  Duration 0:00:48
18:29:46,11:04:06,Ambient OUT at 11:04:06
18:29:20,11:03:40,Ambient IN.  Duration 0:05:50
18:23:30,10:57:50,Ambient OUT at 10:57:50
17:35:24,10:09:44,Ambient IN.  Duration 0:00:02
17:35:22,10:09:42,Ambient OUT at 10:09:42
17:35:08,10:09:28,Ambient IN.  Duration 0:00:08
17:35:00,10:09:20,Ambient OUT at 10:09:20
17:34:54,10:09:14,Ambient IN.  Duration 0:00:08
17:34:46,10:09:06,Ambient OUT at 10:09:06
17:34:30,10:08:50,Ambient IN.  Duration 0:00:08
17:34:22,10:08:42,Ambient OUT at 10:08:42
17:34:10,10:08:30,Ambient IN.  Duration 0:00:04
17:34:06,10:08:26,Ambient OUT at 10:08:26
17:33:56,10:08:16,Ambient IN.  Duration 0:00:12
17:33:44,10:08:04,Ambient OUT at 10:08:04
17:33:26,10:07:46,Ambient IN.  Duration 0:00:08
17:33:18,10:07:38,Ambient OUT at 10:07:38
17:32:50,10:07:10,Ambient IN.  Duration 0:01:00
17:31:50,10:06:10,Ambient OUT at 10:06:10
17:31:46,10:06:06,Ambient IN.  Duration 0:00:14
17:31:32,10:05:52,Ambient OUT at 10:05:52
17:30:40,10:05:00,Ambient IN.  Duration 0:00:08
17:30:32,10:04:52,Ambient OUT at 10:04:52
17:30:28,10:04:48,Ambient IN.  Duration 0:00:36
17:29:52,10:04:12,Ambient OUT at 10:04:12
17:29:44,10:04:04,Ambient IN.  Duration 0:00:16
17:29:28,10:03:48,Ambient OUT at 10:03:48
13:38:04,6:12:24,Changing Temp Start from 1:26:55 to 1:27:01 2:15:13
13:20:36,5:54:56,Changing Temp Start from 1:26:55 to 1:27:01 2:15:13
07:25:41,0:00:00,Starting Aham Energy Test v16.7
07:25:41,0:00:00,Previous TestNum recorded 17535
07:25:41,70:10:26,Previous TestNum recorded 17535
07:25:41,70:10:26,LastTest = rlattner\17P0037-17535-01-07
07:25:41,70:10:26,Save as rlattner\17P0037-17655-01-07
07:25:41,70:10:26,Test Number 17655
07:25:41,70:10:26,PerformanceFlex V2.4
07:25:41,70:10:26,Database rtsdb1 Table FlexResults key InsertOnly Keyfield 17535
07:25:41,70:10:26,Database TestReqNum = 335
07:25:41,70:10:26,TestDate is 06/25/17 Database rtsdb1 Table Results key 17535
07:25:41,70:10:26,ADC CT = 40.0000
07:25:41,70:10:26,User stopped test
19:45:38,58:30:24,Ambient IN.  Duration 0:08:26
19:37:12,58:21:58,Ambient OUT at 58:21:58
19:37:11,58:21:57,Ambient IN.  Duration 0:00:09
19:37:02,58:21:48,Ambient OUT at 58:21:48
19:15:11,57:59:57,Ambient IN.  Duration 0:00:37
19:14:34,57:59:20,Ambient OUT at 57:59:20
19:14:31,57:59:17,Ambient IN.  Duration 0:00:09
19:14:22,57:59:08,Ambient OUT at 57:59:08
19:14:18,57:59:04,Ambient IN.  Duration 0:29:32
18:44:46,57:29:32,Ambient OUT at 57:29:32
18:44:42,57:29:28,Ambient IN.  Duration 0:00:02
18:44:40,57:29:26,Ambient OUT at 57:29:26
10:28:37,49:13:23,Ambient IN.  Duration 0:00:06
10:28:31,49:13:17,Ambient OUT at 49:13:17
10:28:29,49:13:15,Ambient IN.  Duration 0:00:06
10:28:23,49:13:09,Ambient OUT at 49:13:09
10:28:21,49:13:07,Ambient IN.  Duration 0:00:02
10:28:19,49:13:05,Ambient OUT at 49:13:05
10:28:17,49:13:03,Ambient IN.  Duration 0:00:16
10:28:01,49:12:47,Ambient OUT at 49:12:47
10:27:59,49:12:45,Ambient IN.  Duration 0:00:04
10:27:55,49:12:41,Ambient OUT at 49:12:41
10:27:49,49:12:35,Ambient IN.  Duration 0:00:02
10:27:47,49:12:33,Ambient OUT at 49:12:33
10:27:45,49:12:31,Ambient IN.  Duration 0:13:16
10:14:29,48:59:15,Ambient OUT at 48:59:15
10:14:21,48:59:07,Ambient IN.  Duration 0:00:04
10:14:17,48:59:03,Ambient OUT at 48:59:03
09:28:29,48:13:15,Ambient IN.  Duration 0:00:04
09:28:25,48:13:11,Ambient OUT at 48:13:11
09:28:21,48:13:07,Ambient IN.  Duration 0:00:02
09:28:19,48:13:05,Ambient OUT at 48:13:05
09:28:17,48:13:03,Ambient IN.  Duration 0:00:06
09:28:11,48:12:57,Ambient OUT at 48:12:57
09:28:09,48:12:55,Ambient IN.  Duration 0:00:04
09:28:05,48:12:51,Ambient OUT at 48:12:51
09:28:03,48:12:49,Ambient IN.  Duration 0:00:04
09:27:59,48:12:45,Ambient OUT at 48:12:45
09:27:57,48:12:43,Ambient IN.  Duration 0:00:12
09:27:45,48:12:31,Ambient OUT at 48:12:31
09:27:43,48:12:29,Ambient IN.  Duration 0:00:02
09:27:41,48:12:27,Ambient OUT at 48:12:27
09:27:33,48:12:19,Ambient IN.  Duration 0:00:02
09:27:31,48:12:17,Ambient OUT at 48:12:17
09:27:29,48:12:15,Ambient IN.  Duration 0:00:02
09:27:27,48:12:13,Ambient OUT at 48:12:13
09:27:05,48:11:51,Ambient IN.  Duration 0:00:02
09:27:03,48:11:49,Ambient OUT at 48:11:49
09:26:59,48:11:45,Ambient IN.  Duration 0:00:02
09:26:57,48:11:43,Ambient OUT at 48:11:43
09:26:51,48:11:37,Ambient IN.  Duration 0:00:08
09:26:43,48:11:29,Ambient OUT at 48:11:29
09:26:19,48:11:05,Ambient IN.  Duration 0:00:12
09:26:07,48:10:53,Ambient OUT at 48:10:53
09:26:05,48:10:51,Ambient IN.  Duration 0:00:02
09:26:03,48:10:49,Ambient OUT at 48:10:49
09:25:57,48:10:43,Ambient IN.  Duration 0:00:04
09:25:53,48:10:39,Ambient OUT at 48:10:39
09:25:51,48:10:37,Ambient IN.  Duration 0:00:02
09:25:49,48:10:35,Ambient OUT at 48:10:35
09:25:43,48:10:29,Ambient IN.  Duration 0:00:10
09:25:33,48:10:19,Ambient OUT at 48:10:19
09:25:31,48:10:17,Ambient IN.  Duration 0:00:14
09:25:17,48:10:03,Ambient OUT at 48:10:03
09:25:15,48:10:01,Ambient IN.  Duration 0:00:08
09:25:07,48:09:53,Ambient OUT at 48:09:53
09:24:53,48:09:39,Ambient IN.  Duration 0:00:04
09:24:49,48:09:35,Ambient OUT at 48:09:35
09:24:47,48:09:33,Ambient IN.  Duration 0:00:02
09:24:45,48:09:31,Ambient OUT at 48:09:31
09:24:39,48:09:25,Ambient IN.  Duration 0:00:06
09:24:33,48:09:19,Ambient OUT at 48:09:19
09:24:23,48:09:09,Ambient IN.  Duration 0:00:02
09:24:21,48:09:07,Ambient OUT at 48:09:07
09:24:19,48:09:05,Ambient IN.  Duration 0:00:04
09:24:15,48:09:01,Ambient OUT at 48:09:01
09:24:13,48:08:59,Ambient IN.  Duration 0:00:04
09:24:09,48:08:55,Ambient OUT at 48:08:55
09:23:57,48:08:43,Ambient IN.  Duration 0:00:02
09:23:55,48:08:41,Ambient OUT at 48:08:41
09:23:17,48:08:03,Ambient IN.  Duration 0:00:02
09:23:15,48:08:01,Ambient OUT at 48:08:01
09:23:03,48:07:49,Ambient IN.  Duration 0:00:02
09:23:01,48:07:47,Ambient OUT at 48:07:47
08:30:23,47:15:09,Ambient IN.  Duration 0:00:02
08:30:21,47:15:07,Ambient OUT at 47:15:07
08:30:17,47:15:03,Ambient IN.  Duration 0:00:06
08:30:11,47:14:57,Ambient OUT at 47:14:57
08:30:09,47:14:55,Ambient IN.  Duration 0:00:28
08:29:41,47:14:27,Ambient OUT at 47:14:27
08:29:35,47:14:21,Ambient IN.  Duration 0:00:02
08:29:33,47:14:19,Ambient OUT at 47:14:19
08:29:29,47:14:15,Ambient IN.  Duration 0:00:02
08:29:27,47:14:13,Ambient OUT at 47:14:13
08:29:25,47:14:11,Ambient IN.  Duration 0:00:04
08:29:21,47:14:07,Ambient OUT at 47:14:07
08:29:15,47:14:01,Ambient IN.  Duration 0:00:04
08:29:11,47:13:57,Ambient OUT at 47:13:57
08:29:09,47:13:55,Ambient IN.  Duration 0:00:06
08:29:03,47:13:49,Ambient OUT at 47:13:49
08:28:35,47:13:21,Ambient IN.  Duration 0:00:06
08:28:29,47:13:15,Ambient OUT at 47:13:15
08:28:19,47:13:05,Ambient IN.  Duration 0:00:02
08:28:17,47:13:03,Ambient OUT at 47:13:03
08:28:15,47:13:01,Ambient IN.  Duration 0:00:02
08:28:13,47:12:59,Ambient OUT at 47:12:59
07:35:39,46:20:25,Ambient IN.  Duration 0:00:04
07:35:35,46:20:21,Ambient OUT at 46:20:21
07:35:27,46:20:13,Ambient IN.  Duration 0:00:02
07:35:25,46:20:11,Ambient OUT at 46:20:11
07:35:23,46:20:09,Ambient IN.  Duration 0:00:14
07:35:09,46:19:55,Ambient OUT at 46:19:55
07:35:07,46:19:53,Ambient IN.  Duration 0:09:10
07:25:57,46:10:43,Ambient OUT at 46:10:43
07:25:55,46:10:41,Ambient IN.  Duration 0:00:08
07:25:47,46:10:33,Ambient OUT at 46:10:33
07:25:39,46:10:25,Ambient IN.  Duration 0:00:04
07:25:35,46:10:21,Ambient OUT at 46:10:21
07:25:05,46:09:51,Ambient IN.  Duration 0:00:02
07:25:03,46:09:49,Ambient OUT at 46:09:49
06:36:13,45:20:59,Ambient IN.  Duration 0:00:02
06:36:11,45:20:57,Ambient OUT at 45:20:57
06:35:59,45:20:45,Ambient IN.  Duration 0:00:06
06:35:53,45:20:39,Ambient OUT at 45:20:39
06:35:35,45:20:21,Ambient IN.  Duration 0:00:02
06:35:33,45:20:19,Ambient OUT at 45:20:19
06:35:31,45:20:17,Ambient IN.  Duration 0:00:02
06:35:29,45:20:15,Ambient OUT at 45:20:15
06:35:17,45:20:03,Ambient IN.  Duration 0:00:02
06:35:15,45:20:01,Ambient OUT at 45:20:01
06:35:13,45:19:59,Ambient IN.  Duration 0:00:04
06:35:09,45:19:55,Ambient OUT at 45:19:55
06:35:07,45:19:53,Ambient IN.  Duration 0:00:58
06:34:09,45:18:55,Ambient OUT at 45:18:55
06:34:07,45:18:53,Ambient IN.  Duration 0:02:16
06:31:51,45:16:37,Ambient OUT at 45:16:37
06:31:49,45:16:35,Ambient IN.  Duration 0:00:32
06:31:17,45:16:03,Ambient OUT at 45:16:03
06:31:01,45:15:47,Ambient IN.  Duration 0:00:06
06:30:55,45:15:41,Ambient OUT at 45:15:41
06:30:53,45:15:39,Ambient IN.  Duration 0:00:02
06:30:51,45:15:37,Ambient OUT at 45:15:37
06:30:43,45:15:29,Ambient IN.  Duration 0:00:02
06:30:41,45:15:27,Ambient OUT at 45:15:27
06:30:39,45:15:25,Ambient IN.  Duration 0:00:06
06:30:33,45:15:19,Ambient OUT at 45:15:19
06:30:31,45:15:17,Ambient IN.  Duration 0:00:02
06:30:29,45:15:15,Ambient OUT at 45:15:15
06:30:21,45:15:07,Ambient IN.  Duration 0:00:18
06:30:03,45:14:49,Ambient OUT at 45:14:49
06:30:01,45:14:47,Ambient IN.  Duration 0:00:10
06:29:51,45:14:37,Ambient OUT at 45:14:37
06:29:49,45:14:35,Ambient IN.  Duration 0:00:04
06:29:45,45:14:31,Ambient OUT at 45:14:31
06:29:43,45:14:29,Ambient IN.  Duration 0:00:12
06:29:31,45:14:17,Ambient OUT at 45:14:17
06:29:29,45:14:15,Ambient IN.  Duration 0:00:10
06:29:19,45:14:05,Ambient OUT at 45:14:05
06:29:17,45:14:03,Ambient IN.  Duration 0:00:18
06:28:59,45:13:45,Ambient OUT at 45:13:45
06:28:57,45:13:43,Ambient IN.  Duration 0:00:02
06:28:55,45:13:41,Ambient OUT at 45:13:41
06:28:49,45:13:35,Ambient IN.  Duration 0:00:04
06:28:45,45:13:31,Ambient OUT at 45:13:31
06:28:39,45:13:25,Ambient IN.  Duration 0:00:02
06:28:37,45:13:23,Ambient OUT at 45:13:23
06:28:31,45:13:17,Ambient IN.  Duration 0:00:02
06:28:29,45:13:15,Ambient OUT at 45:13:15
14:13:51,28:58:37,Ambient IN.  Duration 0:00:02
14:13:49,28:58:35,Ambient OUT at 28:58:35
14:13:47,28:58:33,Ambient IN.  Duration 0:00:04
14:13:43,28:58:29,Ambient OUT at 28:58:29
14:13:41,28:58:27,Ambient IN.  Duration 0:00:06
14:13:35,28:58:21,Ambient OUT at 28:58:21
12:25:01,0:00:00,Starting VAW Calibration Procedure 5.4, saving to Results
12:25:01,0:00:00,Original Voltage Setpoint 115
12:25:01,0:00:00,Starting with type 50 - 115V 60Hz range
12:25:01,0:00:00,Get 120 Cal Limits Error: Unable to run query
12:25:02,0:00:01,Get 220 Cal Limits Error: Unable to run query
12:25:08,0:00:00,Start Range changed to 1
12:25:08,0:00:00,---------- Changing voltage to 115V 60Hz
12:25:14,0:00:05,Setting up rtsdb1 for table VAW_RangeValues key InsertOnly Range 1
12:25:14,0:00:05,Setting up rtsdb1 for table VAW_RangeValues key InsertOnly Range 1
12:25:15,0:00:06,Setting up rtsdb1 for table VAW_RangeValues key InsertOnly Range 1
12:25:15,0:00:06,Setting up rtsdb1 for table VAW_RangeValues key InsertOnly Range 1
12:25:15,0:00:06,Setting up rtsdb1 for table VAW_RangeValues key InsertOnly Range 1
12:25:16,0:00:07,Setting up rtsdb1 for table VAW_RangeValues key InsertOnly Range 1
12:25:16,0:00:07,Setting up rtsdb1 for table VAW_RangeValues key InsertOnly Range 1
16:29:23,99:52:17,Test killed Operator aborted test
