11:18:10,0:00:00,Using Yok 3000 for calibration
11:18:10,0:00:00,Lab = 11
16:16:17,0:28:46,Test ended Proc CALCURLEAK at line 292
16:16:17,0:28:46,CalCurLeak finished TN:7785
16:15:59,0:28:28,XY X24:9.53282 Y24:28.08001
16:15:08,0:27:37,XY X23:8.76708 Y23:25.19169
16:14:10,0:26:39,XY X22:7.38536 Y22:20.08891
16:13:08,0:25:37,XY X21:6.00175 Y21:15.00264
16:12:08,0:24:37,XY X20:4.62283 Y20:9.94912
16:11:18,0:23:47,XY X19:4.09300 Y19:8.00791
16:10:30,0:22:59,XY X18:3.54133 Y18:5.98592
16:08:28,0:20:57,XY X17:3.22283 Y17:4.83533
16:07:29,0:19:58,XY X16:3.02900 Y16:4.12441
16:06:38,0:19:07,XY X15:2.91800 Y15:3.71631
16:05:28,0:17:57,XY X14:2.59300 Y14:2.51531
16:04:08,0:16:37,XY X13:2.25692 Y13:1.25813
16:03:19,0:15:48,XY X12:2.19182 Y12:1.00914
16:02:38,0:15:07,XY X11:2.14191 Y11:0.81035
16:00:18,0:12:47,XY X10:2.10364 Y10:0.67373
15:59:28,0:11:57,XY X9:2.08655 Y9:0.60283
15:58:28,0:10:57,XY X8:2.06308 Y8:0.50195
15:57:29,0:09:58,XY X7:2.04200 Y7:0.40142
15:56:28,0:08:57,XY X6:2.02475 Y6:0.29945
15:55:40,0:08:09,XY X5:2.01809 Y5:0.25043
15:54:49,0:07:18,XY X4:2.01282 Y4:0.20040
15:54:00,0:06:29,XY X3:2.00883 Y3:0.15089
15:53:13,0:05:42,XY X2:2.00591 Y2:0.10133
15:50:08,0:02:37,XY X1:2.00350 Y1:0
15:47:27,0:00:00,CalCurLeak v1.1
10:33:56,0:26:05,Test ended Proc CALTCAUTO at line 655
10:33:56,0:26:05,TC Calibration finished TN: 7763
10:33:56,0:26:05,Writing tcCalibration
10:33:56,0:26:05,Writing LabResults
10:33:56,0:26:05,110°F After Cal TC29Avg = 110.128
10:33:56,0:26:05,AutoCal - Standby
10:33:26,0:25:35,Averages cleared for 110°F After Cal Step 12
10:33:06,0:25:15,Resent Setpoint:P90.00 L110 2
10:32:55,0:25:04,Standby:P90.00 L110 2 13
10:32:44,0:24:53,Averages cleared for 110°F After Cal Step 12
10:32:23,0:24:32,Auto Cal - Temp setpoint changed to 110
10:32:23,0:24:32,Averages cleared for 110°F After Cal Step 11
10:32:22,0:24:31,-4°F After Cal TC29Avg = -3.498
10:32:22,0:24:31,Saving Values for -4 -4°F After Cal Start:29 Stop:30
10:32:22,0:24:31,AutoCal - Standby
10:31:52,0:24:01,Averages cleared for -4°F After Cal Step 12
10:31:32,0:23:41,Auto Cal - Temp setpoint changed to -4
10:31:32,0:23:41,Averages cleared for -4°F After Cal Step 11
10:31:32,0:23:41,TC30 New Gain: 0.996900 Old Gain 1.0000
10:31:32,0:23:41,TC29 New Gain: 1.001400 Old Gain 1.0000
10:31:32,0:23:41,90°F After Cal TC29Avg = 90.280
10:31:32,0:23:41,Saving Values for 90 90°F After Cal Start:29 Stop:30
10:31:32,0:23:41,AutoCal - Standby
10:31:01,0:23:10,Averages cleared for 90°F After Cal Step 12
10:30:41,0:22:50,Auto Cal - Temp setpoint changed to 90
10:30:41,0:22:50,Averages cleared for 90°F After Cal Step 11
10:30:40,0:22:49,PTC29 Zero Avg: 32.41 Calc Avg: 32.00 New Zero: -0.405000 Old Zero: 0
10:30:40,0:22:49,32°F As Recvd TC29Avg = 32.405
10:30:40,0:22:49,Saving Values for 32 32°F As Recvd Start:29 Stop:30
10:30:40,0:22:49,AutoCal - Standby
10:30:10,0:22:19,Averages cleared for 32°F As Recvd Step 12
10:29:49,0:21:58,Resent Setpoint:P90.00 L32 2
10:29:38,0:21:47,Standby:P90.00 L32 2 13
10:29:27,0:21:36,Averages cleared for 32°F As Recvd Step 12
10:29:07,0:21:16,Auto Cal - Temp setpoint changed to 32
10:29:07,0:21:16,Averages cleared for 32°F As Recvd Step 11
10:29:06,0:21:15,90°F As Recvd TC29Avg = 90.280
10:29:06,0:21:15,Saving Values for 90 90°F As Recvd Start:29 Stop:30
10:29:06,0:21:15,AutoCal - Standby
10:28:36,0:20:45,Averages cleared for 90°F As Recvd Step 12
10:28:15,0:20:24,Auto Cal - Temp setpoint changed to 90
10:28:15,0:20:24,Averages cleared for 90°F As Recvd Step 11
10:24:38,0:16:47,110°F After Cal TC21Avg = 110.188
10:24:38,0:16:47,AutoCal - Standby
10:24:08,0:16:17,Averages cleared for 110°F After Cal Step 12
10:23:47,0:15:56,Auto Cal - Temp setpoint changed to 110
10:23:47,0:15:56,Averages cleared for 110°F After Cal Step 11
10:23:46,0:15:55,-4°F After Cal TC21Avg = -3.794
10:23:46,0:15:55,Saving Values for -4 -4°F After Cal Start:21 Stop:28
10:23:46,0:15:55,AutoCal - Standby
10:23:15,0:15:24,Averages cleared for -4°F After Cal Step 12
10:22:55,0:15:04,Auto Cal - Temp setpoint changed to -4
10:22:55,0:15:04,Averages cleared for -4°F After Cal Step 11
10:22:54,0:15:03,TC27 New Gain: 1.000200 Old Gain 0.9984
10:22:54,0:15:03,TC26 New Gain: 1.000300 Old Gain 0.9987
10:22:54,0:15:03,90°F After Cal TC21Avg = 90.160
10:22:54,0:15:03,Saving Values for 90 90°F After Cal Start:21 Stop:28
10:22:54,0:15:03,AutoCal - Standby
10:22:24,0:14:33,Averages cleared for 90°F After Cal Step 12
10:22:03,0:14:12,Auto Cal - Temp setpoint changed to 90
10:22:03,0:14:12,Averages cleared for 90°F After Cal Step 11
10:22:02,0:14:11,PTC28 Zero Avg: 32.21 Calc Avg: 32.00 New Zero: -0.211000 Old Zero: 0
10:22:02,0:14:11,PTC27 Zero Avg: 32.23 Calc Avg: 31.95 New Zero: -0.278400 Old Zero: 0
10:22:02,0:14:11,PTC26 Zero Avg: 32.21 Calc Avg: 31.96 New Zero: -0.249300 Old Zero: 0
10:22:02,0:14:11,PTC24 Zero Avg: 32.14 Calc Avg: 32.00 New Zero: -0.135000 Old Zero: 0
10:22:02,0:14:11,PTC23 Zero Avg: 32.12 Calc Avg: 32.00 New Zero: -0.113000 Old Zero: 0
10:22:02,0:14:11,PTC22 Zero Avg: 32.22 Calc Avg: 32.00 New Zero: -0.217000 Old Zero: 0
10:22:02,0:14:11,PTC21 Zero Avg: 32.18 Calc Avg: 32.00 New Zero: -0.176000 Old Zero: 0
10:22:02,0:14:11,32°F As Recvd TC21Avg = 32.176
10:22:02,0:14:11,Saving Values for 32 32°F As Recvd Start:21 Stop:28
10:22:02,0:14:11,AutoCal - Standby
10:21:32,0:13:41,Averages cleared for 32°F As Recvd Step 12
10:21:12,0:13:21,Resent Setpoint:P90.00 L32 2
10:21:01,0:13:10,Standby:P90.00 L32 2 13
10:20:50,0:12:59,Averages cleared for 32°F As Recvd Step 12
10:20:30,0:12:39,Auto Cal - Temp setpoint changed to 32
10:20:30,0:12:39,Averages cleared for 32°F As Recvd Step 11
10:20:30,0:12:39,90°F As Recvd TC21Avg = 90.146
10:20:30,0:12:39,Saving Values for 90 90°F As Recvd Start:21 Stop:28
10:20:30,0:12:39,AutoCal - Standby
10:20:00,0:12:09,Averages cleared for 90°F As Recvd Step 12
10:19:40,0:11:49,Auto Cal - Temp setpoint changed to 90
10:19:40,0:11:49,Averages cleared for 90°F As Recvd Step 11
10:13:24,0:05:33,110°F After Cal TC1Avg = 110.112
10:13:24,0:05:33,AutoCal - Standby
10:12:54,0:05:03,Averages cleared for 110°F After Cal Step 12
10:12:34,0:04:43,Auto Cal - Temp setpoint changed to 110
10:12:34,0:04:43,Averages cleared for 110°F After Cal Step 11
10:12:32,0:04:41,-4°F After Cal TC1Avg = -3.824
10:12:32,0:04:41,Saving Values for -4 -4°F After Cal Start:1 Stop:20
10:12:32,0:04:41,AutoCal - Standby
10:12:02,0:04:11,Averages cleared for -4°F After Cal Step 12
10:11:41,0:03:50,Resent Setpoint:P90.00 L-4 2
10:11:30,0:03:39,Standby:P90.00 L-4 2 13
10:11:19,0:03:28,Averages cleared for -4°F After Cal Step 12
10:10:59,0:03:08,Auto Cal - Temp setpoint changed to -4
10:10:59,0:03:08,Averages cleared for -4°F After Cal Step 11
10:10:58,0:03:07,TC16 New Gain: 1.000900 Old Gain 1.0000
10:10:58,0:03:07,TC8 New Gain: 1.000200 Old Gain 0.9988
10:10:58,0:03:07,TC2 New Gain: 1.000400 Old Gain 0.9987
10:10:58,0:03:07,90°F After Cal TC1Avg = 90.124
10:10:58,0:03:07,Saving Values for 90 90°F After Cal Start:1 Stop:20
10:10:58,0:03:07,AutoCal - Standby
10:10:28,0:02:37,Averages cleared for 90°F After Cal Step 12
10:10:07,0:02:16,Auto Cal - Temp setpoint changed to 90
10:10:07,0:02:16,Averages cleared for 90°F After Cal Step 11
10:10:06,0:02:15,PTC15 Zero Avg: 32.13 Calc Avg: 32.00 New Zero: -0.995000 Old Zero: -0.8680
10:10:06,0:02:15,PTC11 Zero Avg: 32.11 Calc Avg: 32.00 New Zero: -0.996000 Old Zero: -0.8860
10:10:06,0:02:15,PTC10 Zero Avg: 32.22 Calc Avg: 32.00 New Zero: -0.217000 Old Zero: 0
10:10:06,0:02:15,PTC8 Zero Avg: 32.11 Calc Avg: 31.96 New Zero: -0.147200 Old Zero: 0
10:10:06,0:02:15,PTC7 Zero Avg: 32.15 Calc Avg: 32.00 New Zero: -0.147000 Old Zero: 0
10:10:06,0:02:15,PTC5 Zero Avg: 32.17 Calc Avg: 32.00 New Zero: -0.169000 Old Zero: 0
10:10:06,0:02:15,PTC2 Zero Avg: 32.16 Calc Avg: 31.96 New Zero: -0.201300 Old Zero: 0
10:10:06,0:02:15,PTC1 Zero Avg: 32.15 Calc Avg: 32.00 New Zero: -0.146000 Old Zero: 0
10:10:06,0:02:15,32°F As Recvd TC1Avg = 32.146
10:10:06,0:02:15,Saving Values for 32 32°F As Recvd Start:1 Stop:20
10:10:06,0:02:15,AutoCal - Standby
10:09:35,0:01:44,Averages cleared for 32°F As Recvd Step 12
10:09:15,0:01:24,Auto Cal - Temp setpoint changed to 32
10:09:15,0:01:24,Averages cleared for 32°F As Recvd Step 11
10:09:14,0:01:23,90°F As Recvd TC1Avg = 90.179
10:09:14,0:01:23,Saving Values for 90 90°F As Recvd Start:1 Stop:20
10:09:14,0:01:23,AutoCal - Standby
10:08:44,0:00:53,Averages cleared for 90°F As Recvd Step 12
10:08:24,0:00:33,Auto Cal - Temp setpoint changed to 90
10:08:24,0:00:33,Averages cleared for 90°F As Recvd Step 11
10:07:51,0:00:00,CALTC Auto Version 3.6
10:07:51,0:00:00,Point Numbers30
08:13:54,0:01:33,Test ended Proc CALPRES at line 316
08:13:54,0:01:33,Pressure Calibration finished TN:7753
08:13:54,0:01:33,Database rtsdb1 Table FlexResults key InsertOnly Keyfield 7753
08:13:52,0:01:31,Writing Results
08:13:52,0:01:31,Writing Results
08:13:52,0:01:31,Number of readings 17
08:13:52,0:01:31,HPsi Gain changed to 1.000200
08:13:52,0:01:31,LPsi Gain changed to 1.000200
08:13:52,0:01:31,Raw Gain LPSI 4.99900 HPSI 4.99900 Number of readings 17
08:12:57,0:00:36,Raw Zero LPSI 0.000000 HPSI 0.000000
08:12:57,0:00:36,Raw Zero LPSI 0 HPSI 0 Number of readings 16
08:12:21,0:00:00,CALPRES Version 2.0
08:12:21,0:00:00,Inject signal on pin 4 to 3
08:12:21,0:00:00,24V source measured from pin 2 to 1
08:12:21,0:00:00,0 0
08:12:21,0:00:00,Point Pressure loaded
07:36:29,0:00:06,Test killed Operator aborted test
07:36:24,0:00:00,Starting Aham Energy Test v16.7
07:36:24,0:00:00,Previous TestNum recorded 7731
07:36:24,17:42:02,Previous TestNum recorded 7731
07:36:23,17:42:02,LastTest = rlattner\16P00360-7731-01-04
07:36:23,17:42:02,Save as rlattner\16P00360-7749-01-04
07:36:23,17:42:02,Test Number 7749
07:36:23,17:42:02,PerformanceFlex V2.4
07:36:23,17:42:02,Database rtsdb1 Table FlexResults key InsertOnly Keyfield 7731
07:36:23,17:42:02,Database TestReqNum = 220
07:36:23,17:42:02,TestDate is 08/23/16 Database rtsdb1 Table Results key 7731
07:36:23,17:42:02,ADC CT = 40.0000
07:36:23,17:42:02,User stopped test
04:32:52,14:38:31,Aham Energy Test in progress, stability achieved 2 1 0
04:32:52,14:38:31,Stable value = 0.157 Period = 6:11:07
04:32:52,14:38:31,Stable Deg/Hr: 0
04:32:52,14:38:31,Cab End:37.721 Cab Beg:37.725 Stable Temp: 0.00 Period: 6.18528
04:32:52,14:38:31,first period 4:56:12,7:14:13
04:32:52,14:38:31,second period 11:07:19,13:26:30
04:32:52,14:38:31,Cab Avg Period 1:0.66 Period 2:37.72 TPS:14:13:02 STABEND:13:26:30
04:32:52,14:38:31,AHAM type A stability achieved with 0.025 temp/hr and 0.042 limit and 6:11:07 period
13:54:21,0:00:00,Starting Aham Energy Test v16.7
13:54:21,0:00:01,Aham Standard is 2014
13:54:21,0:00:01,Starting Aham Test v16.7 Voltage S.P. 115 08/23/16 13:54:21
13:54:21,0:00:01,RTS ver 3.924 Supports Ambient limit 90 +- 1.0
13:54:21,0:00:01,LastTest still NA 0
13:54:21,0:00:01,Save as rlattner\16P00360-7731-01-04
13:54:21,0:00:01,Test Number 7731
13:54:20,0:00:00,Product 16P00360 location 'RM 01-04'.  Result: No change
13:54:20,0:00:00,Waiting on inventory move procedure: result code:0, message:
09:38:16,8:39:30,Test killed Operator aborted test
09:31:57,8:33:11,Ambient IN.  Duration 0:15:54
09:16:03,8:17:17,Ambient OUT at 8:17:17
09:16:01,8:17:15,Ambient IN.  Duration 0:00:14
09:15:47,8:17:01,Ambient OUT at 8:17:01
09:15:43,8:16:57,Ambient IN.  Duration 0:00:04
09:15:39,8:16:53,Ambient OUT at 8:16:53
09:15:29,8:16:43,Ambient IN.  Duration 0:00:40
09:14:49,8:16:03,Ambient OUT at 8:16:03
09:14:43,8:15:57,Ambient IN.  Duration 0:00:08
09:14:35,8:15:49,Ambient OUT at 8:15:49
09:14:19,8:15:33,Ambient IN.  Duration 0:00:02
09:14:17,8:15:31,Ambient OUT at 8:15:31
09:14:11,8:15:25,Ambient IN.  Duration 0:00:04
09:14:07,8:15:21,Ambient OUT at 8:15:21
08:55:33,7:56:47,Ambient IN.  Duration 0:00:02
08:55:31,7:56:45,Ambient OUT at 7:56:45
08:55:25,7:56:39,Ambient IN.  Duration 0:00:04
08:55:21,7:56:35,Ambient OUT at 7:56:35
08:55:05,7:56:19,Ambient IN.  Duration 0:00:10
08:54:55,7:56:09,Ambient OUT at 7:56:09
08:54:49,7:56:03,Ambient IN.  Duration 0:00:06
08:54:43,7:55:57,Ambient OUT at 7:55:57
08:54:37,7:55:51,Ambient IN.  Duration 0:00:10
08:54:27,7:55:41,Ambient OUT at 7:55:41
08:54:21,7:55:35,Ambient IN.  Duration 0:00:02
08:54:19,7:55:33,Ambient OUT at 7:55:33
08:54:13,7:55:27,Ambient IN.  Duration 0:32:24
08:21:49,7:23:03,Ambient OUT at 7:23:03
08:21:43,7:22:57,Ambient IN.  Duration 0:00:06
08:21:37,7:22:51,Ambient OUT at 7:22:51
08:01:23,7:02:37,Ambient IN.  Duration 0:00:04
08:01:19,7:02:33,Ambient OUT at 7:02:33
08:00:27,7:01:41,Ambient IN.  Duration 0:00:02
08:00:25,7:01:39,Ambient OUT at 7:01:39
08:00:15,7:01:29,Ambient IN.  Duration 0:00:26
07:59:49,7:01:03,Ambient OUT at 7:01:03
07:59:43,7:00:57,Ambient IN.  Duration 0:26:52
07:32:51,6:34:05,Ambient OUT at 6:34:05
07:08:31,6:09:45,Ambient IN.  Duration 0:00:02
07:08:29,6:09:43,Ambient OUT at 6:09:43
07:08:13,6:09:27,Ambient IN.  Duration 0:00:06
07:08:07,6:09:21,Ambient OUT at 6:09:21
07:07:55,6:09:09,Ambient IN.  Duration 0:00:02
07:07:53,6:09:07,Ambient OUT at 6:09:07
07:07:43,6:08:57,Ambient IN.  Duration 0:00:02
07:07:41,6:08:55,Ambient OUT at 6:08:55
07:07:23,6:08:37,Ambient IN.  Duration 0:00:02
07:07:21,6:08:35,Ambient OUT at 6:08:35
07:07:17,6:08:31,Ambient IN.  Duration 0:00:02
07:07:15,6:08:29,Ambient OUT at 6:08:29
07:07:11,6:08:25,Ambient IN.  Duration 0:00:10
07:07:01,6:08:15,Ambient OUT at 6:08:15
07:06:59,6:08:13,Ambient IN.  Duration 0:00:20
07:06:39,6:07:53,Ambient OUT at 6:07:53
07:06:35,6:07:49,Ambient IN.  Duration 0:00:08
07:06:27,6:07:41,Ambient OUT at 6:07:41
07:06:23,6:07:37,Ambient IN.  Duration 0:00:08
07:06:15,6:07:29,Ambient OUT at 6:07:29
07:06:13,6:07:27,Ambient IN.  Duration 0:00:02
07:06:11,6:07:25,Ambient OUT at 6:07:25
07:06:09,6:07:23,Ambient IN.  Duration 0:16:58
06:50:03,5:51:17,Changing Temp Start from 1:40:27 to 1:40:35 2:00:50
06:49:11,5:50:25,Ambient OUT at 5:50:25
06:49:09,5:50:23,Ambient IN.  Duration 0:00:22
06:48:47,5:50:01,Ambient OUT at 5:50:01
06:48:45,5:49:59,Ambient IN.  Duration 0:00:30
06:48:15,5:49:29,Ambient OUT at 5:49:29
06:48:13,5:49:27,Ambient IN.  Duration 0:00:06
06:48:07,5:49:21,Ambient OUT at 5:49:21
06:48:05,5:49:19,Ambient IN.  Duration 0:00:02
06:48:03,5:49:17,Ambient OUT at 5:49:17
06:32:55,5:34:09,Changing Temp Start from 1:40:27 to 1:40:35 2:00:50
06:11:45,5:12:59,Ambient IN.  Duration 0:00:02
06:11:43,5:12:57,Ambient OUT at 5:12:57
06:11:39,5:12:53,Ambient IN.  Duration 0:00:02
06:11:37,5:12:51,Ambient OUT at 5:12:51
06:11:27,5:12:41,Ambient IN.  Duration 0:00:06
06:11:21,5:12:35,Ambient OUT at 5:12:35
06:11:07,5:12:21,Ambient IN.  Duration 0:00:10
06:10:57,5:12:11,Ambient OUT at 5:12:11
06:10:51,5:12:05,Ambient IN.  Duration 0:00:02
06:10:49,5:12:03,Ambient OUT at 5:12:03
06:10:45,5:11:59,Ambient IN.  Duration 0:00:06
06:10:39,5:11:53,Ambient OUT at 5:11:53
06:10:37,5:11:51,Ambient IN.  Duration 0:00:08
06:10:29,5:11:43,Ambient OUT at 5:11:43
06:10:25,5:11:39,Ambient IN.  Duration 0:00:02
06:10:23,5:11:37,Ambient OUT at 5:11:37
06:10:21,5:11:35,Ambient IN.  Duration 0:00:38
06:09:43,5:10:57,Ambient OUT at 5:10:57
06:09:35,5:10:49,Ambient IN.  Duration 0:13:50
05:55:45,4:56:59,Ambient OUT at 4:56:59
05:55:43,4:56:57,Ambient IN.  Duration 0:00:10
05:55:33,4:56:47,Ambient OUT at 4:56:47
05:55:29,4:56:43,Ambient IN.  Duration 0:00:02
05:55:27,4:56:41,Ambient OUT at 4:56:41
05:55:17,4:56:31,Ambient IN.  Duration 0:00:02
05:55:15,4:56:29,Ambient OUT at 4:56:29
05:55:13,4:56:27,Ambient IN.  Duration 0:00:02
05:55:11,4:56:25,Ambient OUT at 4:56:25
05:55:01,4:56:15,Ambient IN.  Duration 0:00:02
05:54:59,4:56:13,Ambient OUT at 4:56:13
05:17:49,4:19:03,Ambient IN.  Duration 0:00:10
05:17:39,4:18:53,Ambient OUT at 4:18:53
05:17:33,4:18:47,Ambient IN.  Duration 0:00:18
05:17:15,4:18:29,Ambient OUT at 4:18:29
05:17:13,4:18:27,Ambient IN.  Duration 0:00:24
05:16:49,4:18:03,Ambient OUT at 4:18:03
05:16:47,4:18:01,Ambient IN.  Duration 0:16:14
05:00:33,4:01:47,Ambient OUT at 4:01:47
05:00:29,4:01:43,Ambient IN.  Duration 0:00:24
05:00:05,4:01:19,Ambient OUT at 4:01:19
05:00:03,4:01:17,Ambient IN.  Duration 0:00:06
04:59:57,4:01:11,Ambient OUT at 4:01:11
04:59:55,4:01:09,Ambient IN.  Duration 0:00:02
04:59:53,4:01:07,Ambient OUT at 4:01:07
04:59:51,4:01:05,Ambient IN.  Duration 0:00:08
04:59:43,4:00:57,Ambient OUT at 4:00:57
04:59:41,4:00:55,Ambient IN.  Duration 0:00:02
04:59:39,4:00:53,Ambient OUT at 4:00:53
04:34:11,3:35:25,Ambient IN.  Duration 0:00:16
04:33:55,3:35:09,Ambient OUT at 3:35:09
04:33:41,3:34:55,Ambient IN.  Duration 0:00:22
04:33:19,3:34:33,Ambient OUT at 3:34:33
04:33:13,3:34:27,Ambient IN.  Duration 0:00:12
04:33:01,3:34:15,Ambient OUT at 3:34:15
04:32:59,3:34:13,Ambient IN.  Duration 0:25:32
04:07:27,3:08:41,Ambient OUT at 3:08:41
04:07:19,3:08:33,Ambient IN.  Duration 0:00:02
04:07:17,3:08:31,Ambient OUT at 3:08:31
04:07:15,3:08:29,Ambient IN.  Duration 0:00:08
04:07:07,3:08:21,Ambient OUT at 3:08:21
04:06:59,3:08:13,Ambient IN.  Duration 0:00:02
04:06:57,3:08:11,Ambient OUT at 3:08:11
04:06:15,3:07:29,Ambient IN.  Duration 0:00:02
04:06:13,3:07:27,Ambient OUT at 3:07:27
03:47:49,2:49:03,Ambient IN.  Duration 0:39:18
03:08:31,2:09:45,Ambient OUT at 2:09:45
03:08:29,2:09:43,Ambient IN.  Duration 0:00:46
03:07:43,2:08:57,Ambient OUT at 2:08:57
03:07:39,2:08:53,Ambient IN.  Duration 0:00:08
03:07:31,2:08:45,Ambient OUT at 2:08:45
03:07:25,2:08:39,Ambient IN.  Duration 0:00:08
03:07:17,2:08:31,Ambient OUT at 2:08:31
03:07:13,2:08:27,Ambient IN.  Duration 0:00:16
03:06:57,2:08:11,Ambient OUT at 2:08:11
03:06:51,2:08:05,Ambient IN.  Duration 0:00:46
03:06:05,2:07:19,Ambient OUT at 2:07:19
03:05:59,2:07:13,Ambient IN.  Duration 0:00:06
03:05:53,2:07:07,Ambient OUT at 2:07:07
03:05:49,2:07:03,Ambient IN.  Duration 0:00:14
03:05:35,2:06:49,Ambient OUT at 2:06:49
03:05:33,2:06:47,Ambient IN.  Duration 0:00:14
03:05:19,2:06:33,Ambient OUT at 2:06:33
03:05:17,2:06:31,Ambient IN.  Duration 0:00:14
03:05:03,2:06:17,Ambient OUT at 2:06:17
03:04:55,2:06:09,Ambient IN.  Duration 0:00:14
03:04:41,2:05:55,Ambient OUT at 2:05:55
03:04:39,2:05:53,Ambient IN.  Duration 0:00:10
03:04:29,2:05:43,Ambient OUT at 2:05:43
03:04:23,2:05:37,Ambient IN.  Duration 0:00:06
03:04:17,2:05:31,Ambient OUT at 2:05:31
03:04:09,2:05:23,Ambient IN.  Duration 0:00:18
03:03:51,2:05:05,Ambient OUT at 2:05:05
03:03:41,2:04:55,Ambient IN.  Duration 0:00:32
03:03:09,2:04:23,Ambient OUT at 2:04:23
03:03:03,2:04:17,Ambient IN.  Duration 0:00:02
03:03:01,2:04:15,Ambient OUT at 2:04:15
03:02:49,2:04:03,Ambient IN.  Duration 0:00:26
03:02:23,2:03:37,Ambient OUT at 2:03:37
03:02:17,2:03:31,Ambient IN.  Duration 0:00:08
03:02:09,2:03:23,Ambient OUT at 2:03:23
03:02:03,2:03:17,Ambient IN.  Duration 0:00:24
03:01:39,2:02:53,Ambient OUT at 2:02:53
03:01:37,2:02:51,Ambient IN.  Duration 1:17:22
01:44:15,0:45:29,Ambient OUT at 0:45:29
01:43:59,0:45:13,Ambient IN.  Duration 0:00:06
01:43:53,0:45:07,Ambient OUT at 0:45:07
01:15:59,0:17:13,Ambient IN.  Duration 0:00:12
01:15:47,0:17:01,Ambient OUT at 0:17:01
01:15:41,0:16:55,Ambient IN.  Duration 0:0:0
00:58:46,0:00:00,Starting Aham Energy Test v16.7
00:58:46,0:00:00,Previous TestNum recorded 7339
00:58:46,49:08:43,Previous TestNum recorded 7339
00:58:46,49:08:43,LastTest = rlattner\16P00354-7339-01-04
00:58:46,49:08:43,Save as rlattner\16P00354-7407-01-04
00:58:46,49:08:43,Test Number 7407
00:58:46,49:08:43,PerformanceFlex V2.4
00:58:46,49:08:43,Database rtsdb1 Table FlexResults key InsertOnly Keyfield 7339
00:58:46,49:08:43,Database TestReqNum = 220
00:58:46,49:08:43,TestDate is 08/12/16 Database rtsdb1 Table Results key 7339
00:58:46,49:08:43,ADC CT = 40.0000
00:58:46,49:08:43,2014 Cycling DefFlag:1 DefEnd:173916 TotCyc:6
00:58:46,49:08:43,ProcDefEnd 5
00:58:46,49:08:43,Defrost recovery completed
11:18:10,0:00:00,Starting VAW Calibration Procedure 5.3, saving to Results
11:18:10,0:00:00,Original Voltage Setpoint 115.0
11:18:10,0:00:00,Starting with type 50 - 115V 60Hz range
11:18:11,0:00:01,Get 120 Cal Limits Error: Unable to run query
11:18:11,0:00:01,Get 220 Cal Limits Error: Unable to run query
11:18:17,0:00:00,Start Range changed to 1
11:18:17,0:00:00,---------- Changing voltage to 115V 60Hz
11:18:26,0:00:08,Setting up rtsdb1 for table VAW_RangeValues key InsertOnly Range 1
11:19:03,0:00:45,Raw Watt average 0 Number of readings 43
11:19:03,0:00:45,Watts Offset Deviation=0
11:19:03,0:00:45,Wattage zero1 set to 0
11:19:03,0:00:45,Amperage zero1 set to 0.0001
11:20:49,0:02:31,RBar = 0.0323 R_Bar UCL = 0.106 Sigma = 0.028635
11:20:49,0:02:31,Raw Watt average 199.47667 Number of readings 45, Yok 198.9825
11:20:49,0:02:31,Avg Watts:198.8612, Act Watt:198.9825,  Volt:115 Freq:60
11:20:49,0:02:31,Wattage 120 V Mid Range gain set to 0.9975
11:20:49,0:02:31,Voltage range 1 gain set to 0.9983
11:20:49,0:02:31,Amperage range 1 gain set to 1.0002
11:20:49,0:02:31,Skipping historical gain check for Range 1
11:20:49,0:02:31,Saving Report info for range 1, 120 V Mid Range
11:20:49,0:02:31,Sum of squares is 0.023, Watts var 0.0286 Yok Uncert 0.15
11:20:49,0:02:31,Watts Uncertainty is 0.303
11:20:49,0:02:31,No Database Write yet, continue to Whr calibration
11:22:56,0:04:38,RBar = 0 R_Bar UCL = 0 Sigma = 0
11:22:56,0:04:38,Saving Report info for range 11, 120 V Low Range
11:22:56,0:04:38,Raw Low Watt average 10.282 Number of readings 157
11:25:34,0:07:16,RBar = 0 R_Bar UCL = 0 Sigma = 0
11:25:34,0:07:16,Saving Report info for range 21, 120 V High Range
11:25:34,0:07:16,Raw High Watt average 503.295 Number of readings 155
11:25:55,0:07:37,120 V Mid Range Watt-hrs 0.02773 27.4700 %Error:0.95
11:25:55,0:07:37,Changing ranges (1->2)
11:25:55,0:07:37,Database values written for Range 1
11:25:56,0:07:38,---------- Changing voltage to 230V 60Hz
11:25:56,0:07:38,Value:2 Type:50 Range:52 SetRange: 51 CurRange:2
11:26:23,0:08:05,Setting up rtsdb1 for table VAW_RangeValues key InsertOnly Range 2
11:27:06,0:08:48,Raw Watt average 0 Number of readings 55
11:27:06,0:08:48,Watts Offset Deviation=0
11:27:06,0:08:48,Wattage zero2 set to 0
11:27:06,0:08:48,Amperage zero2 set to 0.0002
11:28:47,0:10:29,RBar = 0.0558 R_Bar UCL = 0.182 Sigma = 0.049468
11:28:47,0:10:29,Raw Watt average 200.27177 Number of readings 45, Yok 199.8898
11:28:47,0:10:29,Avg Watts:199.8766, Act Watt:199.8898,  Volt:230 Freq:60
11:28:47,0:10:29,Wattage 220 V Mid Range gain set to 0.9981
11:28:47,0:10:29,Voltage range 2 gain set to 0.9947
11:28:47,0:10:29,Amperage range 2 gain set to 0.9990
11:28:47,0:10:29,Skipping historical gain check for Range 2
11:28:47,0:10:29,Saving Report info for range 2, 220 V Mid Range
11:28:47,0:10:29,Sum of squares is 0.025, Watts var 0.0495 Yok Uncert 0.15
11:28:47,0:10:29,Watts Uncertainty is 0.316
11:28:47,0:10:29,No Database Write yet, continue to Whr calibration
11:30:55,0:12:37,RBar = 0 R_Bar UCL = 0 Sigma = 0
11:30:55,0:12:37,Saving Report info for range 12, 220 V Low Range
11:30:55,0:12:37,Raw Low Watt average 10.274 Number of readings 159
11:33:34,0:15:16,RBar = 0 R_Bar UCL = 0 Sigma = 0
11:33:34,0:15:16,Saving Report info for range 22, 220 V High Range
11:33:34,0:15:16,Raw High Watt average 504.519 Number of readings 153
11:33:55,0:15:37,220 V Mid Range Watt-hrs 0.02765 27.5900 %Error:0.22
11:33:55,0:15:37,Database values written for Range 1, Test Number: 7822
11:33:55,0:15:37,Database rtsdb1 Table Results key 7822
11:33:57,0:15:39,Test ended Proc VAWCAL at line 2177
