11:00:52,0:00:00,Using Yok 3000 for calibration
11:00:52,0:00:00,Lab = 11
15:46:35,0:27:04,Test ended Proc CALCURLEAK at line 292
15:46:35,0:27:04,CalCurLeak finished TN:7780
15:45:56,0:26:25,User stopped test
15:45:16,0:25:45,XY X23:8.17325 Y23:25.18389
15:44:16,0:24:45,XY X22:6.91167 Y22:20.04885
15:43:16,0:23:45,XY X21:5.66775 Y21:15.02850
15:42:06,0:22:35,XY X20:4.39992 Y20:9.92455
15:41:16,0:21:45,XY X19:3.93400 Y19:8.04913
15:40:26,0:20:55,XY X18:3.41242 Y18:5.95131
15:38:16,0:18:45,XY X17:3.12733 Y17:4.82383
15:37:16,0:17:45,XY X16:2.95100 Y16:4.11556
15:36:26,0:16:55,XY X15:2.85583 Y15:3.73267
15:35:16,0:15:45,XY X14:2.55383 Y14:2.51673
15:34:06,0:14:35,XY X13:2.24117 Y13:1.25442
15:33:16,0:13:45,XY X12:2.17950 Y12:1.00297
15:32:26,0:12:55,XY X11:2.13027 Y11:0.80057
15:29:56,0:10:25,XY X10:2.09700 Y10:0.67305
15:29:06,0:09:35,XY X9:2.07958 Y9:0.60331
15:28:06,0:08:35,XY X8:2.05491 Y8:0.50283
15:27:06,0:07:35,XY X7:2.03108 Y7:0.40227
15:25:56,0:06:25,XY X6:1.96200 Y6:0.29945
15:25:06,0:05:35,XY X5:1.96200 Y5:0.24981
15:24:16,0:04:45,XY X4:1.96200 Y4:0.20029
15:23:26,0:03:55,XY X3:1.96200 Y3:0.14947
15:22:33,0:03:02,XY X2:1.96200 Y2:0.10135
15:21:46,0:02:15,XY X1:1.96200 Y1:0
15:19:25,0:00:00,CalCurLeak v1.1
10:05:23,0:19:11,Test ended Proc CALTCAUTO at line 655
10:05:23,0:19:11,TC Calibration finished TN: 7762
10:05:22,0:19:10,Writing tcCalibration
10:05:22,0:19:10,Writing LabResults
10:05:22,0:19:10,110°F After Cal TC29Avg = 110.100
10:05:22,0:19:10,AutoCal - Standby
10:04:52,0:18:40,Averages cleared for 110°F After Cal Step 12
10:04:32,0:18:20,Auto Cal - Temp setpoint changed to 110
10:04:32,0:18:20,Averages cleared for 110°F After Cal Step 11
10:04:31,0:18:19,-4°F After Cal TC29Avg = -3.592
10:04:31,0:18:19,Saving Values for -4 -4°F After Cal Start:29 Stop:30
10:04:31,0:18:19,AutoCal - Standby
10:04:01,0:17:49,Averages cleared for -4°F After Cal Step 12
10:03:41,0:17:29,Resent Setpoint:P0 L-4 2
10:03:30,0:17:18,Standby:P0 L-4 2 13
10:03:19,0:17:07,Averages cleared for -4°F After Cal Step 12
10:02:59,0:16:47,Auto Cal - Temp setpoint changed to -4
10:02:59,0:16:47,Averages cleared for -4°F After Cal Step 11
10:02:59,0:16:47,90°F After Cal TC29Avg = 90.280
10:02:59,0:16:47,Saving Values for 90 90°F After Cal Start:29 Stop:30
10:02:59,0:16:47,AutoCal - Standby
10:02:29,0:16:17,Averages cleared for 90°F After Cal Step 12
10:02:09,0:15:57,Auto Cal - Temp setpoint changed to 90
10:02:09,0:15:57,Averages cleared for 90°F After Cal Step 11
10:01:03,0:14:51,TC30 out of .3 window 90.35.  Number out:2
10:01:03,0:14:51,TC30 New Gain: 0.998200 Old Gain 1.0020
10:01:03,0:14:51,TC29 out of .3 window 90.35.  Number out:1
10:01:03,0:14:51,TC29 New Gain: 0.997900 Old Gain 1.0017
10:01:03,0:14:51,90°F After Cal TC29Avg = 90.280
10:01:03,0:14:51,Saving Values for 90 90°F After Cal Start:29 Stop:30
10:01:03,0:14:51,AutoCal - Standby
10:00:33,0:14:21,Averages cleared for 90°F After Cal Step 12
10:00:13,0:14:01,Auto Cal - Temp setpoint changed to 90
10:00:13,0:14:01,Averages cleared for 90°F After Cal Step 11
10:00:12,0:14:00,PTC30 Zero Avg: 32.57 Calc Avg: 32.06 New Zero: -0.117800 Old Zero: 0.3820
10:00:12,0:14:00,PTC29 Zero Avg: 32.56 Calc Avg: 32.05 New Zero: -0.089800 Old Zero: 0.4090
10:00:12,0:14:00,32°F As Recvd TC29Avg = 32.090
10:00:12,0:14:00,Saving Values for 32 32°F As Recvd Start:29 Stop:30
10:00:12,0:14:00,AutoCal - Standby
09:59:42,0:13:30,Averages cleared for 32°F As Recvd Step 12
09:59:22,0:13:10,Auto Cal - Temp setpoint changed to 32
09:59:22,0:13:10,Averages cleared for 32°F As Recvd Step 11
09:59:22,0:13:10,90°F As Recvd TC29Avg = 90.280
09:59:22,0:13:10,Saving Values for 90 90°F As Recvd Start:29 Stop:30
09:59:22,0:13:10,AutoCal - Standby
09:58:51,0:12:39,Averages cleared for 90°F As Recvd Step 12
09:58:31,0:12:19,Auto Cal - Temp setpoint changed to 90
09:58:31,0:12:19,Averages cleared for 90°F As Recvd Step 11
09:58:03,0:11:51,110°F After Cal TC21Avg = 110.293
09:58:03,0:11:51,AutoCal - Standby
09:57:33,0:11:21,Averages cleared for 110°F After Cal Step 12
09:57:13,0:11:01,Auto Cal - Temp setpoint changed to 110
09:57:13,0:11:01,Averages cleared for 110°F After Cal Step 11
09:57:12,0:11:00,-4°F After Cal TC21Avg = -3.653
09:57:12,0:11:00,Saving Values for -4 -4°F After Cal Start:21 Stop:28
09:57:12,0:11:00,AutoCal - Standby
09:56:42,0:10:30,Averages cleared for -4°F After Cal Step 12
09:56:22,0:10:10,Auto Cal - Temp setpoint changed to -4
09:56:22,0:10:10,Averages cleared for -4°F After Cal Step 11
09:56:21,0:10:09,90°F After Cal TC21Avg = 90.300
09:56:21,0:10:09,Saving Values for 90 90°F After Cal Start:21 Stop:28
09:56:21,0:10:09,AutoCal - Standby
09:55:51,0:09:39,Averages cleared for 90°F After Cal Step 12
09:55:31,0:09:19,Auto Cal - Temp setpoint changed to 90
09:55:31,0:09:19,Averages cleared for 90°F After Cal Step 11
09:55:30,0:09:18,PTC28 Zero Avg: 32.13 Calc Avg: 32.00 New Zero: -0.124000 Old Zero: 0
09:55:30,0:09:18,PTC27 Zero Avg: 32.26 Calc Avg: 32.00 New Zero: -0.257000 Old Zero: 0
09:55:30,0:09:18,PTC26 Zero Avg: 32.27 Calc Avg: 32.00 New Zero: -0.265000 Old Zero: 0
09:55:30,0:09:18,PTC25 Zero Avg: 32.13 Calc Avg: 32.00 New Zero: -0.133000 Old Zero: 0
09:55:30,0:09:18,PTC24 Zero Avg: 32.18 Calc Avg: 32.00 New Zero: -0.176000 Old Zero: 0
09:55:30,0:09:18,PTC23 Zero Avg: 32.26 Calc Avg: 32.00 New Zero: -0.264000 Old Zero: 0
09:55:30,0:09:18,PTC22 Zero Avg: 32.25 Calc Avg: 32.00 New Zero: -0.255000 Old Zero: 0
09:55:30,0:09:18,PTC21 Zero Avg: 32.29 Calc Avg: 32.00 New Zero: -0.301000 Old Zero: 0
09:55:30,0:09:18,32°F As Recvd TC21Avg = 32.301
09:55:30,0:09:18,Saving Values for 32 32°F As Recvd Start:21 Stop:28
09:55:30,0:09:18,AutoCal - Standby
09:55:00,0:08:48,Averages cleared for 32°F As Recvd Step 12
09:54:40,0:08:28,Resent Setpoint:P0 L32 2
09:54:29,0:08:17,Standby:P0 L32 2 13
09:54:18,0:08:06,Averages cleared for 32°F As Recvd Step 12
09:53:58,0:07:46,Auto Cal - Temp setpoint changed to 32
09:53:58,0:07:46,Averages cleared for 32°F As Recvd Step 11
09:53:58,0:07:46,90°F As Recvd TC21Avg = 90.229
09:53:58,0:07:46,Saving Values for 90 90°F As Recvd Start:21 Stop:28
09:53:58,0:07:46,AutoCal - Standby
09:53:28,0:07:16,Averages cleared for 90°F As Recvd Step 12
09:53:08,0:06:56,Auto Cal - Temp setpoint changed to 90
09:53:08,0:06:56,Averages cleared for 90°F As Recvd Step 11
09:52:27,0:06:15,110°F After Cal TC1Avg = 110.362
09:52:27,0:06:15,AutoCal - Standby
09:51:57,0:05:45,Averages cleared for 110°F After Cal Step 12
09:51:37,0:05:25,Auto Cal - Temp setpoint changed to 110
09:51:37,0:05:25,Averages cleared for 110°F After Cal Step 11
09:51:36,0:05:24,-4°F After Cal TC1Avg = -3.594
09:51:36,0:05:24,Saving Values for -4 -4°F After Cal Start:1 Stop:20
09:51:36,0:05:24,AutoCal - Standby
09:51:06,0:04:54,Averages cleared for -4°F After Cal Step 12
09:50:46,0:04:34,Resent Setpoint:P0 L-4 2
09:50:35,0:04:23,Standby:P0 L-4 2 13
09:50:24,0:04:12,Averages cleared for -4°F After Cal Step 12
09:50:04,0:03:52,Auto Cal - Temp setpoint changed to -4
09:50:04,0:03:52,Averages cleared for -4°F After Cal Step 11
09:50:03,0:03:51,90°F After Cal TC1Avg = 90.322
09:50:03,0:03:51,Saving Values for 90 90°F After Cal Start:1 Stop:20
09:50:03,0:03:51,AutoCal - Standby
09:49:33,0:03:21,Averages cleared for 90°F After Cal Step 12
09:49:13,0:03:01,Auto Cal - Temp setpoint changed to 90
09:49:13,0:03:01,Averages cleared for 90°F After Cal Step 11
09:49:12,0:03:00,PTC20 Zero Avg: 32.40 Calc Avg: 32.00 New Zero: -0.406000 Old Zero: 0
09:49:12,0:03:00,PTC19 Zero Avg: 32.41 Calc Avg: 32.00 New Zero: -0.418000 Old Zero: 0
09:49:12,0:03:00,PTC18 Zero Avg: 32.44 Calc Avg: 32.00 New Zero: -0.441000 Old Zero: 0
09:49:12,0:03:00,PTC17 Zero Avg: 32.50 Calc Avg: 32.00 New Zero: -0.498000 Old Zero: 0
09:49:12,0:03:00,PTC16 Zero Avg: 32.55 Calc Avg: 32.00 New Zero: -0.554000 Old Zero: 0
09:49:12,0:03:00,PTC15 Zero Avg: 32.35 Calc Avg: 32.00 New Zero: -0.358000 Old Zero: 0
09:49:12,0:03:00,PTC14 Zero Avg: 32.42 Calc Avg: 32.00 New Zero: -0.422000 Old Zero: 0
09:49:12,0:03:00,PTC13 Zero Avg: 32.44 Calc Avg: 32.00 New Zero: -0.440000 Old Zero: 0
09:49:12,0:03:00,PTC12 Zero Avg: 32.46 Calc Avg: 32.00 New Zero: -0.461000 Old Zero: 0
09:49:12,0:03:00,PTC11 Zero Avg: 32.45 Calc Avg: 32.00 New Zero: -0.449000 Old Zero: 0
09:49:12,0:03:00,PTC10 Zero Avg: 32.21 Calc Avg: 32.00 New Zero: -0.216000 Old Zero: 0
09:49:12,0:03:00,PTC9 Zero Avg: 32.24 Calc Avg: 32.00 New Zero: -0.244000 Old Zero: 0
09:49:12,0:03:00,PTC8 Zero Avg: 32.31 Calc Avg: 32.00 New Zero: -0.307000 Old Zero: 0
09:49:12,0:03:00,PTC7 Zero Avg: 32.30 Calc Avg: 32.00 New Zero: -0.307000 Old Zero: 0
09:49:12,0:03:00,PTC6 Zero Avg: 32.28 Calc Avg: 32.00 New Zero: -0.281000 Old Zero: 0
09:49:12,0:03:00,PTC5 Zero Avg: 32.22 Calc Avg: 32.00 New Zero: -0.218000 Old Zero: 0
09:49:12,0:03:00,PTC4 Zero Avg: 32.27 Calc Avg: 32.00 New Zero: -0.278000 Old Zero: 0
09:49:12,0:03:00,PTC3 Zero Avg: 32.28 Calc Avg: 32.00 New Zero: -0.283000 Old Zero: 0
09:49:12,0:03:00,PTC2 Zero Avg: 32.29 Calc Avg: 32.00 New Zero: -0.289000 Old Zero: 0
09:49:12,0:03:00,PTC1 Zero Avg: 32.39 Calc Avg: 32.00 New Zero: -0.390000 Old Zero: 0
09:49:12,0:03:00,32°F As Recvd TC1Avg = 32.390
09:49:12,0:03:00,Saving Values for 32 32°F As Recvd Start:1 Stop:20
09:49:12,0:03:00,AutoCal - Standby
09:48:42,0:02:30,Averages cleared for 32°F As Recvd Step 12
09:48:22,0:02:10,Resent Setpoint:P0 L32 2
09:48:11,0:01:59,Standby:P0 L32 2 13
09:48:00,0:01:48,Averages cleared for 32°F As Recvd Step 12
09:47:40,0:01:28,Auto Cal - Temp setpoint changed to 32
09:47:40,0:01:28,Averages cleared for 32°F As Recvd Step 11
09:47:39,0:01:27,90°F As Recvd TC1Avg = 90.360
09:47:39,0:01:27,Saving Values for 90 90°F As Recvd Start:1 Stop:20
09:47:39,0:01:27,AutoCal - Standby
09:47:09,0:00:57,Averages cleared for 90°F As Recvd Step 12
09:46:49,0:00:37,Auto Cal - Temp setpoint changed to 90
09:46:49,0:00:37,Averages cleared for 90°F As Recvd Step 11
09:46:12,0:00:00,CALTC Auto Version 3.6
09:46:12,0:00:00,Point Numbers30
08:11:17,0:01:27,Test ended Proc CALPRES at line 316
08:11:17,0:01:27,Pressure Calibration finished TN:7752
08:11:17,0:01:27,Database rtsdb1 Table FlexResults key InsertOnly Keyfield 7752
08:11:16,0:01:26,Writing Results
08:11:16,0:01:26,Writing Results
08:11:16,0:01:26,Number of readings 17
08:11:16,0:01:26,HPsi Gain changed to 1.000200
08:11:16,0:01:26,LPsi Gain changed to 1.000200
08:11:16,0:01:26,Raw Gain LPSI 4.99900 HPSI 4.99900 Number of readings 17
08:10:25,0:00:35,Raw Zero LPSI 0.000000 HPSI 0.000000
08:10:25,0:00:35,Raw Zero LPSI 0 HPSI 0 Number of readings 16
08:09:50,0:00:00,CALPRES Version 2.0
08:09:50,0:00:00,Inject signal on pin 4 to 3
08:09:50,0:00:00,24V source measured from pin 2 to 1
08:09:50,0:00:00,-10.0000 -18.9940
08:09:50,0:00:00,Point Pressure loaded
10:22:57,39:20:38,Test killed Operator aborted test
10:09:30,39:07:11,Waiting for Defrost Recovery to end test 0
10:09:30,39:07:11,Temp Period Start 35:20:48 End 38:29:56 ContRun: 0
10:09:30,39:07:11,TPDatabase called Cab Avg 44.4529 44.4529 -999 Frz Avg 6.3202 6.3202 -999
10:09:30,39:07:11,ProcTempPeriod ACL:35:20:48,ACR:38:29:56,35:20:48,ACR:38:29:56
10:09:30,39:07:11,2014 Stability recorded for cycle before defrost from 37:42:33 to 38:29:56. Cab Avg 44.45 FrzAvg 6.28 0
10:09:30,39:07:11,Proc14Stable DS:38:29:56 CL:37:42:33 CR:38:29:56 LS:2
10:09:30,39:07:11,Temp Period Start 35:20:48 is good
10:09:30,39:07:11,In Defrost State:4 PrevDefStart:0:00:00 PrevDefEnd:0:00:00
06:35:11,35:32:52,Ambient IN.  Duration 0:00:06
06:35:05,35:32:46,Ambient OUT at 35:32:46
06:35:03,35:32:44,Ambient IN.  Duration 0:00:02
06:35:01,35:32:42,Ambient OUT at 35:32:42
06:34:57,35:32:38,Ambient IN.  Duration 0:00:02
06:34:55,35:32:36,Ambient OUT at 35:32:36
06:34:49,35:32:30,Ambient IN.  Duration 0:00:02
06:34:47,35:32:28,Ambient OUT at 35:32:28
06:34:45,35:32:26,Ambient IN.  Duration 0:00:02
06:34:43,35:32:24,Ambient OUT at 35:32:24
06:34:41,35:32:22,Ambient IN.  Duration 0:00:02
06:34:39,35:32:20,Ambient OUT at 35:32:20
06:34:35,35:32:16,Ambient IN.  Duration 0:00:20
06:34:15,35:31:56,Ambient OUT at 35:31:56
06:34:13,35:31:54,Ambient IN.  Duration 0:00:02
06:34:11,35:31:52,Ambient OUT at 35:31:52
06:34:09,35:31:50,Ambient IN.  Duration 0:06:28
06:27:41,35:25:22,Ambient OUT at 35:25:22
06:27:39,35:25:20,Ambient IN.  Duration 0:00:24
06:27:15,35:24:56,Ambient OUT at 35:24:56
06:27:13,35:24:54,Ambient IN.  Duration 0:00:06
06:27:07,35:24:48,Ambient OUT at 35:24:48
06:27:01,35:24:42,Ambient IN.  Duration 0:00:02
06:26:59,35:24:40,Ambient OUT at 35:24:40
06:26:55,35:24:36,Ambient IN.  Duration 0:00:04
06:26:51,35:24:32,Ambient OUT at 35:24:32
06:26:21,35:24:02,Ambient IN.  Duration 0:00:02
06:26:19,35:24:00,Ambient OUT at 35:24:00
06:26:13,35:23:54,Ambient IN.  Duration 0:00:06
06:26:07,35:23:48,Ambient OUT at 35:23:48
06:25:59,35:23:40,Ambient IN.  Duration 0:00:02
06:25:57,35:23:38,Ambient OUT at 35:23:38
06:25:49,35:23:30,Ambient IN.  Duration 0:00:06
06:25:43,35:23:24,Ambient OUT at 35:23:24
06:25:35,35:23:16,Ambient IN.  Duration 0:00:02
06:25:33,35:23:14,Ambient OUT at 35:23:14
06:25:31,35:23:12,Ambient IN.  Duration 0:00:02
06:25:29,35:23:10,Ambient OUT at 35:23:10
06:25:27,35:23:08,Ambient IN.  Duration 0:00:02
06:25:25,35:23:06,Ambient OUT at 35:23:06
06:25:19,35:23:00,Ambient IN.  Duration 0:00:02
06:25:17,35:22:58,Ambient OUT at 35:22:58
06:25:05,35:22:46,Ambient IN.  Duration 0:00:02
06:25:03,35:22:44,Ambient OUT at 35:22:44
12:13:53,17:11:34,Ambient IN.  Duration 0:00:02
12:13:51,17:11:32,Ambient OUT at 17:11:32
12:13:45,17:11:26,Ambient IN.  Duration 0:00:02
12:13:43,17:11:24,Ambient OUT at 17:11:24
12:13:11,17:10:52,Ambient IN.  Duration 0:00:06
12:13:05,17:10:46,Ambient OUT at 17:10:46
12:13:03,17:10:44,Ambient IN.  Duration 0:00:12
12:12:51,17:10:32,Ambient OUT at 17:10:32
12:12:45,17:10:26,Ambient IN.  Duration 0:00:02
12:12:43,17:10:24,Ambient OUT at 17:10:24
12:12:41,17:10:22,Ambient IN.  Duration 0:00:02
12:12:39,17:10:20,Ambient OUT at 17:10:20
12:12:23,17:10:04,Ambient IN.  Duration 0:00:02
12:12:21,17:10:02,Ambient OUT at 17:10:02
06:26:33,11:24:13,Aham Energy Test in progress, stability achieved 2 1 0
06:26:33,11:24:13,Stable value = 0.085 Period = 6:14:20
06:26:33,11:24:13,Stable Deg/Hr: 0.006411
06:26:33,11:24:13,Cab End:44.276 Cab Beg:44.241 Stable Temp: 0.04 Period: 6.23889
06:26:33,11:24:13,first period 1:32:50,3:53:29
06:26:32,11:24:13,second period 7:47:10,10:07:51
06:26:32,11:24:13,Cab Avg Period 1:6.01 Period 2:44.28 TPS:10:54:38 STABEND:10:7:51
06:26:32,11:24:13,AHAM type A stability achieved with 0.014 temp/hr and 0.042 limit and 6:14:20 period
00:29:13,5:26:54,Changing Temp Start from 1:32:50 to 1:32:57 1:40:13
00:12:07,5:09:48,Changing Temp Start from 1:32:50 to 1:32:57 1:40:13
19:02:19,0:00:00,Starting Aham Energy Test v16.7
19:02:19,0:00:00,Previous TestNum recorded 7586
19:02:19,33:42:53,Previous TestNum recorded 7586
19:02:19,33:42:53,LastTest = rlattner\16P00369-7586-01-03
19:02:19,33:42:53,Save as rlattner\16P00369-7639-01-03
19:02:19,33:42:53,Test Number 7639
19:02:18,33:42:52,PerformanceFlex V2.4
19:02:18,33:42:52,Database rtsdb1 Table FlexResults key InsertOnly Keyfield 7586
19:02:18,33:42:52,Database TestReqNum = 220
19:02:18,33:42:52,TestDate is 08/19/16 Database rtsdb1 Table Results key 7586
19:02:18,33:42:52,ADC CT = 40.0000
19:02:18,33:42:52,2014 Cycling DefFlag:1 DefEnd:118584 TotCyc:5
19:02:18,33:42:52,ProcDefEnd 4
19:02:18,33:42:52,Defrost recovery completed
19:02:18,33:42:52,Recorded cycle B after recovery. Fresh Food diff:0.01 Frz diff:0.01 4
19:02:18,33:42:52,Stable Detail: End 32:56:24 CabAvg:44.18 FrzAvg:5.84 TPCab: 44.1920 TPFrz:5.8319
18:22:39,33:03:13,Ambient IN.  Duration 0:00:02
18:22:37,33:03:11,Ambient OUT at 33:03:11
18:22:27,33:03:01,Ambient IN.  Duration 0:00:12
18:22:15,33:02:49,Ambient OUT at 33:02:49
18:22:13,33:02:47,Ambient IN.  Duration 0:08:28
18:15:56,32:56:30,Product cycled after defrost and recovered. Fresh Food diff:0.03 Frz diff:0.31 3
18:15:56,32:56:30,Stable Detail: End 32:10:01 CabAvg:44.16 FrzAvg:6.14 TPCab: 44.1920 TPFrz:5.8319
18:13:45,32:54:19,Ambient OUT at 32:54:19
18:13:41,32:54:15,Ambient IN.  Duration 0:00:02
18:13:39,32:54:13,Ambient OUT at 32:54:13
18:13:37,32:54:11,Ambient IN.  Duration 0:00:02
18:13:35,32:54:09,Ambient OUT at 32:54:09
18:13:33,32:54:07,Ambient IN.  Duration 0:00:02
18:13:31,32:54:05,Ambient OUT at 32:54:05
17:29:34,32:10:08,Product cycled after defrost but not recovered. Fresh Food diff:0.08 Frz diff:0.99 2
17:29:34,32:10:08,Stable Detail: End 31:23:54 CabAvg:44.11 FrzAvg:6.82 TPCab: 44.1920 TPFrz:5.8319
16:43:26,31:24:00,Typical cycles started 1
16:43:26,31:24:00,Product cycled after defrost but not recovered. Fresh Food diff:0.02 Frz diff:2.75 1
16:43:26,31:24:00,Stable Detail: End 30:38:54 CabAvg:44.17 FrzAvg:8.58 TPCab: 44.1920 TPFrz:5.8319
16:07:27,30:48:01,Ambient IN.  Duration 0:00:26
16:07:01,30:47:35,Ambient OUT at 30:47:35
16:06:59,30:47:33,Ambient IN.  Duration 0:23:18
15:43:41,30:24:15,Ambient OUT at 30:24:15
15:43:39,30:24:13,Ambient IN.  Duration 0:00:12
15:43:27,30:24:01,Ambient OUT at 30:24:01
15:43:15,30:23:49,Ambient IN.  Duration 0:00:02
15:43:13,30:23:47,Ambient OUT at 30:23:47
14:54:08,29:34:42,Waiting for Defrost Recovery to end test 0
14:54:08,29:34:42,Temp Period Start 25:53:09 End 29:00:25 ContRun: 0
14:54:08,29:34:42,TPDatabase called Cab Avg 44.1920 44.1920 -999 Frz Avg 5.8319 5.8319 -999
14:54:08,29:34:42,ProcTempPeriod ACL:25:53:09,ACR:29:00:25,25:53:09,ACR:29:00:25
14:54:08,29:34:42,2014 Stability recorded for cycle before defrost from 28:13:36 to 29:00:25. Cab Avg 44.20 FrzAvg 5.80 0
14:54:08,29:34:42,Proc14Stable DS:29:00:25 CL:28:13:36 CR:29:00:25 LS:2
14:54:08,29:34:42,Temp Period Start 25:53:09 is good
14:54:08,29:34:42,In Defrost State:4 PrevDefStart:0:00:00 PrevDefEnd:0:00:00
03:27:37,18:08:11,Ambient IN.  Duration 0:00:02
03:27:35,18:08:09,Ambient OUT at 18:08:09
20:51:06,11:31:40,Aham Energy Test in progress, stability achieved 2 1 0
20:51:06,11:31:40,Stable value = 0.235 Period = 6:15:06
20:51:06,11:31:40,Stable Deg/Hr: 0.007998
20:51:06,11:31:40,Cab End:44.144 Cab Beg:44.194 Stable Temp: 0.05 Period: 6.25167
20:51:06,11:31:40,first period 1:39:32,3:59:46
20:51:06,11:31:40,second period 7:54:38,10:15:02
20:51:06,11:31:40,Cab Avg Period 1:5.69 Period 2:44.14 TPS:11:02:08 STABEND:10:15:2
20:51:06,11:31:40,AHAM type A stability achieved with 0.038 temp/hr and 0.042 limit and 6:15:06 period
18:12:40,8:53:14,Ambient IN.  Duration 0:00:09
18:12:31,8:53:05,Ambient OUT at 8:53:05
18:12:28,8:53:02,Ambient IN.  Duration 0:00:02
18:12:26,8:53:00,Ambient OUT at 8:53:00
18:12:03,8:52:37,Ambient IN.  Duration 0:00:03
18:12:00,8:52:34,Ambient OUT at 8:52:34
18:11:30,8:52:04,Ambient IN.  Duration 0:00:02
18:11:28,8:52:02,Ambient OUT at 8:52:02
18:11:16,8:51:50,Ambient IN.  Duration 0:00:09
18:11:07,8:51:41,Ambient OUT at 8:51:41
18:11:02,8:51:36,Ambient IN.  Duration 0:00:02
18:11:00,8:51:34,Ambient OUT at 8:51:34
18:10:50,8:51:24,Ambient IN.  Duration 0:00:02
18:10:48,8:51:22,Ambient OUT at 8:51:22
18:10:24,8:50:58,Ambient IN.  Duration 0:00:02
18:10:22,8:50:56,Ambient OUT at 8:50:56
18:10:10,8:50:44,Ambient IN.  Duration 0:00:02
18:10:08,8:50:42,Ambient OUT at 8:50:42
18:10:02,8:50:36,Ambient IN.  Duration 0:00:03
18:09:59,8:50:33,Ambient OUT at 8:50:33
18:09:57,8:50:31,Ambient IN.  Duration 0:00:01
18:09:56,8:50:30,Ambient OUT at 8:50:30
18:09:54,8:50:28,Ambient IN.  Duration 0:00:02
18:09:52,8:50:26,Ambient OUT at 8:50:26
18:09:50,8:50:24,Ambient IN.  Duration 0:00:02
18:09:48,8:50:22,Ambient OUT at 8:50:22
18:09:45,8:50:19,Ambient IN.  Duration 0:00:02
18:09:43,8:50:17,Ambient OUT at 8:50:17
18:09:40,8:50:14,Ambient IN.  Duration 0:00:02
18:09:38,8:50:12,Ambient OUT at 8:50:12
18:09:10,8:49:44,Ambient IN.  Duration 0:00:02
18:09:08,8:49:42,Ambient OUT at 8:49:42
18:09:00,8:49:34,Ambient IN.  Duration 0:00:02
18:08:58,8:49:32,Ambient OUT at 8:49:32
18:08:54,8:49:28,Ambient IN.  Duration 0:00:02
18:08:52,8:49:26,Ambient OUT at 8:49:26
18:08:49,8:49:23,Ambient IN.  Duration 0:00:31
18:08:18,8:48:52,Ambient OUT at 8:48:52
18:08:10,8:48:44,Ambient IN.  Duration 0:00:03
18:08:07,8:48:41,Ambient OUT at 8:48:41
18:07:42,8:48:16,Ambient IN.  Duration 0:00:03
18:07:39,8:48:13,Ambient OUT at 8:48:13
18:07:37,8:48:11,Ambient IN.  Duration 0:00:01
18:07:36,8:48:10,Ambient OUT at 8:48:10
18:07:34,8:48:08,Ambient IN.  Duration 0:00:02
18:07:32,8:48:06,Ambient OUT at 8:48:06
18:07:30,8:48:04,Ambient IN.  Duration 0:00:02
18:07:28,8:48:02,Ambient OUT at 8:48:02
18:07:25,8:47:59,Ambient IN.  Duration 0:00:39
18:06:46,8:47:20,Ambient OUT at 8:47:20
18:06:38,8:47:12,Ambient IN.  Duration 0:00:02
18:06:36,8:47:10,Ambient OUT at 8:47:10
18:06:34,8:47:08,Ambient IN.  Duration 0:00:02
18:06:32,8:47:06,Ambient OUT at 8:47:06
18:06:01,8:46:35,Ambient IN.  Duration 0:00:17
18:05:44,8:46:18,Ambient OUT at 8:46:18
18:05:42,8:46:16,Ambient IN.  Duration 0:00:44
18:04:58,8:45:32,Ambient OUT at 8:45:32
18:04:54,8:45:28,Ambient IN.  Duration 0:00:03
18:04:51,8:45:25,Ambient OUT at 8:45:25
18:04:46,8:45:20,Ambient IN.  Duration 0:04:21
18:00:25,8:40:59,Ambient OUT at 8:40:59
18:00:22,8:40:56,Ambient IN.  Duration 0:00:44
17:59:38,8:40:12,Ambient OUT at 8:40:12
17:16:03,7:56:37,Ambient IN.  Duration 0:00:01
17:16:02,7:56:36,Ambient OUT at 7:56:36
17:15:06,7:55:40,Ambient IN.  Duration 0:00:02
17:15:04,7:55:38,Ambient OUT at 7:55:38
17:14:48,7:55:22,Ambient IN.  Duration 0:00:07
17:14:41,7:55:15,Ambient OUT at 7:55:15
17:14:34,7:55:08,Ambient IN.  Duration 0:00:02
11:00:52,0:00:00,Starting VAW Calibration Procedure 5.3, saving to Results
11:00:52,0:00:00,Original Voltage Setpoint 115.0
11:00:52,0:00:00,Starting with type 50 - 115V 60Hz range
11:00:52,0:00:00,Get 120 Cal Limits Error: Unable to run query
11:00:52,0:00:00,Get 220 Cal Limits Error: Unable to run query
11:00:59,0:00:00,Start Range changed to 1
11:00:59,0:00:00,---------- Changing voltage to 115V 60Hz
11:01:08,0:00:09,Setting up rtsdb1 for table VAW_RangeValues key InsertOnly Range 1
11:01:51,0:00:52,Raw Watt average 0 Number of readings 53
11:01:51,0:00:52,Watts Offset Deviation=0
11:01:51,0:00:52,Wattage zero1 set to 0
11:01:51,0:00:52,Amperage zero1 set to 0.0001
11:03:39,0:02:40,RBar = 0.0394 R_Bar UCL = 0.129 Sigma = 0.034929
11:03:39,0:02:40,Raw Watt average 199.62323 Number of readings 43, Yok 199.3254
11:03:39,0:02:40,Avg Watts:199.2195, Act Watt:199.3254,  Volt:115 Freq:60
11:03:39,0:02:40,Wattage 120 V Mid Range gain set to 0.9985
11:03:39,0:02:40,Voltage range 1 gain set to 0.9986
11:03:39,0:02:40,Amperage range 1 gain set to 1.0006
11:03:39,0:02:40,Skipping historical gain check for Range 1
11:03:39,0:02:40,Saving Report info for range 1, 120 V Mid Range
11:03:39,0:02:40,Sum of squares is 0.024, Watts var 0.0349 Yok Uncert 0.15
11:03:39,0:02:40,Watts Uncertainty is 0.310
11:03:39,0:02:40,No Database Write yet, continue to Whr calibration
11:05:45,0:04:46,RBar = 0 R_Bar UCL = 0 Sigma = 0
11:05:45,0:04:46,Saving Report info for range 11, 120 V Low Range
11:05:45,0:04:46,Raw Low Watt average 10.239 Number of readings 155
11:08:26,0:07:27,RBar = 0 R_Bar UCL = 0 Sigma = 0
11:08:26,0:07:27,Saving Report info for range 21, 120 V High Range
11:08:26,0:07:27,Raw High Watt average 503.242 Number of readings 156
11:08:47,0:07:48,120 V Mid Range Watt-hrs 0.02747 27.4200 %Error:0.18
11:08:47,0:07:48,Changing ranges (1->2)
11:08:47,0:07:48,Database values written for Range 1
11:08:48,0:07:49,---------- Changing voltage to 230V 60Hz
11:08:48,0:07:49,Value:2 Type:50 Range:52 SetRange: 51 CurRange:2
11:09:15,0:08:16,Setting up rtsdb1 for table VAW_RangeValues key InsertOnly Range 2
11:09:58,0:08:59,Raw Watt average 0 Number of readings 54
11:09:58,0:08:59,Watts Offset Deviation=0
11:09:58,0:08:59,Wattage zero2 set to 0
11:09:58,0:08:59,Amperage zero2 set to 0.0002
11:11:46,0:10:47,RBar = 0.0351 R_Bar UCL = 0.115 Sigma = 0.031117
11:11:46,0:10:47,Raw Watt average 199.57695 Number of readings 44, Yok 199.3609
11:11:46,0:10:47,Avg Watts:199.3657, Act Watt:199.3609,  Volt:230 Freq:60
11:11:46,0:10:47,Wattage 220 V Mid Range gain set to 0.9989
11:11:46,0:10:47,Voltage range 2 gain set to 0.9949
11:11:46,0:10:47,Amperage range 2 gain set to 0.9999
11:11:46,0:10:47,Skipping historical gain check for Range 2
11:11:46,0:10:47,Saving Report info for range 2, 220 V Mid Range
11:11:46,0:10:47,Sum of squares is 0.023, Watts var 0.0311 Yok Uncert 0.15
11:11:46,0:10:47,Watts Uncertainty is 0.303
11:11:46,0:10:47,No Database Write yet, continue to Whr calibration
11:13:52,0:12:53,RBar = 0 R_Bar UCL = 0 Sigma = 0
11:13:52,0:12:53,Saving Report info for range 12, 220 V Low Range
11:13:52,0:12:53,Raw Low Watt average 10.256 Number of readings 156
11:16:33,0:15:34,RBar = 0 R_Bar UCL = 0 Sigma = 0
11:16:33,0:15:34,Saving Report info for range 22, 220 V High Range
11:16:33,0:15:34,Raw High Watt average 505.415 Number of readings 158
11:16:54,0:15:55,220 V Mid Range Watt-hrs 0.02767 27.6300 %Error:0.14
11:16:54,0:15:55,Database values written for Range 1, Test Number: 7821
11:16:54,0:15:55,Database rtsdb1 Table Results key 7821
11:16:55,0:15:56,Test ended Proc VAWCAL at line 2177
