12:36:59,0:00:00,Using Yok 3000 for calibration
12:36:59,0:00:00,Lab = 11
07:25:38,0:32:23,Test ended Proc CALCURLEAK at line 292
07:25:38,0:32:23,CalCurLeak finished TN:7796
07:25:22,0:32:07,XY X24:8.87608 Y24:28.00762
07:24:32,0:31:17,XY X23:8.17642 Y23:25.12940
07:23:32,0:30:17,XY X22:6.93164 Y22:20.07838
07:22:33,0:29:18,XY X21:5.66818 Y21:14.99453
07:21:32,0:28:17,XY X20:4.40882 Y20:9.94529
07:20:42,0:27:27,XY X19:3.91208 Y19:7.95585
07:19:54,0:26:39,XY X18:3.40945 Y18:5.94341
07:14:42,0:21:27,XY X17:3.12658 Y17:4.83021
07:13:42,0:20:27,XY X16:2.95300 Y16:4.13457
07:12:52,0:19:37,XY X15:2.85291 Y15:3.73154
07:11:42,0:18:27,XY X14:2.55127 Y14:2.51737
07:10:32,0:17:17,XY X13:2.24100 Y13:1.25861
07:09:42,0:16:27,XY X12:2.17918 Y12:1.00293
07:08:53,0:15:38,XY X11:2.12973 Y11:0.79335
07:06:32,0:13:17,XY X10:2.09792 Y10:0.67300
07:05:43,0:12:28,XY X9:2.08073 Y9:0.60100
07:04:43,0:11:28,XY X8:2.05800 Y8:0.50133
07:03:42,0:10:27,XY X7:2.03627 Y7:0.40136
07:02:42,0:09:27,XY X6:2.01833 Y6:0.29935
07:01:52,0:08:37,XY X5:2.01145 Y5:0.25130
07:01:02,0:07:47,XY X4:2.00600 Y4:0.20119
07:00:12,0:06:57,XY X3:2.00100 Y3:0.14953
06:59:24,0:06:09,XY X2:1.99791 Y2:0.10141
06:55:34,0:02:19,XY X1:1.99500 Y1:0
06:53:11,0:00:00,CalCurLeak v1.1
11:24:15,0:24:29,Test ended Proc CALTCAUTO at line 655
11:24:15,0:24:29,TC Calibration finished TN: 7770
11:24:15,0:24:29,Unable to open tcCalibration
11:24:14,0:24:28,Writing tcCalibration
11:24:14,0:24:28,Writing LabResults
11:24:14,0:24:28,110°F After Cal TC29Avg = 110.415
11:24:14,0:24:28,AutoCal - Standby
11:23:44,0:23:58,Averages cleared for 110°F After Cal Step 12
11:23:24,0:23:38,Auto Cal - Temp setpoint changed to 110
11:23:24,0:23:38,Averages cleared for 110°F After Cal Step 11
11:23:23,0:23:37,-4°F After Cal TC29Avg = -3.358
11:23:23,0:23:37,Saving Values for -4 -4°F After Cal Start:29 Stop:30
11:23:23,0:23:37,AutoCal - Standby
11:22:53,0:23:07,Averages cleared for -4°F After Cal Step 12
11:22:33,0:22:47,Auto Cal - Temp setpoint changed to -4
11:22:33,0:22:47,Averages cleared for -4°F After Cal Step 11
11:22:32,0:22:46,TC30 New Gain: 1.000400 Old Gain 0.9976
11:22:32,0:22:46,TC29 New Gain: 1.002600 Old Gain 1.0000
11:22:32,0:22:46,90°F After Cal TC29Avg = 90.280
11:22:32,0:22:46,Saving Values for 90 90°F After Cal Start:29 Stop:30
11:22:32,0:22:46,AutoCal - Standby
11:22:02,0:22:16,Averages cleared for 90°F After Cal Step 12
11:21:42,0:21:56,Auto Cal - Temp setpoint changed to 90
11:21:42,0:21:56,Averages cleared for 90°F After Cal Step 11
11:21:41,0:21:55,PTC30 Zero Avg: 32.57 Calc Avg: 31.92 New Zero: -0.314800 Old Zero: 0.3040
11:21:41,0:21:55,PTC29 Zero Avg: 32.51 Calc Avg: 32.00 New Zero: -0.510000 Old Zero: 0
11:21:41,0:21:55,32°F As Recvd TC29Avg = 32.510
11:21:41,0:21:55,Saving Values for 32 32°F As Recvd Start:29 Stop:30
11:21:41,0:21:55,AutoCal - Standby
11:21:11,0:21:25,Averages cleared for 32°F As Recvd Step 12
11:20:51,0:21:05,Auto Cal - Temp setpoint changed to 32
11:20:51,0:21:05,Averages cleared for 32°F As Recvd Step 11
11:20:50,0:21:04,90°F As Recvd TC29Avg = 90.280
11:20:50,0:21:04,Saving Values for 90 90°F As Recvd Start:29 Stop:30
11:20:50,0:21:04,AutoCal - Standby
11:20:20,0:20:34,Averages cleared for 90°F As Recvd Step 12
11:20:00,0:20:14,Auto Cal - Temp setpoint changed to 90
11:20:00,0:20:14,Averages cleared for 90°F As Recvd Step 11
11:12:08,0:12:22,110°F After Cal TC21Avg = 110.276
11:12:08,0:12:22,AutoCal - Standby
11:11:38,0:11:52,Averages cleared for 110°F After Cal Step 12
11:11:18,0:11:32,Auto Cal - Temp setpoint changed to 110
11:11:18,0:11:32,Averages cleared for 110°F After Cal Step 11
11:11:17,0:11:31,-4°F After Cal TC21Avg = -3.685
11:11:17,0:11:31,Saving Values for -4 -4°F After Cal Start:21 Stop:28
11:11:17,0:11:31,AutoCal - Standby
11:10:47,0:11:01,Averages cleared for -4°F After Cal Step 12
11:10:27,0:10:41,Auto Cal - Temp setpoint changed to -4
11:10:27,0:10:41,Averages cleared for -4°F After Cal Step 11
11:10:26,0:10:40,90°F After Cal TC21Avg = 90.274
11:10:26,0:10:40,Saving Values for 90 90°F After Cal Start:21 Stop:28
11:10:26,0:10:40,AutoCal - Standby
11:09:56,0:10:10,Averages cleared for 90°F After Cal Step 12
11:09:36,0:09:50,Resent Setpoint:P90.00 L90 2
11:09:25,0:09:39,Standby:P90.00 L90 2 13
11:09:14,0:09:28,Averages cleared for 90°F After Cal Step 12
11:08:54,0:09:08,Auto Cal - Temp setpoint changed to 90
11:08:54,0:09:08,Averages cleared for 90°F After Cal Step 11
11:08:54,0:09:08,PTC28 Zero Avg: 32.28 Calc Avg: 32.00 New Zero: -0.158000 Old Zero: 0.1230
11:08:54,0:09:08,PTC27 Zero Avg: 32.22 Calc Avg: 32.00 New Zero: -0.218000 Old Zero: 0
11:08:54,0:09:08,PTC26 Zero Avg: 32.37 Calc Avg: 32.00 New Zero: -0.232000 Old Zero: 0.1350
11:08:54,0:09:08,PTC25 Zero Avg: 32.31 Calc Avg: 32.00 New Zero: -0.161000 Old Zero: 0.1490
11:08:54,0:09:08,PTC24 Zero Avg: 32.30 Calc Avg: 32.00 New Zero: -0.191000 Old Zero: 0.1130
11:08:54,0:09:08,PTC23 Zero Avg: 32.25 Calc Avg: 32.00 New Zero: -0.252000 Old Zero: 0
11:08:54,0:09:08,PTC22 Zero Avg: 32.30 Calc Avg: 32.00 New Zero: -0.297000 Old Zero: 0
11:08:54,0:09:08,PTC21 Zero Avg: 32.26 Calc Avg: 32.00 New Zero: -0.257000 Old Zero: 0
11:08:54,0:09:08,32°F As Recvd TC21Avg = 32.257
11:08:54,0:09:08,Saving Values for 32 32°F As Recvd Start:21 Stop:28
11:08:54,0:09:08,AutoCal - Standby
11:08:24,0:08:38,Averages cleared for 32°F As Recvd Step 12
11:08:04,0:08:18,Auto Cal - Temp setpoint changed to 32
11:08:04,0:08:18,Averages cleared for 32°F As Recvd Step 11
11:08:03,0:08:17,90°F As Recvd TC21Avg = 90.209
11:08:03,0:08:17,Saving Values for 90 90°F As Recvd Start:21 Stop:28
11:08:03,0:08:17,AutoCal - Standby
11:07:33,0:07:47,Averages cleared for 90°F As Recvd Step 12
11:07:13,0:07:27,Auto Cal - Temp setpoint changed to 90
11:07:13,0:07:27,Averages cleared for 90°F As Recvd Step 11
11:06:40,0:06:54,110°F After Cal TC1Avg = 110.701
11:06:40,0:06:54,AutoCal - Standby
11:06:10,0:06:24,Averages cleared for 110°F After Cal Step 12
11:05:50,0:06:04,Auto Cal - Temp setpoint changed to 110
11:05:50,0:06:04,Averages cleared for 110°F After Cal Step 11
11:05:49,0:06:03,-4°F After Cal TC1Avg = -3.168
11:05:49,0:06:03,Saving Values for -4 -4°F After Cal Start:1 Stop:20
11:05:49,0:06:03,AutoCal - Standby
11:05:19,0:05:33,Averages cleared for -4°F After Cal Step 12
11:04:59,0:05:13,Resent Setpoint:P90.00 L-4 2
11:04:48,0:05:02,Standby:P90.00 L-4 2 13
11:04:37,0:04:51,Averages cleared for -4°F After Cal Step 12
11:04:17,0:04:31,Auto Cal - Temp setpoint changed to -4
11:04:17,0:04:31,Averages cleared for -4°F After Cal Step 11
11:04:16,0:04:30,90°F After Cal TC1Avg = 90.709
11:04:16,0:04:30,Saving Values for 90 90°F After Cal Start:1 Stop:20
11:04:16,0:04:30,AutoCal - Standby
11:03:46,0:04:00,Averages cleared for 90°F After Cal Step 12
11:03:26,0:03:40,Auto Cal - Temp setpoint changed to 90
11:03:26,0:03:40,Averages cleared for 90°F After Cal Step 11
11:03:25,0:03:39,PTC20 Zero Avg: 32.26 Calc Avg: 32.00 New Zero: -0.554000 Old Zero: -0.2970
11:03:25,0:03:39,PTC19 Zero Avg: 32.32 Calc Avg: 32.00 New Zero: -0.671000 Old Zero: -0.3540
11:03:25,0:03:39,PTC18 Zero Avg: 32.34 Calc Avg: 32.00 New Zero: -0.699000 Old Zero: -0.3630
11:03:25,0:03:39,PTC17 Zero Avg: 32.38 Calc Avg: 32.00 New Zero: -0.756000 Old Zero: -0.3810
11:03:25,0:03:39,PTC16 Zero Avg: 32.40 Calc Avg: 32.00 New Zero: -0.771000 Old Zero: -0.3720
11:03:25,0:03:39,PTC15 Zero Avg: 32.31 Calc Avg: 32.00 New Zero: -0.664000 Old Zero: -0.3550
11:03:25,0:03:39,PTC14 Zero Avg: 32.33 Calc Avg: 32.00 New Zero: -0.721000 Old Zero: -0.3870
11:03:25,0:03:39,PTC13 Zero Avg: 32.36 Calc Avg: 32.00 New Zero: -0.764000 Old Zero: -0.4060
11:03:25,0:03:39,PTC12 Zero Avg: 32.37 Calc Avg: 32.00 New Zero: -0.799000 Old Zero: -0.4220
11:03:25,0:03:39,PTC11 Zero Avg: 32.41 Calc Avg: 32.00 New Zero: -0.798000 Old Zero: -0.3910
11:03:25,0:03:39,PTC10 Zero Avg: 32.21 Calc Avg: 32.00 New Zero: -0.553000 Old Zero: -0.3350
11:03:25,0:03:39,PTC9 Zero Avg: 32.24 Calc Avg: 32.00 New Zero: -0.609000 Old Zero: -0.3660
11:03:25,0:03:39,PTC8 Zero Avg: 32.33 Calc Avg: 32.00 New Zero: -0.750000 Old Zero: -0.4270
11:03:25,0:03:39,PTC7 Zero Avg: 32.34 Calc Avg: 32.00 New Zero: -0.796000 Old Zero: -0.4550
11:03:25,0:03:39,PTC6 Zero Avg: 32.31 Calc Avg: 32.00 New Zero: -0.781000 Old Zero: -0.4770
11:03:25,0:03:39,PTC5 Zero Avg: 32.25 Calc Avg: 32.00 New Zero: -0.631000 Old Zero: -0.3830
11:03:25,0:03:39,PTC4 Zero Avg: 32.31 Calc Avg: 32.00 New Zero: -0.794000 Old Zero: -0.4850
11:03:25,0:03:39,PTC3 Zero Avg: 32.32 Calc Avg: 32.00 New Zero: -0.753000 Old Zero: -0.4350
11:03:25,0:03:39,PTC2 Zero Avg: 32.32 Calc Avg: 32.00 New Zero: -0.793000 Old Zero: -0.4720
11:03:25,0:03:39,PTC1 Zero Avg: 32.36 Calc Avg: 32.00 New Zero: -0.789000 Old Zero: -0.4290
11:03:25,0:03:39,32°F As Recvd TC1Avg = 32.789
11:03:25,0:03:39,Saving Values for 32 32°F As Recvd Start:1 Stop:20
11:03:25,0:03:39,AutoCal - Standby
11:02:55,0:03:09,Averages cleared for 32°F As Recvd Step 12
11:02:35,0:02:49,Resent Setpoint:P90.00 L32 2
11:02:24,0:02:38,Standby:P90.00 L32 2 13
11:02:13,0:02:27,Averages cleared for 32°F As Recvd Step 12
11:01:53,0:02:07,Auto Cal - Temp setpoint changed to 32
11:01:53,0:02:07,Averages cleared for 32°F As Recvd Step 11
11:01:52,0:02:06,90°F As Recvd TC1Avg = 90.743
11:01:52,0:02:06,Saving Values for 90 90°F As Recvd Start:1 Stop:20
11:01:52,0:02:06,AutoCal - Standby
11:01:22,0:01:36,Averages cleared for 90°F As Recvd Step 12
11:01:02,0:01:16,Auto Cal - Temp setpoint changed to 90
11:01:02,0:01:16,Averages cleared for 90°F As Recvd Step 11
10:59:46,0:00:00,CALTC Auto Version 3.6
10:59:46,0:00:00,Point Numbers30
08:19:39,0:01:44,Test ended Proc CALPRES at line 316
08:19:39,0:01:44,Pressure Calibration finished TN:7756
08:19:39,0:01:44,Database rtsdb1 Table FlexResults key InsertOnly Keyfield 7756
08:19:38,0:01:43,Writing Results
08:19:38,0:01:43,Writing Results
08:19:38,0:01:43,Number of readings 16
08:19:38,0:01:43,HPsi Gain changed to 1.000200
08:19:38,0:01:43,LPsi Gain changed to 1.000200
08:19:38,0:01:43,Raw Gain LPSI 4.99900 HPSI 4.99900 Number of readings 16
08:18:36,0:00:41,Raw Zero LPSI 0.000000 HPSI 0.000000
08:18:36,0:00:41,Raw Zero LPSI 0 HPSI 0 Number of readings 17
08:17:55,0:00:00,CALPRES Version 2.0
08:17:55,0:00:00,Inject signal on pin 4 to 3
08:17:55,0:00:00,24V source measured from pin 2 to 1
08:17:55,0:00:00,-10.0000 -18.9966
08:17:55,0:00:00,Point Pressure loaded
07:36:41,0:56:29,Test killed Operator aborted test
06:40:11,0:00:00,Starting Aham Energy Test v16.7
06:40:11,0:00:00,Previous TestNum recorded 7722
06:40:11,22:23:49,Previous TestNum recorded 7722
06:40:11,22:23:49,LastTest = rlattner\16P00347-7722-01-06
06:40:11,22:23:49,Save as rlattner\16P00347-7745-01-06
06:40:11,22:23:49,Test Number 7745
06:40:11,22:23:49,PerformanceFlex V2.4
06:40:11,22:23:49,Database rtsdb1 Table FlexResults key InsertOnly Keyfield 7722
06:40:11,22:23:49,Database TestReqNum = 220
06:40:11,22:23:49,TestDate is 08/23/16 Database rtsdb1 Table Results key 7722
06:40:11,22:23:49,ADC CT = 40.0000
06:40:11,22:23:49,2014 Cycling DefFlag:1 DefEnd:77694 TotCyc:4
06:40:11,22:23:49,ProcDefEnd 3
06:40:11,22:23:49,Defrost recovery completed
06:40:11,22:23:49,Recorded cycle B after recovery. Fresh Food diff:0.01 Frz diff:0.15 3
06:40:11,22:23:49,Stable Detail: End 21:34:54 CabAvg:37.43 FrzAvg:0.49 TPCab: 37.4362 TPFrz:0.6425
05:51:23,21:35:01,Product cycled after defrost and recovered. Fresh Food diff:0.01 Frz diff:0.29 2
05:51:23,21:35:01,Stable Detail: End 20:45:22 CabAvg:37.43 FrzAvg:0.93 TPCab: 37.4362 TPFrz:0.6425
05:01:51,20:45:29,Typical cycles started 1
05:01:51,20:45:29,Product cycled after defrost but not recovered. Fresh Food diff:0.03 Frz diff:1.58 1
05:01:51,20:45:29,Stable Detail: End 19:55:18 CabAvg:37.41 FrzAvg:2.22 TPCab: 37.4362 TPFrz:0.6425
03:00:04,18:43:42,Waiting for Defrost Recovery to end test 0
03:00:04,18:43:42,Temp Period Start 14:49:27 End 18:05:42 ContRun: 0
03:00:04,18:43:42,TPDatabase called Cab Avg 37.4362 37.4362 -999 Frz Avg 0.6425 0.6425 -999
03:00:04,18:43:42,ProcTempPeriod ACL:14:49:27,ACR:18:05:42,14:49:27,ACR:18:05:42
03:00:04,18:43:42,2014 Stability recorded for cycle before defrost from 17:16:54 to 18:05:42. Cab Avg 37.43 FrzAvg 0.65 0
03:00:04,18:43:42,Proc14Stable DS:18:05:42 CL:17:16:54 CR:18:05:42 LS:2
03:00:04,18:43:42,Temp Period Start 14:49:27 is good
03:00:04,18:43:42,In Defrost State:4 PrevDefStart:0:00:00 PrevDefEnd:0:00:00
21:05:29,12:49:07,Aham Energy Test in progress, stability achieved 2 1 0
21:05:29,12:49:07,Stable value = 0.147 Period = 6:31:43
21:05:29,12:49:07,Stable Deg/Hr: 0.007659
21:05:29,12:49:07,Cab End:37.424 Cab Beg:37.470 Stable Temp: 0.05 Period: 6.52861
21:05:29,12:49:07,first period 2:36:13,5:03:20
21:05:29,12:49:07,second period 9:07:56,11:34:12
21:05:29,12:49:07,Cab Avg Period 1:0.57 Period 2:37.42 TPS:12:23:09 STABEND:11:34:12
21:05:29,12:49:07,AHAM type A stability achieved with 0.023 temp/hr and 0.042 limit and 6:31:43 period
13:19:48,5:03:26,Changing Temp Start from 0:59:26 to 0:59:32 1:14:07
12:56:51,4:40:29,Changing Temp Start from 0:59:26 to 0:59:32 1:14:07
08:16:22,0:00:00,Starting Aham Energy Test v16.7
08:16:22,0:00:00,Aham Standard is 2014
08:16:22,0:00:00,Starting Aham Test v16.7 Voltage S.P. 115 08/23/16 08:16:22
08:16:22,0:00:00,RTS ver 3.924 Supports Ambient limit 90 +- 1.0
08:16:22,0:00:00,LastTest still NA 0
08:16:22,0:00:00,Save as rlattner\16P00347-7722-01-06
08:16:22,0:00:00,Test Number 7722
08:16:22,0:00:00,Product 16P00347 location 'RM 01-06'.  Result: No change
08:16:22,0:00:00,Waiting on inventory move procedure: result code:0, message:
08:16:19,18:49:37,Test killed Operator aborted test
05:57:25,16:30:44,Aham Energy Test in progress, stability achieved 2 1 0
05:57:25,16:30:44,Stable value = 0.226 Period = 6:32:59
05:57:25,16:30:44,Stable Deg/Hr: 0.004580
05:57:25,16:30:44,Cab End:37.421 Cab Beg:37.390 Stable Temp: 0.03 Period: 6.54972
05:57:25,16:30:44,first period 6:15:40,8:43:25
05:57:25,16:30:44,second period 12:48:39,15:15:26
05:57:25,16:30:44,Cab Avg Period 1:0.83 Period 2:37.42 TPS:16:04:11 STABEND:15:15:26
05:57:25,16:30:44,AHAM type A stability achieved with 0.035 temp/hr and 0.042 limit and 6:32:59 period
21:21:01,7:54:20,Changing Temp Start from 3:48:44 to 3:48:51 4:04:53
20:57:44,7:31:03,Changing Temp Start from 3:48:44 to 3:48:51 4:04:53
16:51:15,3:24:34,Product cycled, no more markers ActCyc:1
16:26:42,3:00:01,Continuous run, adding markers, temp period started DefFlg:0 ActCyc:0 TotCyc:0
13:26:41,0:00:00,Starting Aham Energy Test v16.7
13:26:41,0:00:01,Aham Standard is 2014
13:26:41,0:00:01,Starting Aham Test v16.7 Voltage S.P. 115 08/22/16 13:26:41
13:26:41,0:00:01,RTS ver 3.924 Supports Ambient limit 90 +- 1.0
13:26:41,0:00:01,LastTest still NA 0
13:26:41,0:00:01,Save as rlattner\16P00347-7701-01-06
13:26:41,0:00:01,Test Number 7701
13:26:40,0:00:00,Product 16P00347 location 'RM 01-06'.  Result: No change
13:26:40,0:00:00,Waiting on inventory move procedure: result code:0, message:
10:23:07,37:09:16,Test killed Operator aborted test
09:48:21,12:34:30,Aham Energy Test in progress, stability achieved 2 1 0
09:48:21,12:34:30,Stable value = 0.094 Period = 6:56:44
09:48:21,12:34:30,Stable Deg/Hr: 0.007199
09:48:21,12:34:30,Cab End:43.807 Cab Beg:43.756 Stable Temp: 0.05 Period: 6.94556
09:48:21,12:34:30,first period 1:59:00,4:57:10
09:48:21,12:34:30,second period 8:55:44,10:55:45
09:48:21,12:34:30,Cab Avg Period 1:6.36 Period 2:43.81 TPS:11:55:22 STABEND:10:55:45
09:48:21,12:34:30,AHAM type A stability achieved with 0.014 temp/hr and 0.042 limit and 6:56:44 period
04:09:46,6:55:55,Changing Temp Start from 1:59:00 to 1:59:07 2:56:34
03:49:02,6:35:11,Changing Temp Start from 1:59:00 to 1:59:07 2:56:34
21:13:51,0:00:00,Starting Aham Energy Test v16.7
21:13:51,0:00:00,Previous TestNum recorded 7587
21:13:51,35:54:20,Previous TestNum recorded 7587
21:13:51,35:54:20,LastTest = rlattner\16P00366-7587-01-06
21:13:51,35:54:20,Save as rlattner\16P00366-7641-01-06
21:13:51,35:54:20,Test Number 7641
21:13:50,35:54:19,PerformanceFlex V2.4
21:13:50,35:54:19,Database rtsdb1 Table FlexResults key InsertOnly Keyfield 7587
21:13:50,35:54:19,Database TestReqNum = 214
21:13:50,35:54:19,TestDate is 08/19/16 Database rtsdb1 Table Results key 7587
21:13:50,35:54:19,ADC CT = 40.0000
21:13:50,35:54:19,2014 Cycling DefFlag:1 DefEnd:125700 TotCyc:5
21:13:50,35:54:19,ProcDefEnd 4
21:13:50,35:54:19,Defrost recovery completed
21:13:50,35:54:19,Recorded cycle B after recovery. Fresh Food diff:0.03 Frz diff:0.16 4
21:13:50,35:54:19,Stable Detail: End 34:55:00 CabAvg:43.71 FrzAvg:6.35 TPCab: 43.6753 TPFrz:6.1904
20:14:38,34:55:07,Product cycled after defrost and recovered. Fresh Food diff:0 Frz diff:0.34 3
20:14:38,34:55:07,Stable Detail: End 33:55:26 CabAvg:43.68 FrzAvg:6.53 TPCab: 43.6753 TPFrz:6.1904
19:15:04,33:55:33,Product cycled after defrost but not recovered. Fresh Food diff:0.12 Frz diff:0.92 2
19:15:04,33:55:33,Stable Detail: End 32:56:42 CabAvg:43.56 FrzAvg:7.11 TPCab: 43.6753 TPFrz:6.1904
18:16:19,32:56:48,Typical cycles started 1
18:16:19,32:56:48,Product cycled after defrost but not recovered. Fresh Food diff:0.33 Frz diff:3.52 1
18:16:19,32:56:48,Stable Detail: End 31:58:21 CabAvg:43.35 FrzAvg:9.71 TPCab: 43.6753 TPFrz:6.1904
16:22:54,31:03:23,Waiting for Defrost Recovery to end test 0
16:22:54,31:03:23,Temp Period Start 26:09:40 End 30:08:20 ContRun: 0
16:22:54,31:03:23,TPDatabase called Cab Avg 43.6753 43.6753 -999 Frz Avg 6.1904 6.1904 -999
16:22:54,31:03:23,ProcTempPeriod ACL:26:09:40,ACR:30:08:20,26:09:40,ACR:30:08:20
16:22:54,31:03:23,2014 Stability recorded for cycle before defrost from 29:09:00 to 30:08:20. Cab Avg 43.68 FrzAvg 6.20 0
16:22:54,31:03:23,Proc14Stable DS:30:08:20 CL:29:09:00 CR:30:08:20 LS:2
16:22:54,31:03:23,Temp Period Start 26:09:40 is good
16:22:54,31:03:23,In Defrost State:4 PrevDefStart:0:00:00 PrevDefEnd:0:00:00
03:11:00,17:51:29,Aham Energy Test in progress, stability achieved 2 1 0
03:11:00,17:51:29,Stable value = 0.248 Period = 6:57:30
03:11:00,17:51:29,Stable Deg/Hr: 0.005749
03:11:00,17:51:29,Cab End:43.746 Cab Beg:43.702 Stable Temp: 0.04 Period: 6.95833
03:11:00,17:51:29,first period 6:16:50,9:15:48
03:11:00,17:51:29,second period 13:14:20,16:12:53
03:11:00,17:51:29,Cab Avg Period 1:6.25 Period 2:43.75 TPS:17:12:52 STABEND:16:12:53
03:11:00,17:51:29,AHAM type A stability achieved with 0.036 temp/hr and 0.042 limit and 6:57:30 period
14:36:27,5:16:56,Changing Temp Start from 1:14:45 to 1:14:51 1:15:32
14:14:42,4:55:11,Changing Temp Start from 1:14:45 to 1:14:51 1:15:32
09:19:31,0:00:00,Starting Aham Energy Test v16.7
09:19:31,0:00:01,Aham Standard is 2014
09:19:31,0:00:01,Starting Aham Test v16.7 Voltage S.P. 115 08/19/16 09:19:31
09:19:31,0:00:01,RTS ver 3.924 Supports Ambient limit 90 +- 1.0
09:19:31,0:00:01,LastTest still NA 0
09:19:31,0:00:01,Save as rlattner\16P00366-7587-01-06
09:19:31,0:00:01,Test Number 7587
09:19:31,0:00:01,Product 16P00366 location 'RM 01-06'.  Result: No change
09:19:30,0:00:00,Waiting on inventory move procedure: result code:0, message:
09:19:15,1:30:36,Test killed Operator aborted test
07:48:39,0:00:00,Starting Aham Energy Test v16.7
07:48:39,0:00:01,Aham Standard is 2014
07:48:39,0:00:01,Starting Aham Test v16.7 Voltage S.P. 115 08/19/16 07:48:39
07:48:39,0:00:01,RTS ver 3.924 Supports Ambient limit 90 +- 1.0
07:48:39,0:00:01,LastTest still NA 0
07:48:39,0:00:01,Save as rlattner\16P00366-7581-01-06
07:48:39,0:00:01,Test Number 7581
07:48:38,0:00:00,Product 16P00366 location 'RM 01-06'.  Result: No change
07:48:38,0:00:00,Waiting on inventory move procedure: result code:0, message:
07:48:36,0:56:47,Test killed Operator aborted test
07:22:00,0:30:11,Before defrost stability check 1001 1000.0000 0 0.042
07:22:00,0:30:11,Product defrosted - Stable 1001.000 period 0:00:00 0
06:51:50,0:00:00,Starting Aham Energy Test v16.7
06:51:50,0:00:00,Previous TestNum recorded 7496
06:51:50,40:58:56,Previous TestNum recorded 7496
06:51:50,40:58:56,LastTest = rlattner\16P00366-7496-01-06
06:51:50,40:58:56,Save as rlattner\16P00366-7575-01-06
06:51:50,40:58:56,Test Number 7575
06:51:50,40:58:56,PerformanceFlex V2.4
06:51:50,40:58:56,Database rtsdb1 Table FlexResults key InsertOnly Keyfield 7496
06:51:50,40:58:56,Database TestReqNum = 214
06:51:50,40:58:56,TestDate is 08/17/16 Database rtsdb1 Table Results key 7496
06:51:50,40:58:56,ADC CT = 40.0000
06:51:50,40:58:56,2014 Cycling DefFlag:1 DefEnd:143969 TotCyc:4
06:51:49,40:58:56,ProcDefEnd 3
06:51:49,40:58:56,Defrost recovery completed
06:51:49,40:58:56,Recorded cycle B after recovery. Fresh Food diff:0.03 Frz diff:0.13 3
06:51:49,40:58:56,Stable Detail: End 39:59:29 CabAvg:37.80 FrzAvg:-0.50 TPCab: 37.8257 TPFrz:-0.3701
05:52:28,39:59:35,Product cycled after defrost and recovered. Fresh Food diff:0.05 Frz diff:0.20 2
05:52:28,39:59:35,Stable Detail: End 38:58:57 CabAvg:37.78 FrzAvg:-0.17 TPCab: 37.8257 TPFrz:-0.3701
04:51:57,38:59:04,Typical cycles started 1
04:51:57,38:59:04,Product cycled after defrost but not recovered. Fresh Food diff:0.13 Frz diff:1.23 1
04:51:57,38:59:04,Stable Detail: End 37:59:49 CabAvg:37.70 FrzAvg:0.86 TPCab: 37.8257 TPFrz:-0.3701
02:41:09,36:48:16,Waiting for Defrost Recovery to end test 0
02:41:09,36:48:16,Temp Period Start 33:02:38 End 36:04:19 ContRun: 0
02:41:09,36:48:16,TPDatabase called Cab Avg 37.8257 37.8257 -999 Frz Avg -0.3701 -0.3701 -999
02:41:09,36:48:16,ProcTempPeriod ACL:33:02:38,ACR:36:04:19,33:02:38,ACR:36:04:19
02:41:09,36:48:16,2014 Stability recorded for cycle before defrost from 35:03:38 to 36:04:19. Cab Avg 37.83 FrzAvg -0.35 0
02:41:09,36:48:16,Proc14Stable DS:36:04:19 CL:35:03:38 CR:36:04:19 LS:2
02:41:09,36:48:16,Temp Period Start 33:02:38 is good
02:41:09,36:48:16,In Defrost State:4 PrevDefStart:0:00:00 PrevDefEnd:0:00:00
01:29:33,11:36:40,Aham Energy Test in progress, stability achieved 2 1 0
01:29:33,11:36:40,Stable value = 0.088 Period = 6:01:39
01:29:33,11:36:40,Stable Deg/Hr: 0.013273
01:29:33,11:36:40,Cab End:37.918 Cab Beg:37.842 Stable Temp: 0.08 Period: 6.02750
01:29:33,11:36:40,first period 2:00:20,4:01:16
01:29:33,11:36:40,second period 8:01:59,10:02:03
01:29:33,11:36:40,Cab Avg Period 1:-0.29 Period 2:37.92 TPS:11:02:23 STABEND:10:2:3
01:29:33,11:36:40,AHAM type A stability achieved with 0.015 temp/hr and 0.042 limit and 6:01:39 period
20:54:16,7:01:23,Changing Temp Start from 2:00:20 to 2:00:26 3:01:00
20:27:49,6:34:56,Changing Temp Start from 2:00:20 to 2:00:26 3:01:00
19:53:59,6:01:06,Changing Temp Start from 2:00:20 to 2:00:26 2:01:12
19:28:00,5:35:07,Changing Temp Start from 2:00:20 to 2:00:26 2:01:12
13:52:53,0:00:00,Starting Aham Energy Test v16.7
13:52:53,0:00:00,Previous TestNum recorded 7453
13:52:53,23:12:49,Previous TestNum recorded 7453
13:52:53,23:12:49,LastTest = rlattner\16P00366-7453-01-06
13:52:53,23:12:49,Save as rlattner\16P00366-7496-01-06
13:52:53,23:12:49,Test Number 7496
13:52:53,23:12:49,PerformanceFlex V2.4
13:52:53,23:12:49,Database rtsdb1 Table FlexResults key InsertOnly Keyfield 7453
13:52:53,23:12:49,Database TestReqNum = 214
13:52:53,23:12:49,TestDate is 08/16/16 Database rtsdb1 Table Results key 7453
13:52:53,23:12:49,ADC CT = 40.0000
13:52:53,23:12:49,2014 Cycling DefFlag:1 DefEnd:79936 TotCyc:4
13:52:53,23:12:49,ProcDefEnd 3
13:52:53,23:12:49,Defrost recovery completed
13:52:53,23:12:49,Recorded cycle B after recovery. Fresh Food diff:0.03 Frz diff:0.01 3
13:52:53,23:12:49,Stable Detail: End 22:12:16 CabAvg:37.82 FrzAvg:-0.19 TPCab: 37.8515 TPFrz:-0.1814
12:52:26,22:12:22,Product cycled after defrost and recovered. Fresh Food diff:0.10 Frz diff:0.40 2
12:52:26,22:12:22,Stable Detail: End 21:12:02 CabAvg:37.75 FrzAvg:0.22 TPCab: 37.8515 TPFrz:-0.1814
11:52:13,21:12:09,Typical cycles started 1
11:52:13,21:12:09,Product cycled after defrost but not recovered. Fresh Food diff:0.22 Frz diff:1.93 1
11:52:13,21:12:09,Stable Detail: End 20:11:07 CabAvg:37.63 FrzAvg:1.75 TPCab: 37.8515 TPFrz:-0.1814
09:42:31,19:02:27,Waiting for Defrost Recovery to end test 0
09:42:31,19:02:27,Temp Period Start 15:06:29 End 18:11:57 ContRun: 0
09:42:31,19:02:27,TPDatabase called Cab Avg 37.8515 37.8515 -999 Frz Avg -0.1814 -0.1814 -999
09:42:31,19:02:27,ProcTempPeriod ACL:15:06:29,ACR:18:11:57,15:06:29,ACR:18:11:57
09:42:31,19:02:27,2014 Stability recorded for cycle before defrost from 17:10:22 to 18:11:57. Cab Avg 37.84 FrzAvg -0.18 0
09:42:31,19:02:27,Proc14Stable DS:18:11:57 CL:17:10:22 CR:18:11:57 LS:2
09:42:31,19:02:27,Temp Period Start 15:06:29 is good
09:42:31,19:02:27,In Defrost State:4 PrevDefStart:0:00:00 PrevDefEnd:0:00:00
03:15:28,12:35:24,Aham Energy Test in progress, stability achieved 2 1 0
03:15:28,12:35:24,Stable value = 0.184 Period = 6:10:50
03:15:28,12:35:24,Stable Deg/Hr: 0.024270
03:15:28,12:35:24,Cab End:37.786 Cab Beg:37.637 Stable Temp: 0.15 Period: 6.18056
12:36:59,0:00:00,Starting VAW Calibration Procedure 5.3, saving to Results
12:36:59,0:00:00,Original Voltage Setpoint 115.0
12:36:59,0:00:00,Starting with type 50 - 115V 60Hz range
12:37:00,0:00:01,Get 120 Cal Limits Error: Unable to run query
12:37:00,0:00:01,Get 220 Cal Limits Error: Unable to run query
12:37:07,0:00:00,Start Range changed to 1
12:37:07,0:00:00,---------- Changing voltage to 115V 60Hz
12:37:18,0:00:10,Setting up rtsdb1 for table VAW_RangeValues key InsertOnly Range 1
12:38:01,0:00:53,Raw Watt average 0 Number of readings 54
12:38:01,0:00:53,Watts Offset Deviation=0
12:38:01,0:00:53,Wattage zero1 set to 0
12:38:01,0:00:53,Amperage zero1 set to 0.0001
12:39:55,0:02:47,RBar = 0.0333 R_Bar UCL = 0.109 Sigma = 0.029521
12:39:55,0:02:47,Raw Watt average 200.66351 Number of readings 44, Yok 200.0573
12:39:55,0:02:47,Avg Watts:199.9857, Act Watt:200.0573,  Volt:115 Freq:60
12:39:55,0:02:47,Wattage 120 V Mid Range gain set to 0.9970
12:39:55,0:02:47,Voltage range 1 gain set to 0.9982
12:39:55,0:02:47,Amperage range 1 gain set to 0.9995
12:39:55,0:02:47,Skipping historical gain check for Range 1
12:39:55,0:02:47,Saving Report info for range 1, 120 V Mid Range
12:39:55,0:02:47,Sum of squares is 0.023, Watts var 0.0295 Yok Uncert 0.15
12:39:55,0:02:47,Watts Uncertainty is 0.303
12:39:55,0:02:47,No Database Write yet, continue to Whr calibration
12:42:02,0:04:54,RBar = 0 R_Bar UCL = 0 Sigma = 0
12:42:02,0:04:54,Saving Report info for range 11, 120 V Low Range
12:42:02,0:04:54,Raw Low Watt average 10.198 Number of readings 158
12:44:43,0:07:35,RBar = 0 R_Bar UCL = 0 Sigma = 0
12:44:43,0:07:35,Saving Report info for range 21, 120 V High Range
12:44:43,0:07:35,Raw High Watt average 500.148 Number of readings 158
12:45:04,0:07:56,120 V Mid Range Watt-hrs 0.02786 27.5900 %Error:0.98
12:45:04,0:07:56,Changing ranges (1->2)
12:45:04,0:07:56,Database values written for Range 1
12:45:06,0:07:58,---------- Changing voltage to 230V 60Hz
12:45:06,0:07:58,Value:2 Type:50 Range:52 SetRange: 51 CurRange:2
12:45:33,0:08:25,Setting up rtsdb1 for table VAW_RangeValues key InsertOnly Range 2
12:46:09,0:09:01,Raw Watt average 0 Number of readings 44
12:46:09,0:09:01,Watts Offset Deviation=0
12:46:09,0:09:01,Wattage zero2 set to 0
12:46:09,0:09:01,Amperage zero2 set to 0.0002
12:47:51,0:10:43,RBar = 0.0337 R_Bar UCL = 0.110 Sigma = 0.029876
12:47:51,0:10:43,Raw Watt average 200.68027 Number of readings 44, Yok 200.2739
12:47:51,0:10:43,Avg Watts:200.2022, Act Watt:200.2739,  Volt:230 Freq:60
12:47:51,0:10:43,Wattage 220 V Mid Range gain set to 0.9980
12:47:51,0:10:43,Voltage range 2 gain set to 0.9944
12:47:51,0:10:43,Amperage range 2 gain set to 1.0000
12:47:51,0:10:43,Skipping historical gain check for Range 2
12:47:51,0:10:43,Saving Report info for range 2, 220 V Mid Range
12:47:51,0:10:43,Sum of squares is 0.023, Watts var 0.0299 Yok Uncert 0.15
12:47:51,0:10:43,Watts Uncertainty is 0.303
12:47:51,0:10:43,No Database Write yet, continue to Whr calibration
12:49:56,0:12:48,RBar = 0 R_Bar UCL = 0 Sigma = 0
12:49:56,0:12:48,Saving Report info for range 12, 220 V Low Range
12:49:56,0:12:48,Raw Low Watt average 10.258 Number of readings 157
12:52:36,0:15:28,RBar = 0 R_Bar UCL = 0 Sigma = 0
12:52:36,0:15:28,Saving Report info for range 22, 220 V High Range
12:52:36,0:15:28,Raw High Watt average 506.082 Number of readings 157
12:52:57,0:15:49,220 V Mid Range Watt-hrs 0.02765 27.5800 %Error:0.25
12:52:57,0:15:49,Database values written for Range 1, Test Number: 7825
12:52:57,0:15:49,Database rtsdb1 Table Results key 7825
12:52:58,0:15:50,Test ended Proc VAWCAL at line 2177
