10:43:16,0:00:00,Using Yok 3000 for calibration
10:43:16,0:00:00,Lab = 11
15:17:46,0:35:30,Test ended Proc CALCURLEAK at line 292
15:17:46,0:35:30,CalCurLeak finished TN:7779
15:17:41,0:35:25,User stopped test
15:16:01,0:33:45,XY X23:8.64382 Y23:25.19009
15:15:01,0:32:45,XY X22:7.27245 Y22:20.02343
15:14:01,0:31:45,XY X21:5.92555 Y21:14.98424
15:13:01,0:30:45,XY X20:4.60245 Y20:10.05210
15:12:11,0:29:55,XY X19:4.06473 Y19:8.04719
15:11:22,0:29:06,XY X18:3.49827 Y18:5.93760
15:07:41,0:25:25,XY X17:3.19427 Y17:4.82243
15:06:41,0:24:25,XY X16:3.00964 Y16:4.13352
15:05:41,0:23:25,XY X15:2.90100 Y15:3.72823
15:04:31,0:22:15,XY X14:2.57745 Y14:2.51399
15:03:21,0:21:05,XY X13:2.24682 Y13:1.26645
15:02:31,0:20:15,XY X12:2.17764 Y12:1.00199
15:01:44,0:19:28,XY X11:2.12775 Y11:0.81115
14:54:01,0:11:45,XY X10:2.09500 Y10:0.67410
14:53:11,0:10:55,XY X9:2.07727 Y9:0.60206
14:52:01,0:09:45,XY X8:2.05418 Y8:0.50253
14:51:01,0:08:45,XY X7:2.03282 Y7:0.40110
14:50:01,0:07:45,XY X6:2.01491 Y6:0.29942
14:48:11,0:05:55,XY X5:2.00809 Y5:0.25107
14:47:21,0:05:05,XY X4:2.00227 Y4:0.20178
14:46:31,0:04:15,XY X3:1.99764 Y3:0.14937
14:45:39,0:03:23,XY X2:1.99491 Y2:0.10130
14:44:51,0:02:35,XY X1:1.99273 Y1:0.05510
14:42:10,0:00:00,CalCurLeak v1.1
09:44:14,0:20:06,Test ended Proc CALTCAUTO at line 655
09:44:14,0:20:06,TC Calibration finished TN: 7760
09:44:13,0:20:05,Writing tcCalibration
09:44:13,0:20:05,Writing LabResults
09:44:12,0:20:04,110°F After Cal TC29Avg = 110.520
09:44:12,0:20:04,AutoCal - Standby
09:43:42,0:19:34,Averages cleared for 110°F After Cal Step 12
09:43:22,0:19:14,Resent Setpoint:P32.00 L110 2
09:43:11,0:19:03,Standby:P32.00 L110 2 13
09:43:00,0:18:52,Averages cleared for 110°F After Cal Step 12
09:42:40,0:18:32,Auto Cal - Temp setpoint changed to 110
09:42:40,0:18:32,Averages cleared for 110°F After Cal Step 11
09:42:39,0:18:31,-4°F After Cal TC29Avg = -3.330
09:42:39,0:18:31,Saving Values for -4 -4°F After Cal Start:29 Stop:30
09:42:39,0:18:31,AutoCal - Standby
09:42:09,0:18:01,Averages cleared for -4°F After Cal Step 12
09:41:49,0:17:41,Auto Cal - Temp setpoint changed to -4
09:41:49,0:17:41,Averages cleared for -4°F After Cal Step 11
09:41:48,0:17:40,TC29 New Gain: 1.000100 Old Gain 1.0016
09:41:48,0:17:40,90°F After Cal TC29Avg = 90.504
09:41:48,0:17:40,Saving Values for 90 90°F After Cal Start:29 Stop:30
09:41:48,0:17:40,AutoCal - Standby
09:41:18,0:17:10,Averages cleared for 90°F After Cal Step 12
09:40:58,0:16:50,Auto Cal - Temp setpoint changed to 90
09:40:58,0:16:50,Averages cleared for 90°F After Cal Step 11
09:40:02,0:15:54,TC30 out of .3 window 89.52.  Number out:1
09:40:02,0:15:54,TC30 New Gain: 1.002600 Old Gain 0.9972
09:40:02,0:15:54,90°F After Cal TC29Avg = 90.336
09:40:02,0:15:54,Saving Values for 90 90°F After Cal Start:29 Stop:30
09:40:02,0:15:54,AutoCal - Standby
09:39:32,0:15:24,Averages cleared for 90°F After Cal Step 12
09:39:12,0:15:04,Auto Cal - Temp setpoint changed to 90
09:39:12,0:15:04,Averages cleared for 90°F After Cal Step 11
09:39:11,0:15:03,PTC30 Zero Avg: 32.42 Calc Avg: 31.91 New Zero: -0.511400 Old Zero: 0
09:39:11,0:15:03,PTC29 Zero Avg: 32.14 Calc Avg: 32.05 New Zero: -0.509200 Old Zero: -0.4269
09:39:11,0:15:03,32°F As Recvd TC29Avg = 32.510
09:39:11,0:15:03,Saving Values for 32 32°F As Recvd Start:29 Stop:30
09:39:11,0:15:03,AutoCal - Standby
09:38:41,0:14:33,Averages cleared for 32°F As Recvd Step 12
09:38:21,0:14:13,Auto Cal - Temp setpoint changed to 32
09:38:21,0:14:13,Averages cleared for 32°F As Recvd Step 11
09:38:20,0:14:12,90°F As Recvd TC29Avg = 90.364
09:38:20,0:14:12,Saving Values for 90 90°F As Recvd Start:29 Stop:30
09:38:20,0:14:12,AutoCal - Standby
09:37:50,0:13:42,Averages cleared for 90°F As Recvd Step 12
09:37:30,0:13:22,Auto Cal - Temp setpoint changed to 90
09:37:30,0:13:22,Averages cleared for 90°F As Recvd Step 11
09:37:03,0:12:55,110°F After Cal TC21Avg = 110.486
09:37:03,0:12:55,AutoCal - Standby
09:36:33,0:12:25,Averages cleared for 110°F After Cal Step 12
09:36:13,0:12:05,Resent Setpoint:P32.00 L110 2
09:36:02,0:11:54,Standby:P32.00 L110 2 13
09:35:51,0:11:43,Averages cleared for 110°F After Cal Step 12
09:35:31,0:11:23,Auto Cal - Temp setpoint changed to 110
09:35:31,0:11:23,Averages cleared for 110°F After Cal Step 11
09:35:30,0:11:22,-4°F After Cal TC21Avg = -3.461
09:35:30,0:11:22,Saving Values for -4 -4°F After Cal Start:21 Stop:28
09:35:30,0:11:22,AutoCal - Standby
09:35:00,0:10:52,Averages cleared for -4°F After Cal Step 12
09:34:40,0:10:32,Auto Cal - Temp setpoint changed to -4
09:34:40,0:10:32,Averages cleared for -4°F After Cal Step 11
09:34:39,0:10:31,90°F After Cal TC21Avg = 90.491
09:34:39,0:10:31,Saving Values for 90 90°F After Cal Start:21 Stop:28
09:34:39,0:10:31,AutoCal - Standby
09:34:09,0:10:01,Averages cleared for 90°F After Cal Step 12
09:33:49,0:09:41,Resent Setpoint:P32.00 L90 2
09:33:38,0:09:30,Standby:P32.00 L90 2 13
09:33:27,0:09:19,Averages cleared for 90°F After Cal Step 12
09:33:07,0:08:59,Auto Cal - Temp setpoint changed to 90
09:33:07,0:08:59,Averages cleared for 90°F After Cal Step 11
09:33:06,0:08:58,PTC28 Zero Avg: 32.19 Calc Avg: 32.00 New Zero: -0.429000 Old Zero: -0.2440
09:33:06,0:08:58,PTC27 Zero Avg: 32.20 Calc Avg: 32.00 New Zero: -0.509000 Old Zero: -0.3130
09:33:06,0:08:58,PTC26 Zero Avg: 32.19 Calc Avg: 32.00 New Zero: -0.497000 Old Zero: -0.2960
09:33:06,0:08:58,PTC25 Zero Avg: 32.18 Calc Avg: 32.00 New Zero: -0.401000 Old Zero: -0.2160
09:33:06,0:08:58,PTC24 Zero Avg: 32.19 Calc Avg: 32.00 New Zero: -0.454000 Old Zero: -0.2610
09:33:06,0:08:58,PTC23 Zero Avg: 32.17 Calc Avg: 32.00 New Zero: -0.545000 Old Zero: -0.3760
09:33:06,0:08:58,PTC22 Zero Avg: 32.12 Calc Avg: 32.00 New Zero: -0.497000 Old Zero: -0.3810
09:33:06,0:08:58,PTC21 Zero Avg: 32.11 Calc Avg: 32.00 New Zero: -0.531000 Old Zero: -0.4160
09:33:06,0:08:58,32°F As Recvd TC21Avg = 32.531
09:33:06,0:08:58,Saving Values for 32 32°F As Recvd Start:21 Stop:28
09:33:06,0:08:58,AutoCal - Standby
09:32:36,0:08:28,Averages cleared for 32°F As Recvd Step 12
09:32:16,0:08:08,Resent Setpoint:P32.00 L32 2
09:32:05,0:07:57,Standby:P32.00 L32 2 13
09:31:54,0:07:46,Averages cleared for 32°F As Recvd Step 12
09:31:34,0:07:26,Auto Cal - Temp setpoint changed to 32
09:31:34,0:07:26,Averages cleared for 32°F As Recvd Step 11
09:31:34,0:07:26,90°F As Recvd TC21Avg = 90.416
09:31:34,0:07:26,Saving Values for 90 90°F As Recvd Start:21 Stop:28
09:31:34,0:07:26,AutoCal - Standby
09:31:04,0:06:56,Averages cleared for 90°F As Recvd Step 12
09:30:44,0:06:36,Auto Cal - Temp setpoint changed to 90
09:30:44,0:06:36,Averages cleared for 90°F As Recvd Step 11
09:29:38,0:05:30,110°F After Cal TC1Avg = 110.676
09:29:38,0:05:30,AutoCal - Standby
09:29:08,0:05:00,Averages cleared for 110°F After Cal Step 12
09:28:48,0:04:40,Auto Cal - Temp setpoint changed to 110
09:28:48,0:04:40,Averages cleared for 110°F After Cal Step 11
09:28:47,0:04:39,-4°F After Cal TC1Avg = -3.171
09:28:47,0:04:39,Saving Values for -4 -4°F After Cal Start:1 Stop:20
09:28:47,0:04:39,AutoCal - Standby
09:28:17,0:04:09,Averages cleared for -4°F After Cal Step 12
09:27:57,0:03:49,Auto Cal - Temp setpoint changed to -4
09:27:57,0:03:49,Averages cleared for -4°F After Cal Step 11
09:27:56,0:03:48,90°F After Cal TC1Avg = 90.739
09:27:56,0:03:48,Saving Values for 90 90°F After Cal Start:1 Stop:20
09:27:56,0:03:48,AutoCal - Standby
09:27:26,0:03:18,Averages cleared for 90°F After Cal Step 12
09:27:06,0:02:58,Auto Cal - Temp setpoint changed to 90
09:27:06,0:02:58,Averages cleared for 90°F After Cal Step 11
09:27:05,0:02:57,PTC19 Zero Avg: 32.12 Calc Avg: 32.00 New Zero: -0.357000 Old Zero: -0.2300
09:27:05,0:02:57,PTC18 Zero Avg: 32.15 Calc Avg: 32.00 New Zero: -0.454000 Old Zero: -0.3040
09:27:05,0:02:57,PTC17 Zero Avg: 32.15 Calc Avg: 32.00 New Zero: -0.474000 Old Zero: -0.3210
09:27:05,0:02:57,PTC16 Zero Avg: 32.19 Calc Avg: 32.00 New Zero: -0.456000 Old Zero: -0.2640
09:27:05,0:02:57,PTC15 Zero Avg: 32.17 Calc Avg: 32.00 New Zero: -0.443000 Old Zero: -0.2730
09:27:05,0:02:57,PTC14 Zero Avg: 32.16 Calc Avg: 32.00 New Zero: -0.495000 Old Zero: -0.3370
09:27:05,0:02:57,PTC13 Zero Avg: 32.18 Calc Avg: 32.00 New Zero: -0.587000 Old Zero: -0.4060
09:27:05,0:02:57,PTC12 Zero Avg: 32.17 Calc Avg: 32.00 New Zero: -0.585000 Old Zero: -0.4090
09:27:05,0:02:57,PTC11 Zero Avg: 32.20 Calc Avg: 32.00 New Zero: -0.624000 Old Zero: -0.4290
09:27:05,0:02:57,PTC10 Zero Avg: 32.21 Calc Avg: 32.00 New Zero: -0.465000 Old Zero: -0.2570
09:27:05,0:02:57,PTC9 Zero Avg: 32.22 Calc Avg: 32.00 New Zero: -0.507000 Old Zero: -0.2930
09:27:05,0:02:57,PTC8 Zero Avg: 32.22 Calc Avg: 32.00 New Zero: -0.630000 Old Zero: -0.4090
09:27:05,0:02:57,PTC7 Zero Avg: 32.23 Calc Avg: 32.00 New Zero: -0.661000 Old Zero: -0.4320
09:27:05,0:02:57,PTC6 Zero Avg: 32.23 Calc Avg: 32.00 New Zero: -0.653000 Old Zero: -0.4250
09:27:05,0:02:57,PTC5 Zero Avg: 32.25 Calc Avg: 32.00 New Zero: -0.595000 Old Zero: -0.3460
09:27:05,0:02:57,PTC4 Zero Avg: 32.25 Calc Avg: 32.00 New Zero: -0.670000 Old Zero: -0.4190
09:27:05,0:02:57,PTC3 Zero Avg: 32.26 Calc Avg: 32.00 New Zero: -0.702000 Old Zero: -0.4470
09:27:05,0:02:57,PTC2 Zero Avg: 32.27 Calc Avg: 32.00 New Zero: -0.792000 Old Zero: -0.5210
09:27:05,0:02:57,PTC1 Zero Avg: 32.23 Calc Avg: 32.00 New Zero: -0.799000 Old Zero: -0.5710
09:27:05,0:02:57,32°F As Recvd TC1Avg = 32.799
09:27:05,0:02:57,Saving Values for 32 32°F As Recvd Start:1 Stop:20
09:27:05,0:02:57,AutoCal - Standby
09:26:35,0:02:27,Averages cleared for 32°F As Recvd Step 12
09:26:15,0:02:07,Resent Setpoint:P32.00 L32 2
09:26:04,0:01:56,Standby:P32.00 L32 2 13
09:25:53,0:01:45,Averages cleared for 32°F As Recvd Step 12
09:25:33,0:01:25,Auto Cal - Temp setpoint changed to 32
09:25:33,0:01:25,Averages cleared for 32°F As Recvd Step 11
09:25:32,0:01:24,90°F As Recvd TC1Avg = 90.784
09:25:32,0:01:24,Saving Values for 90 90°F As Recvd Start:1 Stop:20
09:25:32,0:01:24,AutoCal - Standby
09:25:02,0:00:54,Averages cleared for 90°F As Recvd Step 12
09:24:41,0:00:33,Auto Cal - Temp setpoint changed to 90
09:24:41,0:00:33,Averages cleared for 90°F As Recvd Step 11
09:24:08,0:00:00,CALTC Auto Version 3.6
09:24:08,0:00:00,Point Numbers30
08:07:03,0:01:29,Test ended Proc CALPRES at line 316
08:07:03,0:01:29,Pressure Calibration finished TN:7751
08:07:03,0:01:29,Database rtsdb1 Table FlexResults key InsertOnly Keyfield 7751
08:07:02,0:01:28,Writing Results
08:07:02,0:01:28,Writing Results
08:07:02,0:01:28,Number of readings 16
08:07:02,0:01:28,HPsi Gain changed to 1.000200
08:07:02,0:01:28,LPsi Gain changed to 1.000200
08:07:02,0:01:28,Raw Gain LPSI 4.99900 HPSI 4.99900 Number of readings 16
08:06:11,0:00:37,Raw Zero LPSI 0.000000 HPSI 0.000000
08:06:11,0:00:37,Raw Zero LPSI 0 HPSI 0 Number of readings 16
08:05:34,0:00:00,CALPRES Version 2.0
08:05:34,0:00:00,Inject signal on pin 4 to 3
08:05:34,0:00:00,24V source measured from pin 2 to 1
08:05:34,0:00:00,0 0
08:05:34,0:00:00,Point Pressure loaded
07:36:07,9:19:32,Test killed Operator aborted test
04:14:51,5:58:16,Changing Temp Start from 1:42:17 to 1:42:25 2:06:59
03:55:52,5:39:17,Changing Temp Start from 1:42:17 to 1:42:25 2:06:59
22:16:36,0:00:00,Starting Aham Energy Test v16.7
22:16:36,0:00:00,Previous TestNum recorded 7699
22:16:36,33:30:05,Previous TestNum recorded 7699
22:16:36,33:30:05,LastTest = rlattner\16P00349-7699-01-02
22:16:36,33:30:05,Save as rlattner\16P00349-7735-01-02
22:16:36,33:30:05,Test Number 7735
22:16:36,33:30:05,PerformanceFlex V2.4
22:16:36,33:30:05,Database rtsdb1 Table FlexResults key InsertOnly Keyfield 7699
22:16:36,33:30:05,Database TestReqNum = 220
22:16:36,33:30:05,TestDate is 08/22/16 Database rtsdb1 Table Results key 7699
22:16:36,33:30:05,ADC CT = 40.0000
22:16:36,33:30:05,2014 Cycling DefFlag:1 DefEnd:117510 TotCyc:5
22:16:35,33:30:05,ProcDefEnd 4
22:16:35,33:30:05,Defrost recovery completed
22:16:35,33:30:05,Recorded cycle B after recovery. Fresh Food diff:0.02 Frz diff:0.10 4
22:16:35,33:30:05,Stable Detail: End 32:38:30 CabAvg:43.05 FrzAvg:4.31 TPCab: 43.0688 TPFrz:4.2058
21:25:08,32:38:38,Product cycled after defrost and recovered. Fresh Food diff:0.05 Frz diff:0.27 3
21:25:08,32:38:38,Stable Detail: End 31:47:36 CabAvg:43.02 FrzAvg:4.48 TPCab: 43.0688 TPFrz:4.2058
20:34:13,31:47:43,Product cycled after defrost but not recovered. Fresh Food diff:0.09 Frz diff:0.78 2
20:34:13,31:47:43,Stable Detail: End 30:56:52 CabAvg:42.98 FrzAvg:4.99 TPCab: 43.0688 TPFrz:4.2058
19:43:30,30:57:00,Typical cycles started 1
19:43:30,30:57:00,Product cycled after defrost but not recovered. Fresh Food diff:0.04 Frz diff:2.45 1
19:43:30,30:57:00,Stable Detail: End 30:06:56 CabAvg:43.11 FrzAvg:6.66 TPCab: 43.0688 TPFrz:4.2058
17:48:01,29:01:31,Waiting for Defrost Recovery to end test 0
17:48:01,29:01:31,Temp Period Start 24:59:02 End 28:26:54 ContRun: 0
17:48:01,29:01:31,TPDatabase called Cab Avg 43.0688 43.0688 -999 Frz Avg 4.2058 4.2058 -999
17:48:01,29:01:31,ProcTempPeriod ACL:24:59:02,ACR:28:26:54,24:59:02,ACR:28:26:54
17:48:01,29:01:31,2014 Stability recorded for cycle before defrost from 27:34:41 to 28:26:54. Cab Avg 43.06 FrzAvg 4.27 0
17:48:01,29:01:31,Proc14Stable DS:28:26:54 CL:27:34:41 CR:28:26:54 LS:2
17:48:01,29:01:31,Temp Period Start 24:59:02 is good
17:48:01,29:01:31,In Defrost State:4 PrevDefStart:0:00:00 PrevDefEnd:0:00:00
04:51:40,16:05:10,Aham Energy Test in progress, stability achieved 2 1 0
04:51:40,16:05:10,Stable value = 0.274 Period = 6:46:51
04:51:40,16:05:10,Stable Deg/Hr: 0.008848
04:51:40,16:05:10,Cab End:43.048 Cab Beg:42.985 Stable Temp: 0.06 Period: 6.78083
04:51:40,16:05:10,first period 5:19:29,7:52:27
04:51:40,16:05:10,second period 12:06:20,14:40:21
04:51:40,16:05:10,Cab Avg Period 1:4.03 Period 2:43.05 TPS:15:32:12 STABEND:14:40:21
04:51:40,16:05:10,AHAM type A stability achieved with 0.040 temp/hr and 0.042 limit and 6:46:51 period
18:06:06,5:19:36,Changing Temp Start from 1:08:11 to 1:08:18 1:28:45
17:47:24,5:00:54,Changing Temp Start from 1:08:11 to 1:08:18 1:28:45
12:46:30,0:00:00,Starting Aham Energy Test v16.7
12:46:30,0:00:01,Aham Standard is 2014
12:46:30,0:00:01,Starting Aham Test v16.7 Voltage S.P. 115 08/22/16 12:46:30
12:46:30,0:00:01,RTS ver 3.924 Supports Ambient limit 90 +- 1.0
12:46:30,0:00:01,LastTest still NA 0
12:46:30,0:00:01,Save as rlattner\16P00349-7699-01-02
12:46:30,0:00:01,Test Number 7699
12:46:30,0:00:01,Product 16P00349 location 'RM 01-02'.  Result: No change
12:46:29,0:00:00,Waiting on inventory move procedure: result code:0, message:
12:46:27,1:51:22,Test killed Operator aborted test
12:10:49,1:15:44,Ambient IN.  Duration 0:00:04
12:10:45,1:15:40,Ambient OUT at 1:15:40
12:10:27,1:15:22,Ambient IN.  Duration 0:00:02
12:10:25,1:15:20,Ambient OUT at 1:15:20
12:10:21,1:15:16,Ambient IN.  Duration 0:00:04
12:10:17,1:15:12,Ambient OUT at 1:15:12
12:10:13,1:15:08,Ambient IN.  Duration 0:00:26
12:09:47,1:14:42,Ambient OUT at 1:14:42
12:09:43,1:14:38,Ambient IN.  Duration 0:14:34
11:55:09,1:00:04,Ambient OUT at 1:00:04
11:55:05,1:00:00,Ambient IN.  Duration 0:00:36
11:54:29,0:59:24,Ambient OUT at 0:59:24
11:54:19,0:59:14,Ambient IN.  Duration 0:00:02
11:54:17,0:59:12,Ambient OUT at 0:59:12
11:54:13,0:59:08,Ambient IN.  Duration 0:00:16
11:53:57,0:58:52,Ambient OUT at 0:58:52
11:53:53,0:58:48,Ambient IN.  Duration 0:00:54
11:52:59,0:57:54,Ambient OUT at 0:57:54
11:52:55,0:57:50,Ambient IN.  Duration 0:03:30
11:49:25,0:54:20,Ambient OUT at 0:54:20
11:49:21,0:54:16,Ambient IN.  Duration 0:00:20
11:49:01,0:53:56,Ambient OUT at 0:53:56
11:48:57,0:53:52,Ambient IN.  Duration 0:00:02
11:48:55,0:53:50,Ambient OUT at 0:53:50
11:48:51,0:53:46,Ambient IN.  Duration 0:00:14
11:48:37,0:53:32,Ambient OUT at 0:53:32
11:48:33,0:53:28,Ambient IN.  Duration 0:00:08
11:48:25,0:53:20,Ambient OUT at 0:53:20
10:55:05,0:00:00,Starting Aham Energy Test v16.7
10:55:05,0:00:01,Aham Standard is 2014
10:55:05,0:00:01,Starting Aham Test v16.7 Voltage S.P. 115 08/22/16 10:55:05
10:55:05,0:00:01,RTS ver 3.924 Supports Ambient limit 90 +- 1.0
10:55:05,0:00:01,LastTest still NA 0
10:55:05,0:00:01,Save as rlattner\16P00349-7697-01-02
10:55:05,0:00:01,Test Number 7697
10:55:04,0:00:00,Product 16P00349 location 'RM 01-02'.  Result: No change
10:55:04,0:00:00,Waiting on inventory move procedure: result code:0, message:
10:55:01,0:51:15,Test killed Operator aborted test
10:40:56,0:37:10,Before defrost stability check 1001 2002.0000 0 0.042
10:40:56,0:37:10,Product defrosted - Stable 1001.000 period 0:00:00 0
10:03:46,0:00:00,Starting Aham Energy Test v16.7
10:03:46,0:00:00,Previous TestNum recorded 7637
10:03:46,41:23:11,Previous TestNum recorded 7637
10:03:46,41:23:11,LastTest = rlattner\16P00349-7637-01-02
10:03:46,41:23:11,Save as rlattner\16P00349-7691-01-02
10:03:46,41:23:11,Test Number 7691
10:03:46,41:23:11,PerformanceFlex V2.4
10:03:46,41:23:11,Database rtsdb1 Table FlexResults key InsertOnly Keyfield 7637
10:03:46,41:23:11,Database TestReqNum = 220
10:03:46,41:23:11,TestDate is 08/20/16 Database rtsdb1 Table Results key 7637
10:03:46,41:23:11,ADC CT = 40.0000
10:03:46,41:23:11,2014 Cycling DefFlag:1 DefEnd:145994 TotCyc:5
10:03:46,41:23:11,ProcDefEnd 4
10:03:46,41:23:11,Defrost recovery completed
10:03:46,41:23:11,Recorded cycle B after recovery. Fresh Food diff:0.02 Frz diff:0.09 4
10:03:46,41:23:11,Stable Detail: End 40:33:14 CabAvg:37.90 FrzAvg:-1.56 TPCab: 37.8786 TPFrz:-1.4707
09:13:57,40:33:22,Product cycled after defrost and recovered. Fresh Food diff:0.03 Frz diff:0.04 3
09:13:57,40:33:22,Stable Detail: End 39:43:49 CabAvg:37.85 FrzAvg:-1.43 TPCab: 37.8786 TPFrz:-1.4707
08:24:31,39:43:56,Product cycled after defrost but not recovered. Fresh Food diff:0.07 Frz diff:0.62 2
08:24:31,39:43:56,Stable Detail: End 38:54:15 CabAvg:37.81 FrzAvg:-0.85 TPCab: 37.8786 TPFrz:-1.4707
07:34:57,38:54:22,Typical cycles started 1
07:34:57,38:54:22,Product cycled after defrost but not recovered. Fresh Food diff:0.13 Frz diff:2.16 1
07:34:57,38:54:22,Stable Detail: End 38:04:12 CabAvg:37.75 FrzAvg:0.69 TPCab: 37.8786 TPFrz:-1.4707
06:42:13,38:01:38,Ambient IN.  Duration 0:00:04
06:42:09,38:01:34,Ambient OUT at 38:01:34
06:41:45,38:01:10,Ambient IN.  Duration 0:00:10
06:41:35,38:01:00,Ambient OUT at 38:01:00
06:41:25,38:00:50,Ambient IN.  Duration 0:00:04
06:41:21,38:00:46,Ambient OUT at 38:00:46
06:41:07,38:00:32,Ambient IN.  Duration 0:00:04
06:41:03,38:00:28,Ambient OUT at 38:00:28
06:40:59,38:00:24,Ambient IN.  Duration 0:00:16
06:40:43,38:00:08,Ambient OUT at 38:00:08
06:40:39,38:00:04,Ambient IN.  Duration 0:00:30
06:40:09,37:59:34,Ambient OUT at 37:59:34
06:40:07,37:59:32,Ambient IN.  Duration 0:16:16
06:23:51,37:43:16,Ambient OUT at 37:43:16
06:23:47,37:43:12,Ambient IN.  Duration 0:00:04
06:23:43,37:43:08,Ambient OUT at 37:43:08
06:23:15,37:42:40,Ambient IN.  Duration 0:00:16
06:22:59,37:42:24,Ambient OUT at 37:42:24
05:37:02,36:56:27,Waiting for Defrost Recovery to end test 0
05:37:02,36:56:27,Temp Period Start 32:59:22 End 36:17:15 ContRun: 0
05:37:02,36:56:27,TPDatabase called Cab Avg 37.8786 37.8786 -999 Frz Avg -1.4707 -1.4707 -999
05:37:02,36:56:27,ProcTempPeriod ACL:32:59:22,ACR:36:17:15,32:59:22,ACR:36:17:15
05:37:02,36:56:27,2014 Stability recorded for cycle before defrost from 35:27:46 to 36:17:15. Cab Avg 37.91 FrzAvg -1.47 0
05:37:02,36:56:27,Proc14Stable DS:36:17:15 CL:35:27:46 CR:36:17:15 LS:2
05:37:02,36:56:27,Temp Period Start 32:59:22 is good
05:37:02,36:56:27,In Defrost State:4 PrevDefStart:0:00:00 PrevDefEnd:0:00:00
04:36:59,11:56:24,Aham Energy Test in progress, stability achieved 2 1 0
04:36:59,11:56:24,Stable value = 0.036 Period = 6:32:59
04:36:59,11:56:24,Stable Deg/Hr: 0.004580
04:36:59,11:56:24,Cab End:37.706 Cab Beg:37.672 Stable Temp: 0.03 Period: 6.54972
04:36:59,11:56:24,first period 1:38:12,4:06:04
04:36:59,11:56:24,second period 8:11:11,10:39:17
04:36:59,11:56:24,Cab Avg Period 1:-1.80 Period 2:37.71 TPS:11:29:15 STABEND:10:39:17
04:36:59,11:56:24,AHAM type A stability achieved with 0.005 temp/hr and 0.042 limit and 6:32:59 period
22:24:39,5:44:04,Changing Temp Start from 1:38:12 to 1:38:18 1:55:13
22:02:08,5:21:33,Changing Temp Start from 1:38:12 to 1:38:18 1:55:13
16:40:36,0:00:00,Starting Aham Energy Test v16.7
16:40:36,0:00:00,Previous TestNum recorded 7613
16:40:36,25:03:10,Previous TestNum recorded 7613
16:40:36,25:03:10,LastTest = rlattner\16P00349-7613-01-02
16:40:36,25:03:10,Save as rlattner\16P00349-7637-01-02
16:40:36,25:03:10,Test Number 7637
16:40:35,25:03:10,PerformanceFlex V2.4
16:40:35,25:03:10,Database rtsdb1 Table FlexResults key InsertOnly Keyfield 7613
16:40:35,25:03:10,Database TestReqNum = 220
16:40:35,25:03:10,TestDate is 08/19/16 Database rtsdb1 Table Results key 7613
16:40:35,25:03:10,ADC CT = 40.0000
16:40:35,25:03:10,2014 Cycling DefFlag:1 DefEnd:87204 TotCyc:3
16:40:35,25:03:10,ProcDefEnd 2
16:40:35,25:03:10,Defrost recovery completed
16:40:35,25:03:10,Recorded cycle B after recovery. Fresh Food diff:0.07 Frz diff:0.05 2
16:40:35,25:03:10,Stable Detail: End 24:13:24 CabAvg:37.53 FrzAvg:-1.79 TPCab: 37.6032 TPFrz:-1.8409
15:50:55,24:13:30,Typical cycles started 1
15:50:55,24:13:30,Product cycled after defrost and recovered. Fresh Food diff:0.03 Frz diff:0.39 1
15:50:55,24:13:30,Stable Detail: End 23:23:27 CabAvg:37.57 FrzAvg:-1.45 TPCab: 37.6032 TPFrz:-1.8409
14:10:32,22:33:07,Waiting for Defrost Recovery to end test 0
14:10:32,22:33:07,Temp Period Start 18:24:48 End 21:44:18 ContRun: 0
14:10:32,22:33:07,TPDatabase called Cab Avg 37.6032 37.6032 -999 Frz Avg -1.8409 -1.8409 -999
14:10:32,22:33:07,ProcTempPeriod ACL:18:24:48,ACR:21:44:18,18:24:48,ACR:21:44:18
14:10:32,22:33:07,2014 Stability recorded for cycle before defrost from 20:54:43 to 21:44:18. Cab Avg 37.61 FrzAvg -1.88 0
14:10:32,22:33:07,Proc14Stable DS:21:44:18 CL:20:54:43 CR:21:44:18 LS:2
14:10:32,22:33:07,Temp Period Start 18:24:48 is good
14:10:32,22:33:07,In Defrost State:4 PrevDefStart:0:00:00 PrevDefEnd:0:00:00
08:49:10,17:11:45,Aham Energy Test in progress, stability achieved 2 1 0
08:49:10,17:11:45,Stable value = 0.182 Period = 6:37:05
08:49:10,17:11:45,Stable Deg/Hr: 0.009066
08:49:10,17:11:45,Cab End:37.556 Cab Beg:37.495 Stable Temp: 0.06 Period: 6.61806
08:49:10,17:11:45,first period 6:49:56,9:18:08
08:49:10,17:11:45,second period 13:27:01,15:55:52
08:49:10,17:11:45,Cab Avg Period 1:-1.86 Period 2:37.56 TPS:16:45:21 STABEND:15:55:52
08:49:10,17:11:45,AHAM type A stability achieved with 0.028 temp/hr and 0.042 limit and 6:37:05 period
23:16:36,7:39:11,Changing Temp Start from 3:40:30 to 3:40:36 3:49:56
22:53:35,7:16:10,Changing Temp Start from 3:40:30 to 3:40:36 3:49:56
17:30:58,1:53:33,Ambient IN.  Duration 0:00:02
17:30:56,1:53:31,Ambient OUT at 1:53:31
17:30:50,1:53:25,Ambient IN.  Duration 0:00:03
17:30:47,1:53:22,Ambient OUT at 1:53:22
17:30:44,1:53:19,Ambient IN.  Duration 0:00:16
17:30:28,1:53:03,Ambient OUT at 1:53:03
17:30:16,1:52:51,Ambient IN.  Duration 0:00:04
17:30:12,1:52:47,Ambient OUT at 1:52:47
17:29:58,1:52:33,Ambient IN.  Duration 0:00:02
17:29:56,1:52:31,Ambient OUT at 1:52:31
17:29:49,1:52:24,Ambient IN.  Duration 0:00:05
17:29:44,1:52:19,Ambient OUT at 1:52:19
17:29:40,1:52:15,Ambient IN.  Duration 0:00:03
17:29:37,1:52:12,Ambient OUT at 1:52:12
17:29:30,1:52:05,Ambient IN.  Duration 0:00:02
17:29:28,1:52:03,Ambient OUT at 1:52:03
17:29:23,1:51:58,Ambient IN.  Duration 0:00:03
17:29:20,1:51:55,Ambient OUT at 1:51:55
10:43:16,0:00:00,Starting VAW Calibration Procedure 5.3, saving to Results
10:43:16,0:00:00,Original Voltage Setpoint 115.0
10:43:16,0:00:00,Starting with type 50 - 115V 60Hz range
10:43:16,0:00:00,Get 120 Cal Limits Error: Unable to run query
10:43:16,0:00:00,Get 220 Cal Limits Error: Unable to run query
10:43:22,0:00:00,Start Range changed to 1
10:43:22,0:00:00,---------- Changing voltage to 115V 60Hz
10:43:33,0:00:10,Setting up rtsdb1 for table VAW_RangeValues key InsertOnly Range 1
10:44:15,0:00:52,Raw Watt average 0 Number of readings 54
10:44:15,0:00:52,Watts Offset Deviation=0
10:44:15,0:00:52,Wattage zero1 set to 0
10:44:15,0:00:52,Amperage zero1 set to 0.0001
10:46:09,0:02:46,RBar = 0.0491 R_Bar UCL = 0.160 Sigma = 0.043528
10:46:09,0:02:46,Raw Watt average 201.57680 Number of readings 42, Yok 201.1241
10:46:09,0:02:46,Avg Watts:200.8456, Act Watt:201.1241,  Volt:115 Freq:60
10:46:09,0:02:46,Wattage 120 V Mid Range gain set to 0.9978
10:46:09,0:02:46,Voltage range 1 gain set to 0.9985
10:46:09,0:02:46,Amperage range 1 gain set to 1.0002
10:46:09,0:02:46,Skipping historical gain check for Range 1
10:46:09,0:02:46,Saving Report info for range 1, 120 V Mid Range
10:46:09,0:02:46,Sum of squares is 0.024, Watts var 0.0435 Yok Uncert 0.15
10:46:09,0:02:46,Watts Uncertainty is 0.310
10:46:09,0:02:46,No Database Write yet, continue to Whr calibration
10:48:15,0:04:52,RBar = 0 R_Bar UCL = 0 Sigma = 0
10:48:15,0:04:52,Saving Report info for range 11, 120 V Low Range
10:48:15,0:04:52,Raw Low Watt average 10.282 Number of readings 155
10:50:56,0:07:33,RBar = 0 R_Bar UCL = 0 Sigma = 0
10:50:56,0:07:33,Saving Report info for range 21, 120 V High Range
10:50:56,0:07:33,Raw High Watt average 504.829 Number of readings 157
10:51:17,0:07:54,120 V Mid Range Watt-hrs 0.02799 27.7300 %Error:0.94
10:51:17,0:07:54,Changing ranges (1->2)
10:51:17,0:07:54,Database values written for Range 1
10:51:19,0:07:56,---------- Changing voltage to 230V 60Hz
10:51:19,0:07:56,Value:2 Type:50 Range:52 SetRange: 51 CurRange:2
10:51:44,0:08:21,Setting up rtsdb1 for table VAW_RangeValues key InsertOnly Range 2
10:52:22,0:08:59,Raw Watt average 0 Number of readings 46
10:52:22,0:08:59,Watts Offset Deviation=0
10:52:22,0:08:59,Wattage zero2 set to 0
10:52:22,0:08:59,Amperage zero2 set to 0.0002
10:54:16,0:10:53,RBar = 0.0238 R_Bar UCL = 0.078 Sigma = 0.021099
10:54:16,0:10:53,Raw Watt average 199.80511 Number of readings 44, Yok 199.6266
10:54:16,0:10:53,Delta:0.009700 is between 0.010 & -0.010- no adjust
10:54:16,0:10:53,Wattage range 2 gain not adjusted - 0.9990
10:54:16,0:10:53,Voltage range 2 gain set to 0.9951
10:54:16,0:10:53,Amperage range 2 gain set to 1.0001
10:54:16,0:10:53,No Adjust for Watts 220V
10:54:16,0:10:53,Skipping historical gain check for Range 2
10:54:16,0:10:53,Saving Report info for range 2, 220 V Mid Range
10:54:16,0:10:53,Sum of squares is 0.023, Watts var 0.0211 Yok Uncert 0.15
10:54:16,0:10:53,Watts Uncertainty is 0.303
10:54:16,0:10:53,No Database Write yet, continue to Whr calibration
10:56:22,0:12:59,RBar = 0 R_Bar UCL = 0 Sigma = 0
10:56:22,0:12:59,Saving Report info for range 12, 220 V Low Range
10:56:22,0:12:59,Raw Low Watt average 10.230 Number of readings 156
10:59:02,0:15:39,RBar = 0 R_Bar UCL = 0 Sigma = 0
10:59:02,0:15:39,Saving Report info for range 22, 220 V High Range
10:59:02,0:15:39,Raw High Watt average 505.392 Number of readings 157
10:59:23,0:16:00,220 V Mid Range Watt-hrs 0.02776 27.7200 %Error:0.14
10:59:23,0:16:00,Database values written for Range 1, Test Number: 7820
10:59:23,0:16:00,Database rtsdb1 Table Results key 7820
10:59:24,0:16:01,Test ended Proc VAWCAL at line 2177
