10:20:04,0:00:00,Using Yok 3000 for calibration
10:20:04,0:00:00,Lab = 11
07:52:04,0:24:40,Test ended Proc CALCURLEAK at line 292
07:52:04,0:24:40,CalCurLeak finished TN:8342
07:51:55,0:24:30,User stopped test
07:51:31,0:24:07,X21:2.08291 Y21:21.44008
07:50:31,0:23:07,X20:2.08192 Y20:14.19251
07:49:42,0:22:18,X19:2.08173 Y19:11.36771
07:48:52,0:21:28,X18:2.08100 Y18:8.56587
07:46:02,0:18:38,X17:2.07900 Y17:5.09909
07:45:01,0:17:37,X16:2.07873 Y16:4.35528
07:44:11,0:16:47,X15:2.07827 Y15:3.94755
07:43:01,0:15:37,X14:2.07767 Y14:2.65391
07:41:51,0:14:27,X13:2.07682 Y13:1.33815
07:41:01,0:13:37,X12:2.07655 Y12:1.07719
07:40:11,0:12:47,X11:2.07600 Y11:0.85448
07:37:51,0:10:27,X10:2.07900 Y10:0.67709
07:36:51,0:09:27,X9:2.07882 Y9:0.60721
07:35:51,0:08:27,X8:2.07836 Y8:0.50395
07:34:51,0:07:27,X7:2.07764 Y7:0.40364
07:33:51,0:06:27,X6:2.07736 Y6:0.30311
07:33:02,0:05:38,X5:2.07700 Y5:0.25304
07:32:11,0:04:47,X4:2.07675 Y4:0.20147
07:31:22,0:03:58,X3:2.07642 Y3:0.15141
07:30:35,0:03:11,X2:2.07609 Y2:0.10130
07:29:41,0:02:17,X1:2.07609 Y1:0.08597
07:27:20,0:00:00,CalCurLeak v1.1
12:31:06,0:18:43,Test ended Proc CALTCAUTO at line 655
12:31:06,0:18:43,TC Calibration finished TN: 8313
12:31:05,0:18:42,Writing tcCalibration
12:31:05,0:18:42,Writing LabResults
12:31:05,0:18:42,110°F After Cal TC29Avg = 110.492
12:31:05,0:18:42,AutoCal - Standby
12:30:35,0:18:12,Averages cleared for 110°F After Cal Step 12
12:30:15,0:17:52,Resent Setpoint:P0 L110 2
12:30:04,0:17:41,Standby:P0 L110 2 13
12:29:53,0:17:30,Averages cleared for 110°F After Cal Step 12
12:29:33,0:17:10,Auto Cal - Temp setpoint changed to 110
12:29:33,0:17:10,Averages cleared for 110°F After Cal Step 11
12:29:32,0:17:09,-4°F After Cal TC29Avg = -3.356
12:29:32,0:17:09,Saving Values for -4 -4°F After Cal Start:29 Stop:30
12:29:32,0:17:09,AutoCal - Standby
12:29:02,0:16:39,Averages cleared for -4°F After Cal Step 12
12:28:42,0:16:19,Auto Cal - Temp setpoint changed to -4
12:28:42,0:16:19,Averages cleared for -4°F After Cal Step 11
12:28:41,0:16:18,TC30 New Gain: 1.002600 Old Gain 1.0013
12:28:41,0:16:18,90°F After Cal TC29Avg = 90.280
12:28:41,0:16:18,Saving Values for 90 90°F After Cal Start:29 Stop:30
12:28:41,0:16:18,AutoCal - Standby
12:28:11,0:15:48,Averages cleared for 90°F After Cal Step 12
12:27:51,0:15:28,Auto Cal - Temp setpoint changed to 90
12:27:51,0:15:28,Averages cleared for 90°F After Cal Step 11
12:27:51,0:15:28,PTC30 Zero Avg: 32.56 Calc Avg: 32.04 New Zero: -0.509300 Old Zero: 0
12:27:51,0:15:28,PTC29 Zero Avg: 32.57 Calc Avg: 32.05 New Zero: -0.509200 Old Zero: 0
12:27:51,0:15:28,32°F As Recvd TC29Avg = 32.510
12:27:51,0:15:28,Saving Values for 32 32°F As Recvd Start:29 Stop:30
12:27:51,0:15:28,AutoCal - Standby
12:27:21,0:14:58,Averages cleared for 32°F As Recvd Step 12
12:27:01,0:14:38,Auto Cal - Temp setpoint changed to 32
12:27:01,0:14:38,Averages cleared for 32°F As Recvd Step 11
12:27:00,0:14:37,90°F As Recvd TC29Avg = 90.280
12:27:00,0:14:37,Saving Values for 90 90°F As Recvd Start:29 Stop:30
12:27:00,0:14:37,AutoCal - Standby
12:26:30,0:14:07,Averages cleared for 90°F As Recvd Step 12
12:26:10,0:13:47,Auto Cal - Temp setpoint changed to 90
12:26:10,0:13:47,Averages cleared for 90°F As Recvd Step 11
12:25:43,0:13:20,110°F After Cal TC21Avg = 110.510
12:25:43,0:13:20,AutoCal - Standby
12:25:13,0:12:50,Averages cleared for 110°F After Cal Step 12
12:24:53,0:12:30,Auto Cal - Temp setpoint changed to 110
12:24:53,0:12:30,Averages cleared for 110°F After Cal Step 11
12:24:52,0:12:29,-4°F After Cal TC21Avg = -3.422
12:24:52,0:12:29,Saving Values for -4 -4°F After Cal Start:21 Stop:28
12:24:52,0:12:29,AutoCal - Standby
12:24:22,0:11:59,Averages cleared for -4°F After Cal Step 12
12:24:02,0:11:39,Auto Cal - Temp setpoint changed to -4
12:24:02,0:11:39,Averages cleared for -4°F After Cal Step 11
12:24:01,0:11:38,TC26 New Gain: 1.000300 Old Gain 0.9987
12:24:01,0:11:38,TC22 New Gain: 1.000400 Old Gain 0.9987
12:24:01,0:11:38,90°F After Cal TC21Avg = 90.503
12:24:01,0:11:38,Saving Values for 90 90°F After Cal Start:21 Stop:28
12:24:01,0:11:38,AutoCal - Standby
12:23:31,0:11:08,Averages cleared for 90°F After Cal Step 12
12:23:10,0:10:47,Resent Setpoint:P0 L90 2
12:22:59,0:10:36,Standby:P0 L90 2 13
12:22:48,0:10:25,Averages cleared for 90°F After Cal Step 12
12:22:28,0:10:05,Auto Cal - Temp setpoint changed to 90
12:22:28,0:10:05,Averages cleared for 90°F After Cal Step 11
12:22:27,0:10:04,PTC28 Zero Avg: 32.45 Calc Avg: 32.00 New Zero: -0.447000 Old Zero: 0
12:22:27,0:10:04,PTC27 Zero Avg: 32.37 Calc Avg: 31.99 New Zero: -0.510100 Old Zero: -0.1360
12:22:27,0:10:04,PTC26 Zero Avg: 32.48 Calc Avg: 31.96 New Zero: -0.527700 Old Zero: 0
12:22:27,0:10:04,PTC25 Zero Avg: 32.30 Calc Avg: 31.99 New Zero: -0.398100 Old Zero: -0.0939
12:22:27,0:10:04,PTC24 Zero Avg: 32.34 Calc Avg: 32.00 New Zero: -0.444000 Old Zero: -0.1050
12:22:27,0:10:04,PTC23 Zero Avg: 32.48 Calc Avg: 32.00 New Zero: -0.477000 Old Zero: 0
12:22:27,0:10:04,PTC22 Zero Avg: 32.49 Calc Avg: 31.96 New Zero: -0.537700 Old Zero: 0
12:22:27,0:10:04,PTC21 Zero Avg: 32.40 Calc Avg: 32.00 New Zero: -0.530000 Old Zero: -0.1250
12:22:27,0:10:04,32°F As Recvd TC21Avg = 32.530
12:22:27,0:10:04,Saving Values for 32 32°F As Recvd Start:21 Stop:28
12:22:27,0:10:04,AutoCal - Standby
12:21:57,0:09:34,Averages cleared for 32°F As Recvd Step 12
12:21:37,0:09:14,Resent Setpoint:P0 L32 2
12:21:26,0:09:03,Standby:P0 L32 2 13
12:21:15,0:08:52,Averages cleared for 32°F As Recvd Step 12
12:20:55,0:08:32,Auto Cal - Temp setpoint changed to 32
12:20:55,0:08:32,Averages cleared for 32°F As Recvd Step 11
12:20:54,0:08:31,90°F As Recvd TC21Avg = 90.479
12:20:54,0:08:31,Saving Values for 90 90°F As Recvd Start:21 Stop:28
12:20:54,0:08:31,AutoCal - Standby
12:20:24,0:08:01,Averages cleared for 90°F As Recvd Step 12
12:20:04,0:07:41,Auto Cal - Temp setpoint changed to 90
12:20:04,0:07:41,Averages cleared for 90°F As Recvd Step 11
12:18:41,0:06:18,110°F After Cal TC1Avg = 110.237
12:18:41,0:06:18,AutoCal - Standby
12:18:11,0:05:48,Averages cleared for 110°F After Cal Step 12
12:17:51,0:05:28,Resent Setpoint:P0 L110 2
12:17:40,0:05:17,Standby:P0 L110 2 13
12:17:29,0:05:06,Averages cleared for 110°F After Cal Step 12
12:17:09,0:04:46,Auto Cal - Temp setpoint changed to 110
12:17:09,0:04:46,Averages cleared for 110°F After Cal Step 11
12:17:08,0:04:45,-4°F After Cal TC1Avg = -3.772
12:17:08,0:04:45,Saving Values for -4 -4°F After Cal Start:1 Stop:20
12:17:08,0:04:45,AutoCal - Standby
12:16:38,0:04:15,Averages cleared for -4°F After Cal Step 12
12:16:18,0:03:55,Auto Cal - Temp setpoint changed to -4
12:16:18,0:03:55,Averages cleared for -4°F After Cal Step 11
12:16:17,0:03:54,TC8 New Gain: 1.000100 Old Gain 0.9988
12:16:17,0:03:54,TC2 New Gain: 1.000600 Old Gain 0.9987
12:16:17,0:03:54,90°F After Cal TC1Avg = 90.213
12:16:17,0:03:54,Saving Values for 90 90°F After Cal Start:1 Stop:20
12:16:17,0:03:54,AutoCal - Standby
12:15:47,0:03:24,Averages cleared for 90°F After Cal Step 12
12:15:27,0:03:04,Resent Setpoint:P0 L90 2
12:15:16,0:02:53,Standby:P0 L90 2 13
12:15:05,0:02:42,Averages cleared for 90°F After Cal Step 12
12:14:45,0:02:22,Auto Cal - Temp setpoint changed to 90
12:14:45,0:02:22,Averages cleared for 90°F After Cal Step 11
12:14:44,0:02:21,PTC20 Zero Avg: 32.29 Calc Avg: 32.00 New Zero: -0.514000 Old Zero: -0.2180
12:14:44,0:02:21,PTC19 Zero Avg: 32.33 Calc Avg: 32.00 New Zero: -0.535000 Old Zero: -0.2070
12:14:44,0:02:21,PTC18 Zero Avg: 32.36 Calc Avg: 32.00 New Zero: -0.557000 Old Zero: -0.1980
12:14:44,0:02:21,PTC17 Zero Avg: 32.43 Calc Avg: 32.00 New Zero: -0.569000 Old Zero: -0.1430
12:14:44,0:02:21,PTC16 Zero Avg: 32.52 Calc Avg: 32.00 New Zero: -0.564000 Old Zero: -0.0460
12:14:44,0:02:21,PTC15 Zero Avg: 32.24 Calc Avg: 32.00 New Zero: -0.596000 Old Zero: -0.3490
12:14:44,0:02:21,PTC14 Zero Avg: 32.29 Calc Avg: 32.00 New Zero: -0.579000 Old Zero: -0.2910
12:14:44,0:02:21,PTC13 Zero Avg: 32.34 Calc Avg: 32.00 New Zero: -0.617000 Old Zero: -0.2760
12:14:44,0:02:21,PTC12 Zero Avg: 32.39 Calc Avg: 32.00 New Zero: -0.608000 Old Zero: -0.2220
12:14:44,0:02:21,PTC11 Zero Avg: 32.44 Calc Avg: 32.00 New Zero: -0.639000 Old Zero: -0.1980
12:14:44,0:02:21,PTC9 Zero Avg: 32.21 Calc Avg: 32.00 New Zero: -0.183000 Old Zero: 0.0250
12:14:44,0:02:21,PTC8 Zero Avg: 32.37 Calc Avg: 31.96 New Zero: -0.158200 Old Zero: 0.2533
12:14:44,0:02:21,PTC7 Zero Avg: 32.33 Calc Avg: 32.00 New Zero: -0.182000 Old Zero: 0.1450
12:14:44,0:02:21,PTC6 Zero Avg: 32.44 Calc Avg: 32.00 New Zero: -0.139000 Old Zero: 0.3050
12:14:44,0:02:21,PTC5 Zero Avg: 32.15 Calc Avg: 32.00 New Zero: -0.279000 Old Zero: -0.1260
12:14:44,0:02:21,PTC4 Zero Avg: 32.18 Calc Avg: 32.00 New Zero: -0.263000 Old Zero: -0.0800
12:14:44,0:02:21,PTC3 Zero Avg: 32.24 Calc Avg: 32.00 New Zero: -0.299000 Old Zero: -0.0660
12:14:44,0:02:21,PTC2 Zero Avg: 32.25 Calc Avg: 31.96 New Zero: -0.303400 Old Zero: -0.0110
12:14:44,0:02:21,PTC1 Zero Avg: 32.31 Calc Avg: 32.00 New Zero: -0.237000 Old Zero: 0.0760
12:14:44,0:02:21,32°F As Recvd TC1Avg = 32.237
12:14:44,0:02:21,Saving Values for 32 32°F As Recvd Start:1 Stop:20
12:14:44,0:02:21,AutoCal - Standby
12:14:14,0:01:51,Averages cleared for 32°F As Recvd Step 12
12:13:54,0:01:31,Auto Cal - Temp setpoint changed to 32
12:13:54,0:01:31,Averages cleared for 32°F As Recvd Step 11
12:13:53,0:01:30,90°F As Recvd TC1Avg = 90.258
12:13:53,0:01:30,Saving Values for 90 90°F As Recvd Start:1 Stop:20
12:13:53,0:01:30,AutoCal - Standby
12:13:23,0:01:00,Averages cleared for 90°F As Recvd Step 12
12:13:03,0:00:40,Auto Cal - Temp setpoint changed to 90
12:13:03,0:00:40,Averages cleared for 90°F As Recvd Step 11
12:12:23,0:00:00,CALTC Auto Version 3.6
12:12:23,0:00:00,Point Numbers30
10:08:23,0:02:02,Test ended Proc CALPRES at line 316
10:08:23,0:02:02,Pressure Calibration finished TN:8300
10:08:23,0:02:02,Database rtsdb1 Table FlexResults key InsertOnly Keyfield 8300
10:08:23,0:02:02,Writing Results
10:08:23,0:02:02,Writing Results
10:08:23,0:02:02,Number of readings 16
10:08:23,0:02:02,HPsi Gain changed to 1.000174
10:08:23,0:02:02,LPsi Gain changed to 1.000138
10:08:23,0:02:02,Raw Gain LPSI 4.99931 HPSI 4.99913 Number of readings 16
10:07:28,0:01:07,Raw Zero LPSI 0.000000 HPSI 0.000000
10:07:28,0:01:07,Raw Zero LPSI 0 HPSI 0 Number of readings 16
10:06:21,0:00:00,CALPRES Version 2.0
10:06:21,0:00:00,Inject signal on pin 4 to 3
10:06:21,0:00:00,24V source measured from pin 2 to 1
10:06:21,0:00:00,0 0
10:06:21,0:00:00,Point Pressure loaded
10:04:58,0:00:05,Test killed Operator aborted test
10:04:54,0:00:00,Cycle Test Started v20.3
10:04:54,0:00:00,Stable value = 1002.000 Period = 0:00:00
10:04:54,2:26:10,LastTest = mbusche\15P0180-8284-02-04
10:04:54,2:26:10,Save as mbusche\15P0180-8299-02-04
10:04:54,2:26:10,PerformanceFlex V2.4
10:04:54,2:26:10,Database rtsdb1 Table FlexResults key InsertOnly Keyfield 8284
10:04:54,2:26:10,Database TestReqNum = Frzr Mullion
10:04:54,2:26:10,TestDate is 09/06/16 Database rtsdb1 Table Results key 8284
10:04:54,2:26:10,ADC CT = 40.0000
10:04:54,2:26:10,User stopped test
08:58:13,1:19:30,Typical cycles started
08:39:39,1:00:56,Defrost recovery completed
08:39:39,1:00:56,1 Gosub ProcDefEnd
07:38:43,0:00:00,Cycle Test Started v20.3
07:38:43,0:00:00,Stable value = 0.300 Period = 6:41:01
07:38:43,24:07:59,LastTest = mbusche\15P0180-8253-02-04
07:38:43,24:07:59,Save as mbusche\15P0180-8284-02-04
07:38:43,24:07:58,PerformanceFlex V2.4
07:38:43,24:07:58,Database rtsdb1 Table FlexResults key InsertOnly Keyfield 8253
07:38:43,24:07:58,Database TestReqNum = Frzr Mullion
07:38:43,24:07:58,TestDate is 09/05/16 Database rtsdb1 Table Results key 8253
07:38:43,24:07:58,ADC CT = 40.0000
07:38:42,24:07:58,User stopped test
10:14:47,2:44:03,Typical cycles started
09:56:12,2:25:28,Defrost recovery completed
09:56:12,2:25:28,1 Gosub ProcDefEnd
09:05:14,1:34:30,Log Freezer under 25. Over for 15.55 minutes
08:49:40,1:18:56,Freezer over 25 degrees
08:30:23,0:59:39,ADC CT = 40.0000
08:30:23,0:59:39,Product Defrosted
08:07:55,0:37:11,Typical cycles started
07:51:40,0:20:56,Defrost recovery completed
07:51:40,0:20:56,1 Gosub ProcDefEnd
07:30:44,0:00:00,Cycle Test Started v20.3
07:30:44,0:00:00,Stable value = 0.123 Period = 5:42:48
07:30:44,24:03:32,LastTest = mbusche\15P0180-8225-02-04
07:30:44,24:03:32,Save as mbusche\15P0180-8253-02-04
07:30:44,24:03:32,PerformanceFlex V2.4
07:30:44,24:03:32,Database rtsdb1 Table FlexResults key InsertOnly Keyfield 8225
07:30:44,24:03:32,Database TestReqNum = Frzr Mullion
07:30:44,24:03:32,TestDate is 09/04/16 Database rtsdb1 Table Results key 8225
07:30:44,24:03:32,ADC CT = 40.0000
07:30:44,24:03:32,User stopped test
09:32:36,2:05:24,Typical cycles started
09:14:06,1:46:54,Defrost recovery completed
09:14:06,1:46:54,1 Gosub ProcDefEnd
07:53:23,0:26:11,ADC CT = 40.0000
07:53:23,0:26:11,Product went into defrost while off
07:27:12,0:00:00,Cycle Test Started v20.3
07:27:12,0:00:00,Stable value = 0.105 Period = 6:03:50
07:27:12,23:54:01,LastTest = mbusche\15P0180-8203-02-04
07:27:12,23:54:01,Save as mbusche\15P0180-8225-02-04
07:27:12,23:54:00,PerformanceFlex V2.4
07:27:12,23:54:00,Database rtsdb1 Table FlexResults key InsertOnly Keyfield 8203
07:27:12,23:54:00,Database TestReqNum = Frzr Mullion
07:27:12,23:54:00,TestDate is 09/03/16 Database rtsdb1 Table Results key 8203
07:27:12,23:54:00,ADC CT = 40.0000
07:27:11,23:54:00,User stopped test
09:04:14,1:31:03,Typical cycles started
08:46:49,1:13:38,Defrost recovery completed
08:46:49,1:13:38,1 Gosub ProcDefEnd
07:33:11,0:00:00,Cycle Test Started v20.3
07:33:11,0:00:00,Stable value = 0.290 Period = 7:01:58
07:33:11,22:26:35,LastTest = mbusche\15P0180-8173-02-04
07:33:11,22:26:35,Save as mbusche\15P0180-8203-02-04
07:33:11,22:26:34,PerformanceFlex V2.4
07:33:11,22:26:34,Database rtsdb1 Table FlexResults key InsertOnly Keyfield 8173
07:33:11,22:26:34,Database TestReqNum = Frzr Mullion
07:33:11,22:26:34,TestDate is 09/02/16 Database rtsdb1 Table Results key 8173
07:33:11,22:26:34,ADC CT = 40.0000
07:33:11,22:26:34,User stopped test
14:45:44,5:39:08,Typical cycles started
14:35:20,5:28:44,Defrost recovery completed
14:35:20,5:28:44,1 Gosub ProcDefEnd
13:26:07,4:19:31,ADC CT = 40.0000
13:26:07,4:19:31,Product Defrosted
09:39:36,0:33:00,Typical cycles started
09:28:04,0:21:28,Defrost recovery completed
09:28:04,0:21:28,1 Gosub ProcDefEnd
09:06:36,0:00:00,Cycle Test Started v20.3
09:06:36,0:00:00,Stable value = 0.358 Period = 6:26:13
09:06:36,25:19:56,LastTest = mbusche\15P0180-8128-02-04
09:06:36,25:19:56,Save as mbusche\15P0180-8173-02-04
09:06:36,25:19:55,PerformanceFlex V2.4
09:06:36,25:19:55,Database rtsdb1 Table FlexResults key InsertOnly Keyfield 8128
09:06:36,25:19:55,Database TestReqNum = Frzr Mullion
09:06:36,25:19:55,TestDate is 09/01/16 Database rtsdb1 Table Results key 8128
09:06:36,25:19:55,ADC CT = 40.0000
09:06:35,25:19:55,User stopped test
19:14:08,11:27:28,Typical cycles started
18:59:07,11:12:26,Defrost recovery completed
18:59:07,11:12:26,1 Gosub ProcDefEnd
17:37:57,9:51:17,ADC CT = 40.0000
17:37:57,9:51:17,Product went into defrost while off
08:31:37,0:44:57,Typical cycles started
08:18:51,0:32:11,Defrost recovery completed
08:18:51,0:32:11,1 Gosub ProcDefEnd
07:46:40,0:00:00,Cycle Test Started v20.3
07:46:40,0:00:00,Stable value = 0.087 Period = 6:08:47
07:46:40,24:08:22,LastTest = mbusche\15P0180-8078-02-04
07:46:40,24:08:22,Save as mbusche\15P0180-8128-02-04
07:46:40,24:08:22,PerformanceFlex V2.4
07:46:40,24:08:22,Database rtsdb1 Table FlexResults key InsertOnly Keyfield 8078
07:46:40,24:08:22,Database TestReqNum = Frzr Mullion
07:46:40,24:08:22,TestDate is 08/31/16 Database rtsdb1 Table Results key 8078
07:46:40,24:08:22,ADC CT = 40.0000
07:46:40,24:08:21,User stopped test
19:34:35,11:56:17,Typical cycles started
19:26:27,11:48:09,Defrost recovery completed
19:26:27,11:48:09,1 Gosub ProcDefEnd
18:12:08,10:33:50,ADC CT = 40.0000
18:12:08,10:33:50,Product Defrosted
08:25:22,0:47:04,Typical cycles started
08:02:07,0:23:49,Defrost recovery completed
08:02:07,0:23:49,1 Gosub ProcDefEnd
07:38:18,0:00:00,Cycle Test Started v20.3
07:38:18,0:00:00,Stable value = 0.093 Period = 5:43:06
07:38:18,24:24:57,LastTest = mbusche\15P0180-8010-02-04
07:38:18,24:24:57,Save as mbusche\15P0180-8078-02-04
07:38:18,24:24:57,PerformanceFlex V2.4
07:38:18,24:24:57,Database rtsdb1 Table FlexResults key InsertOnly Keyfield 8010
07:38:18,24:24:57,Database TestReqNum = Frzr Mullion
07:38:18,24:24:57,TestDate is 08/30/16 Database rtsdb1 Table Results key 8010
07:38:18,24:24:57,ADC CT = 40.0000
07:38:18,24:24:57,Corrected For short on time
07:38:18,24:24:56,User stopped test
15:45:04,8:31:43,Typical cycles started
15:34:36,8:21:15,Defrost recovery completed
15:34:36,8:21:15,1 Gosub ProcDefEnd
14:01:29,6:48:08,ADC CT = 40.0000
14:01:29,6:48:08,Product Defrosted
08:00:22,0:47:01,Typical cycles started
07:47:39,0:34:18,Defrost recovery completed
07:47:39,0:34:18,1 Gosub ProcDefEnd
07:13:21,0:00:00,Cycle Test Started v20.3
07:13:21,0:00:00,Stable value = 0.099 Period = 6:38:03
07:13:21,23:07:08,LastTest = mbusche\15P0180-7960-02-04
07:13:21,23:07:08,Save as mbusche\15P0180-8010-02-04
07:13:21,23:07:07,PerformanceFlex V2.4
07:13:21,23:07:07,Database rtsdb1 Table FlexResults key InsertOnly Keyfield 7960
07:13:21,23:07:07,Database TestReqNum = Frzr Mullion
07:13:21,23:07:07,TestDate is 08/29/16 Database rtsdb1 Table Results key 7960
07:13:21,23:07:07,ADC CT = 40.0000
07:13:20,23:07:07,User stopped test
17:18:10,9:11:57,Typical cycles started
17:06:36,9:00:23,Defrost recovery completed
17:06:36,9:00:23,1 Gosub ProcDefEnd
16:05:15,7:59:02,ADC CT = 40.0000
16:05:15,7:59:02,Product went into defrost while off
08:55:06,0:48:53,Typical cycles started
08:45:47,0:39:34,Defrost recovery completed
08:45:47,0:39:34,1 Gosub ProcDefEnd
08:06:14,0:00:00,Cycle Test Started v20.3
08:06:14,0:00:00,Stable value = 0.069 Period = 7:05:59
08:06:14,24:36:53,LastTest = mbusche\15P0180-7931-02-04
08:06:14,24:36:53,Save as mbusche\15P0180-7960-02-04
08:06:14,24:36:53,PerformanceFlex V2.4
08:06:14,24:36:53,Database rtsdb1 Table FlexResults key InsertOnly Keyfield 7931
08:06:14,24:36:53,Database TestReqNum = Frzr Mullion
08:06:14,24:36:53,TestDate is 08/28/16 Database rtsdb1 Table Results key 7931
08:06:14,24:36:53,ADC CT = 40.0000
08:06:13,24:36:53,User stopped test
09:23:14,1:53:54,Typical cycles started
09:12:48,1:43:28,Defrost recovery completed
09:12:48,1:43:28,1 Gosub ProcDefEnd
07:54:41,0:25:21,ADC CT = 40.0000
07:54:41,0:25:21,Product Defrosted
07:47:03,0:17:43,Defrost recovery completed
07:47:03,0:17:43,1 Gosub ProcDefEnd
07:29:20,0:00:00,Cycle Test Started v20.3
07:29:20,0:00:00,Stable value = 0.731 Period = 6:42:38
07:29:20,22:46:11,LastTest = mbusche\15P0180-7916-02-04
07:29:20,22:46:11,Save as mbusche\15P0180-7931-02-04
07:29:20,22:46:11,PerformanceFlex V2.4
07:29:20,22:46:11,Database rtsdb1 Table FlexResults key InsertOnly Keyfield 7916
07:29:20,22:46:11,Database TestReqNum = Frzr Mullion
07:29:20,22:46:11,TestDate is 08/27/16 Database rtsdb1 Table Results key 7916
07:29:20,22:46:11,ADC CT = 40.0000
07:29:20,22:46:10,User stopped test
12:17:17,3:34:08,Typical cycles started
12:08:04,3:24:55,Defrost recovery completed
12:08:04,3:24:55,1 Gosub ProcDefEnd
11:08:05,2:24:56,ADC CT = 40.0000
11:08:05,2:24:56,Product went into defrost while off
09:23:08,0:39:59,Typical cycles started
09:11:31,0:28:22,Defrost recovery completed
09:11:31,0:28:22,1 Gosub ProcDefEnd
08:43:09,0:00:00,Cycle Test Started v20.3
08:43:09,0:00:00,Stable value = 0.120 Period = 5:59:29
08:43:09,14:57:43,LastTest = mbusche\15P0180-7902-02-04
08:43:09,14:57:43,Save as mbusche\15P0180-7916-02-04
08:43:09,14:57:43,PerformanceFlex V2.4
08:43:09,14:57:43,Database rtsdb1 Table FlexResults key InsertOnly Keyfield 7902
08:43:09,14:57:43,Database TestReqNum = Frzr Mullion
08:43:09,14:57:43,TestDate is 08/26/16 Database rtsdb1 Table Results key 7902
08:43:09,14:57:43,ADC CT = 40.0000
08:43:09,14:57:43,User stopped test
20:06:01,2:20:35,Typical cycles started
19:55:33,2:10:07,Defrost recovery completed
19:55:33,2:10:07,1 Gosub ProcDefEnd
17:45:27,0:00:00,ADC CT = 40.0000
17:45:27,0:00:00,Corrected For short on time
17:45:27,0:00:00,Product Defrosted
17:45:27,0:00:00,Cycle Test Started v20.3
17:45:27,0:00:00,Stable value = 1006.000 Period = 0:00:00
17:45:26,10:15:09,LastTest = mbusche\15P0180-7883-02-04
17:45:26,10:15:09,Save as mbusche\15P0180-7902-02-04
17:45:26,10:15:09,PerformanceFlex V2.4
17:45:26,10:15:09,Database rtsdb1 Table FlexResults key InsertOnly Keyfield 7883
17:45:26,10:15:09,Database TestReqNum = Frzr Mullion
17:45:26,10:15:09,TestDate is 08/26/16 Database rtsdb1 Table Results key 7883
17:45:26,10:15:09,ADC CT = 40.0000
17:45:26,10:15:09,User stopped test
10:20:04,0:00:00,Starting VAW Calibration Procedure 5.3, saving to Results
10:20:04,0:00:00,Original Voltage Setpoint 115.0
10:20:04,0:00:00,Starting with type 50 - 115V 60Hz range
10:20:04,0:00:00,Get 120 Cal Limits Error: Unable to run query
10:20:05,0:00:01,Get 220 Cal Limits Error: Unable to run query
10:20:11,0:00:00,Start Range changed to 1
10:20:11,0:00:00,---------- Changing voltage to 115V 60Hz
10:21:18,0:01:07,Setting up rtsdb1 for table VAW_RangeValues key InsertOnly Range 1
10:21:55,0:01:44,Raw Watt average 0 Number of readings 44
10:21:55,0:01:44,Watts Offset Deviation=0
10:21:55,0:01:44,Wattage zero1 set to 0
10:21:55,0:01:44,Amperage zero1 set to 0.0001
10:23:42,0:03:31,RBar = 0.0398 R_Bar UCL = 0.130 Sigma = 0.035284
10:23:42,0:03:31,Raw Watt average 200.42133 Number of readings 43, Yok 200.0042
10:23:42,0:03:31,Avg Watts:199.8624, Act Watt:200.0042,  Volt:115 Freq:60
10:23:42,0:03:31,Wattage 120 V Mid Range gain set to 0.9979
10:23:42,0:03:31,Voltage range 1 gain set to 0.9987
10:23:42,0:03:31,Amperage range 1 gain set to 1.0001
10:23:42,0:03:31,Skipping historical gain check for Range 1
10:23:42,0:03:31,Saving Report info for range 1, 120 V Mid Range
10:23:42,0:03:31,Sum of squares is 0.024, Watts var 0.0353 Yok Uncert 0.15
10:23:42,0:03:31,Watts Uncertainty is 0.310
10:23:42,0:03:31,No Database Write yet, continue to Whr calibration
10:25:50,0:05:39,RBar = 0 R_Bar UCL = 0 Sigma = 0
10:25:50,0:05:39,Saving Report info for range 11, 120 V Low Range
10:25:50,0:05:39,Raw Low Watt average 10.227 Number of readings 156
10:28:29,0:08:18,RBar = 0 R_Bar UCL = 0 Sigma = 0
10:28:29,0:08:18,Saving Report info for range 21, 120 V High Range
10:28:29,0:08:18,Raw High Watt average 503.466 Number of readings 159
10:28:50,0:08:39,120 V Mid Range Watt-hrs 0.02784 27.7900 %Error:0.18
10:28:50,0:08:39,Changing ranges (1->2)
10:28:50,0:08:39,Database values written for Range 1
10:28:52,0:08:41,---------- Changing voltage to 230V 60Hz
10:28:52,0:08:41,Value:2 Type:50 Range:52 SetRange: 51 CurRange:2
10:29:18,0:09:07,Setting up rtsdb1 for table VAW_RangeValues key InsertOnly Range 2
10:30:00,0:09:49,Raw Watt average 0 Number of readings 52
10:30:00,0:09:49,Watts Offset Deviation=0
10:30:00,0:09:49,Wattage zero2 set to 0
10:30:00,0:09:49,Amperage zero2 set to 0.0002
10:31:48,0:11:37,RBar = 0.0208 R_Bar UCL = 0.068 Sigma = 0.018440
10:31:48,0:11:37,Raw Watt average 199.70898 Number of readings 45, Yok 199.4260
10:31:48,0:11:37,Avg Watts:199.4705, Act Watt:199.4260,  Volt:230 Freq:60
10:31:48,0:11:37,Wattage 220 V Mid Range gain set to 0.9986
10:31:48,0:11:37,Voltage range 2 gain set to 0.9949
10:31:48,0:11:37,Amperage range 2 gain set to 0.9996
10:31:48,0:11:37,Skipping historical gain check for Range 2
10:31:48,0:11:37,Saving Report info for range 2, 220 V Mid Range
10:31:48,0:11:37,Sum of squares is 0.023, Watts var 0.0184 Yok Uncert 0.15
10:31:48,0:11:37,Watts Uncertainty is 0.303
10:31:48,0:11:37,No Database Write yet, continue to Whr calibration
10:33:54,0:13:43,RBar = 0 R_Bar UCL = 0 Sigma = 0
10:33:54,0:13:43,Saving Report info for range 12, 220 V Low Range
10:33:54,0:13:43,Raw Low Watt average 10.213 Number of readings 158
10:36:34,0:16:23,RBar = 0 R_Bar UCL = 0 Sigma = 0
10:36:34,0:16:23,Saving Report info for range 22, 220 V High Range
10:36:34,0:16:23,Raw High Watt average 504.964 Number of readings 156
10:36:55,0:16:44,220 V Mid Range Watt-hrs 0.02742 27.3700 %Error:0.18
10:36:55,0:16:44,Database values written for Range 1, Test Number: 8350
10:36:55,0:16:44,Database rtsdb1 Table Results key 8350
10:36:56,0:16:45,Test ended Proc VAWCAL at line 2177
