09:46:15,0:00:00,Using Yok 3000 for calibration
09:46:15,0:00:00,Lab = 11
06:58:29,0:26:44,Test ended Proc CALCURLEAK at line 292
06:58:29,0:26:44,CalCurLeak finished TN:8337
06:57:36,0:25:51,User stopped test
06:56:36,0:24:51,X21:2.06991 Y21:21.37343
06:55:36,0:23:51,X20:2.06982 Y20:14.13925
06:54:47,0:23:02,X19:2.07000 Y19:11.36412
06:53:55,0:22:10,X18:2.06991 Y18:8.43443
06:50:56,0:19:11,X17:2.07025 Y17:5.09229
06:49:56,0:18:11,X16:2.07018 Y16:4.35083
06:49:06,0:17:21,X15:2.07008 Y15:3.92393
06:47:38,0:15:53,X14:2.07017 Y14:2.66342
06:46:26,0:14:41,X13:2.06991 Y13:1.33701
06:45:37,0:13:52,X12:2.07000 Y12:1.05990
06:44:46,0:13:01,X11:2.07000 Y11:0.85460
06:42:26,0:10:41,X10:2.07000 Y10:0.67613
06:41:36,0:09:51,X9:2.06982 Y9:0.60695
06:40:36,0:08:51,X8:2.06964 Y8:0.50522
06:39:36,0:07:51,X7:2.06991 Y7:0.40426
06:38:37,0:06:52,X6:2.06992 Y6:0.30281
06:37:46,0:06:01,X5:2.07000 Y5:0.25310
06:36:58,0:05:13,X4:2.07017 Y4:0.20187
06:36:06,0:04:21,X3:2.07008 Y3:0.15053
06:35:15,0:03:30,X2:2.07009 Y2:0.10201
06:34:36,0:02:51,X1:2.07008 Y1:0.07649
06:31:45,0:00:00,CalCurLeak v1.1
15:21:51,0:17:44,Test ended Proc CALCURLEAK at line 292
15:21:51,0:17:44,CalCurLeak finished TN:8322
15:05:35,0:01:28,User stopped test
15:03:58,0:00:00,CalCurLeak v1.1
11:09:40,0:23:00,Test ended Proc CALTCAUTO at line 655
11:09:40,0:23:00,TC Calibration finished TN: 8311
11:09:38,0:22:58,Writing tcCalibration
11:09:38,0:22:58,Writing LabResults
11:09:37,0:22:57,110°F After Cal TC29Avg = 110.352
11:09:37,0:22:57,AutoCal - Standby
11:09:07,0:22:27,Averages cleared for 110°F After Cal Step 12
11:08:47,0:22:07,Resent Setpoint:P0 L110 2
11:08:36,0:21:56,Standby:P0 L110 2 13
11:08:25,0:21:45,Averages cleared for 110°F After Cal Step 12
11:08:05,0:21:25,Auto Cal - Temp setpoint changed to 110
11:08:05,0:21:25,Averages cleared for 110°F After Cal Step 11
11:08:04,0:21:24,-4°F After Cal TC29Avg = -3.330
11:08:04,0:21:24,Saving Values for -4 -4°F After Cal Start:29 Stop:30
11:08:04,0:21:24,AutoCal - Standby
11:07:34,0:20:54,Averages cleared for -4°F After Cal Step 12
11:07:14,0:20:34,Resent Setpoint:P0 L-4 2
11:07:03,0:20:23,Standby:P0 L-4 2 13
11:06:52,0:20:12,Averages cleared for -4°F After Cal Step 12
11:06:31,0:19:51,Auto Cal - Temp setpoint changed to -4
11:06:31,0:19:51,Averages cleared for -4°F After Cal Step 11
11:06:30,0:19:50,90°F After Cal TC29Avg = 90.280
11:06:30,0:19:50,Saving Values for 90 90°F After Cal Start:29 Stop:30
11:06:30,0:19:50,AutoCal - Standby
11:06:00,0:19:20,Averages cleared for 90°F After Cal Step 12
11:05:40,0:19:00,Auto Cal - Temp setpoint changed to 90
11:05:40,0:19:00,Averages cleared for 90°F After Cal Step 11
11:05:29,0:18:49,TC30 out of .3 window 89.69.  Number out:2
11:05:29,0:18:49,TC30 New Gain: 1.002600 Old Gain 0.9991
11:05:29,0:18:49,TC29 out of .3 window 89.61.  Number out:1
11:05:29,0:18:49,TC29 New Gain: 1.002600 Old Gain 0.9979
11:05:29,0:18:49,90°F After Cal TC29Avg = 90.280
11:05:29,0:18:49,Saving Values for 90 90°F After Cal Start:29 Stop:30
11:05:29,0:18:49,AutoCal - Standby
11:04:59,0:18:19,Averages cleared for 90°F After Cal Step 12
11:04:39,0:17:59,Resent Setpoint:P0 L90 2
11:04:28,0:17:48,Standby:P0 L90 2 13
11:04:17,0:17:37,Averages cleared for 90°F After Cal Step 12
11:03:57,0:17:17,Auto Cal - Temp setpoint changed to 90
11:03:57,0:17:17,Averages cleared for 90°F After Cal Step 11
11:03:56,0:17:16,PTC30 Zero Avg: 32.82 Calc Avg: 31.97 New Zero: -0.510500 Old Zero: 0.3303
11:03:56,0:17:16,PTC29 Zero Avg: 32.70 Calc Avg: 31.93 New Zero: -0.511100 Old Zero: 0.2515
11:03:56,0:17:16,32°F As Recvd TC29Avg = 32.510
11:03:56,0:17:16,Saving Values for 32 32°F As Recvd Start:29 Stop:30
11:03:56,0:17:16,AutoCal - Standby
11:03:26,0:16:46,Averages cleared for 32°F As Recvd Step 12
11:03:06,0:16:26,Auto Cal - Temp setpoint changed to 32
11:03:06,0:16:26,Averages cleared for 32°F As Recvd Step 11
11:03:05,0:16:25,90°F As Recvd TC29Avg = 90.280
11:03:05,0:16:25,Saving Values for 90 90°F As Recvd Start:29 Stop:30
11:03:05,0:16:25,AutoCal - Standby
11:02:35,0:15:55,Averages cleared for 90°F As Recvd Step 12
11:02:15,0:15:35,Auto Cal - Temp setpoint changed to 90
11:02:15,0:15:35,Averages cleared for 90°F As Recvd Step 11
11:01:32,0:14:52,110°F After Cal TC21Avg = 110.552
11:01:32,0:14:52,AutoCal - Standby
11:01:02,0:14:22,Averages cleared for 110°F After Cal Step 12
11:00:42,0:14:02,Auto Cal - Temp setpoint changed to 110
11:00:42,0:14:02,Averages cleared for 110°F After Cal Step 11
11:00:41,0:14:01,-4°F After Cal TC21Avg = -3.393
11:00:41,0:14:01,Saving Values for -4 -4°F After Cal Start:21 Stop:28
11:00:41,0:14:01,AutoCal - Standby
11:00:11,0:13:31,Averages cleared for -4°F After Cal Step 12
10:59:50,0:13:10,Auto Cal - Temp setpoint changed to -4
10:59:50,0:13:10,Averages cleared for -4°F After Cal Step 11
10:59:48,0:13:08,90°F After Cal TC21Avg = 90.526
10:59:48,0:13:08,Saving Values for 90 90°F After Cal Start:21 Stop:28
10:59:48,0:13:08,AutoCal - Standby
10:59:18,0:12:38,Averages cleared for 90°F After Cal Step 12
10:58:58,0:12:18,Auto Cal - Temp setpoint changed to 90
10:58:58,0:12:18,Averages cleared for 90°F After Cal Step 11
10:58:57,0:12:17,PTC28 Zero Avg: 32.60 Calc Avg: 32.00 New Zero: -0.363000 Old Zero: 0.2340
10:58:57,0:12:17,PTC27 Zero Avg: 32.65 Calc Avg: 32.00 New Zero: -0.427000 Old Zero: 0.2160
10:58:57,0:12:17,PTC26 Zero Avg: 32.68 Calc Avg: 32.00 New Zero: -0.472000 Old Zero: 0.2030
10:58:57,0:12:17,PTC25 Zero Avg: 32.43 Calc Avg: 32.00 New Zero: -0.373000 Old Zero: 0.0560
10:58:57,0:12:17,PTC24 Zero Avg: 32.48 Calc Avg: 32.00 New Zero: -0.435000 Old Zero: 0.0490
10:58:57,0:12:17,PTC23 Zero Avg: 32.50 Calc Avg: 32.00 New Zero: -0.466000 Old Zero: 0.0330
10:58:57,0:12:17,PTC22 Zero Avg: 32.54 Calc Avg: 32.00 New Zero: -0.529000 Old Zero: 0.0090
10:58:57,0:12:17,PTC21 Zero Avg: 32.65 Calc Avg: 32.00 New Zero: -0.551000 Old Zero: 0.1030
10:58:57,0:12:17,32°F As Recvd TC21Avg = 32.551
10:58:57,0:12:17,Saving Values for 32 32°F As Recvd Start:21 Stop:28
10:58:57,0:12:17,AutoCal - Standby
10:58:27,0:11:47,Averages cleared for 32°F As Recvd Step 12
10:58:07,0:11:27,Auto Cal - Temp setpoint changed to 32
10:58:07,0:11:27,Averages cleared for 32°F As Recvd Step 11
10:58:07,0:11:27,90°F As Recvd TC21Avg = 90.538
10:58:07,0:11:27,Saving Values for 90 90°F As Recvd Start:21 Stop:28
10:58:07,0:11:27,AutoCal - Standby
10:57:37,0:10:57,Averages cleared for 90°F As Recvd Step 12
10:57:17,0:10:37,Auto Cal - Temp setpoint changed to 90
10:57:17,0:10:37,Averages cleared for 90°F As Recvd Step 11
10:53:35,0:06:55,110°F After Cal TC1Avg = 110.740
10:53:35,0:06:55,AutoCal - Standby
10:53:05,0:06:25,Averages cleared for 110°F After Cal Step 12
10:52:45,0:06:05,Resent Setpoint:P0 L110 2
10:52:34,0:05:54,Standby:P0 L110 2 13
10:52:23,0:05:43,Averages cleared for 110°F After Cal Step 12
10:52:03,0:05:23,Auto Cal - Temp setpoint changed to 110
10:52:03,0:05:23,Averages cleared for 110°F After Cal Step 11
10:52:02,0:05:22,-4°F After Cal TC1Avg = -3.152
10:52:02,0:05:22,Saving Values for -4 -4°F After Cal Start:1 Stop:20
10:52:02,0:05:22,AutoCal - Standby
10:51:32,0:04:52,Averages cleared for -4°F After Cal Step 12
10:51:12,0:04:32,Resent Setpoint:P0 L-4 2
10:51:01,0:04:21,Standby:P0 L-4 2 13
10:50:50,0:04:10,Averages cleared for -4°F After Cal Step 12
10:50:30,0:03:50,Auto Cal - Temp setpoint changed to -4
10:50:30,0:03:50,Averages cleared for -4°F After Cal Step 11
10:50:29,0:03:49,TC20 New Gain: 1.000100 Old Gain 1.0014
10:50:29,0:03:49,TC9 New Gain: 1.000100 Old Gain 1.0013
10:50:29,0:03:49,90°F After Cal TC1Avg = 90.738
10:50:29,0:03:49,Saving Values for 90 90°F After Cal Start:1 Stop:20
10:50:29,0:03:49,AutoCal - Standby
10:49:59,0:03:19,Averages cleared for 90°F After Cal Step 12
10:49:39,0:02:59,Resent Setpoint:P0 L90 2
10:49:28,0:02:48,Standby:P0 L90 2 13
10:49:17,0:02:37,Averages cleared for 90°F After Cal Step 12
10:48:57,0:02:17,Auto Cal - Temp setpoint changed to 90
10:48:57,0:02:17,Averages cleared for 90°F After Cal Step 11
10:48:56,0:02:16,PTC20 Zero Avg: 32.14 Calc Avg: 32.05 New Zero: -0.497300 Old Zero: -0.3984
10:48:56,0:02:16,PTC19 Zero Avg: 32.17 Calc Avg: 32.00 New Zero: -0.561000 Old Zero: -0.3900
10:48:56,0:02:16,PTC18 Zero Avg: 32.27 Calc Avg: 32.00 New Zero: -0.637000 Old Zero: -0.3710
10:48:56,0:02:16,PTC17 Zero Avg: 32.33 Calc Avg: 32.00 New Zero: -0.627000 Old Zero: -0.2980
10:48:56,0:02:16,PTC16 Zero Avg: 32.41 Calc Avg: 32.00 New Zero: -0.676000 Old Zero: -0.2640
10:48:56,0:02:16,PTC15 Zero Avg: 32.47 Calc Avg: 32.00 New Zero: -0.608000 Old Zero: -0.1370
10:48:56,0:02:16,PTC14 Zero Avg: 32.46 Calc Avg: 32.00 New Zero: -0.664000 Old Zero: -0.2070
10:48:56,0:02:16,PTC13 Zero Avg: 32.47 Calc Avg: 32.00 New Zero: -0.700000 Old Zero: -0.2340
10:48:56,0:02:16,PTC12 Zero Avg: 32.52 Calc Avg: 32.00 New Zero: -0.759000 Old Zero: -0.2410
10:48:56,0:02:16,PTC11 Zero Avg: 32.51 Calc Avg: 32.00 New Zero: -0.800000 Old Zero: -0.2930
10:48:56,0:02:16,PTC10 Zero Avg: 32.32 Calc Avg: 32.04 New Zero: -0.537400 Old Zero: -0.2570
10:48:56,0:02:16,PTC9 Zero Avg: 32.31 Calc Avg: 32.04 New Zero: -0.565300 Old Zero: -0.2930
10:48:56,0:02:16,PTC8 Zero Avg: 32.34 Calc Avg: 32.00 New Zero: -0.575000 Old Zero: -0.2330
10:48:56,0:02:16,PTC7 Zero Avg: 32.36 Calc Avg: 32.00 New Zero: -0.617000 Old Zero: -0.2550
10:48:56,0:02:16,PTC6 Zero Avg: 32.51 Calc Avg: 32.00 New Zero: -0.707000 Old Zero: -0.1970
10:48:56,0:02:16,PTC5 Zero Avg: 32.21 Calc Avg: 32.00 New Zero: -0.551000 Old Zero: -0.3460
10:48:56,0:02:16,PTC4 Zero Avg: 32.24 Calc Avg: 32.04 New Zero: -0.612200 Old Zero: -0.4190
10:48:56,0:02:16,PTC3 Zero Avg: 32.22 Calc Avg: 32.00 New Zero: -0.664000 Old Zero: -0.4470
10:48:56,0:02:16,PTC2 Zero Avg: 32.37 Calc Avg: 32.00 New Zero: -0.728000 Old Zero: -0.3610
10:48:56,0:02:16,PTC1 Zero Avg: 32.41 Calc Avg: 32.00 New Zero: -0.791000 Old Zero: -0.3770
10:48:56,0:02:16,32°F As Recvd TC1Avg = 32.791
10:48:56,0:02:16,Saving Values for 32 32°F As Recvd Start:1 Stop:20
10:48:56,0:02:16,AutoCal - Standby
10:48:26,0:01:46,Averages cleared for 32°F As Recvd Step 12
10:48:06,0:01:26,Auto Cal - Temp setpoint changed to 32
10:48:06,0:01:26,Averages cleared for 32°F As Recvd Step 11
10:48:05,0:01:25,90°F As Recvd TC1Avg = 90.745
10:48:05,0:01:25,Saving Values for 90 90°F As Recvd Start:1 Stop:20
10:48:05,0:01:25,AutoCal - Standby
10:47:35,0:00:55,Averages cleared for 90°F As Recvd Step 12
10:47:14,0:00:34,Auto Cal - Temp setpoint changed to 90
10:47:14,0:00:34,Averages cleared for 90°F As Recvd Step 11
10:46:40,0:00:00,CALTC Auto Version 3.6
10:46:40,0:00:00,Point Numbers30
10:01:14,0:01:28,Test ended Proc CALPRES at line 316
10:01:14,0:01:28,Pressure Calibration finished TN:8297
10:01:14,0:01:28,Database rtsdb1 Table FlexResults key InsertOnly Keyfield 8297
10:01:14,0:01:28,Writing Results
10:01:14,0:01:28,Writing Results
10:01:14,0:01:28,Number of readings 23
10:01:14,0:01:28,HPsi Gain changed to 1.000182
10:01:14,0:01:28,LPsi Gain changed to 1.000200
10:01:14,0:01:28,Raw Gain LPSI 4.99900 HPSI 4.99909 Number of readings 23
10:00:23,0:00:37,Raw Zero LPSI 0.000000 HPSI 0.000000
10:00:23,0:00:37,Raw Zero LPSI 0 HPSI 0 Number of readings 26
09:59:46,0:00:00,CALPRES Version 2.0
09:59:46,0:00:00,Inject signal on pin 4 to 3
09:59:46,0:00:00,24V source measured from pin 2 to 1
09:59:46,0:00:00,0 0
09:59:46,0:00:00,Point Pressure loaded
09:59:31,24:27:48,Test killed Operator aborted test
09:32:29,0:00:46,Typical cycles started
09:32:12,0:00:29,Defrost recovery completed
09:32:12,0:00:29,1 Gosub ProcDefEnd
09:31:43,0:00:00,Cycle Test Started v20.3
09:31:43,0:00:00,Stable value = 4.393 Period = 6:00:37
09:31:43,72:00:09,LastTest = mbusche\15P0054-8176-02-02
09:31:43,72:00:09,Save as mbusche\15P0054-8262-02-02
09:31:42,72:00:01,PerformanceFlex V2.4
09:31:42,72:00:01,Database rtsdb1 Table FlexResults key InsertOnly Keyfield 8176
09:31:42,72:00:01,Database TestReqNum = 
09:31:42,72:00:01,TestDate is 09/02/16 Database rtsdb1 Table Results key 8176
09:31:42,72:00:01,ADC CT = 40.0000
15:22:33,53:50:59,Log Freezer under 25. Over for 8.35 minutes
15:14:11,53:42:37,Freezer over 25 degrees
15:13:21,53:41:47,Product cycled, no more markers, typical cycles started 193020 2
15:08:46,53:37:12,Defrost recovery completed
15:08:46,53:37:12,1 Gosub ProcDefEnd
14:29:21,52:57:47,Continuous run II, adding markers 12549.000000 > 10800) & 0 < 2
14:29:21,52:57:46,ADC CT = 40.0000
14:29:20,52:57:46,Product Defrosted
22:24:28,36:52:54,Log Freezer under 25. Over for 11.05 minutes
22:13:24,36:41:50,Freezer over 25 degrees
22:13:22,36:41:48,Product cycled, no more markers, typical cycles started 131848 2
22:09:13,36:37:39,Defrost recovery completed
22:09:13,36:37:39,1 Gosub ProcDefEnd
21:29:31,35:57:57,Continuous run II, adding markers 12349.000000 > 10800) & 0 < 2
21:29:31,35:57:56,ADC CT = 40.0000
21:29:30,35:57:56,Product Defrosted
05:24:08,19:52:34,Log Freezer under 25. Over for 11.65 minutes
05:12:28,19:40:54,Freezer over 25 degrees
05:08:16,19:36:42,Product cycled, no more markers, typical cycles started 70573 2
05:08:02,19:36:28,Defrost recovery completed
05:08:02,19:36:28,1 Gosub ProcDefEnd
04:59:15,19:27:41,Continuous run II, adding markers 10801.000000 > 10800) & 1 < 2
04:31:20,18:59:45,ADC CT = 40.0000
04:31:19,18:59:45,Product Defrosted
11:23:24,1:51:50,Log Freezer under 25. Over for 11.28 minutes
11:12:06,1:40:32,Freezer over 25 degrees
10:31:04,0:59:30,Typical cycles started
10:30:57,0:59:23,Defrost recovery completed
10:30:57,0:59:23,1 Gosub ProcDefEnd
10:29:55,0:58:21,ADC CT = 40.0000
10:29:55,0:58:21,Corrected For short on time
10:29:55,0:58:21,Product Defrosted
09:34:48,0:03:14,Typical cycles started
09:34:30,0:02:56,Defrost recovery completed
09:34:30,0:02:56,1 Gosub ProcDefEnd
09:31:34,0:00:00,Cycle Test Started v20.3
09:31:34,0:00:00,Stable value = 0.036 Period = 6:01:20
09:31:34,72:00:07,LastTest = mbusche\15P0054-8030-02-02
09:31:34,72:00:07,Save as mbusche\15P0054-8176-02-02
09:31:33,72:00:01,PerformanceFlex V2.4
09:31:33,72:00:01,Database rtsdb1 Table FlexResults key InsertOnly Keyfield 8030
09:31:33,72:00:01,Database TestReqNum = 
09:31:33,72:00:01,TestDate is 08/30/16 Database rtsdb1 Table Results key 8030
09:31:33,72:00:01,ADC CT = 40.0000
13:36:43,52:05:16,Log Freezer under 25. Over for 6.38 minutes
13:30:19,51:58:52,Freezer over 25 degrees
12:46:55,51:15:28,Typical cycles started
12:46:47,51:15:20,Defrost recovery completed
12:46:47,51:15:20,1 Gosub ProcDefEnd
12:42:36,51:11:02,ADC CT = 40.0000
12:42:29,51:11:02,Corrected For short on time
12:42:29,51:11:02,Product Defrosted
15:46:33,30:15:06,Log Freezer under 25. Over for 7.95 minutes
15:38:35,30:07:08,Freezer over 25 degrees
14:52:36,29:21:09,Typical cycles started
14:52:29,29:21:02,Defrost recovery completed
14:52:29,29:21:02,1 Gosub ProcDefEnd
14:51:46,29:20:13,ADC CT = 40.0000
14:51:40,29:20:13,Product Defrosted
17:18:50,7:47:23,Log Freezer under 25. Over for 13.58 minutes
17:05:14,7:33:47,Freezer over 25 degrees
16:24:48,6:53:21,Typical cycles started
16:24:40,6:53:13,Defrost recovery completed
16:24:40,6:53:13,1 Gosub ProcDefEnd
16:24:18,6:52:50,ADC CT = 40.0000
16:24:17,6:52:50,Product went into defrost while off
10:10:14,0:38:47,Typical cycles started
10:10:06,0:38:39,Defrost recovery completed
10:10:06,0:38:39,1 Gosub ProcDefEnd
09:31:27,0:00:00,Cycle Test Started v20.3
09:31:27,0:00:00,Stable value = 0.024 Period = 5:56:58
09:31:27,72:00:10,LastTest = mbusche\15P0054-7919-02-02
09:31:27,72:00:10,Save as mbusche\15P0054-8030-02-02
09:31:26,72:00:01,PerformanceFlex V2.4
09:31:26,72:00:01,Database rtsdb1 Table FlexResults key InsertOnly Keyfield 7919
09:31:26,72:00:01,Database TestReqNum = 
09:31:26,72:00:01,TestDate is 08/27/16 Database rtsdb1 Table Results key 7919
09:31:26,72:00:01,ADC CT = 40.0000
12:45:00,51:13:43,Typical cycles started
12:44:52,51:13:35,Defrost recovery completed
12:44:52,51:13:35,1 Gosub ProcDefEnd
12:44:24,51:12:53,ADC CT = 40.0000
12:44:10,51:12:53,Product went into defrost while off
12:06:30,26:35:13,Typical cycles started
12:06:22,26:35:05,Defrost recovery completed
12:06:22,26:35:05,1 Gosub ProcDefEnd
12:05:50,26:34:23,ADC CT = 40.0000
12:05:40,26:34:23,Product went into defrost while off
11:26:15,1:54:58,Typical cycles started
11:26:08,1:54:51,Defrost recovery completed
11:26:08,1:54:51,1 Gosub ProcDefEnd
11:25:26,1:54:08,ADC CT = 40.0000
11:25:25,1:54:08,Corrected For short on time
11:25:25,1:54:08,Product Defrosted
09:36:31,0:05:14,Typical cycles started
09:36:23,0:05:06,Defrost recovery completed
09:36:23,0:05:06,1 Gosub ProcDefEnd
09:31:17,0:00:00,Cycle Test Started v20.3
09:31:17,0:00:00,Stable value = 0.136 Period = 5:34:37
09:31:17,72:00:14,LastTest = mbusche\15P0054-7761-02-02
09:31:17,72:00:14,Save as mbusche\15P0054-7919-02-02
09:31:17,72:00:01,PerformanceFlex V2.4
09:31:17,72:00:01,Database rtsdb1 Table FlexResults key InsertOnly Keyfield 7761
09:31:17,72:00:01,Database TestReqNum = 
09:31:17,72:00:01,TestDate is 08/24/16 Database rtsdb1 Table Results key 7761
09:31:16,72:00:01,ADC CT = 40.0000
13:00:52,51:29:49,Log Freezer under 25. Over for 9.82 minutes
12:51:02,51:19:59,Freezer over 25 degrees
12:35:19,51:04:16,Product cycled, no more markers, typical cycles started 183842 2
12:35:11,51:04:08,Defrost recovery completed
12:35:11,51:04:08,1 Gosub ProcDefEnd
12:25:05,50:54:02,Continuous run II, adding markers 10801.000000 > 10800) & 0 < 2
12:08:06,50:36:58,ADC CT = 40.0000
12:08:01,50:36:58,Product Defrosted
20:36:24,35:05:21,Log Freezer under 25. Over for 75.98 minutes
19:38:23,34:07:20,Typical cycles started
19:38:16,34:07:13,Defrost recovery completed
19:38:16,34:07:13,1 Gosub ProcDefEnd
19:36:54,34:05:40,ADC CT = 40.0000
19:36:43,34:05:40,Product went into defrost while off
19:36:42,34:00:57,Test was recovered while running
19:20:24,33:49:21,Freezer over 25 degrees
17:20:05,31:15:37,Test was recovered while running
14:49:16,5:18:13,Product cycled, no more markers, typical cycles started 6982 2
14:12:07,4:41:04,Continuous run II, adding markers 10801.000000 > 10800) & 1 < 2
11:27:31,1:56:28,Defrost recovery completed
11:27:31,1:56:28,1 Gosub ProcDefEnd
09:31:03,0:00:00,Cycle Test Started v20.3
09:31:03,0:00:00,Stable value = 1006.000 Period = 0:00:00
09:31:03,72:00:03,LastTest = mbusche\15P0054-7659-02-02
09:31:03,72:00:03,Save as mbusche\15P0054-7761-02-02
09:31:03,72:00:01,PerformanceFlex V2.4
09:31:03,72:00:01,Database rtsdb1 Table FlexResults key InsertOnly Keyfield 7659
09:31:03,72:00:01,Database TestReqNum = 
09:31:03,72:00:01,TestDate is 08/21/16 Database rtsdb1 Table Results key 7659
09:31:03,72:00:01,ADC CT = 40.0000
02:08:32,64:37:32,Log Freezer under 25. Over for 7.75 minutes
02:00:46,64:29:46,Freezer over 25 degrees
01:59:24,64:28:24,Product cycled, no more markers, typical cycles started 231817 2
01:54:49,64:23:49,Defrost recovery completed
01:54:49,64:23:49,1 Gosub ProcDefEnd
01:14:17,63:43:17,Continuous run II, adding markers 13131.000000 > 10800) & 0 < 2
01:14:17,63:43:15,ADC CT = 40.0000
01:14:15,63:43:15,Product Defrosted
09:11:55,47:40:55,Log Freezer under 25. Over for 13.95 minutes
09:00:07,47:29:07,Typical cycles started
08:57:57,47:26:57,Freezer over 25 degrees
08:55:18,47:24:18,Defrost recovery completed
08:55:18,47:24:18,1 Gosub ProcDefEnd
08:21:17,46:50:16,ADC CT = 40.0000
08:21:16,46:50:16,Product Defrosted
15:55:25,30:24:25,Log Freezer under 25. Over for 8.08 minutes
15:47:19,30:16:19,Freezer over 25 degrees
15:23:43,29:52:43,Typical cycles started
15:23:36,29:52:36,Defrost recovery completed
15:23:36,29:52:36,1 Gosub ProcDefEnd
15:01:44,29:30:40,ADC CT = 40.0000
15:01:40,29:30:40,Product Defrosted
09:32:10,0:01:10,Typical cycles started
09:31:42,0:00:42,Defrost recovery completed
09:31:42,0:00:42,1 Gosub ProcDefEnd
09:31:03,0:00:00,Cycle Test Started v20.3
09:31:03,0:00:00,Stable value = 1006.000 Period = 0:00:00
09:31:03,72:00:01,LastTest = mbusche\15P0054-7530-02-02
09:31:03,72:00:01,Save as mbusche\15P0054-7659-02-02
09:31:03,72:00:01,PerformanceFlex V2.4
09:31:03,72:00:01,Database rtsdb1 Table FlexResults key InsertOnly Keyfield 7530
09:31:03,72:00:01,Database TestReqNum = 
09:31:03,72:00:01,TestDate is 08/18/16 Database rtsdb1 Table Results key 7530
09:31:03,72:00:01,ADC CT = 40.0000
06:49:19,69:18:20,Log Freezer under 25. Over for 12.67 minutes
06:36:38,69:05:39,Freezer over 25 degrees
05:56:33,68:25:34,Typical cycles started
05:56:26,68:25:27,Defrost recovery completed
05:56:26,68:25:27,1 Gosub ProcDefEnd
05:55:43,68:24:38,ADC CT = 40.0000
05:55:37,68:24:38,Corrected For short on time
05:55:37,68:24:38,Product Defrosted
08:42:46,47:11:47,Log Freezer under 25. Over for 6.98 minutes
08:35:46,47:04:47,Freezer over 25 degrees
07:48:07,46:17:08,Typical cycles started
07:47:59,46:17:00,Defrost recovery completed
07:47:59,46:17:00,1 Gosub ProcDefEnd
07:46:38,46:15:36,ADC CT = 40.0000
07:46:35,46:15:36,Corrected For short on time
07:46:35,46:15:36,Product Defrosted
09:46:15,0:00:00,Starting VAW Calibration Procedure 5.3, saving to Results
09:46:15,0:00:00,Original Voltage Setpoint 230.0
09:46:15,0:00:00,Starting with type 50 - 115V 60Hz range
09:46:16,0:00:01,Get 120 Cal Limits Error: Unable to run query
09:46:16,0:00:01,Get 220 Cal Limits Error: Unable to run query
09:46:21,0:00:00,Start Range changed to 1
09:46:21,0:00:00,---------- Changing voltage to 115V 60Hz
09:46:40,0:00:18,Setting up rtsdb1 for table VAW_RangeValues key InsertOnly Range 1
09:47:17,0:00:55,Raw Watt average 0 Number of readings 44
09:47:17,0:00:55,Watts Offset Deviation=0
09:47:17,0:00:55,Wattage zero1 set to 0
09:47:17,0:00:55,Amperage zero1 set to 0.0001
09:49:03,0:02:41,RBar = 0.0324 R_Bar UCL = 0.106 Sigma = 0.028723
09:49:03,0:02:41,Raw Watt average 199.57535 Number of readings 43, Yok 199.0324
09:49:03,0:02:41,Avg Watts:199.1283, Act Watt:199.0324,  Volt:115 Freq:60
09:49:03,0:02:41,Wattage 120 V Mid Range gain set to 0.9973
09:49:03,0:02:41,Voltage range 1 gain set to 0.9982
09:49:03,0:02:41,Amperage range 1 gain set to 0.9997
09:49:03,0:02:41,Skipping historical gain check for Range 1
09:49:03,0:02:41,Saving Report info for range 1, 120 V Mid Range
09:49:03,0:02:41,Sum of squares is 0.023, Watts var 0.0287 Yok Uncert 0.15
09:49:03,0:02:41,Watts Uncertainty is 0.303
09:49:03,0:02:41,No Database Write yet, continue to Whr calibration
09:51:10,0:04:48,RBar = 0 R_Bar UCL = 0 Sigma = 0
09:51:10,0:04:48,Saving Report info for range 11, 120 V Low Range
09:51:10,0:04:48,Raw Low Watt average 10.218 Number of readings 155
09:53:48,0:07:26,RBar = 0 R_Bar UCL = 0 Sigma = 0
09:53:48,0:07:26,Saving Report info for range 21, 120 V High Range
09:53:48,0:07:26,Raw High Watt average 504.017 Number of readings 157
09:54:09,0:07:47,120 V Mid Range Watt-hrs 0.02743 27.3600 %Error:0.26
09:54:09,0:07:47,Changing ranges (1->2)
09:54:09,0:07:47,Database values written for Range 1
09:54:11,0:07:49,---------- Changing voltage to 230V 60Hz
09:54:11,0:07:49,Value:2 Type:50 Range:52 SetRange: 51 CurRange:2
09:54:38,0:08:16,Setting up rtsdb1 for table VAW_RangeValues key InsertOnly Range 2
09:55:15,0:08:53,Raw Watt average 0 Number of readings 44
09:55:15,0:08:53,Watts Offset Deviation=0
09:55:15,0:08:53,Wattage zero2 set to 0
09:55:15,0:08:53,Amperage zero2 set to 0.0002
09:57:02,0:10:40,RBar = 0.0242 R_Bar UCL = 0.079 Sigma = 0.021454
09:57:02,0:10:40,Raw Watt average 200.06468 Number of readings 43, Yok 199.6958
09:57:02,0:10:40,Avg Watts:199.6790, Act Watt:199.6958,  Volt:230 Freq:60
09:57:02,0:10:40,Wattage 220 V Mid Range gain set to 0.9982
09:57:02,0:10:40,Voltage range 2 gain set to 0.9947
09:57:02,0:10:40,Amperage range 2 gain set to 0.9994
09:57:02,0:10:40,Skipping historical gain check for Range 2
09:57:02,0:10:40,Saving Report info for range 2, 220 V Mid Range
09:57:02,0:10:40,Sum of squares is 0.023, Watts var 0.0215 Yok Uncert 0.15
09:57:02,0:10:40,Watts Uncertainty is 0.303
09:57:02,0:10:40,No Database Write yet, continue to Whr calibration
09:59:10,0:12:48,RBar = 0 R_Bar UCL = 0 Sigma = 0
09:59:10,0:12:48,Saving Report info for range 12, 220 V Low Range
09:59:10,0:12:48,Raw Low Watt average 10.274 Number of readings 156
10:01:50,0:15:28,RBar = 0 R_Bar UCL = 0 Sigma = 0
10:01:50,0:15:28,Saving Report info for range 22, 220 V High Range
10:01:50,0:15:28,Raw High Watt average 502.016 Number of readings 158
10:02:11,0:15:49,220 V Mid Range Watt-hrs 0.02768 27.6200 %Error:0.22
10:02:11,0:15:49,Database values written for Range 1, Test Number: 8348
10:02:11,0:15:49,Database rtsdb1 Table Results key 8348
10:02:12,0:15:50,Test ended Proc VAWCAL at line 2177
