10:09:41,0:00:00,Using Yok 3000 for calibration
10:09:41,0:00:00,Lab = 11
09:37:27,0:15:45,Test ended Proc VAWCAL at line 2177
09:37:26,0:15:44,Database rtsdb1 Table Results key 9694
09:37:26,0:15:44,Database values written for Range 1, Test Number: 9694
09:37:26,0:15:44,220 V Mid Range Watt-hrs 0.02768 27.6300 %Error:0.18
09:37:05,0:15:23,Raw High Watt average 504.746 Number of readings 157
09:37:05,0:15:23,Saving Report info for range 22, 220 V High Range
09:37:05,0:15:23,RBar = 0 R_Bar UCL = 0 Sigma = 0
09:34:24,0:12:42,Raw Low Watt average 10.308 Number of readings 156
09:34:24,0:12:42,Saving Report info for range 12, 220 V Low Range
09:34:24,0:12:42,RBar = 0 R_Bar UCL = 0 Sigma = 0
09:32:18,0:10:36,No Database Write yet, continue to Whr calibration
09:32:18,0:10:36,Watts Uncertainty is 0.303
09:32:18,0:10:36,Sum of squares is 0.023, Watts var 0.0254 Yok Uncert 0.15
09:32:18,0:10:36,Saving Report info for range 2, 220 V Mid Range
09:32:18,0:10:36,Skipping historical gain check for Range 2
09:32:18,0:10:36,Amperage range 2 gain set to 0.9996
09:32:18,0:10:36,Voltage range 2 gain set to 0.9949
09:32:18,0:10:36,Wattage 220 V Mid Range gain set to 0.9985
09:32:18,0:10:36,Avg Watts:200.8050, Act Watt:200.8566,  Volt:230 Freq:60
09:32:18,0:10:36,Raw Watt average 201.15991 Number of readings 44, Yok 200.8566
09:32:18,0:10:36,RBar = 0.0287 R_Bar UCL = 0.094 Sigma = 0.025443
09:30:30,0:08:48,Amperage zero2 set to 0.0002
09:30:30,0:08:48,Wattage zero2 set to 0
09:30:30,0:08:48,Watts Offset Deviation=0
09:30:30,0:08:48,Raw Watt average 0 Number of readings 43
09:29:53,0:08:11,Setting up rtsdb1 for table VAW_RangeValues key InsertOnly Range 2
09:29:28,0:07:46,Value:2 Type:50 Range:52 SetRange: 51 CurRange:2
09:29:28,0:07:46,---------- Changing voltage to 230V 60Hz
09:29:26,0:07:44,Database values written for Range 1
09:29:26,0:07:44,Changing ranges (1->2)
09:29:26,0:07:44,120 V Mid Range Watt-hrs 0.02766 27.6100 %Error:0.18
09:29:05,0:07:23,Raw High Watt average 503.532 Number of readings 157
09:29:05,0:07:23,Saving Report info for range 21, 120 V High Range
09:29:05,0:07:23,RBar = 0 R_Bar UCL = 0 Sigma = 0
09:26:24,0:04:42,Raw Low Watt average 10.226 Number of readings 156
09:26:24,0:04:42,Saving Report info for range 11, 120 V Low Range
09:26:24,0:04:42,RBar = 0 R_Bar UCL = 0 Sigma = 0
09:24:18,0:02:36,No Database Write yet, continue to Whr calibration
09:24:18,0:02:36,Watts Uncertainty is 0.303
09:24:18,0:02:36,Sum of squares is 0.023, Watts var 0.0273 Yok Uncert 0.15
09:24:18,0:02:36,Saving Report info for range 1, 120 V Mid Range
09:24:18,0:02:36,Skipping historical gain check for Range 1
09:24:18,0:02:36,Amperage range 1 gain set to 1.0000
09:24:18,0:02:36,Voltage range 1 gain set to 0.9985
09:24:18,0:02:36,Wattage 120 V Mid Range gain set to 0.9982
09:24:18,0:02:36,Avg Watts:198.5162, Act Watt:198.5253,  Volt:115 Freq:60
09:24:18,0:02:36,Raw Watt average 198.89203 Number of readings 44, Yok 198.5253
09:24:18,0:02:36,RBar = 0.0308 R_Bar UCL = 0.101 Sigma = 0.027305
09:22:29,0:00:47,Amperage zero1 set to 0.0001
09:22:29,0:00:47,Wattage zero1 set to 0
09:22:29,0:00:47,Watts Offset Deviation=0
09:22:29,0:00:47,Raw Watt average 0 Number of readings 44
09:21:53,0:00:11,Setting up rtsdb1 for table VAW_RangeValues key InsertOnly Range 1
09:21:43,0:00:01,---------- Changing voltage to 115V 60Hz
09:21:43,0:00:01,Start Range changed to 1
09:21:42,0:00:00,Get 220 Cal Limits Error: Unable to run query
09:21:42,0:00:00,Get 120 Cal Limits Error: Unable to run query
09:21:42,0:00:00,Starting with type 50 - 115V 60Hz range
09:21:42,0:00:00,--------------------------------Test number 3 Started
09:21:41,0:16:06,Database rtsdb1 Table Results key 9693
09:21:41,0:16:06,Database values written for Range 1, Test Number: 9693
09:21:41,0:16:06,220 V Mid Range Watt-hrs 0.02737 27.3200 %Error:0.18
09:21:20,0:15:45,Raw High Watt average 504.698 Number of readings 156
09:21:20,0:15:45,Saving Report info for range 22, 220 V High Range
09:21:20,0:15:45,RBar = 0 R_Bar UCL = 0 Sigma = 0
09:18:41,0:13:06,Raw Low Watt average 10.240 Number of readings 155
09:18:41,0:13:06,Saving Report info for range 12, 220 V Low Range
09:18:41,0:13:06,RBar = 0 R_Bar UCL = 0 Sigma = 0
09:16:34,0:10:59,No Database Write yet, continue to Whr calibration
09:16:34,0:10:59,Watts Uncertainty is 0.303
09:16:34,0:10:59,Sum of squares is 0.023, Watts var 0.0281 Yok Uncert 0.15
09:16:34,0:10:59,Saving Report info for range 2, 220 V Mid Range
09:16:34,0:10:59,Skipping historical gain check for Range 2
09:16:34,0:10:59,Amperage range 2 gain set to 0.9996
09:16:34,0:10:59,Voltage range 2 gain set to 0.9949
09:16:34,0:10:59,Wattage 220 V Mid Range gain set to 0.9986
09:16:34,0:10:59,Avg Watts:200.2965, Act Watt:200.3620,  Volt:230 Freq:60
09:16:34,0:10:59,Raw Watt average 200.65253 Number of readings 41, Yok 200.3620
09:16:34,0:10:59,RBar = 0.0317 R_Bar UCL = 0.104 Sigma = 0.028103
09:14:49,0:09:14,Amperage zero2 set to 0.0002
09:14:49,0:09:14,Wattage zero2 set to 0
09:14:49,0:09:14,Watts Offset Deviation=0
09:14:49,0:09:14,Raw Watt average 0 Number of readings 52
09:14:07,0:08:32,Setting up rtsdb1 for table VAW_RangeValues key InsertOnly Range 2
09:13:41,0:08:06,Value:2 Type:50 Range:52 SetRange: 51 CurRange:2
09:13:41,0:08:06,---------- Changing voltage to 230V 60Hz
09:13:39,0:08:04,Database values written for Range 1
09:13:39,0:08:04,Changing ranges (1->2)
09:13:39,0:08:04,120 V Mid Range Watt-hrs 0.02782 27.7700 %Error:0.18
09:13:18,0:07:43,Raw High Watt average 502.254 Number of readings 156
09:13:18,0:07:43,Saving Report info for range 21, 120 V High Range
09:13:18,0:07:43,RBar = 0 R_Bar UCL = 0 Sigma = 0
09:10:38,0:05:03,Raw Low Watt average 10.245 Number of readings 158
09:10:38,0:05:03,Saving Report info for range 11, 120 V Low Range
09:10:38,0:05:03,RBar = 0 R_Bar UCL = 0 Sigma = 0
09:08:30,0:02:55,No Database Write yet, continue to Whr calibration
09:08:30,0:02:55,Watts Uncertainty is 0.303
09:08:30,0:02:55,Sum of squares is 0.023, Watts var 0.0277 Yok Uncert 0.15
09:08:30,0:02:55,Saving Report info for range 1, 120 V Mid Range
09:08:30,0:02:55,Skipping historical gain check for Range 1
09:08:30,0:02:55,Amperage range 1 gain set to 1.0004
09:08:30,0:02:55,Voltage range 1 gain set to 0.9988
09:08:30,0:02:55,Wattage 120 V Mid Range gain set to 0.9985
09:08:30,0:02:55,Avg Watts:200.6228, Act Watt:200.8509,  Volt:115 Freq:60
09:08:30,0:02:55,Raw Watt average 201.14565 Number of readings 44, Yok 200.8509
09:08:30,0:02:55,RBar = 0.0313 R_Bar UCL = 0.102 Sigma = 0.027748
09:06:48,0:01:13,Amperage zero1 set to 0.0001
09:06:48,0:01:13,Wattage zero1 set to 0
09:06:48,0:01:13,Watts Offset Deviation=0
09:06:48,0:01:13,Raw Watt average 0 Number of readings 54
09:06:06,0:00:31,Setting up rtsdb1 for table VAW_RangeValues key InsertOnly Range 1
09:05:38,0:00:03,---------- Changing voltage to 115V 60Hz
09:05:36,0:00:01,Get 220 Cal Limits Error: Unable to run query
09:05:36,0:00:01,Get 120 Cal Limits Error: Unable to run query
09:05:35,0:00:00,Starting with type 50 - 115V 60Hz range
09:05:35,0:00:00,--------------------------------Test number 2 Started
09:05:35,0:19:00,Database rtsdb1 Table Results key 9692
09:05:35,0:19:00,Database values written for Range 1, Test Number: 9692
09:05:35,0:19:00,220 V Mid Range Watt-hrs 0.02755 27.5000 %Error:0.18
09:05:14,0:18:39,Raw High Watt average 502.894 Number of readings 157
09:05:14,0:18:39,Saving Report info for range 22, 220 V High Range
09:05:14,0:18:39,RBar = 0 R_Bar UCL = 0 Sigma = 0
09:02:35,0:16:00,Raw Low Watt average 10.293 Number of readings 158
09:02:35,0:16:00,Saving Report info for range 12, 220 V Low Range
09:02:35,0:16:00,RBar = 0 R_Bar UCL = 0 Sigma = 0
09:00:28,0:13:53,No Database Write yet, continue to Whr calibration
09:00:28,0:13:53,Watts Uncertainty is 0.303
09:00:28,0:13:53,Sum of squares is 0.023, Watts var 0.0286 Yok Uncert 0.15
09:00:28,0:13:53,Saving Report info for range 2, 220 V Mid Range
09:00:28,0:13:53,Skipping historical gain check for Range 2
09:00:28,0:13:53,Amperage range 2 gain set to 1.0003
09:00:28,0:13:53,Voltage range 2 gain set to 0.9949
09:00:28,0:13:53,Wattage 220 V Mid Range gain set to 0.9988
09:00:28,0:13:53,Avg Watts:200.3143, Act Watt:200.6473,  Volt:230 Freq:60
09:00:28,0:13:53,Raw Watt average 200.89233 Number of readings 44, Yok 200.6473
09:00:28,0:13:53,RBar = 0.0323 R_Bar UCL = 0.106 Sigma = 0.028635
08:58:40,0:12:05,Amperage zero2 set to 0.0002
08:58:40,0:12:05,Wattage zero2 set to 0
08:58:40,0:12:05,Watts Offset Deviation=0
08:58:40,0:12:05,Raw Watt average 0 Number of readings 44
08:58:03,0:11:28,Setting up rtsdb1 for table VAW_RangeValues key InsertOnly Range 2
08:57:36,0:11:01,Value:2 Type:50 Range:52 SetRange: 51 CurRange:2
08:57:36,0:11:01,---------- Changing voltage to 230V 60Hz
08:57:34,0:10:59,Database values written for Range 1
08:57:34,0:10:59,Changing ranges (1->2)
08:57:34,0:10:59,120 V Mid Range Watt-hrs 0.02774 27.7000 %Error:0.14
08:57:13,0:10:38,Raw High Watt average 503.431 Number of readings 158
08:57:13,0:10:38,Saving Report info for range 21, 120 V High Range
08:57:13,0:10:38,RBar = 0 R_Bar UCL = 0 Sigma = 0
08:54:32,0:07:57,Raw Low Watt average 10.241 Number of readings 157
08:54:32,0:07:57,Saving Report info for range 11, 120 V Low Range
08:54:32,0:07:57,RBar = 0 R_Bar UCL = 0 Sigma = 0
08:52:26,0:05:51,No Database Write yet, continue to Whr calibration
08:52:26,0:05:51,Watts Uncertainty is 0.876
08:52:26,0:05:51,Sum of squares is 0.192, Watts var 0.4123 Yok Uncert 0.15
08:52:26,0:05:51,Saving Report info for range 1, 120 V Mid Range
08:52:26,0:05:51,Skipping historical gain check for Range 1
08:52:26,0:05:51,No Adjust for Watts 120V
08:52:26,0:05:51,Amperage range 1 gain set to 1.0000
08:52:26,0:05:51,Voltage range 1 gain set to 0.9977
08:52:26,0:05:51,Wattage range 1 gain not adjusted - 0.9983
08:52:26,0:05:51,Delta:-0.182600 is between 0.184 & -0.184- no adjust
08:52:26,0:05:51,Raw Watt average 202.45062 Number of readings 45, Yok 201.9260
08:52:26,0:05:51,RBar = 0.4651 R_Bar UCL = 1.519 Sigma = 0.412323
08:50:38,0:04:03,Amperage zero1 set to 0.0001
08:50:38,0:04:03,Wattage zero1 set to 0
08:50:38,0:04:03,Watts Offset Deviation=0
08:50:38,0:04:03,Raw Watt average 0 Number of readings 52
08:49:56,0:03:21,Setting up rtsdb1 for table VAW_RangeValues key InsertOnly Range 1
08:46:27,0:00:01,Get 220 Cal Limits Error: Unable to run query
08:46:26,0:00:00,Get 120 Cal Limits Error: Unable to run query
08:46:26,0:00:00,Starting with type 50 - 115V 60Hz range
08:46:26,0:00:00,Original Voltage Setpoint 115
08:46:26,0:00:00,Starting VAW Calibration Procedure 5.3, saving to Results
08:46:26,0:00:00,Using Yok 3000 for calibration
08:46:26,0:00:00,Lab = 11
08:44:44,0:05:33,Test killed Operator aborted test
08:39:11,0:00:01,Get 220 Cal Limits Error: Unable to run query
08:39:11,0:00:01,Get 120 Cal Limits Error: Unable to run query
08:39:10,0:00:00,Starting with type 50 - 115V 60Hz range
08:39:10,0:00:00,Original Voltage Setpoint 115
08:39:10,0:00:00,Starting VAW Calibration Procedure 5.3, saving to Results
08:39:10,0:00:00,Using Yok 3000 for calibration
08:39:10,0:00:00,Lab = 11
08:38:42,0:13:54,Test killed Operator aborted test
08:38:16,0:13:28,Amperage zero1 set to 0
08:38:16,0:13:28,Wattage zero1 set to 0
08:38:16,0:13:28,Watts Offset Deviation=0
08:38:16,0:13:28,Raw Watt average 0 Number of readings 51
08:36:58,0:12:10,Setting up rtsdb1 for table VAW_RangeValues key InsertOnly Range 1
08:24:48,0:00:00,---------- Changing voltage to 115V 60Hz
08:24:48,0:00:00,Start Range changed to 1
08:24:47,0:00:01,Get 220 Cal Limits Error: Unable to run query
08:24:46,0:00:00,Get 120 Cal Limits Error: Unable to run query
08:24:46,0:00:00,Starting with type 50 - 115V 60Hz range
08:24:46,0:00:00,Original Voltage Setpoint 115.00
08:24:46,0:00:00,Starting VAW Calibration Procedure 5.3, saving to Results
08:24:46,0:00:00,Using Yok 3000 for calibration
08:24:46,0:00:00,Lab = 11
21:41:53,6:00:01,Test ended Proc LOGGER at line 359
21:41:53,6:00:01,Zip Results stored properly
21:41:52,6:00:00,Database rtsdb1 Table Performance key 8575
21:41:52,6:00:00,Database TestReqNum = 215
21:41:52,6:00:00,TestDate is 09/13/16 Database rtsdb1 Table Results key 8575
15:41:52,0:00:19,Test started
15:41:52,0:00:19,Waiting for timeout
15:41:33,0:00:01,LastTest still NA 0
15:41:33,0:00:01,Save as dbeckman\16P00379-8575-02-01
15:41:33,0:00:01,Starting Development Test 2.7
15:41:33,0:00:01,Current leakage loaded
15:41:33,0:00:01,Product 16P00379 location 'RM 02-01'.  Result: No change
15:41:32,0:00:00,Waiting on inventory move procedure: result code:0, message:
14:59:28,6:00:00,Test ended Proc LOGGER at line 359
14:59:28,6:00:00,Zip Results stored properly
14:59:28,6:00:00,Database rtsdb1 Table Performance key 8533
14:59:28,6:00:00,Database TestReqNum = 215
14:59:28,6:00:00,TestDate is 09/12/16 Database rtsdb1 Table Results key 8533
08:59:28,0:00:28,Test started
08:59:28,0:00:28,Waiting for timeout
08:59:00,0:00:00,LastTest still NA 0
08:59:00,0:00:00,Save as dbeckman\16P00379-8533-02-01
08:59:00,0:00:00,Starting Development Test 2.7
08:59:00,0:00:00,Current leakage loaded
08:59:00,0:00:00,Product 16P00379 location 'RM 02-01'.  Result: No change
08:59:00,0:00:00,Waiting on inventory move procedure: result code:0, message:
08:58:54,0:01:56,Test killed Operator aborted test
08:56:58,0:00:24,Test started
08:56:58,0:00:24,Waiting for timeout
08:56:34,0:00:01,LastTest still NA 0
08:56:34,0:00:01,Save as dbeckman\16P00379-8527-02-01
08:56:34,0:00:01,Starting Development Test 2.7
08:56:34,0:00:01,Current leakage loaded
08:56:34,0:00:01,Product 16P00379 location 'RM 02-01'.  Result: No change
08:56:33,0:00:00,Waiting on inventory move procedure: result code:0, message:
08:55:38,0:01:21,Test killed Operator aborted test
08:54:18,0:00:01,Test Number 8526
08:54:18,0:00:01,Current leakage loaded
08:54:18,0:00:01,Starting Cycle v20.3 Voltage S.P. 115.00
08:54:18,0:00:01,Product 16P00379 location 'RM 02-01'.  Result: Location Changed
08:54:17,0:00:00,Waiting on inventory move procedure: result code:0, message:
09:30:07,0:00:07,Test killed Operator aborted test
09:30:01,0:00:00,Cycle Test Started v20.3
09:30:01,0:00:00,Stable value = 1001.000 Period = 0:00:00
09:30:01,0:37:34,LastTest = mbusche\16P00379-8469-02-01
09:30:01,0:37:34,Save as mbusche\16P00379-8474-02-01
09:30:01,0:37:34,PerformanceFlex V2.4
09:30:01,0:37:34,Database rtsdb1 Table FlexResults key InsertOnly Keyfield 8469
09:30:01,0:37:34,Database TestReqNum = 215
09:30:01,0:37:34,TestDate is 09/10/16 Database rtsdb1 Table Results key 8469
09:30:01,0:37:34,ADC CT = 40.0000
09:30:01,0:37:34,No defrost in test, so power period is 12 hours back
09:30:01,0:37:34,User stopped test
08:52:26,0:00:00,Cycle Test Started v20.3
08:52:26,0:00:00,Stable value = 1001.000 Period = 0:00:00
08:52:26,0:58:23,LastTest = mbusche\16P00379-8467-02-01
08:52:26,0:58:23,Save as mbusche\16P00379-8469-02-01
08:52:25,0:58:22,PerformanceFlex V2.4
08:52:25,0:58:22,Database rtsdb1 Table FlexResults key InsertOnly Keyfield 8467
08:52:25,0:58:22,Database TestReqNum = 215
08:52:25,0:58:22,TestDate is 09/10/16 Database rtsdb1 Table Results key 8467
08:52:25,0:58:22,ADC CT = 40.0000
08:52:25,0:58:22,No defrost in test, so power period is 12 hours back
08:52:25,0:58:22,User stopped test
07:54:03,0:00:00,Cycle Test Started v20.3
07:54:03,0:00:00,Stable value = 1006.000 Period = 0:00:00
07:54:03,18:59:11,LastTest = mbusche\16P00379-8447-02-01
07:54:03,18:59:11,Save as mbusche\16P00379-8467-02-01
07:54:03,18:59:10,PerformanceFlex V2.4
07:54:03,18:59:10,Database rtsdb1 Table FlexResults key InsertOnly Keyfield 8447
07:54:03,18:59:10,Database TestReqNum = 215
07:54:03,18:59:10,TestDate is 09/09/16 Database rtsdb1 Table Results key 8447
07:54:03,18:59:10,ADC CT = 40.0000
07:54:03,18:59:10,User stopped test
07:10:00,18:15:08,Typical cycles started
06:28:52,17:34:00,Defrost recovery completed
06:28:52,17:34:00,1 Gosub ProcDefEnd
05:54:18,16:59:25,ADC CT = 40.0000
05:54:17,16:59:25,Product Defrosted
04:18:25,15:23:33,Typical cycles started
03:24:23,14:29:31,Defrost recovery completed
03:24:23,14:29:31,1 Gosub ProcDefEnd
02:58:25,14:03:33,ADC CT = 40.0000
02:58:25,14:03:33,Product Defrosted
02:26:50,13:31:58,Defrost recovery completed
02:26:50,13:31:58,1 Gosub ProcDefEnd
01:34:24,12:39:32,ADC CT = 40.0000
01:34:24,12:39:32,Product Defrosted
01:07:43,12:12:51,Typical cycles started
00:14:33,11:19:41,Defrost recovery completed
00:14:33,11:19:41,1 Gosub ProcDefEnd
00:09:19,11:14:27,ADC CT = 40.0000
00:09:19,11:14:27,Product went into defrost while off
00:00:00,11:05:08,New day
23:49:44,10:54:52,Typical cycles started
23:06:06,10:11:14,Defrost recovery completed
23:06:06,10:11:14,1 Gosub ProcDefEnd
22:37:16,9:42:24,ADC CT = 40.0000
22:37:16,9:42:24,Product Defrosted
22:08:43,9:13:51,Defrost recovery completed
22:08:43,9:13:51,1 Gosub ProcDefEnd
21:12:05,8:17:13,ADC CT = 40.0000
21:12:05,8:17:13,Product Defrosted
20:54:59,8:00:07,Typical cycles started
20:14:48,7:19:56,Defrost recovery completed
20:14:48,7:19:56,1 Gosub ProcDefEnd
19:34:55,6:40:03,ADC CT = 40.0000
19:34:55,6:40:03,Product Defrosted
18:13:19,5:18:27,Typical cycles started
17:56:56,5:02:04,Defrost recovery completed
17:56:56,5:02:04,1 Gosub ProcDefEnd
17:14:42,4:19:50,ADC CT = 40.0000
17:14:42,4:19:50,Product Defrosted
15:37:37,2:42:45,Typical cycles started
15:22:36,2:27:44,Defrost recovery completed
15:22:36,2:27:44,1 Gosub ProcDefEnd
14:56:33,2:01:41,ADC CT = 40.0000
14:56:33,2:01:41,Product Defrosted
14:04:21,1:09:29,Log Freezer under 25. Over for 69.47 minutes
12:54:52,0:00:00,Freezer over 25 degrees
12:54:52,0:00:00,Cycle Test Started v20.3
12:54:52,0:00:00,Stable value = 1000.000 Period = 0:00:00
12:54:52,0:00:01,Sample rate set to 10
12:54:52,0:00:01,LastTest still NA 0
12:54:52,0:00:01,Save as mbusche\16P00379-8447-02-01
12:54:51,0:00:00,Test Number 8447
12:54:51,0:00:00,Current leakage loaded
12:54:51,0:00:00,Starting Cycle v20.3 Voltage S.P. 115.00
12:54:51,0:00:00,Product 16P00379 location 'RM 02-01'.  Result: No change
12:54:51,0:00:00,Waiting on inventory move procedure: result code:0, message:
09:45:05,0:15:47,Test ended Proc VAWCAL at line 2177
09:45:05,0:15:47,Database rtsdb1 Table Results key 8347
09:45:05,0:15:47,Database values written for Range 1, Test Number: 8347
09:45:05,0:15:47,220 V Mid Range Watt-hrs 0.02735 27.3000 %Error:0.18
09:44:44,0:15:26,Raw High Watt average 505.024 Number of readings 157
09:44:44,0:15:26,Saving Report info for range 22, 220 V High Range
09:44:44,0:15:26,RBar = 0 R_Bar UCL = 0 Sigma = 0
09:42:06,0:12:48,Raw Low Watt average 10.274 Number of readings 156
09:42:06,0:12:48,Saving Report info for range 12, 220 V Low Range
09:42:06,0:12:48,RBar = 0 R_Bar UCL = 0 Sigma = 0
09:39:59,0:10:41,No Database Write yet, continue to Whr calibration
09:39:59,0:10:41,Watts Uncertainty is 0.303
09:39:59,0:10:41,Sum of squares is 0.023, Watts var 0.0262 Yok Uncert 0.15
09:39:59,0:10:41,Saving Report info for range 2, 220 V Mid Range
09:39:59,0:10:41,Skipping historical gain check for Range 2
09:39:59,0:10:41,Amperage range 2 gain set to 0.9997
09:39:59,0:10:41,Voltage range 2 gain set to 0.9948
09:39:59,0:10:41,Wattage 220 V Mid Range gain set to 0.9985
09:39:59,0:10:41,Avg Watts:200.5728, Act Watt:200.7700,  Volt:230 Freq:60
09:39:59,0:10:41,Raw Watt average 201.07637 Number of readings 44, Yok 200.7700
09:39:59,0:10:41,RBar = 0.0296 R_Bar UCL = 0.097 Sigma = 0.026241
09:38:12,0:08:54,Amperage zero2 set to 0.0002
09:38:12,0:08:54,Wattage zero2 set to 0
09:38:12,0:08:54,Watts Offset Deviation=0
09:38:12,0:08:54,Raw Watt average 0 Number of readings 43
09:37:36,0:08:18,Setting up rtsdb1 for table VAW_RangeValues key InsertOnly Range 2
09:37:08,0:07:50,Value:2 Type:50 Range:52 SetRange: 51 CurRange:2
09:37:08,0:07:50,---------- Changing voltage to 230V 60Hz
09:37:06,0:07:48,Database values written for Range 1
09:37:06,0:07:48,Changing ranges (1->2)
09:37:05,0:07:47,120 V Mid Range Watt-hrs 0.02769 27.6400 %Error:0.18
09:36:44,0:07:26,Raw High Watt average 503.378 Number of readings 157
09:36:44,0:07:26,Saving Report info for range 21, 120 V High Range
09:36:44,0:07:26,RBar = 0 R_Bar UCL = 0 Sigma = 0
09:34:03,0:04:45,Raw Low Watt average 10.251 Number of readings 156
09:34:03,0:04:45,Saving Report info for range 11, 120 V Low Range
09:34:03,0:04:45,RBar = 0 R_Bar UCL = 0 Sigma = 0
09:31:57,0:02:39,No Database Write yet, continue to Whr calibration
09:31:57,0:02:39,Watts Uncertainty is 0.303
09:31:57,0:02:39,Sum of squares is 0.023, Watts var 0.0267 Yok Uncert 0.15
09:31:57,0:02:39,Saving Report info for range 1, 120 V Mid Range
09:31:57,0:02:39,Skipping historical gain check for Range 1
09:31:57,0:02:39,Amperage range 1 gain set to 1.0009
09:31:57,0:02:39,Voltage range 1 gain set to 0.9985
09:31:57,0:02:39,Wattage 120 V Mid Range gain set to 0.9983
09:31:57,0:02:39,Avg Watts:200.6749, Act Watt:200.9284,  Volt:115 Freq:60
09:31:57,0:02:39,Raw Watt average 201.26886 Number of readings 45, Yok 200.9284
09:31:57,0:02:39,RBar = 0.0301 R_Bar UCL = 0.098 Sigma = 0.026684
09:30:08,0:00:50,Amperage zero1 set to 0.0001
09:30:08,0:00:50,Wattage zero1 set to 0
09:30:08,0:00:50,Watts Offset Deviation=0
09:30:08,0:00:50,Raw Watt average 0 Number of readings 45
09:29:31,0:00:13,Setting up rtsdb1 for table VAW_RangeValues key InsertOnly Range 1
09:29:16,0:00:00,---------- Changing voltage to 115V 60Hz
09:29:16,0:00:00,Start Range changed to 1
09:29:10,0:00:00,Get 220 Cal Limits Error: Unable to run query
09:29:10,0:00:00,Get 120 Cal Limits Error: Unable to run query
09:29:10,0:00:00,Starting with type 50 - 115V 60Hz range
09:29:10,0:00:00,Original Voltage Setpoint 115.0
09:29:10,0:00:00,Starting VAW Calibration Procedure 5.3, saving to Results
09:29:10,0:00:00,Using Yok 3000 for calibration
09:29:10,0:00:00,Lab = 11
15:03:08,0:26:16,Test ended Proc CALCURLEAK at line 292
15:03:08,0:26:16,CalCurLeak finished TN:8321
15:02:38,0:25:46,User stopped test
14:57:49,0:20:57,X17:2.07255 Y17:5.12037
14:56:49,0:19:57,X16:2.07227 Y16:4.37770
14:55:59,0:19:07,X15:2.07245 Y15:3.93714
10:09:41,0:00:00,Starting VAW Calibration Procedure 5.3, saving to Results
10:09:41,0:00:00,Original Voltage Setpoint 115.00
10:09:41,0:00:00,Starting with type 50 - 115V 60Hz range
10:09:41,0:00:00,Get 120 Cal Limits Error: Unable to run query
10:09:42,0:00:01,Get 220 Cal Limits Error: Unable to run query
10:09:57,0:00:00,Start Range changed to 1
10:09:57,0:00:00,---------- Changing voltage to 115V 60Hz
10:10:13,0:00:16,Setting up rtsdb1 for table VAW_RangeValues key InsertOnly Range 1
10:10:50,0:00:53,Raw Watt average 0 Number of readings 44
10:10:50,0:00:53,Watts Offset Deviation=0
10:10:50,0:00:53,Wattage zero1 set to 0
10:10:50,0:00:53,Amperage zero1 set to 0.0001
10:12:32,0:02:35,RBar = 0.0327 R_Bar UCL = 0.107 Sigma = 0.028989
10:12:32,0:02:35,Raw Watt average 202.42696 Number of readings 45, Yok 202.1162
10:12:32,0:02:35,Avg Watts:201.8126, Act Watt:202.1162,  Volt:115 Freq:60
10:12:32,0:02:35,Wattage 120 V Mid Range gain set to 0.9985
10:12:32,0:02:35,Voltage range 1 gain set to 0.9987
10:12:32,0:02:35,Amperage range 1 gain set to 1.0008
10:12:32,0:02:35,Skipping historical gain check for Range 1
10:12:32,0:02:35,Saving Report info for range 1, 120 V Mid Range
10:12:32,0:02:35,Sum of squares is 0.023, Watts var 0.0290 Yok Uncert 0.15
10:12:32,0:02:35,Watts Uncertainty is 0.303
10:12:32,0:02:35,No Database Write yet, continue to Whr calibration
10:14:37,0:04:40,RBar = 0 R_Bar UCL = 0 Sigma = 0
10:14:37,0:04:40,Saving Report info for range 11, 120 V Low Range
10:14:37,0:04:40,Raw Low Watt average 10.256 Number of readings 157
10:17:16,0:07:19,RBar = 0 R_Bar UCL = 0 Sigma = 0
10:17:16,0:07:19,Saving Report info for range 21, 120 V High Range
10:17:16,0:07:19,Raw High Watt average 503.381 Number of readings 156
10:17:37,0:07:40,120 V Mid Range Watt-hrs 0.02782 27.7800 %Error:0.14
10:17:37,0:07:40,Changing ranges (1->2)
10:17:37,0:07:40,Database values written for Range 1
10:17:38,0:07:41,---------- Changing voltage to 230V 60Hz
10:17:38,0:07:41,Value:2 Type:50 Range:52 SetRange: 51 CurRange:2
10:18:05,0:08:08,Setting up rtsdb1 for table VAW_RangeValues key InsertOnly Range 2
10:18:42,0:08:45,Raw Watt average 0 Number of readings 43
10:18:42,0:08:45,Watts Offset Deviation=0
10:18:42,0:08:45,Wattage zero2 set to 0
10:18:42,0:08:45,Amperage zero2 set to 0.0002
10:20:31,0:10:34,RBar = 0.0305 R_Bar UCL = 0.100 Sigma = 0.027039
10:20:31,0:10:34,Raw Watt average 199.61328 Number of readings 45, Yok 199.2998
10:20:31,0:10:34,Avg Watts:199.2234, Act Watt:199.2998,  Volt:230 Freq:60
10:20:31,0:10:34,Wattage 220 V Mid Range gain set to 0.9984
10:20:31,0:10:34,Voltage range 2 gain set to 0.9948
10:20:31,0:10:34,Amperage range 2 gain set to 0.9995
10:20:31,0:10:34,Skipping historical gain check for Range 2
10:20:31,0:10:34,Saving Report info for range 2, 220 V Mid Range
10:20:31,0:10:34,Sum of squares is 0.023, Watts var 0.0270 Yok Uncert 0.15
10:20:31,0:10:34,Watts Uncertainty is 0.303
10:20:31,0:10:34,No Database Write yet, continue to Whr calibration
10:22:36,0:12:39,RBar = 0 R_Bar UCL = 0 Sigma = 0
10:22:36,0:12:39,Saving Report info for range 12, 220 V Low Range
10:22:36,0:12:39,Raw Low Watt average 10.266 Number of readings 155
10:25:16,0:15:19,RBar = 0 R_Bar UCL = 0 Sigma = 0
10:25:16,0:15:19,Saving Report info for range 22, 220 V High Range
10:25:16,0:15:19,Raw High Watt average 505.228 Number of readings 156
10:25:37,0:15:40,220 V Mid Range Watt-hrs 0.02756 27.5100 %Error:0.18
10:25:37,0:15:40,Database values written for Range 1, Test Number: 9696
10:25:37,0:15:40,Database rtsdb1 Table Results key 9696
10:25:38,0:00:00,--------------------------------Test number 2 Started
10:25:38,0:00:00,Starting with type 50 - 115V 60Hz range
10:25:38,0:00:00,Get 120 Cal Limits Error: Unable to run query
10:25:39,0:00:01,Get 220 Cal Limits Error: Unable to run query
10:25:41,0:00:03,---------- Changing voltage to 115V 60Hz
10:26:08,0:00:30,Setting up rtsdb1 for table VAW_RangeValues key InsertOnly Range 1
10:26:50,0:01:12,Raw Watt average 0 Number of readings 53
10:26:50,0:01:12,Watts Offset Deviation=0
10:26:50,0:01:12,Wattage zero1 set to 0
10:26:50,0:01:12,Amperage zero1 set to 0.0001
10:28:31,0:02:53,RBar = 0.0357 R_Bar UCL = 0.117 Sigma = 0.031649
10:28:31,0:02:53,Raw Watt average 200.50113 Number of readings 43, Yok 200.1667
10:28:31,0:02:53,Avg Watts:200.0352, Act Watt:200.1667,  Volt:115 Freq:60
10:28:31,0:02:53,Wattage 120 V Mid Range gain set to 0.9983
10:28:31,0:02:53,Voltage range 1 gain set to 0.9987
10:28:31,0:02:53,Amperage range 1 gain set to 1.0003
10:28:31,0:02:53,Skipping historical gain check for Range 1
10:28:31,0:02:53,Saving Report info for range 1, 120 V Mid Range
10:28:31,0:02:53,Sum of squares is 0.023, Watts var 0.0316 Yok Uncert 0.15
10:28:31,0:02:53,Watts Uncertainty is 0.303
10:28:31,0:02:53,No Database Write yet, continue to Whr calibration
10:30:39,0:05:01,RBar = 0 R_Bar UCL = 0 Sigma = 0
10:30:39,0:05:01,Saving Report info for range 11, 120 V Low Range
10:30:39,0:05:01,Raw Low Watt average 10.214 Number of readings 157
10:33:20,0:07:42,RBar = 0 R_Bar UCL = 0 Sigma = 0
10:33:20,0:07:42,Saving Report info for range 21, 120 V High Range
10:33:20,0:07:42,Raw High Watt average 502.203 Number of readings 157
10:33:41,0:08:03,120 V Mid Range Watt-hrs 0.02772 27.6700 %Error:0.18
10:33:41,0:08:03,Changing ranges (1->2)
10:33:41,0:08:03,Database values written for Range 1
10:33:42,0:08:04,---------- Changing voltage to 230V 60Hz
10:33:42,0:08:04,Value:2 Type:50 Range:52 SetRange: 51 CurRange:2
10:34:09,0:08:31,Setting up rtsdb1 for table VAW_RangeValues key InsertOnly Range 2
10:34:45,0:09:07,Raw Watt average 0 Number of readings 43
10:34:45,0:09:07,Watts Offset Deviation=0
10:34:45,0:09:07,Wattage zero2 set to 0
10:34:45,0:09:07,Amperage zero2 set to 0.0002
10:36:28,0:10:50,RBar = 0.0515 R_Bar UCL = 0.168 Sigma = 0.045656
10:36:28,0:10:50,Raw Watt average 200.79677 Number of readings 44, Yok 200.5018
10:36:28,0:10:50,Delta:0.015000 is between 0.021 & -0.021- no adjust
10:36:28,0:10:50,Wattage range 2 gain not adjusted - 0.9984
10:36:28,0:10:50,Voltage range 2 gain set to 0.9949
10:36:28,0:10:50,Amperage range 2 gain set to 0.9998
10:36:28,0:10:50,No Adjust for Watts 220V
10:36:28,0:10:50,Skipping historical gain check for Range 2
10:36:28,0:10:50,Saving Report info for range 2, 220 V Mid Range
10:36:28,0:10:50,Sum of squares is 0.025, Watts var 0.0457 Yok Uncert 0.15
10:36:28,0:10:50,Watts Uncertainty is 0.316
10:36:28,0:10:50,No Database Write yet, continue to Whr calibration
10:38:36,0:12:58,RBar = 0 R_Bar UCL = 0 Sigma = 0
10:38:36,0:12:58,Saving Report info for range 12, 220 V Low Range
10:38:36,0:12:58,Raw Low Watt average 10.259 Number of readings 158
10:41:17,0:15:39,RBar = 0 R_Bar UCL = 0 Sigma = 0
10:41:17,0:15:39,Saving Report info for range 22, 220 V High Range
10:41:17,0:15:39,Raw High Watt average 504.893 Number of readings 157
10:41:38,0:16:00,220 V Mid Range Watt-hrs 0.02766 27.7000 %Error:-0.14
10:41:38,0:16:00,Database values written for Range 1, Test Number: 9698
10:41:38,0:16:00,Database rtsdb1 Table Results key 9698
10:41:39,0:00:00,--------------------------------Test number 3 Started
10:41:39,0:00:00,Starting with type 50 - 115V 60Hz range
10:41:39,0:00:00,Get 120 Cal Limits Error: Unable to run query
10:41:39,0:00:00,Get 220 Cal Limits Error: Unable to run query
10:41:41,0:00:02,---------- Changing voltage to 115V 60Hz
10:42:09,0:00:30,Setting up rtsdb1 for table VAW_RangeValues key InsertOnly Range 1
10:42:46,0:01:07,Raw Watt average 0 Number of readings 43
10:42:46,0:01:07,Watts Offset Deviation=0
10:42:46,0:01:07,Wattage zero1 set to 0
10:42:46,0:01:07,Amperage zero1 set to 0.0001
10:44:27,0:02:48,RBar = 0.0292 R_Bar UCL = 0.095 Sigma = 0.025887
10:44:27,0:02:48,Raw Watt average 200.50713 Number of readings 44, Yok 200.1809
10:44:27,0:02:48,Delta:0.008200 is between 0.012 & -0.012- no adjust
10:44:27,0:02:48,Wattage range 1 gain not adjusted - 0.9983
10:44:27,0:02:48,Voltage range 1 gain set to 0.9987
10:44:27,0:02:48,Amperage range 1 gain set to 1.0002
10:44:27,0:02:48,No Adjust for Watts 120V
10:44:27,0:02:48,Skipping historical gain check for Range 1
10:44:27,0:02:48,Saving Report info for range 1, 120 V Mid Range
10:44:27,0:02:48,Sum of squares is 0.023, Watts var 0.0259 Yok Uncert 0.15
10:44:27,0:02:48,Watts Uncertainty is 0.303
10:44:27,0:02:48,No Database Write yet, continue to Whr calibration
10:46:32,0:04:53,RBar = 0 R_Bar UCL = 0 Sigma = 0
10:46:32,0:04:53,Saving Report info for range 11, 120 V Low Range
10:46:32,0:04:53,Raw Low Watt average 10.223 Number of readings 156
10:49:12,0:07:33,RBar = 0 R_Bar UCL = 0 Sigma = 0
10:49:12,0:07:33,Saving Report info for range 21, 120 V High Range
10:49:12,0:07:33,Raw High Watt average 503.368 Number of readings 158
10:49:33,0:07:54,120 V Mid Range Watt-hrs 0.02776 27.7200 %Error:0.14
10:49:33,0:07:54,Changing ranges (1->2)
10:49:33,0:07:54,Database values written for Range 1
10:49:35,0:07:56,---------- Changing voltage to 230V 60Hz
10:49:35,0:07:56,Value:2 Type:50 Range:52 SetRange: 51 CurRange:2
10:50:01,0:08:22,Setting up rtsdb1 for table VAW_RangeValues key InsertOnly Range 2
10:51:26,0:09:47,Raw Watt average 0 Number of readings 47
10:51:26,0:09:47,Watts Offset Deviation=0
10:51:26,0:09:47,Wattage zero2 set to 0
10:51:26,0:09:47,Amperage zero2 set to 0.0002
10:53:59,0:12:20,RBar = 0.0512 R_Bar UCL = 0.167 Sigma = 0.045390
10:53:59,0:12:20,Raw Watt average 200.68619 Number of readings 43, Yok 200.3870
10:53:59,0:12:20,Delta:0.001000 is between 0.021 & -0.021- no adjust
10:53:59,0:12:20,Wattage range 2 gain not adjusted - 0.9984
10:53:59,0:12:20,Voltage range 2 gain set to 0.9949
10:53:59,0:12:20,Amperage range 2 gain set to 0.9997
10:53:59,0:12:20,No Adjust for Watts 220V
10:53:59,0:12:20,Skipping historical gain check for Range 2
10:53:59,0:12:20,Saving Report info for range 2, 220 V Mid Range
10:53:59,0:12:20,Sum of squares is 0.025, Watts var 0.0454 Yok Uncert 0.15
10:53:59,0:12:20,Watts Uncertainty is 0.316
10:53:59,0:12:20,No Database Write yet, continue to Whr calibration
10:56:05,0:14:26,RBar = 0 R_Bar UCL = 0 Sigma = 0
10:56:05,0:14:26,Saving Report info for range 12, 220 V Low Range
10:56:05,0:14:26,Raw Low Watt average 10.245 Number of readings 156
10:58:45,0:17:06,RBar = 0 R_Bar UCL = 0 Sigma = 0
10:58:45,0:17:06,Saving Report info for range 22, 220 V High Range
10:58:45,0:17:06,Raw High Watt average 503.701 Number of readings 157
10:59:06,0:17:27,220 V Mid Range Watt-hrs 0.03007 30.1000 %Error:-0.10
10:59:06,0:17:27,Database values written for Range 1, Test Number: 9702
10:59:06,0:17:27,Database rtsdb1 Table Results key 9702
10:59:08,0:17:29,Test ended Proc VAWCAL at line 2177
