12:09:22,0:00:00,Using Yok 3000 for calibration
12:09:22,0:00:00,Lab = 11
09:20:24,0:27:59,Test ended Proc CALCURLEAK at line 292
09:20:24,0:27:59,CalCurLeak finished TN:8346
09:20:20,0:27:54,User stopped test
09:19:43,0:27:18,X21:2.06673 Y21:21.48980
09:18:43,0:26:18,X20:2.06682 Y20:14.18725
09:17:33,0:25:08,X19:2.06664 Y19:11.39925
09:16:43,0:24:18,X18:2.06673 Y18:8.49639
09:13:03,0:20:38,X17:2.06682 Y17:5.11781
09:12:03,0:19:38,X16:2.06682 Y16:4.35448
09:11:13,0:18:48,X15:2.06682 Y15:3.93695
09:10:03,0:17:38,X14:2.06673 Y14:2.65430
09:08:53,0:16:28,X13:2.06673 Y13:1.33129
09:08:03,0:15:38,X12:2.06682 Y12:1.06026
09:07:13,0:14:48,X11:2.06645 Y11:0.84577
09:04:53,0:12:28,X10:2.06645 Y10:0.67781
09:04:03,0:11:38,X9:2.06675 Y9:0.60569
09:03:03,0:10:38,X8:2.06673 Y8:0.50399
09:02:03,0:09:38,X7:2.06655 Y7:0.40441
09:01:03,0:08:38,X6:2.06673 Y6:0.30265
09:00:13,0:07:48,X5:2.06682 Y5:0.25235
08:58:43,0:06:18,X4:2.06682 Y4:0.20194
08:57:53,0:05:28,X3:2.06691 Y3:0.15066
08:57:00,0:04:35,X2:2.06691 Y2:0.10213
08:54:33,0:02:08,X1:2.06691 Y1:0.07261
08:52:22,0:00:00,CalCurLeak v1.1
13:42:07,0:18:57,Test ended Proc CALTCAUTO at line 655
13:42:07,0:18:57,TC Calibration finished TN: 8318
13:42:06,0:18:56,Writing tcCalibration
13:42:06,0:18:56,Writing LabResults
13:42:06,0:18:56,110°F After Cal TC29Avg = 110.152
13:42:06,0:18:56,AutoCal - Standby
13:41:36,0:18:26,Averages cleared for 110°F After Cal Step 12
13:41:16,0:18:06,Resent Setpoint:P0 L110 2
13:41:05,0:17:55,Standby:P0 L110 2 13
13:40:54,0:17:44,Averages cleared for 110°F After Cal Step 12
13:40:33,0:17:23,Auto Cal - Temp setpoint changed to 110
13:40:33,0:17:23,Averages cleared for 110°F After Cal Step 11
13:40:33,0:17:23,-4°F After Cal TC29Avg = -3.666
13:40:33,0:17:23,Saving Values for -4 -4°F After Cal Start:29 Stop:30
13:40:33,0:17:23,AutoCal - Standby
13:40:03,0:16:53,Averages cleared for -4°F After Cal Step 12
13:39:43,0:16:33,Resent Setpoint:P0 L-4 2
13:39:32,0:16:22,Standby:P0 L-4 2 13
13:39:21,0:16:11,Averages cleared for -4°F After Cal Step 12
13:39:01,0:15:51,Auto Cal - Temp setpoint changed to -4
13:39:01,0:15:51,Averages cleared for -4°F After Cal Step 11
13:39:00,0:15:50,TC30 New Gain: 1.000500 Old Gain 0.9979
13:39:00,0:15:50,TC29 New Gain: 0.997900 Old Gain 0.9991
13:39:00,0:15:50,90°F After Cal TC29Avg = 90.280
13:39:00,0:15:50,Saving Values for 90 90°F After Cal Start:29 Stop:30
13:39:00,0:15:50,AutoCal - Standby
13:38:30,0:15:20,Averages cleared for 90°F After Cal Step 12
13:38:10,0:15:00,Resent Setpoint:P0 L90 2
13:37:59,0:14:49,Standby:P0 L90 2 13
13:37:48,0:14:38,Averages cleared for 90°F After Cal Step 12
13:37:28,0:14:18,Auto Cal - Temp setpoint changed to 90
13:37:28,0:14:18,Averages cleared for 90°F After Cal Step 11
13:37:28,0:14:18,PTC30 Zero Avg: 32.16 Calc Avg: 31.93 New Zero: -0.326700 Old Zero: -0.0899
13:37:28,0:14:18,32°F As Recvd TC29Avg = 32.116
13:37:28,0:14:18,Saving Values for 32 32°F As Recvd Start:29 Stop:30
13:37:28,0:14:18,AutoCal - Standby
13:36:58,0:13:48,Averages cleared for 32°F As Recvd Step 12
13:36:38,0:13:28,Auto Cal - Temp setpoint changed to 32
13:36:38,0:13:28,Averages cleared for 32°F As Recvd Step 11
13:36:38,0:13:28,90°F As Recvd TC29Avg = 90.280
13:36:38,0:13:28,Saving Values for 90 90°F As Recvd Start:29 Stop:30
13:36:38,0:13:28,AutoCal - Standby
13:36:08,0:12:58,Averages cleared for 90°F As Recvd Step 12
13:35:48,0:12:38,Auto Cal - Temp setpoint changed to 90
13:35:48,0:12:38,Averages cleared for 90°F As Recvd Step 11
13:35:13,0:12:03,110°F After Cal TC21Avg = 110.139
13:35:13,0:12:03,AutoCal - Standby
13:34:43,0:11:33,Averages cleared for 110°F After Cal Step 12
13:34:23,0:11:13,Auto Cal - Temp setpoint changed to 110
13:34:23,0:11:13,Averages cleared for 110°F After Cal Step 11
13:34:22,0:11:12,-4°F After Cal TC21Avg = -3.844
13:34:22,0:11:12,Saving Values for -4 -4°F After Cal Start:21 Stop:28
13:34:22,0:11:12,AutoCal - Standby
13:33:52,0:10:42,Averages cleared for -4°F After Cal Step 12
13:33:32,0:10:22,Resent Setpoint:P0 L-4 2
13:33:21,0:10:11,Standby:P0 L-4 2 13
13:33:10,0:10:00,Averages cleared for -4°F After Cal Step 12
13:32:50,0:09:40,Auto Cal - Temp setpoint changed to -4
13:32:50,0:09:40,Averages cleared for -4°F After Cal Step 11
13:32:50,0:09:40,90°F After Cal TC21Avg = 90.087
13:32:50,0:09:40,Saving Values for 90 90°F After Cal Start:21 Stop:28
13:32:50,0:09:40,AutoCal - Standby
13:32:20,0:09:10,Averages cleared for 90°F After Cal Step 12
13:32:00,0:08:50,Auto Cal - Temp setpoint changed to 90
13:32:00,0:08:50,Averages cleared for 90°F After Cal Step 11
13:32:00,0:08:50,PTC28 Zero Avg: 32.20 Calc Avg: 32.00 New Zero: -0.028000 Old Zero: 0.1670
13:32:00,0:08:50,PTC27 Zero Avg: 32.19 Calc Avg: 32.00 New Zero: -0.024000 Old Zero: 0.1730
13:32:00,0:08:50,PTC26 Zero Avg: 32.16 Calc Avg: 32.00 New Zero: 0.024000 Old Zero: 0.1900
13:32:00,0:08:50,PTC25 Zero Avg: 32.24 Calc Avg: 32.00 New Zero: -0.058000 Old Zero: 0.1860
13:32:00,0:08:50,PTC24 Zero Avg: 32.18 Calc Avg: 32.00 New Zero: -0.065000 Old Zero: 0.1160
13:32:00,0:08:50,PTC23 Zero Avg: 32.13 Calc Avg: 32.00 New Zero: -0.037000 Old Zero: 0.0890
13:32:00,0:08:50,PTC22 Zero Avg: 32.12 Calc Avg: 32.00 New Zero: -0.030000 Old Zero: 0.0910
13:32:00,0:08:50,32°F As Recvd TC21Avg = 32.072
13:32:00,0:08:50,Saving Values for 32 32°F As Recvd Start:21 Stop:28
13:32:00,0:08:50,AutoCal - Standby
13:31:30,0:08:20,Averages cleared for 32°F As Recvd Step 12
13:31:10,0:08:00,Auto Cal - Temp setpoint changed to 32
13:31:10,0:08:00,Averages cleared for 32°F As Recvd Step 11
13:31:10,0:08:00,90°F As Recvd TC21Avg = 90.049
13:31:10,0:08:00,Saving Values for 90 90°F As Recvd Start:21 Stop:28
13:31:10,0:08:00,AutoCal - Standby
13:30:40,0:07:30,Averages cleared for 90°F As Recvd Step 12
13:30:20,0:07:10,Auto Cal - Temp setpoint changed to 90
13:30:20,0:07:10,Averages cleared for 90°F As Recvd Step 11
13:29:36,0:06:26,110°F After Cal TC1Avg = 110.530
13:29:36,0:06:26,AutoCal - Standby
13:29:06,0:05:56,Averages cleared for 110°F After Cal Step 12
13:28:46,0:05:36,Resent Setpoint:P0 L110 2
13:28:35,0:05:25,Standby:P0 L110 2 13
13:28:24,0:05:14,Averages cleared for 110°F After Cal Step 12
13:28:03,0:04:53,Auto Cal - Temp setpoint changed to 110
13:28:03,0:04:53,Averages cleared for 110°F After Cal Step 11
13:28:03,0:04:53,-4°F After Cal TC1Avg = -3.424
13:28:03,0:04:53,Saving Values for -4 -4°F After Cal Start:1 Stop:20
13:28:03,0:04:53,AutoCal - Standby
13:27:33,0:04:23,Averages cleared for -4°F After Cal Step 12
13:27:13,0:04:03,Auto Cal - Temp setpoint changed to -4
13:27:13,0:04:03,Averages cleared for -4°F After Cal Step 11
13:27:12,0:04:02,90°F After Cal TC1Avg = 90.501
13:27:12,0:04:02,Saving Values for 90 90°F After Cal Start:1 Stop:20
13:27:12,0:04:02,AutoCal - Standby
13:26:42,0:03:32,Averages cleared for 90°F After Cal Step 12
13:26:22,0:03:12,Auto Cal - Temp setpoint changed to 90
13:26:22,0:03:12,Averages cleared for 90°F After Cal Step 11
13:26:22,0:03:12,PTC20 Zero Avg: 32.23 Calc Avg: 32.00 New Zero: -0.405000 Old Zero: -0.1780
13:26:22,0:03:12,PTC19 Zero Avg: 32.20 Calc Avg: 32.00 New Zero: -0.404000 Old Zero: -0.1990
13:26:22,0:03:12,PTC18 Zero Avg: 32.22 Calc Avg: 32.00 New Zero: -0.402000 Old Zero: -0.1800
13:26:22,0:03:12,PTC17 Zero Avg: 32.21 Calc Avg: 32.00 New Zero: -0.408000 Old Zero: -0.2030
13:26:22,0:03:12,PTC16 Zero Avg: 32.14 Calc Avg: 32.00 New Zero: -0.345000 Old Zero: -0.2080
13:26:22,0:03:12,PTC15 Zero Avg: 32.25 Calc Avg: 32.00 New Zero: -0.429000 Old Zero: -0.1780
13:26:22,0:03:12,PTC14 Zero Avg: 32.23 Calc Avg: 32.00 New Zero: -0.465000 Old Zero: -0.2390
13:26:22,0:03:12,PTC13 Zero Avg: 32.24 Calc Avg: 32.00 New Zero: -0.465000 Old Zero: -0.2210
13:26:22,0:03:12,PTC12 Zero Avg: 32.22 Calc Avg: 32.00 New Zero: -0.427000 Old Zero: -0.2030
13:26:22,0:03:12,PTC11 Zero Avg: 32.22 Calc Avg: 32.00 New Zero: -0.397000 Old Zero: -0.1780
13:26:22,0:03:12,PTC10 Zero Avg: 32.21 Calc Avg: 32.00 New Zero: -0.369000 Old Zero: -0.1560
13:26:22,0:03:12,PTC9 Zero Avg: 32.19 Calc Avg: 32.00 New Zero: -0.394000 Old Zero: -0.1980
13:26:22,0:03:12,PTC8 Zero Avg: 32.24 Calc Avg: 32.00 New Zero: -0.478000 Old Zero: -0.2330
13:26:22,0:03:12,PTC7 Zero Avg: 32.26 Calc Avg: 32.00 New Zero: -0.469000 Old Zero: -0.2150
13:26:22,0:03:12,PTC6 Zero Avg: 32.19 Calc Avg: 32.00 New Zero: -0.436000 Old Zero: -0.2390
13:26:22,0:03:12,PTC5 Zero Avg: 32.24 Calc Avg: 32.00 New Zero: -0.397000 Old Zero: -0.1610
13:26:22,0:03:12,PTC4 Zero Avg: 32.17 Calc Avg: 32.00 New Zero: -0.449000 Old Zero: -0.2750
13:26:22,0:03:12,PTC3 Zero Avg: 32.21 Calc Avg: 32.00 New Zero: -0.488000 Old Zero: -0.2750
13:26:22,0:03:12,PTC2 Zero Avg: 32.19 Calc Avg: 32.00 New Zero: -0.513000 Old Zero: -0.3230
13:26:22,0:03:12,PTC1 Zero Avg: 32.25 Calc Avg: 32.00 New Zero: -0.565000 Old Zero: -0.3130
13:26:22,0:03:12,32°F As Recvd TC1Avg = 32.565
13:26:22,0:03:12,Saving Values for 32 32°F As Recvd Start:1 Stop:20
13:26:22,0:03:12,AutoCal - Standby
13:25:52,0:02:42,Averages cleared for 32°F As Recvd Step 12
13:25:32,0:02:22,Resent Setpoint:P0 L32 2
13:25:21,0:02:11,Standby:P0 L32 2 13
13:25:10,0:02:00,Averages cleared for 32°F As Recvd Step 12
13:24:50,0:01:40,Auto Cal - Temp setpoint changed to 32
13:24:50,0:01:40,Averages cleared for 32°F As Recvd Step 11
13:24:49,0:01:39,90°F As Recvd TC1Avg = 90.465
13:24:49,0:01:39,Saving Values for 90 90°F As Recvd Start:1 Stop:20
13:24:49,0:01:39,AutoCal - Standby
13:24:19,0:01:09,Averages cleared for 90°F As Recvd Step 12
13:23:59,0:00:49,Auto Cal - Temp setpoint changed to 90
13:23:59,0:00:49,Averages cleared for 90°F As Recvd Step 11
13:23:10,0:00:00,CALTC Auto Version 3.6
13:23:10,0:00:00,Point Numbers30
10:19:16,0:01:26,Test ended Proc CALPRES at line 316
10:19:16,0:01:26,Pressure Calibration finished TN:8304
10:19:16,0:01:26,Database rtsdb1 Table FlexResults key InsertOnly Keyfield 8304
10:19:15,0:01:25,Writing Results
10:19:15,0:01:25,Writing Results
10:19:15,0:01:25,Number of readings 16
10:19:15,0:01:25,HPsi Gain changed to 1.000012
10:19:15,0:01:25,LPsi Gain changed to 1.000000
10:19:15,0:01:25,Raw Gain LPSI 5.00000 HPSI 4.99994 Number of readings 16
10:18:25,0:00:35,Raw Zero LPSI 0.000000 HPSI 0.000000
10:18:25,0:00:35,Raw Zero LPSI 0 HPSI 0 Number of readings 16
10:17:50,0:00:00,CALPRES Version 2.0
10:17:50,0:00:00,Inject signal on pin 4 to 3
10:17:50,0:00:00,24V source measured from pin 2 to 1
10:17:50,0:00:00,0 0
10:17:50,0:00:00,Point Pressure loaded
10:17:42,2:35:04,Test killed Operator aborted test
08:53:10,1:10:32,Log Freezer under 25. Over for 33.78 minutes
08:35:32,0:52:54,Typical cycles started
08:35:31,0:52:53,Product Overloaded
08:35:31,0:52:53,Defrost recovery completed
08:35:31,0:52:53,1 Gosub ProcDefEnd
08:19:22,0:36:44,Freezer over 25 degrees
08:01:29,0:18:51,ADC CT = 40.0000
08:01:29,0:18:51,Corrected For short on time
08:01:29,0:18:51,Product Defrosted
07:42:38,0:00:00,Cycle Test Started v20.3
07:42:38,0:00:00,Stable value = 1006.000 Period = 0:00:00
07:42:38,23:55:08,LastTest = rlattner\16P00328-8257-02-07
07:42:38,23:55:08,Save as rlattner\16P00328-8288-02-07
07:42:38,23:55:08,PerformanceFlex V2.4
07:42:38,23:55:08,Database rtsdb1 Table FlexResults key InsertOnly Keyfield 8257
07:42:38,23:55:08,Database TestReqNum = 204
07:42:38,23:55:08,TestDate is 09/05/16 Database rtsdb1 Table Results key 8257
07:42:38,23:55:08,ADC CT = 40.0000
07:42:38,23:55:08,User stopped test
07:41:23,23:53:53,ADC CT = 40.0000
07:41:23,23:53:53,Product went into defrost while off
06:22:52,22:35:22,Typical cycles started
04:54:56,21:07:26,Defrost recovery completed
04:54:56,21:07:26,1 Gosub ProcDefEnd
01:57:02,18:09:32,ADC CT = 40.0000
01:57:02,18:09:32,Product Defrosted
01:54:59,18:07:29,Product Overloaded
00:39:58,16:52:28,Product cycled, no more markers, typical cycles started 58798 2
00:07:28,16:19:58,Defrost recovery completed
00:07:28,16:19:58,1 Gosub ProcDefEnd
23:52:16,16:04:46,Continuous run II, adding markers 10801.000000 > 10800) & 0 < 2
23:15:05,15:27:35,ADC CT = 40.0000
23:15:05,15:27:35,Product Defrosted
22:23:41,14:36:11,Defrost recovery completed
22:23:41,14:36:11,1 Gosub ProcDefEnd
22:06:00,14:18:30,ADC CT = 40.0000
22:06:00,14:18:30,Corrected For short on time
22:06:00,14:18:30,Product Defrosted
20:52:15,13:04:45,Product cycled, no more markers, typical cycles started 45887 2
20:32:17,12:44:47,Defrost recovery completed
20:32:17,12:44:47,1 Gosub ProcDefEnd
20:26:30,12:39:00,Continuous run II, adding markers 10801.000000 > 10800) & 0 < 2
19:41:19,11:53:49,ADC CT = 40.0000
19:41:19,11:53:49,Product Defrosted
18:56:51,11:09:21,Defrost recovery completed
18:56:51,11:09:21,1 Gosub ProcDefEnd
18:06:38,10:19:08,ADC CT = 40.0000
18:06:38,10:19:08,Product went into defrost while off
16:55:56,9:08:26,Product cycled, no more markers, typical cycles started 30673 2
16:18:43,8:31:13,Defrost recovery completed
16:18:43,8:31:13,1 Gosub ProcDefEnd
16:11:08,8:23:38,Continuous run II, adding markers 10801.000000 > 10800) & 0 < 2
15:27:20,7:39:50,ADC CT = 40.0000
15:27:20,7:39:50,Product Defrosted
14:37:47,6:50:17,Defrost recovery completed
14:37:47,6:50:17,1 Gosub ProcDefEnd
14:23:28,6:35:58,ADC CT = 40.0000
14:23:28,6:35:58,Product went into defrost while off
13:11:07,5:23:37,Typical cycles started
12:47:52,5:00:22,Defrost recovery completed
12:47:52,5:00:22,1 Gosub ProcDefEnd
11:57:27,4:09:57,ADC CT = 40.0000
11:57:27,4:09:57,Corrected For short on time
11:57:27,4:09:57,Product Defrosted
11:11:27,3:23:57,Defrost recovery completed
11:11:27,3:23:57,1 Gosub ProcDefEnd
10:21:42,2:34:12,Log Freezer under 25. Over for 25.75 minutes
10:07:12,2:19:42,Product Overloaded
09:55:56,2:08:26,Freezer over 25 degrees
09:32:47,1:45:17,ADC CT = 40.0000
09:32:47,1:45:17,Corrected For short on time
09:32:47,1:45:17,Product Defrosted
09:29:33,1:42:03,Defrost recovery completed
09:29:33,1:42:03,1 Gosub ProcDefEnd
08:31:54,0:44:24,ADC CT = 40.0000
08:31:54,0:44:24,Corrected For short on time
08:31:54,0:44:24,Product Defrosted
07:47:30,0:00:00,Cycle Test Started v20.3
07:47:30,0:00:00,Stable value = 1006.000 Period = 0:00:00
07:47:30,24:15:25,LastTest = rlattner\16P00328-8229-02-07
07:47:30,24:15:25,Save as rlattner\16P00328-8257-02-07
07:47:30,24:15:25,PerformanceFlex V2.4
07:47:30,24:15:25,Database rtsdb1 Table FlexResults key InsertOnly Keyfield 8229
07:47:30,24:15:25,Database TestReqNum = 204
07:47:30,24:15:25,TestDate is 09/04/16 Database rtsdb1 Table Results key 8229
07:47:30,24:15:25,ADC CT = 40.0000
07:47:30,24:15:25,User stopped test
07:41:07,24:09:02,ADC CT = 40.0000
07:41:07,24:09:02,Corrected For short on time
07:41:07,24:09:02,Product Defrosted
07:41:06,24:09:01,Product Overloaded
06:22:44,22:50:39,Product cycled, no more markers, typical cycles started 76533 2
04:47:38,21:15:33,Defrost recovery completed
04:47:38,21:15:33,1 Gosub ProcDefEnd
03:39:36,20:07:31,Continuous run II, adding markers 10801.000000 > 10800) & 0 < 2
03:36:23,20:04:18,ADC CT = 40.0000
03:36:23,20:04:18,Product Defrosted
02:52:13,19:20:08,Defrost recovery completed
02:52:13,19:20:08,1 Gosub ProcDefEnd
02:00:32,18:28:27,ADC CT = 40.0000
02:00:32,18:28:27,Product Defrosted
01:09:58,17:37:53,Product Overloaded
23:57:38,16:25:33,Product cycled, no more markers, typical cycles started 57040 2
23:22:46,15:50:41,Defrost recovery completed
23:22:46,15:50:41,1 Gosub ProcDefEnd
23:11:20,15:39:15,Continuous run II, adding markers 10801.000000 > 10800) & 0 < 2
22:30:55,14:58:50,ADC CT = 40.0000
22:30:55,14:58:50,Product Defrosted
21:42:01,14:09:56,Defrost recovery completed
21:42:01,14:09:56,1 Gosub ProcDefEnd
21:24:07,13:52:02,ADC CT = 40.0000
21:24:07,13:52:02,Product went into defrost while off
20:11:19,12:39:14,Product cycled, no more markers, typical cycles started 44345 2
19:55:13,12:23:08,Continuous run II, adding markers 10801.000000 > 10800) & 1 < 2
19:51:10,12:19:05,Defrost recovery completed
19:51:10,12:19:05,1 Gosub ProcDefEnd
19:01:25,11:29:20,ADC CT = 40.0000
19:01:25,11:29:20,Product Defrosted
18:16:49,10:44:44,Defrost recovery completed
18:16:49,10:44:44,1 Gosub ProcDefEnd
17:24:12,9:52:07,ADC CT = 40.0000
17:24:12,9:52:07,Product went into defrost while off
16:13:15,8:41:10,Product cycled, no more markers, typical cycles started 29202 2
15:38:47,8:06:42,Defrost recovery completed
15:38:47,8:06:42,1 Gosub ProcDefEnd
14:48:09,7:16:04,ADC CT = 40.0000
14:48:09,7:16:04,Product Defrosted
14:01:11,6:29:06,Defrost recovery completed
14:01:11,6:29:06,1 Gosub ProcDefEnd
13:37:17,6:05:12,Continuous run II, adding markers 10801.000000 > 10800) & 0 < 2
13:16:33,5:44:28,Log Freezer under 25. Over for 24.88 minutes
12:51:39,5:19:34,Freezer over 25 degrees
12:28:26,4:56:21,ADC CT = 40.0000
12:28:26,4:56:21,Product Defrosted
12:15:05,4:43:00,Defrost recovery completed
12:15:05,4:43:00,1 Gosub ProcDefEnd
11:26:37,3:54:32,ADC CT = 40.0000
11:26:37,3:54:32,Corrected For short on time
11:26:37,3:54:32,Product Defrosted
11:26:36,3:54:31,Product Overloaded
10:37:16,3:05:11,Typical cycles started
10:34:00,3:01:55,Defrost recovery completed
10:34:00,3:01:55,1 Gosub ProcDefEnd
09:35:53,2:03:48,ADC CT = 40.0000
09:35:53,2:03:48,Product Defrosted
08:51:10,1:19:05,Defrost recovery completed
08:51:10,1:19:05,1 Gosub ProcDefEnd
07:58:55,0:26:50,ADC CT = 40.0000
07:58:55,0:26:50,Product went into defrost while off
07:32:05,0:00:00,Typical cycles started
07:32:05,0:00:00,Cycle Test Started v20.3
07:32:05,0:00:00,Stable value = 1006.000 Period = 0:00:00
07:32:05,23:17:44,LastTest = rlattner\16P00328-8209-02-07
07:32:05,23:17:44,Save as rlattner\16P00328-8229-02-07
07:32:05,23:17:44,PerformanceFlex V2.4
07:32:05,23:17:44,Database rtsdb1 Table FlexResults key InsertOnly Keyfield 8209
07:32:05,23:17:44,Database TestReqNum = 204
07:32:05,23:17:44,TestDate is 09/03/16 Database rtsdb1 Table Results key 8209
07:32:05,23:17:44,ADC CT = 40.0000
07:32:05,23:17:44,User stopped test
07:14:56,23:00:35,Product cycled, no more markers, typical cycles started 82666 2
07:12:07,22:57:46,Defrost recovery completed
07:12:07,22:57:46,1 Gosub ProcDefEnd
07:05:06,22:50:45,Continuous run II, adding markers 10801.000000 > 10800) & 0 < 2
06:23:06,22:08:45,ADC CT = 40.0000
06:23:06,22:08:45,Product Defrosted
05:36:36,21:22:15,Defrost recovery completed
05:36:36,21:22:15,1 Gosub ProcDefEnd
04:46:06,20:31:45,ADC CT = 40.0000
04:46:06,20:31:45,Product went into defrost while off
04:05:05,19:50:44,Product cycled, no more markers, typical cycles started 71247 2
04:01:48,19:47:27,Defrost recovery completed
04:01:48,19:47:27,1 Gosub ProcDefEnd
02:54:00,18:39:39,ADC CT = 40.0000
02:54:00,18:39:39,Product Defrosted
02:46:26,18:32:05,Continuous run II, adding markers 10801.000000 > 10800) & 1 < 2
02:07:46,17:53:25,Defrost recovery completed
02:07:46,17:53:25,1 Gosub ProcDefEnd
01:10:34,16:56:13,ADC CT = 40.0000
01:10:34,16:56:13,Product Defrosted
00:59:43,16:45:22,Product Overloaded
23:46:25,15:32:04,Product cycled, no more markers, typical cycles started 54556 2
23:23:37,15:09:16,Defrost recovery completed
23:23:37,15:09:16,1 Gosub ProcDefEnd
23:14:22,15:00:01,Continuous run II, adding markers 10801.000000 > 10800) & 0 < 2
22:33:40,14:19:18,ADC CT = 40.0000
22:33:39,14:19:18,Product Defrosted
21:47:55,13:33:34,Defrost recovery completed
21:47:55,13:33:34,1 Gosub ProcDefEnd
20:59:20,12:44:59,ADC CT = 40.0000
20:59:20,12:44:59,Product went into defrost while off
19:49:01,11:34:40,Product cycled, no more markers, typical cycles started 39461 2
19:12:03,10:57:42,Defrost recovery completed
19:12:03,10:57:42,1 Gosub ProcDefEnd
18:55:36,10:41:15,Continuous run II, adding markers 10801.000000 > 10800) & 0 < 2
18:22:45,10:08:24,ADC CT = 40.0000
18:22:45,10:08:24,Product Defrosted
17:37:36,9:23:15,Defrost recovery completed
17:37:36,9:23:15,1 Gosub ProcDefEnd
16:47:27,8:33:06,Log Freezer under 25. Over for 26.75 minutes
16:32:35,8:18:14,ADC CT = 40.0000
16:32:35,8:18:14,Product Defrosted
16:20:41,8:06:20,Freezer over 25 degrees
15:55:35,7:41:14,Typical cycles started
15:06:22,6:52:01,Defrost recovery completed
15:06:22,6:52:01,1 Gosub ProcDefEnd
14:56:35,6:42:14,ADC CT = 40.0000
14:56:35,6:42:14,Corrected For short on time
14:56:35,6:42:14,Product Defrosted
13:46:39,5:32:18,Product cycled, no more markers, typical cycles started 17652 2
13:08:34,4:54:13,Defrost recovery completed
13:08:34,4:54:13,1 Gosub ProcDefEnd
13:05:28,4:51:07,Continuous run II, adding markers 10801.000000 > 10800) & 1 < 2
12:18:40,4:04:19,ADC CT = 40.0000
12:09:22,0:00:00,Starting VAW Calibration Procedure 5.3, saving to Results
12:09:22,0:00:00,Original Voltage Setpoint 115.0
12:09:22,0:00:00,Starting with type 50 - 115V 60Hz range
12:09:23,0:00:01,Get 120 Cal Limits Error: Unable to run query
12:09:23,0:00:01,Get 220 Cal Limits Error: Unable to run query
12:09:29,0:00:00,Start Range changed to 1
12:09:29,0:00:00,---------- Changing voltage to 115V 60Hz
12:09:51,0:00:21,Setting up rtsdb1 for table VAW_RangeValues key InsertOnly Range 1
12:10:34,0:01:04,Raw Watt average 0 Number of readings 54
12:10:34,0:01:04,Watts Offset Deviation=0
12:10:34,0:01:04,Wattage zero1 set to 0
12:10:34,0:01:04,Amperage zero1 set to 0.0001
12:12:21,0:02:51,RBar = 0.0410 R_Bar UCL = 0.134 Sigma = 0.036348
12:12:21,0:02:51,Raw Watt average 201.77115 Number of readings 43, Yok 201.2482
12:12:21,0:02:51,Avg Watts:201.3213, Act Watt:201.2482,  Volt:115 Freq:60
12:12:21,0:02:51,Wattage 120 V Mid Range gain set to 0.9974
12:12:21,0:02:51,Voltage range 1 gain set to 0.9985
12:12:21,0:02:51,Amperage range 1 gain set to 0.9997
12:12:21,0:02:51,Skipping historical gain check for Range 1
12:12:21,0:02:51,Saving Report info for range 1, 120 V Mid Range
12:12:21,0:02:51,Sum of squares is 0.024, Watts var 0.0363 Yok Uncert 0.15
12:12:21,0:02:51,Watts Uncertainty is 0.310
12:12:21,0:02:51,No Database Write yet, continue to Whr calibration
12:14:28,0:04:58,RBar = 0 R_Bar UCL = 0 Sigma = 0
12:14:28,0:04:58,Saving Report info for range 11, 120 V Low Range
12:14:28,0:04:58,Raw Low Watt average 10.225 Number of readings 156
12:17:06,0:07:36,RBar = 0 R_Bar UCL = 0 Sigma = 0
12:17:06,0:07:36,Saving Report info for range 21, 120 V High Range
12:17:06,0:07:36,Raw High Watt average 504.757 Number of readings 157
12:17:27,0:07:57,120 V Mid Range Watt-hrs 0.02773 27.6800 %Error:0.18
12:17:27,0:07:57,Changing ranges (1->2)
12:17:27,0:07:57,Database values written for Range 1
12:17:29,0:07:59,---------- Changing voltage to 230V 60Hz
12:17:29,0:07:59,Value:2 Type:50 Range:52 SetRange: 51 CurRange:2
12:17:56,0:08:26,Setting up rtsdb1 for table VAW_RangeValues key InsertOnly Range 2
12:18:33,0:09:03,Raw Watt average 0 Number of readings 44
12:18:33,0:09:03,Watts Offset Deviation=0
12:18:33,0:09:03,Wattage zero2 set to 0
12:18:33,0:09:03,Amperage zero2 set to 0.0002
12:20:21,0:10:51,RBar = 0.0639 R_Bar UCL = 0.209 Sigma = 0.056649
12:20:21,0:10:51,Raw Watt average 199.71925 Number of readings 45, Yok 199.4402
12:20:21,0:10:51,Avg Watts:199.3452, Act Watt:199.4402,  Volt:230 Freq:60
12:20:21,0:10:51,Wattage 220 V Mid Range gain set to 0.9986
12:20:21,0:10:51,Voltage range 2 gain set to 0.9947
12:20:21,0:10:51,Amperage range 2 gain set to 1.0002
12:20:21,0:10:51,Skipping historical gain check for Range 2
12:20:21,0:10:51,Saving Report info for range 2, 220 V Mid Range
12:20:21,0:10:51,Sum of squares is 0.026, Watts var 0.0566 Yok Uncert 0.15
12:20:21,0:10:51,Watts Uncertainty is 0.322
12:20:21,0:10:51,No Database Write yet, continue to Whr calibration
12:22:28,0:12:58,RBar = 0 R_Bar UCL = 0 Sigma = 0
12:22:28,0:12:58,Saving Report info for range 12, 220 V Low Range
12:22:28,0:12:58,Raw Low Watt average 10.272 Number of readings 155
12:25:07,0:15:37,RBar = 0 R_Bar UCL = 0 Sigma = 0
12:25:07,0:15:37,Saving Report info for range 22, 220 V High Range
12:25:07,0:15:37,Raw High Watt average 506.905 Number of readings 158
12:25:28,0:15:58,220 V Mid Range Watt-hrs 0.02797 27.9100 %Error:0.21
12:25:28,0:15:58,Database values written for Range 1, Test Number: 8353
12:25:28,0:15:58,Database rtsdb1 Table Results key 8353
12:25:28,0:15:58,Test ended Proc VAWCAL at line 2177
