12:22:03,0:00:00,Using Yok 3000 for calibration
12:22:03,0:00:00,Lab = 11
12:21:59,0:46:50,Test killed Operator aborted test
12:17:27,0:42:18,Please check - Low wattage read:0. Should be > 350.
12:17:27,0:42:18,Please check - Low wattage read:0. Should be > 350.
12:17:26,0:42:17,Please check - Low wattage read:0. Should be > 350.
12:17:26,0:42:17,Please check - Low wattage read:0. Should be > 350.
12:17:26,0:42:17,Please check - Low wattage read:0. Should be > 350.
12:17:26,0:42:17,Please check - Low wattage read:0. Should be > 350.
12:17:25,0:42:16,Please check - Low wattage read:0. Should be > 350.
12:17:25,0:42:16,Please check - Low wattage read:0. Should be > 350.
12:17:25,0:42:16,Please check - Low wattage read:0. Should be > 350.
12:17:25,0:42:16,Please check - Low wattage read:0. Should be > 350.
12:17:25,0:42:16,Please check - Low wattage read:0. Should be > 350.
12:17:24,0:42:15,Please check - Low wattage read:0. Should be > 350.
12:17:24,0:42:15,Please check - Low wattage read:0. Should be > 350.
12:17:24,0:42:15,Please check - Low wattage read:0. Should be > 350.
12:17:23,0:42:14,Please check - Low wattage read:0. Should be > 350.
12:17:23,0:42:14,Please check - Low wattage read:0. Should be > 350.
12:17:23,0:42:14,Please check - Low wattage read:0. Should be > 350.
12:17:23,0:42:14,Please check - Low wattage read:0. Should be > 350.
12:17:22,0:42:13,Please check - Low wattage read:0. Should be > 350.
12:17:22,0:42:13,Please check - Low wattage read:0. Should be > 350.
12:17:22,0:42:13,Please check - Low wattage read:0. Should be > 350.
12:17:22,0:42:13,Please check - Low wattage read:0. Should be > 350.
12:17:21,0:42:12,Please check - Low wattage read:0. Should be > 350.
12:17:21,0:42:12,Please check - Low wattage read:0. Should be > 350.
12:17:21,0:42:12,Please check - Low wattage read:0. Should be > 350.
12:17:21,0:42:12,Please check - Low wattage read:0. Should be > 350.
12:17:20,0:42:11,Please check - Low wattage read:0. Should be > 350.
12:17:20,0:42:11,Please check - Low wattage read:0. Should be > 350.
12:17:20,0:42:11,Please check - Low wattage read:0. Should be > 350.
12:17:19,0:42:10,Please check - Low wattage read:0. Should be > 350.
12:17:19,0:42:10,Please check - Low wattage read:0. Should be > 350.
12:17:19,0:42:10,Please check - Low wattage read:0. Should be > 350.
12:17:19,0:42:10,Please check - Low wattage read:0. Should be > 350.
12:16:13,0:41:04,Raw Low Watt average 10.286 Number of readings 156
12:16:13,0:41:04,Saving Report info for range 12, 220 V Low Range
12:16:13,0:41:04,RBar = 0 R_Bar UCL = 0 Sigma = 0
12:14:07,0:38:57,No Database Write yet, continue to Whr calibration
12:14:06,0:38:57,Watts Uncertainty is 0.303
12:14:06,0:38:57,Sum of squares is 0.023, Watts var 0.0226 Yok Uncert 0.15
12:14:06,0:38:57,Saving Report info for range 2, 220 V Mid Range
12:14:06,0:38:57,Skipping historical gain check for Range 2
12:14:06,0:38:57,Amperage range 2 gain set to 1.0006
12:14:06,0:38:57,Voltage range 2 gain set to 0.9950
12:14:06,0:38:57,Wattage 220 V Mid Range gain set to 0.9991
12:14:06,0:38:57,Avg Watts:200.9781, Act Watt:201.1596,  Volt:230 Freq:60
12:14:06,0:38:57,Raw Watt average 201.34904 Number of readings 43, Yok 201.1596
12:14:06,0:38:57,RBar = 0.0255 R_Bar UCL = 0.083 Sigma = 0.022606
11:46:04,0:10:55,No Database Write yet, continue to Whr calibration
11:46:04,0:10:55,Watts Uncertainty is 1.898
11:46:04,0:10:55,Sum of squares is 0.901, Watts var 0.9374 Yok Uncert 0.15
11:46:04,0:10:55,Saving Report info for range 2, 220 V Mid Range
11:46:04,0:10:55,Skipping historical gain check for Range 2
11:46:04,0:10:55,No Adjust for Watts 220V No Adjust for Volts 220V No Adjust for Amps 220V
11:46:04,0:10:55,Amps range 2 gain not adjusted - 0.9999
11:46:04,0:10:55,Volts range 2 gain not adjusted - 0.9952
11:46:04,0:10:55,Wattage range 2 gain not adjusted - 0.9993
11:46:04,0:10:55,Delta:-0.064300 is between 0.419 & -0.419- no adjust
11:46:04,0:10:55,Raw Watt average 200.92949 Number of readings 45, Yok 200.6720
11:46:04,0:10:55,RBar = 1.0574 R_Bar UCL = 3.455 Sigma = 0.937411
11:44:14,0:09:05,Amperage zero2 set to 0.0002
11:44:14,0:09:05,Wattage zero2 set to 0
11:44:14,0:09:05,Watts Offset Deviation=0
11:44:14,0:09:05,Raw Watt average 0 Number of readings 53
11:43:32,0:08:23,Setting up rtsdb1 for table VAW_RangeValues key InsertOnly Range 2
11:43:05,0:07:56,Value:2 Type:50 Range:52 SetRange: 51 CurRange:2
11:43:05,0:07:56,---------- Changing voltage to 230V 60Hz
11:43:03,0:07:54,Database values written for Range 1
11:43:03,0:07:54,Changing ranges (1->2)
11:43:03,0:07:54,120 V Mid Range Watt-hrs 0.02777 27.5100 %Error:0.95
11:42:42,0:07:33,Raw High Watt average 503.535 Number of readings 158
11:42:42,0:07:33,Saving Report info for range 21, 120 V High Range
11:42:42,0:07:33,RBar = 0 R_Bar UCL = 0 Sigma = 0
11:40:02,0:04:53,Raw Low Watt average 10.246 Number of readings 156
11:40:02,0:04:53,Saving Report info for range 11, 120 V Low Range
11:40:02,0:04:53,RBar = 0 R_Bar UCL = 0 Sigma = 0
11:37:55,0:02:46,No Database Write yet, continue to Whr calibration
11:37:55,0:02:46,Watts Uncertainty is 0.303
11:37:55,0:02:46,Sum of squares is 0.023, Watts var 0.0291 Yok Uncert 0.15
11:37:55,0:02:46,Saving Report info for range 1, 120 V Mid Range
11:37:55,0:02:46,Skipping historical gain check for Range 1
11:37:55,0:02:46,Amperage range 1 gain set to 1.0002
11:37:55,0:02:46,Voltage range 1 gain set to 0.9984
11:37:55,0:02:46,Wattage 120 V Mid Range gain set to 0.9980
11:37:55,0:02:46,Avg Watts:199.0494, Act Watt:199.1269,  Volt:115 Freq:60
11:37:55,0:02:46,Raw Watt average 199.51717 Number of readings 43, Yok 199.1269
11:37:55,0:02:46,RBar = 0.0328 R_Bar UCL = 0.107 Sigma = 0.029078
11:36:00,0:00:51,Amperage zero1 set to 0.0001
11:36:00,0:00:51,Wattage zero1 set to 0
11:36:00,0:00:51,Watts Offset Deviation=0
11:36:00,0:00:51,Raw Watt average 0 Number of readings 54
11:35:18,0:00:09,Setting up rtsdb1 for table VAW_RangeValues key InsertOnly Range 1
11:35:08,0:00:00,---------- Changing voltage to 115V 60Hz
11:35:08,0:00:00,Start Range changed to 1
11:35:01,0:00:00,Get 220 Cal Limits Error: Unable to run query
11:35:01,0:00:00,Get 120 Cal Limits Error: Unable to run query
11:35:01,0:00:00,Starting with type 50 - 115V 60Hz range
11:35:01,0:00:00,Original Voltage Setpoint 115.0
11:35:01,0:00:00,Starting VAW Calibration Procedure 5.3, saving to Results
11:35:01,0:00:00,Using Yok 3000 for calibration
11:35:01,0:00:00,Lab = 11
07:46:21,0:26:33,Test ended Proc CALCURLEAK at line 292
07:46:21,0:26:33,CalCurLeak finished TN:8070
07:45:59,0:26:11,User stopped test
07:45:35,0:25:47,X23:8.64582 Y23:25.14237
07:44:25,0:24:37,X22:7.31336 Y22:20.05305
07:43:25,0:23:37,X21:5.97000 Y21:14.98913
07:42:25,0:22:37,X20:4.65050 Y20:10.01698
07:41:35,0:21:47,X19:4.11800 Y19:8.01475
07:40:35,0:20:47,X18:3.58833 Y18:6.02119
07:38:25,0:18:37,X17:3.26608 Y17:4.82823
07:37:25,0:17:37,X16:3.08075 Y16:4.12833
07:36:35,0:16:47,X15:2.97058 Y15:3.71561
07:35:25,0:15:37,X14:2.65400 Y14:2.51828
07:34:15,0:14:27,X13:2.32683 Y13:1.26528
07:33:25,0:13:37,X12:2.26209 Y12:1.01178
07:32:45,0:12:57,X11:2.20991 Y11:0.79900
07:30:25,0:10:37,X10:2.17345 Y10:0.67371
07:29:35,0:09:47,X9:2.15600 Y9:0.60188
07:28:35,0:08:47,X8:2.13233 Y8:0.50067
07:27:35,0:07:47,X7:2.11142 Y7:0.40061
07:26:35,0:06:47,X6:2.09392 Y6:0.29963
07:25:45,0:05:57,X5:2.08708 Y5:0.25131
07:24:55,0:05:07,X4:2.08217 Y4:0.20093
07:24:05,0:04:17,X3:2.07808 Y3:0.15127
07:23:13,0:03:25,X2:2.07500 Y2:0.10041
07:22:05,0:02:17,X1:2.07327 Y1:0.06715
07:19:44,0:00:00,CalCurLeak v1.1
12:18:29,0:53:03,Test ended Proc CALTCAUTO at line 655
12:18:29,0:53:03,TC Calibration finished TN: 8037
12:18:28,0:53:02,Writing tcCalibration
12:18:28,0:53:02,Writing LabResults
12:18:28,0:53:02,110°F After Cal TC29Avg = 110.520
12:18:28,0:53:02,AutoCal - Standby
12:17:58,0:52:32,Averages cleared for 110°F After Cal Step 12
12:17:38,0:52:12,Resent Setpoint:P0 L110 2
12:17:27,0:52:01,Standby:P0 L110 2 13
12:17:16,0:51:50,Averages cleared for 110°F After Cal Step 12
12:16:56,0:51:30,Auto Cal - Temp setpoint changed to 110
12:16:56,0:51:30,Averages cleared for 110°F After Cal Step 11
12:16:56,0:51:30,-4°F After Cal TC29Avg = -3.330
12:16:56,0:51:30,Saving Values for -4 -4°F After Cal Start:29 Stop:30
12:16:56,0:51:30,AutoCal - Standby
12:16:26,0:51:00,Averages cleared for -4°F After Cal Step 12
12:16:06,0:50:40,Resent Setpoint:P0 L-4 2
12:15:55,0:50:29,Standby:P0 L-4 2 13
12:15:44,0:50:18,Averages cleared for -4°F After Cal Step 12
12:15:24,0:49:58,Auto Cal - Temp setpoint changed to -4
12:15:24,0:49:58,Averages cleared for -4°F After Cal Step 11
12:15:24,0:49:58,90°F After Cal TC29Avg = 90.280
12:15:24,0:49:58,Saving Values for 90 90°F After Cal Start:29 Stop:30
12:15:24,0:49:58,AutoCal - Standby
12:14:54,0:49:28,Averages cleared for 90°F After Cal Step 12
12:14:34,0:49:08,Auto Cal - Temp setpoint changed to 90
12:14:34,0:49:08,Averages cleared for 90°F After Cal Step 11
12:14:28,0:49:02,TC30 out of .3 window 89.61.  Number out:2
12:14:28,0:49:02,TC30 New Gain: 1.002300 Old Gain 0.9979
12:14:28,0:49:02,TC29 out of .3 window 89.58.  Number out:1
12:14:28,0:49:02,TC29 New Gain: 1.002600 Old Gain 0.9979
12:14:28,0:49:02,90°F After Cal TC29Avg = 90.280
12:14:28,0:49:02,Saving Values for 90 90°F After Cal Start:29 Stop:30
12:14:28,0:49:02,AutoCal - Standby
12:13:58,0:48:32,Averages cleared for 90°F After Cal Step 12
12:13:37,0:48:11,Resent Setpoint:P0 L90 2
12:13:26,0:48:00,Standby:P0 L90 2 13
12:13:15,0:47:49,Averages cleared for 90°F After Cal Step 12
12:12:55,0:47:29,Auto Cal - Temp setpoint changed to 90
12:12:55,0:47:29,Averages cleared for 90°F After Cal Step 11
12:12:54,0:47:28,PTC30 Zero Avg: 32.33 Calc Avg: 31.93 New Zero: -0.483000 Old Zero: -0.0899
12:12:54,0:47:28,PTC29 Zero Avg: 32.36 Calc Avg: 31.93 New Zero: -0.511100 Old Zero: -0.0900
12:12:54,0:47:28,32°F As Recvd TC29Avg = 32.510
12:12:54,0:47:28,Saving Values for 32 32°F As Recvd Start:29 Stop:30
12:12:54,0:47:28,AutoCal - Standby
12:12:24,0:46:58,Averages cleared for 32°F As Recvd Step 12
12:12:04,0:46:38,Auto Cal - Temp setpoint changed to 32
12:12:04,0:46:38,Averages cleared for 32°F As Recvd Step 11
12:12:04,0:46:38,90°F As Recvd TC29Avg = 90.280
12:12:04,0:46:38,Saving Values for 90 90°F As Recvd Start:29 Stop:30
12:12:04,0:46:38,AutoCal - Standby
12:11:34,0:46:08,Averages cleared for 90°F As Recvd Step 12
12:11:13,0:45:47,Auto Cal - Temp setpoint changed to 90
12:11:13,0:45:47,Averages cleared for 90°F As Recvd Step 11
12:08:25,0:42:59,110°F After Cal TC21Avg = 110.278
12:08:25,0:42:59,AutoCal - Standby
12:07:55,0:42:29,Averages cleared for 110°F After Cal Step 12
12:07:35,0:42:09,Resent Setpoint:P0 L110 2
12:07:24,0:41:58,Standby:P0 L110 2 13
12:07:13,0:41:47,Averages cleared for 110°F After Cal Step 12
12:06:53,0:41:27,Auto Cal - Temp setpoint changed to 110
12:06:53,0:41:27,Averages cleared for 110°F After Cal Step 11
12:06:52,0:41:26,-4°F After Cal TC21Avg = -3.744
12:06:52,0:41:26,Saving Values for -4 -4°F After Cal Start:21 Stop:28
12:06:52,0:41:26,AutoCal - Standby
12:06:22,0:40:56,Averages cleared for -4°F After Cal Step 12
12:06:02,0:40:36,Resent Setpoint:P0 L-4 2
12:05:51,0:40:25,Standby:P0 L-4 2 13
12:05:40,0:40:14,Averages cleared for -4°F After Cal Step 12
12:05:19,0:39:53,Auto Cal - Temp setpoint changed to -4
12:05:19,0:39:53,Averages cleared for -4°F After Cal Step 11
12:05:18,0:39:52,TC21 New Gain: 0.999900 Old Gain 0.9986
12:05:18,0:39:52,90°F After Cal TC21Avg = 90.217
12:05:18,0:39:52,Saving Values for 90 90°F After Cal Start:21 Stop:28
12:05:18,0:39:52,AutoCal - Standby
12:04:48,0:39:22,Averages cleared for 90°F After Cal Step 12
12:04:27,0:39:01,Auto Cal - Temp setpoint changed to 90
12:04:27,0:39:01,Averages cleared for 90°F After Cal Step 11
12:04:26,0:39:00,PTC28 Zero Avg: 32.16 Calc Avg: 32.00 New Zero: -0.156000 Old Zero: 0
12:04:26,0:39:00,PTC27 Zero Avg: 32.17 Calc Avg: 32.00 New Zero: -0.167000 Old Zero: 0
12:04:26,0:39:00,PTC26 Zero Avg: 32.11 Calc Avg: 32.00 New Zero: -0.203000 Old Zero: -0.0910
12:04:26,0:39:00,PTC25 Zero Avg: 32.15 Calc Avg: 32.00 New Zero: -0.194000 Old Zero: -0.0460
12:04:26,0:39:00,PTC24 Zero Avg: 32.14 Calc Avg: 32.00 New Zero: -0.234000 Old Zero: -0.0950
12:04:26,0:39:00,PTC23 Zero Avg: 32.11 Calc Avg: 32.00 New Zero: -0.199000 Old Zero: -0.0900
12:04:26,0:39:00,PTC22 Zero Avg: 32.13 Calc Avg: 32.00 New Zero: -0.250000 Old Zero: -0.1230
12:04:26,0:39:00,PTC21 Zero Avg: 32.17 Calc Avg: 31.95 New Zero: -0.212300 Old Zero: 0
12:04:26,0:39:00,32°F As Recvd TC21Avg = 32.212
12:04:26,0:39:00,Saving Values for 32 32°F As Recvd Start:21 Stop:28
12:04:26,0:39:00,AutoCal - Standby
12:03:56,0:38:30,Averages cleared for 32°F As Recvd Step 12
12:03:36,0:38:10,Resent Setpoint:P0 L32 2
12:03:25,0:37:59,Standby:P0 L32 2 13
12:03:14,0:37:48,Averages cleared for 32°F As Recvd Step 12
12:02:54,0:37:28,Auto Cal - Temp setpoint changed to 32
12:02:54,0:37:28,Averages cleared for 32°F As Recvd Step 11
12:02:54,0:37:28,90°F As Recvd TC21Avg = 90.168
12:02:54,0:37:28,Saving Values for 90 90°F As Recvd Start:21 Stop:28
12:02:54,0:37:28,AutoCal - Standby
12:02:24,0:36:58,Averages cleared for 90°F As Recvd Step 12
12:02:04,0:36:38,Auto Cal - Temp setpoint changed to 90
12:02:04,0:36:38,Averages cleared for 90°F As Recvd Step 11
11:30:54,0:05:28,110°F After Cal TC1Avg = 110.621
11:30:54,0:05:28,AutoCal - Standby
11:30:24,0:04:58,Averages cleared for 110°F After Cal Step 12
11:30:04,0:04:38,Resent Setpoint:P0 L110 2
11:29:53,0:04:27,Standby:P0 L110 2 13
11:29:42,0:04:16,Averages cleared for 110°F After Cal Step 12
11:29:22,0:03:56,Auto Cal - Temp setpoint changed to 110
11:29:22,0:03:56,Averages cleared for 110°F After Cal Step 11
11:29:22,0:03:56,-4°F After Cal TC1Avg = -3.351
11:29:22,0:03:56,Saving Values for -4 -4°F After Cal Start:1 Stop:20
11:29:22,0:03:56,AutoCal - Standby
11:28:52,0:03:26,Averages cleared for -4°F After Cal Step 12
11:28:32,0:03:06,Auto Cal - Temp setpoint changed to -4
11:28:32,0:03:06,Averages cleared for -4°F After Cal Step 11
11:28:32,0:03:06,90°F After Cal TC1Avg = 90.573
11:28:32,0:03:06,Saving Values for 90 90°F After Cal Start:1 Stop:20
11:28:32,0:03:06,AutoCal - Standby
11:28:02,0:02:36,Averages cleared for 90°F After Cal Step 12
11:27:42,0:02:16,Auto Cal - Temp setpoint changed to 90
11:27:42,0:02:16,Averages cleared for 90°F After Cal Step 11
11:27:42,0:02:16,PTC20 Zero Avg: 32.20 Calc Avg: 32.00 New Zero: -0.644000 Old Zero: -0.4470
11:27:42,0:02:16,PTC19 Zero Avg: 32.19 Calc Avg: 32.00 New Zero: -0.705000 Old Zero: -0.5220
11:27:42,0:02:16,PTC18 Zero Avg: 32.16 Calc Avg: 32.00 New Zero: -0.742000 Old Zero: -0.5810
11:27:42,0:02:16,PTC17 Zero Avg: 32.14 Calc Avg: 32.00 New Zero: -0.768000 Old Zero: -0.6300
11:27:42,0:02:16,PTC16 Zero Avg: 32.14 Calc Avg: 32.00 New Zero: -0.740000 Old Zero: -0.6080
11:27:42,0:02:16,PTC15 Zero Avg: 32.14 Calc Avg: 32.00 New Zero: -0.671000 Old Zero: -0.5310
11:27:42,0:02:16,PTC13 Zero Avg: 32.11 Calc Avg: 32.00 New Zero: -0.758000 Old Zero: -0.6500
11:27:42,0:02:16,PTC11 Zero Avg: 32.11 Calc Avg: 32.00 New Zero: -0.734000 Old Zero: -0.6250
11:27:42,0:02:16,PTC10 Zero Avg: 32.14 Calc Avg: 32.00 New Zero: -0.587000 Old Zero: -0.4410
11:27:42,0:02:16,PTC9 Zero Avg: 32.14 Calc Avg: 32.00 New Zero: -0.666000 Old Zero: -0.5310
11:27:42,0:02:16,PTC6 Zero Avg: 32.13 Calc Avg: 32.00 New Zero: -0.666000 Old Zero: -0.5380
11:27:42,0:02:16,32°F As Recvd TC1Avg = 32.614
11:27:42,0:02:16,Saving Values for 32 32°F As Recvd Start:1 Stop:20
11:27:42,0:02:16,AutoCal - Standby
11:27:11,0:01:45,Averages cleared for 32°F As Recvd Step 12
11:26:51,0:01:25,Auto Cal - Temp setpoint changed to 32
11:26:51,0:01:25,Averages cleared for 32°F As Recvd Step 11
11:26:50,0:01:24,90°F As Recvd TC1Avg = 90.607
11:26:50,0:01:24,Saving Values for 90 90°F As Recvd Start:1 Stop:20
11:26:50,0:01:24,AutoCal - Standby
11:26:20,0:00:54,Averages cleared for 90°F As Recvd Step 12
11:26:00,0:00:34,Auto Cal - Temp setpoint changed to 90
11:26:00,0:00:34,Averages cleared for 90°F As Recvd Step 11
11:25:26,0:00:00,CALTC Auto Version 3.6
11:25:26,0:00:00,Point Numbers30
08:45:47,0:01:25,Test ended Proc CALPRES at line 316
08:45:47,0:01:25,Pressure Calibration finished TN:8026
08:45:47,0:01:25,Database rtsdb1 Table FlexResults key InsertOnly Keyfield 8026
08:45:46,0:01:24,Writing Results
08:45:46,0:01:24,Writing Results
08:45:46,0:01:24,Number of readings 16
08:45:46,0:01:24,HPsi Gain changed to 1.000200
08:45:46,0:01:24,LPsi Gain changed to 1.000200
08:45:46,0:01:24,Raw Gain LPSI 4.99900 HPSI 4.99900 Number of readings 16
08:44:58,0:00:36,Raw Zero LPSI 0.000000 HPSI 0.000000
08:44:58,0:00:36,Raw Zero LPSI 0 HPSI 0 Number of readings 17
08:44:22,0:00:00,CALPRES Version 2.0
08:44:22,0:00:00,Inject signal on pin 4 to 3
08:44:22,0:00:00,24V source measured from pin 2 to 1
08:44:22,0:00:00,0 0
08:44:22,0:00:00,Point Pressure loaded
07:57:02,0:00:12,Test killed Operator aborted test
07:56:50,0:00:00,Next Open at 7:56:51, TestTime 0:01:00
07:56:50,0:00:00,loaded sequence D:\RTSSYSTEM\tests\96-24-3Cab.csv
07:56:50,0:00:00,DoorOpener Test Started v20.3
07:56:50,0:00:00,Stable value = 1006.000 Period = 0:00:00
07:56:50,23:36:39,LastTest = rlattner\16P00373-7965-03-07
07:56:50,23:36:39,Save as rlattner\16P00373-8013-03-07
07:56:50,23:36:38,PerformanceFlex V2.4
07:56:50,23:36:38,Database rtsdb1 Table FlexResults key InsertOnly Keyfield 7965
07:56:50,23:36:38,Database TestReqNum = 215
07:56:50,23:36:38,TestDate is 08/29/16 Database rtsdb1 Table Results key 7965
07:56:50,23:36:38,ADC CT = 40.0000
07:56:49,23:36:38,User stopped test
00:12:47,15:52:36,Reached end of sequence file
00:12:47,15:52:36,Open Slide for 12
00:12:47,15:52:36,Open Cab for 12
00:02:46,15:42:35,Open Slide for 12
00:02:46,15:42:35,Open Cab for 12
23:52:45,15:32:34,Open Slide for 12
23:52:45,15:32:34,Open Cab for 12
23:42:44,15:22:33,Open Slide for 12
23:42:44,15:22:33,Open Frz for 12
23:42:44,15:22:33,Open Cab for 12
23:32:43,15:12:32,Open Slide for 12
23:32:43,15:12:32,Open Cab for 12
23:22:42,15:02:31,Open Slide for 12
23:22:42,15:02:31,Open Cab for 12
23:12:41,14:52:30,Open Slide for 12
23:12:41,14:52:30,Open Cab for 12
23:02:40,14:42:29,Open Slide for 12
23:02:40,14:42:29,Open Frz for 12
23:02:40,14:42:29,Open Cab for 12
22:52:39,14:32:28,Open Slide for 12
22:52:39,14:32:28,Open Cab for 12
22:42:38,14:22:27,Open Slide for 12
22:42:38,14:22:27,Open Cab for 12
22:32:37,14:12:26,Open Slide for 12
22:32:37,14:12:26,Open Cab for 12
22:22:36,14:02:25,Open Slide for 12
22:22:36,14:02:25,Open Frz for 12
22:22:36,14:02:25,Open Cab for 12
22:12:35,13:52:24,Open Slide for 12
22:12:35,13:52:24,Open Cab for 12
22:02:34,13:42:23,Open Slide for 12
22:02:34,13:42:23,Open Cab for 12
21:52:33,13:32:22,Open Slide for 12
21:52:33,13:32:22,Open Cab for 12
21:42:32,13:22:21,Open Slide for 12
21:42:32,13:22:21,Open Frz for 12
21:42:32,13:22:21,Open Cab for 12
21:32:31,13:12:20,Open Slide for 12
21:32:31,13:12:20,Open Cab for 12
21:22:30,13:02:19,Open Slide for 12
21:22:30,13:02:19,Open Cab for 12
21:12:29,12:52:18,Open Slide for 12
21:12:29,12:52:18,Open Cab for 12
21:02:28,12:42:17,Open Slide for 12
21:02:28,12:42:17,Open Frz for 12
21:02:28,12:42:17,Open Cab for 12
20:52:27,12:32:16,Open Slide for 12
20:52:27,12:32:16,Open Cab for 12
20:42:26,12:22:15,Open Slide for 12
20:42:26,12:22:15,Open Cab for 12
20:32:25,12:12:14,Open Slide for 12
20:32:25,12:12:14,Open Cab for 12
20:23:49,12:03:38,Defrost recovery completed
20:23:49,12:03:38,2 Gosub ProcDefEnd
20:22:24,12:02:13,Open Slide for 12
20:22:24,12:02:13,Open Frz for 12
20:22:24,12:02:13,Open Cab for 12
20:12:23,11:52:12,Open Slide for 12
20:12:23,11:52:12,Open Cab for 12
20:02:22,11:42:11,Open Slide for 12
20:02:22,11:42:11,Open Cab for 12
19:52:21,11:32:10,Open Slide for 12
19:52:21,11:32:10,Open Cab for 12
19:42:20,11:22:09,Open Slide for 12
19:42:20,11:22:09,Open Frz for 12
19:42:20,11:22:09,Open Cab for 12
19:32:19,11:12:08,Open Slide for 12
19:32:19,11:12:08,Open Cab for 12
19:22:18,11:02:07,Open Slide for 12
19:22:18,11:02:07,Open Cab for 12
19:12:17,10:52:06,Open Slide for 12
19:12:17,10:52:06,Open Cab for 12
19:02:16,10:42:05,Open Slide for 12
19:02:16,10:42:05,Open Frz for 12
19:02:16,10:42:05,Open Cab for 12
18:52:15,10:32:04,Open Slide for 12
18:52:15,10:32:04,Open Cab for 12
18:42:14,10:22:03,Open Slide for 12
18:42:14,10:22:03,Open Cab for 12
18:32:13,10:12:02,Open Slide for 12
18:32:13,10:12:02,Open Cab for 12
18:22:12,10:02:01,Open Slide for 12
18:22:12,10:02:01,Open Frz for 12
18:22:12,10:02:01,Open Cab for 12
18:12:11,9:52:00,Open Slide for 12
18:12:11,9:52:00,Open Cab for 12
18:02:10,9:41:59,Open Slide for 12
18:02:10,9:41:59,Open Cab for 12
17:52:09,9:31:58,Open Slide for 12
17:52:09,9:31:58,Open Cab for 12
17:42:08,9:21:57,Open Slide for 12
17:42:08,9:21:57,Open Frz for 12
17:42:08,9:21:57,Open Cab for 12
17:32:07,9:11:56,Open Slide for 12
12:22:03,0:00:00,Starting VAW Calibration Procedure 5.3, saving to Results
12:22:03,0:00:00,Original Voltage Setpoint 230
12:22:03,0:00:00,Starting with type 50 - 115V 60Hz range
12:22:03,0:00:00,Get 120 Cal Limits Error: Unable to run query
12:22:04,0:00:01,Get 220 Cal Limits Error: Unable to run query
12:22:11,0:00:00,Start Range changed to 1
12:22:11,0:00:00,---------- Changing voltage to 115V 60Hz
12:22:29,0:00:17,Setting up rtsdb1 for table VAW_RangeValues key InsertOnly Range 1
12:23:11,0:00:59,Raw Watt average 0 Number of readings 53
12:23:11,0:00:59,Watts Offset Deviation=0
12:23:11,0:00:59,Wattage zero1 set to 0
12:23:11,0:00:59,Amperage zero1 set to 0.0001
12:25:06,0:02:54,RBar = 0.0392 R_Bar UCL = 0.128 Sigma = 0.034752
12:25:06,0:02:54,Raw Watt average 200.82600 Number of readings 46, Yok 200.4904
12:25:06,0:02:54,Avg Watts:200.2953, Act Watt:200.4904,  Volt:115 Freq:60
12:25:06,0:02:54,Wattage 120 V Mid Range gain set to 0.9983
12:25:06,0:02:54,Voltage range 1 gain set to 0.9986
12:25:06,0:02:54,Amperage range 1 gain set to 1.0009
12:25:06,0:02:54,Skipping historical gain check for Range 1
12:25:06,0:02:54,Saving Report info for range 1, 120 V Mid Range
12:25:06,0:02:54,Sum of squares is 0.024, Watts var 0.0348 Yok Uncert 0.15
12:25:06,0:02:54,Watts Uncertainty is 0.310
12:25:06,0:02:54,No Database Write yet, continue to Whr calibration
12:27:13,0:05:01,RBar = 0 R_Bar UCL = 0 Sigma = 0
12:27:13,0:05:01,Saving Report info for range 11, 120 V Low Range
12:27:13,0:05:01,Raw Low Watt average 10.246 Number of readings 158
12:29:53,0:07:41,RBar = 0 R_Bar UCL = 0 Sigma = 0
12:29:53,0:07:41,Saving Report info for range 21, 120 V High Range
12:29:53,0:07:41,Raw High Watt average 503.114 Number of readings 158
12:30:14,0:08:02,120 V Mid Range Watt-hrs 0.02805 27.7900 %Error:0.94
12:30:14,0:08:02,Changing ranges (1->2)
12:30:14,0:08:02,Database values written for Range 1
12:30:15,0:08:03,---------- Changing voltage to 230V 60Hz
12:30:15,0:08:03,Value:2 Type:50 Range:52 SetRange: 51 CurRange:2
12:30:41,0:08:29,Setting up rtsdb1 for table VAW_RangeValues key InsertOnly Range 2
12:31:18,0:09:06,Raw Watt average 0 Number of readings 45
12:31:18,0:09:06,Watts Offset Deviation=0
12:31:18,0:09:06,Wattage zero2 set to 0
12:31:18,0:09:06,Amperage zero2 set to 0.0002
12:32:50,0:10:38,Retry on Watts 220V variation too high for consistent calibration.
12:32:50,0:10:38,Retry on Watts 220V variation too high for consistent calibration.
12:32:50,0:10:38,Retry on Watts 220V variation too high for consistent calibration.
12:32:50,0:10:38,Retry on Watts 220V variation too high for consistent calibration.
12:32:51,0:10:39,Retry on Watts 220V variation too high for consistent calibration.
12:32:51,0:10:39,Retry on Watts 220V variation too high for consistent calibration.
12:32:51,0:10:39,Retry on Watts 220V variation too high for consistent calibration.
12:32:52,0:10:40,Retry on Watts 220V variation too high for consistent calibration.
12:32:52,0:10:40,Retry on Watts 220V variation too high for consistent calibration.
12:32:52,0:10:40,Retry on Watts 220V variation too high for consistent calibration.
12:32:53,0:10:41,Retry on Watts 220V variation too high for consistent calibration.
12:32:53,0:10:41,Retry on Watts 220V variation too high for consistent calibration.
12:32:53,0:10:41,Retry on Watts 220V variation too high for consistent calibration.
12:34:23,0:12:11,RBar = 0.0403 R_Bar UCL = 0.132 Sigma = 0.035727
12:34:23,0:12:11,Raw Watt average 199.38327 Number of readings 45, Yok 199.1420
12:34:23,0:12:11,Avg Watts:199.1886, Act Watt:199.1420,  Volt:230 Freq:60
12:34:23,0:12:11,Wattage 220 V Mid Range gain set to 0.9988
12:34:23,0:12:11,Voltage range 2 gain set to 0.9950
12:34:23,0:12:11,Amperage range 2 gain set to 0.9995
12:34:23,0:12:11,Skipping historical gain check for Range 2
12:34:23,0:12:11,Saving Report info for range 2, 220 V Mid Range
12:34:23,0:12:11,Sum of squares is 0.024, Watts var 0.0357 Yok Uncert 0.15
12:34:23,0:12:11,Watts Uncertainty is 0.310
12:34:23,0:12:11,No Database Write yet, continue to Whr calibration
12:36:31,0:14:19,RBar = 0 R_Bar UCL = 0 Sigma = 0
12:36:31,0:14:19,Saving Report info for range 12, 220 V Low Range
12:36:31,0:14:19,Raw Low Watt average 10.246 Number of readings 158
12:39:09,0:16:57,RBar = 0 R_Bar UCL = 0 Sigma = 0
12:39:09,0:16:57,Saving Report info for range 22, 220 V High Range
12:39:09,0:16:57,Raw High Watt average 504.474 Number of readings 156
12:39:30,0:17:18,220 V Mid Range Watt-hrs 0.03159 31.5400 %Error:0.16
12:39:30,0:17:18,Database values written for Range 1, Test Number: 8104
12:39:30,0:17:18,Database rtsdb1 Table Results key 8104
12:39:31,0:17:19,Test ended Proc VAWCAL at line 2177
