09:29:15,0:00:00,Using Yok 3000 for calibration
09:29:15,0:00:00,Lab = 11
14:50:43,0:27:12,Test ended Proc CALCURLEAK at line 292
14:50:43,0:27:12,CalCurLeak finished TN:8055
14:50:02,0:26:31,X24:9.40345 Y24:28.05486
14:49:12,0:25:41,X23:8.65492 Y23:25.16477
14:48:12,0:24:41,X22:7.31036 Y22:20.04395
14:47:12,0:23:41,X21:5.98273 Y21:15.02539
14:46:02,0:22:31,X20:4.64258 Y20:9.97992
14:45:12,0:21:41,X19:4.11342 Y19:7.98962
14:44:18,0:20:47,X18:3.56491 Y18:5.98555
14:40:32,0:17:01,X17:3.26818 Y17:4.82783
14:39:32,0:16:01,X16:3.08225 Y16:4.12789
14:38:42,0:15:11,X15:2.97475 Y15:3.72372
14:37:32,0:14:01,X14:2.65383 Y14:2.51065
14:36:22,0:12:51,X13:2.32345 Y13:1.25505
14:35:32,0:12:01,X12:2.25809 Y12:1.00021
14:34:42,0:11:11,X11:2.20827 Y11:0.80411
14:32:22,0:08:51,X10:2.17100 Y10:0.67339
14:31:33,0:08:02,X9:2.15300 Y9:0.60284
14:30:32,0:07:01,X8:2.12800 Y8:0.50244
14:29:32,0:06:01,X7:2.10400 Y7:0.40074
14:28:32,0:05:01,X6:2.08455 Y6:0.30101
14:27:42,0:04:11,X5:2.07633 Y5:0.25094
14:26:52,0:03:21,X4:2.06967 Y4:0.20012
14:26:02,0:02:31,X3:2.06425 Y3:0.15139
14:25:08,0:01:37,X2:2.06036 Y2:0.10042
14:24:20,0:00:49,X1:2.05745 Y1:0.08714
14:23:31,0:00:00,CalCurLeak v1.1
14:23:18,0:02:51,Test killed Operator aborted test
14:22:54,0:02:27,X1:2.05708 Y1:0.07966
14:20:23,0:00:00,CalCurLeak v1.1
10:08:28,0:17:47,Test ended Proc CALTCAUTO at line 655
10:08:28,0:17:47,TC Calibration finished TN: 8033
10:08:28,0:17:47,Writing tcCalibration
10:08:28,0:17:47,Writing LabResults
10:08:27,0:17:46,110°F After Cal TC29Avg = 110.296
10:08:27,0:17:46,AutoCal - Standby
10:07:57,0:17:16,Averages cleared for 110°F After Cal Step 12
10:07:37,0:16:56,Resent Setpoint:P0 L110 2
10:07:26,0:16:45,Standby:P0 L110 2 13
10:07:15,0:16:34,Averages cleared for 110°F After Cal Step 12
10:06:54,0:16:13,Auto Cal - Temp setpoint changed to 110
10:06:54,0:16:13,Averages cleared for 110°F After Cal Step 11
10:06:53,0:16:12,-4°F After Cal TC29Avg = -3.330
10:06:53,0:16:12,Saving Values for -4 -4°F After Cal Start:29 Stop:30
10:06:53,0:16:12,AutoCal - Standby
10:06:23,0:15:42,Averages cleared for -4°F After Cal Step 12
10:06:03,0:15:22,Resent Setpoint:P0 L-4 2
10:05:52,0:15:11,Standby:P0 L-4 2 13
10:05:41,0:15:00,Averages cleared for -4°F After Cal Step 12
10:05:21,0:14:40,Auto Cal - Temp setpoint changed to -4
10:05:21,0:14:40,Averages cleared for -4°F After Cal Step 11
10:05:21,0:14:40,90°F After Cal TC29Avg = 90.280
10:05:21,0:14:40,Saving Values for 90 90°F After Cal Start:29 Stop:30
10:05:21,0:14:40,AutoCal - Standby
10:04:51,0:14:10,Averages cleared for 90°F After Cal Step 12
10:04:31,0:13:50,Auto Cal - Temp setpoint changed to 90
10:04:31,0:13:50,Averages cleared for 90°F After Cal Step 11
10:04:30,0:13:49,PTC30 Zero Avg: 32.45 Calc Avg: 32.06 New Zero: -0.378200 Old Zero: 0.0150
10:04:30,0:13:49,32°F As Recvd TC29Avg = 32.248
10:04:30,0:13:49,Saving Values for 32 32°F As Recvd Start:29 Stop:30
10:04:30,0:13:49,AutoCal - Standby
10:04:00,0:13:19,Averages cleared for 32°F As Recvd Step 12
10:03:40,0:12:59,Auto Cal - Temp setpoint changed to 32
10:03:40,0:12:59,Averages cleared for 32°F As Recvd Step 11
10:03:39,0:12:58,90°F As Recvd TC29Avg = 90.280
10:03:39,0:12:58,Saving Values for 90 90°F As Recvd Start:29 Stop:30
10:03:39,0:12:58,AutoCal - Standby
10:03:09,0:12:28,Averages cleared for 90°F As Recvd Step 12
10:02:49,0:12:08,Auto Cal - Temp setpoint changed to 90
10:02:49,0:12:08,Averages cleared for 90°F As Recvd Step 11
10:02:23,0:11:42,110°F After Cal TC21Avg = 110.235
10:02:23,0:11:42,AutoCal - Standby
10:01:53,0:11:12,Averages cleared for 110°F After Cal Step 12
10:01:33,0:10:52,Auto Cal - Temp setpoint changed to 110
10:01:33,0:10:52,Averages cleared for 110°F After Cal Step 11
10:01:33,0:10:52,-4°F After Cal TC21Avg = -3.771
10:01:33,0:10:52,Saving Values for -4 -4°F After Cal Start:21 Stop:28
10:01:33,0:10:52,AutoCal - Standby
10:01:03,0:10:22,Averages cleared for -4°F After Cal Step 12
10:00:43,0:10:02,Auto Cal - Temp setpoint changed to -4
10:00:43,0:10:02,Averages cleared for -4°F After Cal Step 11
10:00:43,0:10:02,TC25 New Gain: 1.000000 Old Gain 0.9988
10:00:43,0:10:02,90°F After Cal TC21Avg = 90.185
10:00:43,0:10:02,Saving Values for 90 90°F After Cal Start:21 Stop:28
10:00:43,0:10:02,AutoCal - Standby
10:00:13,0:09:32,Averages cleared for 90°F After Cal Step 12
09:59:52,0:09:11,Auto Cal - Temp setpoint changed to 90
09:59:52,0:09:11,Averages cleared for 90°F After Cal Step 11
09:59:51,0:09:10,PTC28 Zero Avg: 32.16 Calc Avg: 32.00 New Zero: -0.160000 Old Zero: 0
09:59:51,0:09:10,PTC27 Zero Avg: 32.22 Calc Avg: 32.00 New Zero: -0.219000 Old Zero: 0
09:59:51,0:09:10,PTC26 Zero Avg: 32.21 Calc Avg: 32.00 New Zero: -0.212000 Old Zero: 0
09:59:51,0:09:10,PTC25 Zero Avg: 32.29 Calc Avg: 31.96 New Zero: -0.153200 Old Zero: 0.1770
09:59:51,0:09:10,PTC24 Zero Avg: 32.17 Calc Avg: 32.00 New Zero: -0.171000 Old Zero: 0
09:59:51,0:09:10,PTC23 Zero Avg: 32.15 Calc Avg: 32.00 New Zero: -0.148000 Old Zero: 0
09:59:51,0:09:10,PTC22 Zero Avg: 32.18 Calc Avg: 32.00 New Zero: -0.170000 Old Zero: 0
09:59:51,0:09:10,PTC21 Zero Avg: 32.22 Calc Avg: 32.00 New Zero: -0.209000 Old Zero: 0
09:59:51,0:09:10,32°F As Recvd TC21Avg = 32.209
09:59:51,0:09:10,Saving Values for 32 32°F As Recvd Start:21 Stop:28
09:59:51,0:09:10,AutoCal - Standby
09:59:21,0:08:40,Averages cleared for 32°F As Recvd Step 12
09:59:01,0:08:20,Auto Cal - Temp setpoint changed to 32
09:59:01,0:08:20,Averages cleared for 32°F As Recvd Step 11
09:59:01,0:08:20,90°F As Recvd TC21Avg = 90.183
09:59:01,0:08:20,Saving Values for 90 90°F As Recvd Start:21 Stop:28
09:59:01,0:08:20,AutoCal - Standby
09:58:31,0:07:50,Averages cleared for 90°F As Recvd Step 12
09:58:10,0:07:29,Auto Cal - Temp setpoint changed to 90
09:58:10,0:07:29,Averages cleared for 90°F As Recvd Step 11
09:57:33,0:06:52,110°F After Cal TC1Avg = 110.552
09:57:33,0:06:52,AutoCal - Standby
09:57:03,0:06:22,Averages cleared for 110°F After Cal Step 12
09:56:43,0:06:02,Auto Cal - Temp setpoint changed to 110
09:56:43,0:06:02,Averages cleared for 110°F After Cal Step 11
09:56:43,0:06:02,-4°F After Cal TC1Avg = -3.385
09:56:43,0:06:02,Saving Values for -4 -4°F After Cal Start:1 Stop:20
09:56:43,0:06:02,AutoCal - Standby
09:56:13,0:05:32,Averages cleared for -4°F After Cal Step 12
09:55:53,0:05:12,Resent Setpoint:P0 L-4 2
09:55:42,0:05:01,Standby:P0 L-4 2 13
09:55:31,0:04:50,Averages cleared for -4°F After Cal Step 12
09:55:11,0:04:30,Auto Cal - Temp setpoint changed to -4
09:55:11,0:04:30,Averages cleared for -4°F After Cal Step 11
09:55:11,0:04:30,90°F After Cal TC1Avg = 90.589
09:55:11,0:04:30,Saving Values for 90 90°F After Cal Start:1 Stop:20
09:55:11,0:04:30,AutoCal - Standby
09:54:41,0:04:00,Averages cleared for 90°F After Cal Step 12
09:54:21,0:03:40,Resent Setpoint:P0 L90 2
09:54:10,0:03:29,Standby:P0 L90 2 13
09:53:59,0:03:18,Averages cleared for 90°F After Cal Step 12
09:53:39,0:02:58,Auto Cal - Temp setpoint changed to 90
09:53:39,0:02:58,Averages cleared for 90°F After Cal Step 11
09:53:38,0:02:57,PTC20 Zero Avg: 32.19 Calc Avg: 32.00 New Zero: -0.556000 Old Zero: -0.3650
09:53:38,0:02:57,PTC19 Zero Avg: 32.22 Calc Avg: 32.00 New Zero: -0.635000 Old Zero: -0.4200
09:53:38,0:02:57,PTC18 Zero Avg: 32.17 Calc Avg: 32.00 New Zero: -0.597000 Old Zero: -0.4330
09:53:38,0:02:57,PTC17 Zero Avg: 32.14 Calc Avg: 32.00 New Zero: -0.603000 Old Zero: -0.4710
09:53:38,0:02:57,PTC16 Zero Avg: 32.23 Calc Avg: 32.00 New Zero: -0.688000 Old Zero: -0.4620
09:53:38,0:02:57,PTC14 Zero Avg: 32.14 Calc Avg: 32.00 New Zero: -0.544000 Old Zero: -0.4030
09:53:38,0:02:57,PTC13 Zero Avg: 32.17 Calc Avg: 32.00 New Zero: -0.576000 Old Zero: -0.4110
09:53:38,0:02:57,PTC12 Zero Avg: 32.18 Calc Avg: 32.00 New Zero: -0.618000 Old Zero: -0.4420
09:53:38,0:02:57,PTC11 Zero Avg: 32.13 Calc Avg: 32.00 New Zero: -0.555000 Old Zero: -0.4230
09:53:38,0:02:57,PTC10 Zero Avg: 32.21 Calc Avg: 32.00 New Zero: -0.421000 Old Zero: -0.2120
09:53:38,0:02:57,PTC9 Zero Avg: 32.17 Calc Avg: 32.00 New Zero: -0.444000 Old Zero: -0.2760
09:53:38,0:02:57,PTC8 Zero Avg: 32.20 Calc Avg: 32.00 New Zero: -0.494000 Old Zero: -0.3000
09:53:38,0:02:57,PTC7 Zero Avg: 32.22 Calc Avg: 32.00 New Zero: -0.510000 Old Zero: -0.2930
09:53:38,0:02:57,PTC6 Zero Avg: 32.18 Calc Avg: 32.00 New Zero: -0.529000 Old Zero: -0.3450
09:53:38,0:02:57,PTC5 Zero Avg: 32.23 Calc Avg: 32.00 New Zero: -0.460000 Old Zero: -0.2300
09:53:38,0:02:57,PTC4 Zero Avg: 32.21 Calc Avg: 32.00 New Zero: -0.519000 Old Zero: -0.3110
09:53:38,0:02:57,PTC3 Zero Avg: 32.17 Calc Avg: 32.00 New Zero: -0.531000 Old Zero: -0.3670
09:53:38,0:02:57,PTC2 Zero Avg: 32.15 Calc Avg: 32.00 New Zero: -0.555000 Old Zero: -0.4110
09:53:38,0:02:57,PTC1 Zero Avg: 32.22 Calc Avg: 32.00 New Zero: -0.589000 Old Zero: -0.3710
09:53:38,0:02:57,32°F As Recvd TC1Avg = 32.589
09:53:38,0:02:57,Saving Values for 32 32°F As Recvd Start:1 Stop:20
09:53:38,0:02:57,AutoCal - Standby
09:53:08,0:02:27,Averages cleared for 32°F As Recvd Step 12
09:52:48,0:02:07,Auto Cal - Temp setpoint changed to 32
09:52:48,0:02:07,Averages cleared for 32°F As Recvd Step 11
09:52:47,0:02:06,90°F As Recvd TC1Avg = 90.593
09:52:47,0:02:06,Saving Values for 90 90°F As Recvd Start:1 Stop:20
09:52:47,0:02:06,AutoCal - Standby
09:52:17,0:01:36,Averages cleared for 90°F As Recvd Step 12
09:51:57,0:01:16,Auto Cal - Temp setpoint changed to 90
09:51:57,0:01:16,Averages cleared for 90°F As Recvd Step 11
09:50:41,0:00:00,CALTC Auto Version 3.6
09:50:41,0:00:00,Point Numbers30
08:35:23,0:01:26,Test ended Proc CALPRES at line 316
08:35:23,0:01:26,Pressure Calibration finished TN:8020
08:35:23,0:01:26,Database rtsdb1 Table FlexResults key InsertOnly Keyfield 8020
08:35:22,0:01:25,Writing Results
08:35:22,0:01:25,Writing Results
08:35:22,0:01:25,Number of readings 17
08:35:22,0:01:25,HPsi Gain changed to 1.000188
08:35:22,0:01:25,LPsi Gain changed to 1.000094
08:35:22,0:01:25,Raw Gain LPSI 4.99953 HPSI 4.99906 Number of readings 17
08:34:35,0:00:38,Raw Zero LPSI 0.000000 HPSI 0.000000
08:34:35,0:00:38,Raw Zero LPSI 0 HPSI 0 Number of readings 16
08:33:57,0:00:00,CALPRES Version 2.0
08:33:57,0:00:00,Inject signal on pin 4 to 3
08:33:57,0:00:00,24V source measured from pin 2 to 1
08:33:57,0:00:00,0 -0.00
08:33:57,0:00:00,Point Pressure loaded
08:08:10,0:00:13,Test killed Operator aborted test
08:07:57,0:00:00,Next Open at 8:07:58, TestTime 0:01:00
08:07:57,0:00:00,loaded sequence D:\RTSSYSTEM\tests\96-24-3Cab.csv
08:07:57,0:00:00,DoorOpener Test Started v20.3
08:07:57,0:00:00,Stable value = 1006.000 Period = 0:00:00
08:07:57,21:49:28,LastTest = mbusche\15P0181-7974-03-03
08:07:57,21:49:28,Save as mbusche\15P0181-8015-03-03
08:07:57,21:49:27,PerformanceFlex V2.4
08:07:57,21:49:27,Database rtsdb1 Table FlexResults key InsertOnly Keyfield 7974
08:07:57,21:49:27,Database TestReqNum = 
08:07:57,21:49:27,TestDate is 08/29/16 Database rtsdb1 Table Results key 7974
08:07:57,21:49:27,ADC CT = 40.0000
08:07:56,21:49:27,User stopped test
02:52:55,16:34:26,Product cycled, no more markers, typical cycles started 56406 2
02:11:05,15:52:36,Reached end of sequence file
02:11:05,15:52:36,Open Slide for 12
02:11:05,15:52:36,Open Cab for 12
02:01:04,15:42:35,Open Slide for 12
02:01:04,15:42:35,Open Cab for 12
01:59:19,15:40:50,Defrost recovery completed
01:59:19,15:40:50,2 Gosub ProcDefEnd
01:51:03,15:32:34,Open Slide for 12
01:51:03,15:32:34,Open Cab for 12
01:41:02,15:22:33,Open Slide for 12
01:41:02,15:22:33,Open Frz for 12
01:41:02,15:22:33,Open Cab for 12
01:31:01,15:12:32,Open Slide for 12
01:31:01,15:12:32,Open Cab for 12
01:21:00,15:02:31,Open Slide for 12
01:21:00,15:02:31,Open Cab for 12
01:10:59,14:52:30,Open Slide for 12
01:10:59,14:52:30,Open Cab for 12
01:00:58,14:42:29,Open Slide for 12
01:00:58,14:42:29,Open Frz for 12
01:00:58,14:42:29,Open Cab for 12
00:50:57,14:32:28,Open Slide for 12
00:50:57,14:32:28,Open Cab for 12
00:40:56,14:22:27,Open Slide for 12
00:40:56,14:22:27,Open Cab for 12
00:30:55,14:12:26,Open Slide for 12
00:30:55,14:12:26,Open Cab for 12
00:20:54,14:02:25,Open Slide for 12
00:20:54,14:02:25,Open Frz for 12
00:20:54,14:02:25,Open Cab for 12
00:10:53,13:52:24,Open Slide for 12
00:10:53,13:52:24,Open Cab for 12
00:00:52,13:42:23,Open Slide for 12
00:00:52,13:42:23,Open Cab for 12
23:50:51,13:32:22,Open Slide for 12
23:50:51,13:32:22,Open Cab for 12
23:40:50,13:22:21,Open Slide for 12
23:40:50,13:22:21,Open Frz for 12
23:40:50,13:22:21,Open Cab for 12
23:30:49,13:12:20,Open Slide for 12
23:30:49,13:12:20,Open Cab for 12
23:20:48,13:02:19,Open Slide for 12
23:20:48,13:02:19,Open Cab for 12
23:10:47,12:52:18,Open Slide for 12
23:10:47,12:52:18,Open Cab for 12
23:04:16,12:45:47,Continuous run II, adding markers 10801.000000 > 10800) & 0 < 2
23:00:46,12:42:17,Open Slide for 12
23:00:46,12:42:17,Open Frz for 12
23:00:46,12:42:17,Open Cab for 12
22:50:45,12:32:16,Open Slide for 12
22:50:45,12:32:16,Open Cab for 12
22:40:44,12:22:15,Open Slide for 12
22:40:44,12:22:15,Open Cab for 12
22:30:43,12:12:14,Open Slide for 12
22:30:43,12:12:14,Open Cab for 12
22:20:42,12:02:13,Open Slide for 12
22:20:42,12:02:13,Open Frz for 12
22:20:42,12:02:13,Open Cab for 12
22:10:41,11:52:12,Open Slide for 12
22:10:41,11:52:12,Open Cab for 12
22:00:40,11:42:11,Open Slide for 12
22:00:40,11:42:11,Open Cab for 12
21:54:18,11:35:49,ADC CT = 40.0000
21:54:18,11:35:49,Product Defrosted
21:50:39,11:32:10,Open Slide for 12
21:50:39,11:32:10,Open Cab for 12
21:40:38,11:22:09,Open Slide for 12
21:40:38,11:22:09,Open Frz for 12
21:40:38,11:22:09,Open Cab for 12
21:30:37,11:12:08,Open Slide for 12
21:30:37,11:12:08,Open Cab for 12
21:20:36,11:02:07,Open Slide for 12
21:20:36,11:02:07,Open Cab for 12
21:10:35,10:52:06,Open Slide for 12
21:10:35,10:52:06,Open Cab for 12
21:00:34,10:42:05,Open Slide for 12
21:00:34,10:42:05,Open Frz for 12
21:00:34,10:42:05,Open Cab for 12
20:50:33,10:32:04,Open Slide for 12
20:50:33,10:32:04,Open Cab for 12
20:40:32,10:22:03,Open Slide for 12
20:40:32,10:22:03,Open Cab for 12
20:30:31,10:12:02,Open Slide for 12
20:30:31,10:12:02,Open Cab for 12
20:20:30,10:02:01,Open Slide for 12
20:20:30,10:02:01,Open Frz for 12
20:20:30,10:02:01,Open Cab for 12
20:10:29,9:52:00,Open Slide for 12
20:10:29,9:52:00,Open Cab for 12
20:04:15,9:45:46,Product cycled, no more markers, typical cycles started 25104 2
20:00:28,9:41:59,Open Slide for 12
20:00:28,9:41:59,Open Cab for 12
19:50:27,9:31:58,Open Slide for 12
19:50:27,9:31:58,Open Cab for 12
19:40:26,9:21:57,Open Slide for 12
19:40:26,9:21:57,Open Frz for 12
19:40:26,9:21:57,Open Cab for 12
19:30:25,9:11:56,Open Slide for 12
19:30:25,9:11:56,Open Cab for 12
19:20:24,9:01:55,Open Slide for 12
19:20:24,9:01:55,Open Cab for 12
19:10:23,8:51:54,Open Slide for 12
19:10:23,8:51:54,Open Cab for 12
19:00:22,8:41:53,Open Slide for 12
19:00:22,8:41:53,Open Frz for 12
19:00:22,8:41:53,Open Cab for 12
18:50:21,8:31:52,Open Slide for 12
18:50:21,8:31:52,Open Cab for 12
18:40:20,8:21:51,Open Slide for 12
18:40:20,8:21:51,Open Cab for 12
18:30:19,8:11:50,Open Slide for 12
18:30:19,8:11:50,Open Cab for 12
18:20:18,8:01:49,Open Slide for 12
18:20:18,8:01:49,Open Frz for 12
18:20:18,8:01:49,Open Cab for 12
18:10:17,7:51:48,Open Slide for 12
18:10:17,7:51:48,Open Cab for 12
18:00:16,7:41:47,Open Slide for 12
18:00:16,7:41:47,Open Cab for 12
17:50:15,7:31:46,Open Slide for 12
17:50:15,7:31:46,Open Cab for 12
17:40:14,7:21:45,Open Slide for 12
17:40:14,7:21:45,Open Frz for 12
17:40:14,7:21:45,Open Cab for 12
17:30:13,7:11:44,Open Slide for 12
17:30:13,7:11:44,Open Cab for 12
17:20:20,7:01:51,Defrost recovery completed
17:20:20,7:01:51,2 Gosub ProcDefEnd
17:20:12,7:01:43,Open Slide for 12
17:20:12,7:01:43,Open Cab for 12
17:10:11,6:51:42,Open Slide for 12
17:10:11,6:51:42,Open Cab for 12
17:00:10,6:41:41,Open Slide for 12
17:00:10,6:41:41,Open Frz for 12
17:00:10,6:41:41,Open Cab for 12
16:50:09,6:31:40,Open Slide for 12
16:50:09,6:31:40,Open Cab for 12
16:40:08,6:21:39,Open Slide for 12
16:40:08,6:21:39,Open Cab for 12
16:30:07,6:11:38,Open Slide for 12
16:30:07,6:11:38,Open Cab for 12
16:20:06,6:01:37,Open Slide for 12
16:20:06,6:01:37,Open Frz for 12
16:20:06,6:01:37,Open Cab for 12
16:10:05,5:51:36,Open Slide for 12
16:10:05,5:51:36,Open Cab for 12
16:00:04,5:41:35,Open Slide for 12
16:00:04,5:41:35,Open Cab for 12
15:50:03,5:31:34,Open Slide for 12
15:50:03,5:31:34,Open Cab for 12
15:40:02,5:21:33,Open Slide for 12
15:40:02,5:21:33,Open Frz for 12
15:40:02,5:21:33,Open Cab for 12
15:30:01,5:11:32,Open Slide for 12
15:30:01,5:11:32,Open Cab for 12
15:20:00,5:01:31,Open Slide for 12
15:20:00,5:01:31,Open Cab for 12
15:09:59,4:51:30,Open Slide for 12
15:09:59,4:51:30,Open Cab for 12
14:59:58,4:41:29,Open Slide for 12
14:59:58,4:41:29,Open Frz for 12
14:59:58,4:41:29,Open Cab for 12
14:49:57,4:31:28,Open Slide for 12
14:49:57,4:31:28,Open Cab for 12
14:39:56,4:21:27,Open Slide for 12
14:39:56,4:21:27,Open Cab for 12
14:29:55,4:11:26,Open Slide for 12
14:29:55,4:11:26,Open Cab for 12
14:26:12,4:07:43,Continuous run II, adding markers 10801.000000 > 10800) & 0 < 2
14:19:54,4:01:25,Open Slide for 12
14:19:54,4:01:25,Open Frz for 12
14:19:54,4:01:25,Open Cab for 12
14:09:53,3:51:24,Open Slide for 12
14:09:53,3:51:24,Open Cab for 12
13:59:52,3:41:23,Open Slide for 12
13:59:52,3:41:23,Open Cab for 12
13:49:51,3:31:22,Open Slide for 12
13:49:51,3:31:22,Open Cab for 12
13:39:50,3:21:21,Open Slide for 12
13:39:50,3:21:21,Open Frz for 12
13:39:50,3:21:21,Open Cab for 12
13:29:49,3:11:20,Open Slide for 12
13:29:49,3:11:20,Open Cab for 12
13:19:48,3:01:19,Open Slide for 12
13:19:48,3:01:19,Open Cab for 12
13:15:19,2:56:50,ADC CT = 40.0000
13:15:19,2:56:50,Product Defrosted
13:09:47,2:51:18,Open Slide for 12
13:09:47,2:51:18,Open Cab for 12
12:59:46,2:41:17,Open Slide for 12
12:59:46,2:41:17,Open Frz for 12
12:59:46,2:41:17,Open Cab for 12
12:49:45,2:31:16,Open Slide for 12
12:49:45,2:31:16,Open Cab for 12
12:39:44,2:21:15,Open Slide for 12
12:39:44,2:21:15,Open Cab for 12
12:29:43,2:11:14,Open Slide for 12
12:29:43,2:11:14,Open Cab for 12
12:19:42,2:01:13,Open Slide for 12
12:19:42,2:01:13,Open Frz for 12
12:19:42,2:01:13,Open Cab for 12
12:09:41,1:51:12,Open Slide for 12
12:09:41,1:51:12,Open Cab for 12
09:29:15,0:00:00,Starting VAW Calibration Procedure 5.3, saving to Results
09:29:15,0:00:00,Original Voltage Setpoint 20.5
09:29:15,0:00:00,Starting with type 50 - 115V 60Hz range
09:29:16,0:00:01,Get 120 Cal Limits Error: Unable to run query
09:29:16,0:00:01,Get 220 Cal Limits Error: Unable to run query
09:29:22,0:00:00,Start Range changed to 1
09:29:22,0:00:00,---------- Changing voltage to 115V 60Hz
09:30:48,0:01:25,Setting up rtsdb1 for table VAW_RangeValues key InsertOnly Range 1
09:31:30,0:02:07,Raw Watt average 0 Number of readings 53
09:31:30,0:02:07,Watts Offset Deviation=0
09:31:30,0:02:07,Wattage zero1 set to 0
09:31:30,0:02:07,Amperage zero1 set to 0.0001
09:33:19,0:03:56,RBar = 0.0357 R_Bar UCL = 0.117 Sigma = 0.031649
09:33:19,0:03:56,Raw Watt average 200.95795 Number of readings 44, Yok 200.4184
09:33:19,0:03:56,Avg Watts:200.2443, Act Watt:200.4184,  Volt:115 Freq:60
09:33:19,0:03:56,Wattage 120 V Mid Range gain set to 0.9973
09:33:19,0:03:56,Voltage range 1 gain set to 0.9980
09:33:19,0:03:56,Amperage range 1 gain set to 1.0002
09:33:19,0:03:56,Skipping historical gain check for Range 1
09:33:19,0:03:56,Saving Report info for range 1, 120 V Mid Range
09:33:19,0:03:56,Sum of squares is 0.023, Watts var 0.0316 Yok Uncert 0.15
09:33:19,0:03:56,Watts Uncertainty is 0.303
09:33:19,0:03:56,No Database Write yet, continue to Whr calibration
09:35:24,0:06:01,RBar = 0 R_Bar UCL = 0 Sigma = 0
09:35:24,0:06:01,Saving Report info for range 11, 120 V Low Range
09:35:24,0:06:01,Raw Low Watt average 10.208 Number of readings 154
09:38:05,0:08:42,RBar = 0 R_Bar UCL = 0 Sigma = 0
09:38:05,0:08:42,Saving Report info for range 21, 120 V High Range
09:38:05,0:08:42,Raw High Watt average 501.959 Number of readings 158
09:38:26,0:09:03,120 V Mid Range Watt-hrs 0.02764 27.5700 %Error:0.25
09:38:26,0:09:03,Changing ranges (1->2)
09:38:26,0:09:03,Database values written for Range 1
09:38:28,0:09:05,---------- Changing voltage to 230V 60Hz
09:38:28,0:09:05,Value:2 Type:50 Range:52 SetRange: 51 CurRange:2
09:38:55,0:09:32,Setting up rtsdb1 for table VAW_RangeValues key InsertOnly Range 2
09:39:32,0:10:09,Raw Watt average 0 Number of readings 45
09:39:32,0:10:09,Watts Offset Deviation=0
09:39:32,0:10:09,Wattage zero2 set to 0
09:39:32,0:10:09,Amperage zero2 set to 0.0002
09:41:14,0:11:51,RBar = 0.0298 R_Bar UCL = 0.097 Sigma = 0.026418
09:41:14,0:11:51,Raw Watt average 200.55634 Number of readings 45, Yok 200.1251
09:41:14,0:11:51,Avg Watts:200.1468, Act Watt:200.1251,  Volt:230 Freq:60
09:41:14,0:11:51,Wattage 220 V Mid Range gain set to 0.9978
09:41:14,0:11:51,Voltage range 2 gain set to 0.9944
09:41:14,0:11:51,Amperage range 2 gain set to 0.9995
09:41:14,0:11:51,Skipping historical gain check for Range 2
09:41:14,0:11:51,Saving Report info for range 2, 220 V Mid Range
09:41:14,0:11:51,Sum of squares is 0.023, Watts var 0.0264 Yok Uncert 0.15
09:41:14,0:11:51,Watts Uncertainty is 0.303
09:41:14,0:11:51,No Database Write yet, continue to Whr calibration
09:43:20,0:13:57,RBar = 0 R_Bar UCL = 0 Sigma = 0
09:43:20,0:13:57,Saving Report info for range 12, 220 V Low Range
09:43:20,0:13:57,Raw Low Watt average 10.290 Number of readings 156
09:45:59,0:16:36,RBar = 0 R_Bar UCL = 0 Sigma = 0
09:45:59,0:16:36,Saving Report info for range 22, 220 V High Range
09:45:59,0:16:36,Raw High Watt average 504.402 Number of readings 157
09:46:20,0:16:57,220 V Mid Range Watt-hrs 0.02749 27.4200 %Error:0.26
09:46:20,0:16:57,Database values written for Range 1, Test Number: 8095
09:46:20,0:16:57,Database rtsdb1 Table Results key 8095
09:46:21,0:16:58,Test ended Proc VAWCAL at line 2177
